[4.074s] Invoking command in '/home/stefano/Robomaster_WS/src/camera_utils': PYTHONPATH=/home/stefano/Robomaster_WS/build/camera_utils/prefix_override:/usr/lib/python3/dist-packages/colcon_core/task/python/colcon_distutils_commands:/home/stefano/Robomaster_WS/install/camera_utils/lib/python3.10/site-packages:${PYTHONPATH} /usr/bin/python3 -W ignore:setup.py install is deprecated -W ignore:easy_install command is deprecated setup.py egg_info --egg-base ../../build/camera_utils build --build-base /home/stefano/Robomaster_WS/build/camera_utils/build install --record /home/stefano/Robomaster_WS/build/camera_utils/install.log --single-version-externally-managed install_data
[4.810s] running egg_info
[4.812s] writing ../../build/camera_utils/camera_utils.egg-info/PKG-INFO
[4.812s] writing dependency_links to ../../build/camera_utils/camera_utils.egg-info/dependency_links.txt
[4.813s] writing entry points to ../../build/camera_utils/camera_utils.egg-info/entry_points.txt
[4.816s] writing requirements to ../../build/camera_utils/camera_utils.egg-info/requires.txt
[4.816s] writing top-level names to ../../build/camera_utils/camera_utils.egg-info/top_level.txt
[4.816s] reading manifest file '../../build/camera_utils/camera_utils.egg-info/SOURCES.txt'
[4.818s] writing manifest file '../../build/camera_utils/camera_utils.egg-info/SOURCES.txt'
[4.819s] running build
[4.819s] running build_py
[4.820s] running install
[4.820s] running install_lib
[4.822s] running install_data
[4.824s] running install_egg_info
[4.828s] removing '/home/stefano/Robomaster_WS/install/camera_utils/lib/python3.10/site-packages/camera_utils-0.0.0-py3.10.egg-info' (and everything under it)
[4.828s] Copying ../../build/camera_utils/camera_utils.egg-info to /home/stefano/Robomaster_WS/install/camera_utils/lib/python3.10/site-packages/camera_utils-0.0.0-py3.10.egg-info
[4.830s] running install_scripts
[4.888s] Installing camera_republisher script to /home/stefano/Robomaster_WS/install/camera_utils/lib/camera_utils
[4.890s] writing list of installed files to '/home/stefano/Robomaster_WS/build/camera_utils/install.log'
[4.920s] Invoked command in '/home/stefano/Robomaster_WS/src/camera_utils' returned '0': PYTHONPATH=/home/stefano/Robomaster_WS/build/camera_utils/prefix_override:/usr/lib/python3/dist-packages/colcon_core/task/python/colcon_distutils_commands:/home/stefano/Robomaster_WS/install/camera_utils/lib/python3.10/site-packages:${PYTHONPATH} /usr/bin/python3 -W ignore:setup.py install is deprecated -W ignore:easy_install command is deprecated setup.py egg_info --egg-base ../../build/camera_utils build --build-base /home/stefano/Robomaster_WS/build/camera_utils/build install --record /home/stefano/Robomaster_WS/build/camera_utils/install.log --single-version-externally-managed install_data
