[0.989s] Invoking command in '/home/stefano/Robomaster_WS/build/robomaster_description': CMAKE_PREFIX_PATH=${CMAKE_PREFIX_PATH}:/home/stefano/Robomaster_WS/install/robomaster_ros:/home/stefano/Robomaster_WS/install/robomaster_ir_publisher:/home/stefano/Robomaster_WS/install/camera_utils:/home/stefano/turtlebot3_ws/install/turtlebot3_teleop:/home/stefano/turtlebot3_ws/install/turtlebot3_example:/home/stefano/Webots_ros2/install/webots_ros2:/home/stefano/Webots_ros2/install/webots_ros2_universal_robot:/home/stefano/Webots_ros2/install/webots_ros2_turtlebot:/home/stefano/Webots_ros2/install/webots_ros2_tiago:/home/stefano/Webots_ros2/install/webots_ros2_tests:/home/stefano/Webots_ros2/install/webots_ros2_tesla:/home/stefano/Webots_ros2/install/webots_ros2_mavic:/home/stefano/Webots_ros2/install/webots_ros2_husarion:/home/stefano/Webots_ros2/install/webots_ros2_epuck:/home/stefano/Webots_ros2/install/webots_ros2_crazyflie:/home/stefano/Webots_ros2/install/webots_ros2_importer:/opt/ros/humble /usr/bin/cmake --build /home/stefano/Robomaster_WS/build/robomaster_description -- -j8 -l8
[1.893s] Invoked command in '/home/stefano/Robomaster_WS/build/robomaster_description' returned '0': CMAKE_PREFIX_PATH=${CMAKE_PREFIX_PATH}:/home/stefano/Robomaster_WS/install/robomaster_ros:/home/stefano/Robomaster_WS/install/robomaster_ir_publisher:/home/stefano/Robomaster_WS/install/camera_utils:/home/stefano/turtlebot3_ws/install/turtlebot3_teleop:/home/stefano/turtlebot3_ws/install/turtlebot3_example:/home/stefano/Webots_ros2/install/webots_ros2:/home/stefano/Webots_ros2/install/webots_ros2_universal_robot:/home/stefano/Webots_ros2/install/webots_ros2_turtlebot:/home/stefano/Webots_ros2/install/webots_ros2_tiago:/home/stefano/Webots_ros2/install/webots_ros2_tests:/home/stefano/Webots_ros2/install/webots_ros2_tesla:/home/stefano/Webots_ros2/install/webots_ros2_mavic:/home/stefano/Webots_ros2/install/webots_ros2_husarion:/home/stefano/Webots_ros2/install/webots_ros2_epuck:/home/stefano/Webots_ros2/install/webots_ros2_crazyflie:/home/stefano/Webots_ros2/install/webots_ros2_importer:/opt/ros/humble /usr/bin/cmake --build /home/stefano/Robomaster_WS/build/robomaster_description -- -j8 -l8
[1.952s] Invoking command in '/home/stefano/Robomaster_WS/build/robomaster_description': CMAKE_PREFIX_PATH=${CMAKE_PREFIX_PATH}:/home/stefano/Robomaster_WS/install/robomaster_ros:/home/stefano/Robomaster_WS/install/robomaster_ir_publisher:/home/stefano/Robomaster_WS/install/camera_utils:/home/stefano/turtlebot3_ws/install/turtlebot3_teleop:/home/stefano/turtlebot3_ws/install/turtlebot3_example:/home/stefano/Webots_ros2/install/webots_ros2:/home/stefano/Webots_ros2/install/webots_ros2_universal_robot:/home/stefano/Webots_ros2/install/webots_ros2_turtlebot:/home/stefano/Webots_ros2/install/webots_ros2_tiago:/home/stefano/Webots_ros2/install/webots_ros2_tests:/home/stefano/Webots_ros2/install/webots_ros2_tesla:/home/stefano/Webots_ros2/install/webots_ros2_mavic:/home/stefano/Webots_ros2/install/webots_ros2_husarion:/home/stefano/Webots_ros2/install/webots_ros2_epuck:/home/stefano/Webots_ros2/install/webots_ros2_crazyflie:/home/stefano/Webots_ros2/install/webots_ros2_importer:/opt/ros/humble /usr/bin/cmake --install /home/stefano/Robomaster_WS/build/robomaster_description
[2.002s] -- Install configuration: ""
[2.003s] -- Up-to-date: /home/stefano/Robomaster_WS/install/robomaster_description/share/robomaster_description/urdf
[2.003s] -- Up-to-date: /home/stefano/Robomaster_WS/install/robomaster_description/share/robomaster_description/urdf/robomaster_s1.urdf.xacro
[2.004s] -- Up-to-date: /home/stefano/Robomaster_WS/install/robomaster_description/share/robomaster_description/urdf/base.urdf.xacro
[2.004s] -- Up-to-date: /home/stefano/Robomaster_WS/install/robomaster_description/share/robomaster_description/urdf/gimbal.urdf.xacro
[2.005s] -- Up-to-date: /home/stefano/Robomaster_WS/install/robomaster_description/share/robomaster_description/urdf/gripper.urdf.xacro
[2.005s] -- Up-to-date: /home/stefano/Robomaster_WS/install/robomaster_description/share/robomaster_description/urdf/extension.urdf.xacro
[2.005s] -- Up-to-date: /home/stefano/Robomaster_WS/install/robomaster_description/share/robomaster_description/urdf/wheel.urdf.xacro
[2.005s] -- Up-to-date: /home/stefano/Robomaster_WS/install/robomaster_description/share/robomaster_description/urdf/led.urdf.xacro
[2.006s] -- Up-to-date: /home/stefano/Robomaster_WS/install/robomaster_description/share/robomaster_description/urdf/tof.urdf.xacro
[2.007s] -- Up-to-date: /home/stefano/Robomaster_WS/install/robomaster_description/share/robomaster_description/urdf/arm.urdf.xacro
[2.007s] -- Up-to-date: /home/stefano/Robomaster_WS/install/robomaster_description/share/robomaster_description/urdf/camera.urdf.xacro
[2.007s] -- Up-to-date: /home/stefano/Robomaster_WS/install/robomaster_description/share/robomaster_description/urdf/intelligent_controller.urdf.xacro
[2.007s] -- Up-to-date: /home/stefano/Robomaster_WS/install/robomaster_description/share/robomaster_description/urdf/robomaster_ep.urdf.xacro
[2.007s] -- Up-to-date: /home/stefano/Robomaster_WS/install/robomaster_description/share/robomaster_description/launch
[2.008s] -- Up-to-date: /home/stefano/Robomaster_WS/install/robomaster_description/share/robomaster_description/launch/model.launch.py
[2.008s] -- Up-to-date: /home/stefano/Robomaster_WS/install/robomaster_description/share/robomaster_description/launch/main.launch
[2.008s] -- Up-to-date: /home/stefano/Robomaster_WS/install/robomaster_description/share/robomaster_description/meshes
[2.008s] -- Up-to-date: /home/stefano/Robomaster_WS/install/robomaster_description/share/robomaster_description/meshes/gripper_left_6.dae
[2.009s] -- Up-to-date: /home/stefano/Robomaster_WS/install/robomaster_description/share/robomaster_description/meshes/arm_1.dae
[2.009s] -- Up-to-date: /home/stefano/Robomaster_WS/install/robomaster_description/share/robomaster_description/meshes/gimbal_right_led7.dae
[2.009s] -- Up-to-date: /home/stefano/Robomaster_WS/install/robomaster_description/share/robomaster_description/meshes/gimbal_base.dae
[2.010s] -- Up-to-date: /home/stefano/Robomaster_WS/install/robomaster_description/share/robomaster_description/meshes/gimbal.dae
[2.010s] -- Up-to-date: /home/stefano/Robomaster_WS/install/robomaster_description/share/robomaster_description/meshes/gripper_left_collision.dae
[2.010s] -- Up-to-date: /home/stefano/Robomaster_WS/install/robomaster_description/share/robomaster_description/meshes/right_gripper_5.dae
[2.010s] -- Up-to-date: /home/stefano/Robomaster_WS/install/robomaster_description/share/robomaster_description/meshes/gimbal_right_led_0.dae
[2.012s] -- Up-to-date: /home/stefano/Robomaster_WS/install/robomaster_description/share/robomaster_description/meshes/controller.dae
[2.012s] -- Up-to-date: /home/stefano/Robomaster_WS/install/robomaster_description/share/robomaster_description/meshes/gimbal_left_led_6.dae
[2.013s] -- Up-to-date: /home/stefano/Robomaster_WS/install/robomaster_description/share/robomaster_description/meshes/gimbal_right_led_5.dae
[2.015s] -- Up-to-date: /home/stefano/Robomaster_WS/install/robomaster_description/share/robomaster_description/meshes/right_gripper_6_collision.dae
[2.015s] -- Up-to-date: /home/stefano/Robomaster_WS/install/robomaster_description/share/robomaster_description/meshes/arm_base.dae
[2.015s] -- Up-to-date: /home/stefano/Robomaster_WS/install/robomaster_description/share/robomaster_description/meshes/EP_all_01_b.png
[2.016s] -- Up-to-date: /home/stefano/Robomaster_WS/install/robomaster_description/share/robomaster_description/meshes/gimbal_left_led_1.dae
[2.016s] -- Up-to-date: /home/stefano/Robomaster_WS/install/robomaster_description/share/robomaster_description/meshes/left_hit_sensor.dae
[2.016s] -- Up-to-date: /home/stefano/Robomaster_WS/install/robomaster_description/share/robomaster_description/meshes/gimbal_right_led_4.dae
[2.016s] -- Up-to-date: /home/stefano/Robomaster_WS/install/robomaster_description/share/robomaster_description/meshes/controller_cover.dae
[2.016s] -- Up-to-date: /home/stefano/Robomaster_WS/install/robomaster_description/share/robomaster_description/meshes/endpoint_bracket.dae
[2.017s] -- Up-to-date: /home/stefano/Robomaster_WS/install/robomaster_description/share/robomaster_description/meshes/right_gripper_7_collision.dae
[2.018s] -- Up-to-date: /home/stefano/Robomaster_WS/install/robomaster_description/share/robomaster_description/meshes/right_gripper_7.dae
[2.018s] -- Up-to-date: /home/stefano/Robomaster_WS/install/robomaster_description/share/robomaster_description/meshes/right_gripper_6.dae
[2.019s] -- Up-to-date: /home/stefano/Robomaster_WS/install/robomaster_description/share/robomaster_description/meshes/arm_1_collision.dae
[2.019s] -- Up-to-date: /home/stefano/Robomaster_WS/install/robomaster_description/share/robomaster_description/meshes/arm_2.dae
[2.019s] -- Up-to-date: /home/stefano/Robomaster_WS/install/robomaster_description/share/robomaster_description/meshes/gimbal_right_led_2.dae
[2.020s] -- Up-to-date: /home/stefano/Robomaster_WS/install/robomaster_description/share/robomaster_description/meshes/blaster_gun_collision.dae
[2.020s] -- Up-to-date: /home/stefano/Robomaster_WS/install/robomaster_description/share/robomaster_description/meshes/left_led.dae
[2.021s] -- Up-to-date: /home/stefano/Robomaster_WS/install/robomaster_description/share/robomaster_description/meshes/front_led.dae
[2.021s] -- Up-to-date: /home/stefano/Robomaster_WS/install/robomaster_description/share/robomaster_description/meshes/speaker.dae
[2.022s] -- Up-to-date: /home/stefano/Robomaster_WS/install/robomaster_description/share/robomaster_description/meshes/right_gripper_4.dae
[2.024s] -- Up-to-date: /home/stefano/Robomaster_WS/install/robomaster_description/share/robomaster_description/meshes/right_gripper_1.dae
[2.024s] -- Up-to-date: /home/stefano/Robomaster_WS/install/robomaster_description/share/robomaster_description/meshes/battery_pin_right.dae
[2.025s] -- Up-to-date: /home/stefano/Robomaster_WS/install/robomaster_description/share/robomaster_description/meshes/arm_2_bar_1.dae
[2.026s] -- Up-to-date: /home/stefano/Robomaster_WS/install/robomaster_description/share/robomaster_description/meshes/chassis.dae
[2.026s] -- Up-to-date: /home/stefano/Robomaster_WS/install/robomaster_description/share/robomaster_description/meshes/gimbal_right_led_3.dae
[2.027s] -- Up-to-date: /home/stefano/Robomaster_WS/install/robomaster_description/share/robomaster_description/meshes/led.dae
[2.027s] -- Up-to-date: /home/stefano/Robomaster_WS/install/robomaster_description/share/robomaster_description/meshes/battery_pin_left.dae
[2.028s] -- Up-to-date: /home/stefano/Robomaster_WS/install/robomaster_description/share/robomaster_description/meshes/gimbal_collision.dae
[2.028s] -- Up-to-date: /home/stefano/Robomaster_WS/install/robomaster_description/share/robomaster_description/meshes/base_collision.dae
[2.029s] -- Up-to-date: /home/stefano/Robomaster_WS/install/robomaster_description/share/robomaster_description/meshes/extension_support.dae
[2.029s] -- Up-to-date: /home/stefano/Robomaster_WS/install/robomaster_description/share/robomaster_description/meshes/rod_2_collision.dae
[2.030s] -- Up-to-date: /home/stefano/Robomaster_WS/install/robomaster_description/share/robomaster_description/meshes/rod.dae
[2.031s] -- Up-to-date: /home/stefano/Robomaster_WS/install/robomaster_description/share/robomaster_description/meshes/right_gripper_5_collision.dae
[2.031s] -- Up-to-date: /home/stefano/Robomaster_WS/install/robomaster_description/share/robomaster_description/meshes/gimbal_left_led_5.dae
[2.031s] -- Up-to-date: /home/stefano/Robomaster_WS/install/robomaster_description/share/robomaster_description/meshes/rod_1_collision.dae
[2.031s] -- Up-to-date: /home/stefano/Robomaster_WS/install/robomaster_description/share/robomaster_description/meshes/gimbal_base_collision.dae
[2.032s] -- Up-to-date: /home/stefano/Robomaster_WS/install/robomaster_description/share/robomaster_description/meshes/front_right_wheel.dae
[2.066s] -- Up-to-date: /home/stefano/Robomaster_WS/install/robomaster_description/share/robomaster_description/meshes/arm_base_collision.dae
[2.066s] -- Up-to-date: /home/stefano/Robomaster_WS/install/robomaster_description/share/robomaster_description/meshes/arm_2_collision.dae
[2.069s] -- Up-to-date: /home/stefano/Robomaster_WS/install/robomaster_description/share/robomaster_description/meshes/front_left_wheel.dae
[2.070s] -- Up-to-date: /home/stefano/Robomaster_WS/install/robomaster_description/share/robomaster_description/meshes/gimbal_left_led_3.dae
[2.071s] -- Up-to-date: /home/stefano/Robomaster_WS/install/robomaster_description/share/robomaster_description/meshes/TOP_Base_Color.png
[2.071s] -- Up-to-date: /home/stefano/Robomaster_WS/install/robomaster_description/share/robomaster_description/meshes/front_hit_sensor.dae
[2.072s] -- Up-to-date: /home/stefano/Robomaster_WS/install/robomaster_description/share/robomaster_description/meshes/gimbal_right_led_6.dae
[2.073s] -- Up-to-date: /home/stefano/Robomaster_WS/install/robomaster_description/share/robomaster_description/meshes/triangle_collision.dae
[2.074s] -- Up-to-date: /home/stefano/Robomaster_WS/install/robomaster_description/share/robomaster_description/meshes/right_gripper_4_collision.dae
[2.075s] -- Up-to-date: /home/stefano/Robomaster_WS/install/robomaster_description/share/robomaster_description/meshes/gripper_left_1.dae
[2.075s] -- Up-to-date: /home/stefano/Robomaster_WS/install/robomaster_description/share/robomaster_description/meshes/right_hit_sensor.dae
[2.076s] -- Up-to-date: /home/stefano/Robomaster_WS/install/robomaster_description/share/robomaster_description/meshes/gimbal_right_armor.dae
[2.076s] -- Up-to-date: /home/stefano/Robomaster_WS/install/robomaster_description/share/robomaster_description/meshes/TOP_Normal_OpenGL.png.001.png
[2.078s] -- Up-to-date: /home/stefano/Robomaster_WS/install/robomaster_description/share/robomaster_description/meshes/gimbal_left_armor.dae
[2.079s] -- Up-to-date: /home/stefano/Robomaster_WS/install/robomaster_description/share/robomaster_description/meshes/gimbal_left_led_4.dae
[2.079s] -- Up-to-date: /home/stefano/Robomaster_WS/install/robomaster_description/share/robomaster_description/meshes/extension_base.dae
[2.080s] -- Up-to-date: /home/stefano/Robomaster_WS/install/robomaster_description/share/robomaster_description/meshes/blaster_gun.dae
[2.082s] -- Up-to-date: /home/stefano/Robomaster_WS/install/robomaster_description/share/robomaster_description/meshes/rod_1.dae
[2.086s] -- Up-to-date: /home/stefano/Robomaster_WS/install/robomaster_description/share/robomaster_description/meshes/camera.dae
[2.086s] -- Up-to-date: /home/stefano/Robomaster_WS/install/robomaster_description/share/robomaster_description/meshes/gripper_left_4.dae
[2.087s] -- Up-to-date: /home/stefano/Robomaster_WS/install/robomaster_description/share/robomaster_description/meshes/gripper_left_5_collision.dae
[2.089s] -- Up-to-date: /home/stefano/Robomaster_WS/install/robomaster_description/share/robomaster_description/meshes/gimbal_right_led_7.dae
[2.090s] -- Up-to-date: /home/stefano/Robomaster_WS/install/robomaster_description/share/robomaster_description/meshes/gimbal_right_led.dae
[2.094s] -- Up-to-date: /home/stefano/Robomaster_WS/install/robomaster_description/share/robomaster_description/meshes/rear_right_wheel.dae
[2.094s] -- Up-to-date: /home/stefano/Robomaster_WS/install/robomaster_description/share/robomaster_description/meshes/gimbal_left_led_7.dae
[2.095s] -- Up-to-date: /home/stefano/Robomaster_WS/install/robomaster_description/share/robomaster_description/meshes/gripper_left_2.dae
[2.097s] -- Up-to-date: /home/stefano/Robomaster_WS/install/robomaster_description/share/robomaster_description/meshes/blaster_top.dae
[2.097s] -- Up-to-date: /home/stefano/Robomaster_WS/install/robomaster_description/share/robomaster_description/meshes/blaster_magazin.dae
[2.098s] -- Up-to-date: /home/stefano/Robomaster_WS/install/robomaster_description/share/robomaster_description/meshes/speaker_collision.dae
[2.099s] -- Up-to-date: /home/stefano/Robomaster_WS/install/robomaster_description/share/robomaster_description/meshes/rod_3_collision.dae
[2.103s] -- Up-to-date: /home/stefano/Robomaster_WS/install/robomaster_description/share/robomaster_description/meshes/gripper_left_4_collision.dae
[2.104s] -- Up-to-date: /home/stefano/Robomaster_WS/install/robomaster_description/share/robomaster_description/meshes/gripper_left_6_collision.dae
[2.104s] -- Up-to-date: /home/stefano/Robomaster_WS/install/robomaster_description/share/robomaster_description/meshes/triangle.dae
[2.105s] -- Up-to-date: /home/stefano/Robomaster_WS/install/robomaster_description/share/robomaster_description/meshes/gimbal_left_led_2.dae
[2.105s] -- Up-to-date: /home/stefano/Robomaster_WS/install/robomaster_description/share/robomaster_description/meshes/wifi_antenna_left.dae
[2.105s] -- Up-to-date: /home/stefano/Robomaster_WS/install/robomaster_description/share/robomaster_description/meshes/left_servo.dae
[2.105s] -- Up-to-date: /home/stefano/Robomaster_WS/install/robomaster_description/share/robomaster_description/meshes/arm_1_cylinder.dae
[2.105s] -- Up-to-date: /home/stefano/Robomaster_WS/install/robomaster_description/share/robomaster_description/meshes/TOP_Base_Color.png.001.png
[2.106s] -- Up-to-date: /home/stefano/Robomaster_WS/install/robomaster_description/share/robomaster_description/meshes/blaster_top_collision.dae
[2.106s] -- Up-to-date: /home/stefano/Robomaster_WS/install/robomaster_description/share/robomaster_description/meshes/rod_collision.dae
[2.106s] -- Up-to-date: /home/stefano/Robomaster_WS/install/robomaster_description/share/robomaster_description/meshes/gimbal_left_led.dae
[2.106s] -- Up-to-date: /home/stefano/Robomaster_WS/install/robomaster_description/share/robomaster_description/meshes/arm_2_bar_2.dae
[2.107s] -- Up-to-date: /home/stefano/Robomaster_WS/install/robomaster_description/share/robomaster_description/meshes/hit_sensor.dae
[2.107s] -- Up-to-date: /home/stefano/Robomaster_WS/install/robomaster_description/share/robomaster_description/meshes/gripper_base.dae
[2.107s] -- Up-to-date: /home/stefano/Robomaster_WS/install/robomaster_description/share/robomaster_description/meshes/wheel.dae
[2.107s] -- Up-to-date: /home/stefano/Robomaster_WS/install/robomaster_description/share/robomaster_description/meshes/blaster_magazin_collision.dae
[2.107s] -- Up-to-date: /home/stefano/Robomaster_WS/install/robomaster_description/share/robomaster_description/meshes/rear_led.dae
[2.109s] -- Up-to-date: /home/stefano/Robomaster_WS/install/robomaster_description/share/robomaster_description/meshes/endpoint_bracket_collision.dae
[2.110s] -- Up-to-date: /home/stefano/Robomaster_WS/install/robomaster_description/share/robomaster_description/meshes/battery.dae
[2.111s] -- Up-to-date: /home/stefano/Robomaster_WS/install/robomaster_description/share/robomaster_description/meshes/armor.dae
[2.114s] -- Up-to-date: /home/stefano/Robomaster_WS/install/robomaster_description/share/robomaster_description/meshes/gripper_left_5.dae
[2.114s] -- Up-to-date: /home/stefano/Robomaster_WS/install/robomaster_description/share/robomaster_description/meshes/gripper_left_2_collision.dae
[2.114s] -- Up-to-date: /home/stefano/Robomaster_WS/install/robomaster_description/share/robomaster_description/meshes/rod_3.dae
[2.115s] -- Up-to-date: /home/stefano/Robomaster_WS/install/robomaster_description/share/robomaster_description/meshes/gripper_left_7.dae
[2.115s] -- Up-to-date: /home/stefano/Robomaster_WS/install/robomaster_description/share/robomaster_description/meshes/right_gripper_2_collision.dae
[2.115s] -- Up-to-date: /home/stefano/Robomaster_WS/install/robomaster_description/share/robomaster_description/meshes/TOP_Normal_OpenGL.png
[2.115s] -- Up-to-date: /home/stefano/Robomaster_WS/install/robomaster_description/share/robomaster_description/meshes/blaster_bug.dae
[2.115s] -- Up-to-date: /home/stefano/Robomaster_WS/install/robomaster_description/share/robomaster_description/meshes/gimbal_left_led_0.dae
[2.116s] -- Up-to-date: /home/stefano/Robomaster_WS/install/robomaster_description/share/robomaster_description/meshes/right_gripper_2.dae
[2.116s] -- Up-to-date: /home/stefano/Robomaster_WS/install/robomaster_description/share/robomaster_description/meshes/rod_2.dae
[2.116s] -- Up-to-date: /home/stefano/Robomaster_WS/install/robomaster_description/share/robomaster_description/meshes/gimbal_side.dae
[2.116s] -- Up-to-date: /home/stefano/Robomaster_WS/install/robomaster_description/share/robomaster_description/meshes/right_led.dae
[2.118s] -- Up-to-date: /home/stefano/Robomaster_WS/install/robomaster_description/share/robomaster_description/meshes/wifi_antenna_right.dae
[2.119s] -- Up-to-date: /home/stefano/Robomaster_WS/install/robomaster_description/share/robomaster_description/meshes/rear_left_wheel.dae
[2.119s] -- Up-to-date: /home/stefano/Robomaster_WS/install/robomaster_description/share/robomaster_description/meshes/gimbal_right_led_1.dae
[2.121s] -- Up-to-date: /home/stefano/Robomaster_WS/install/robomaster_description/share/robomaster_description/meshes/gripper_base_collision.dae
[2.121s] -- Up-to-date: /home/stefano/Robomaster_WS/install/robomaster_description/share/robomaster_description/meshes/intelligent_controller.dae
[2.122s] -- Up-to-date: /home/stefano/Robomaster_WS/install/robomaster_description/share/robomaster_description/meshes/right_servo.dae
[2.124s] -- Up-to-date: /home/stefano/Robomaster_WS/install/robomaster_description/share/robomaster_description/meshes/rear_hit_sensor.dae
[2.124s] -- Up-to-date: /home/stefano/Robomaster_WS/install/robomaster_description/share/ament_index/resource_index/package_run_dependencies/robomaster_description
[2.126s] -- Up-to-date: /home/stefano/Robomaster_WS/install/robomaster_description/share/ament_index/resource_index/parent_prefix_path/robomaster_description
[2.128s] -- Up-to-date: /home/stefano/Robomaster_WS/install/robomaster_description/share/robomaster_description/environment/ament_prefix_path.sh
[2.129s] -- Up-to-date: /home/stefano/Robomaster_WS/install/robomaster_description/share/robomaster_description/environment/ament_prefix_path.dsv
[2.129s] -- Up-to-date: /home/stefano/Robomaster_WS/install/robomaster_description/share/robomaster_description/environment/path.sh
[2.131s] -- Up-to-date: /home/stefano/Robomaster_WS/install/robomaster_description/share/robomaster_description/environment/path.dsv
[2.131s] -- Up-to-date: /home/stefano/Robomaster_WS/install/robomaster_description/share/robomaster_description/local_setup.bash
[2.132s] -- Up-to-date: /home/stefano/Robomaster_WS/install/robomaster_description/share/robomaster_description/local_setup.sh
[2.133s] -- Up-to-date: /home/stefano/Robomaster_WS/install/robomaster_description/share/robomaster_description/local_setup.zsh
[2.134s] -- Up-to-date: /home/stefano/Robomaster_WS/install/robomaster_description/share/robomaster_description/local_setup.dsv
[2.134s] -- Installing: /home/stefano/Robomaster_WS/install/robomaster_description/share/robomaster_description/package.dsv
[2.140s] -- Up-to-date: /home/stefano/Robomaster_WS/install/robomaster_description/share/ament_index/resource_index/packages/robomaster_description
[2.141s] -- Up-to-date: /home/stefano/Robomaster_WS/install/robomaster_description/share/robomaster_description/cmake/robomaster_descriptionConfig.cmake
[2.142s] -- Up-to-date: /home/stefano/Robomaster_WS/install/robomaster_description/share/robomaster_description/cmake/robomaster_descriptionConfig-version.cmake
[2.142s] -- Up-to-date: /home/stefano/Robomaster_WS/install/robomaster_description/share/robomaster_description/package.xml
[2.248s] Invoked command in '/home/stefano/Robomaster_WS/build/robomaster_description' returned '0': CMAKE_PREFIX_PATH=${CMAKE_PREFIX_PATH}:/home/stefano/Robomaster_WS/install/robomaster_ros:/home/stefano/Robomaster_WS/install/robomaster_ir_publisher:/home/stefano/Robomaster_WS/install/camera_utils:/home/stefano/turtlebot3_ws/install/turtlebot3_teleop:/home/stefano/turtlebot3_ws/install/turtlebot3_example:/home/stefano/Webots_ros2/install/webots_ros2:/home/stefano/Webots_ros2/install/webots_ros2_universal_robot:/home/stefano/Webots_ros2/install/webots_ros2_turtlebot:/home/stefano/Webots_ros2/install/webots_ros2_tiago:/home/stefano/Webots_ros2/install/webots_ros2_tests:/home/stefano/Webots_ros2/install/webots_ros2_tesla:/home/stefano/Webots_ros2/install/webots_ros2_mavic:/home/stefano/Webots_ros2/install/webots_ros2_husarion:/home/stefano/Webots_ros2/install/webots_ros2_epuck:/home/stefano/Webots_ros2/install/webots_ros2_crazyflie:/home/stefano/Webots_ros2/install/webots_ros2_importer:/opt/ros/humble /usr/bin/cmake --install /home/stefano/Robomaster_WS/build/robomaster_description
