[0.320s] DEBUG:colcon:Command line arguments: ['/usr/bin/colcon', 'build']
[0.320s] DEBUG:colcon:Parsed command line arguments: Namespace(log_base=None, log_level=None, verb_name='build', build_base='build', install_base='install', merge_install=False, symlink_install=False, test_result_base=None, continue_on_error=False, executor='parallel', parallel_workers=8, event_handlers=None, ignore_user_meta=False, metas=['./colcon.meta'], base_paths=['.'], packages_ignore=None, packages_ignore_regex=None, paths=None, packages_up_to=None, packages_up_to_regex=None, packages_above=None, packages_above_and_dependencies=None, packages_above_depth=None, packages_select_by_dep=None, packages_skip_by_dep=None, packages_skip_up_to=None, packages_select_build_failed=False, packages_skip_build_finished=False, packages_select_test_failures=False, packages_skip_test_passed=False, packages_select=None, packages_skip=None, packages_select_regex=None, packages_skip_regex=None, packages_start=None, packages_end=None, allow_overriding=[], cmake_args=None, cmake_target=None, cmake_target_skip_unavailable=False, cmake_clean_cache=False, cmake_clean_first=False, cmake_force_configure=False, ament_cmake_args=None, catkin_cmake_args=None, catkin_skip_building_tests=False, mixin_files=None, mixin=None, verb_parser=<colcon_mixin.mixin.mixin_argument.MixinArgumentDecorator object at 0x71bc297a0b80>, verb_extension=<colcon_core.verb.build.BuildVerb object at 0x71bc297a0190>, main=<bound method BuildVerb.main of <colcon_core.verb.build.BuildVerb object at 0x71bc297a0190>>, mixin_verb=('build',))
[0.829s] Level 1:colcon.colcon_core.package_discovery:discover_packages(colcon_meta) check parameters
[0.829s] Level 1:colcon.colcon_core.package_discovery:discover_packages(recursive) check parameters
[0.829s] Level 1:colcon.colcon_core.package_discovery:discover_packages(ignore) check parameters
[0.829s] Level 1:colcon.colcon_core.package_discovery:discover_packages(path) check parameters
[0.829s] Level 1:colcon.colcon_core.package_discovery:discover_packages(colcon_meta) discover
[0.829s] Level 1:colcon.colcon_core.package_discovery:discover_packages(recursive) discover
[0.830s] INFO:colcon.colcon_core.package_discovery:Crawling recursively for packages in '/home/stefano/Robomaster_WS/src'
[0.830s] Level 1:colcon.colcon_core.package_identification:_identify(.) by extensions ['ignore', 'ignore_ament_install']
[0.830s] Level 1:colcon.colcon_core.package_identification:_identify(.) by extension 'ignore'
[0.830s] Level 1:colcon.colcon_core.package_identification:_identify(.) by extension 'ignore_ament_install'
[0.830s] Level 1:colcon.colcon_core.package_identification:_identify(.) by extensions ['colcon_pkg']
[0.830s] Level 1:colcon.colcon_core.package_identification:_identify(.) by extension 'colcon_pkg'
[0.830s] Level 1:colcon.colcon_core.package_identification:_identify(.) by extensions ['colcon_meta']
[0.830s] Level 1:colcon.colcon_core.package_identification:_identify(.) by extension 'colcon_meta'
[0.830s] Level 1:colcon.colcon_core.package_identification:_identify(.) by extensions ['ros']
[0.830s] Level 1:colcon.colcon_core.package_identification:_identify(.) by extension 'ros'
[0.862s] Level 1:colcon.colcon_core.package_identification:_identify(.) by extensions ['cmake', 'python']
[0.862s] Level 1:colcon.colcon_core.package_identification:_identify(.) by extension 'cmake'
[0.862s] Level 1:colcon.colcon_core.package_identification:_identify(.) by extension 'python'
[0.862s] Level 1:colcon.colcon_core.package_identification:_identify(.) by extensions ['python_setup_py']
[0.863s] Level 1:colcon.colcon_core.package_identification:_identify(.) by extension 'python_setup_py'
[0.863s] Level 1:colcon.colcon_core.package_identification:_identify(build) by extensions ['ignore', 'ignore_ament_install']
[0.863s] Level 1:colcon.colcon_core.package_identification:_identify(build) by extension 'ignore'
[0.863s] Level 1:colcon.colcon_core.package_identification:_identify(build) ignored
[0.863s] Level 1:colcon.colcon_core.package_identification:_identify(camera_utils) by extensions ['ignore', 'ignore_ament_install']
[0.864s] Level 1:colcon.colcon_core.package_identification:_identify(camera_utils) by extension 'ignore'
[0.864s] Level 1:colcon.colcon_core.package_identification:_identify(camera_utils) by extension 'ignore_ament_install'
[0.864s] Level 1:colcon.colcon_core.package_identification:_identify(camera_utils) by extensions ['colcon_pkg']
[0.864s] Level 1:colcon.colcon_core.package_identification:_identify(camera_utils) by extension 'colcon_pkg'
[0.864s] Level 1:colcon.colcon_core.package_identification:_identify(camera_utils) by extensions ['colcon_meta']
[0.864s] Level 1:colcon.colcon_core.package_identification:_identify(camera_utils) by extension 'colcon_meta'
[0.864s] Level 1:colcon.colcon_core.package_identification:_identify(camera_utils) by extensions ['ros']
[0.864s] Level 1:colcon.colcon_core.package_identification:_identify(camera_utils) by extension 'ros'
[0.869s] DEBUG:colcon.colcon_core.package_identification:Package 'camera_utils' with type 'ros.ament_python' and name 'camera_utils'
[0.869s] Level 1:colcon.colcon_core.package_identification:_identify(install) by extensions ['ignore', 'ignore_ament_install']
[0.869s] Level 1:colcon.colcon_core.package_identification:_identify(install) by extension 'ignore'
[0.870s] Level 1:colcon.colcon_core.package_identification:_identify(install) ignored
[0.870s] Level 1:colcon.colcon_core.package_identification:_identify(laser_echo_publisher) by extensions ['ignore', 'ignore_ament_install']
[0.870s] Level 1:colcon.colcon_core.package_identification:_identify(laser_echo_publisher) by extension 'ignore'
[0.870s] Level 1:colcon.colcon_core.package_identification:_identify(laser_echo_publisher) by extension 'ignore_ament_install'
[0.870s] Level 1:colcon.colcon_core.package_identification:_identify(laser_echo_publisher) by extensions ['colcon_pkg']
[0.870s] Level 1:colcon.colcon_core.package_identification:_identify(laser_echo_publisher) by extension 'colcon_pkg'
[0.870s] Level 1:colcon.colcon_core.package_identification:_identify(laser_echo_publisher) by extensions ['colcon_meta']
[0.870s] Level 1:colcon.colcon_core.package_identification:_identify(laser_echo_publisher) by extension 'colcon_meta'
[0.871s] Level 1:colcon.colcon_core.package_identification:_identify(laser_echo_publisher) by extensions ['ros']
[0.871s] Level 1:colcon.colcon_core.package_identification:_identify(laser_echo_publisher) by extension 'ros'
[0.872s] DEBUG:colcon.colcon_core.package_identification:Package 'laser_echo_publisher' with type 'ros.ament_python' and name 'laser_echo_publisher'
[0.872s] Level 1:colcon.colcon_core.package_identification:_identify(log) by extensions ['ignore', 'ignore_ament_install']
[0.872s] Level 1:colcon.colcon_core.package_identification:_identify(log) by extension 'ignore'
[0.872s] Level 1:colcon.colcon_core.package_identification:_identify(log) ignored
[0.872s] Level 1:colcon.colcon_core.package_identification:_identify(robomaster_ros) by extensions ['ignore', 'ignore_ament_install']
[0.872s] Level 1:colcon.colcon_core.package_identification:_identify(robomaster_ros) by extension 'ignore'
[0.873s] Level 1:colcon.colcon_core.package_identification:_identify(robomaster_ros) by extension 'ignore_ament_install'
[0.873s] Level 1:colcon.colcon_core.package_identification:_identify(robomaster_ros) by extensions ['colcon_pkg']
[0.873s] Level 1:colcon.colcon_core.package_identification:_identify(robomaster_ros) by extension 'colcon_pkg'
[0.873s] Level 1:colcon.colcon_core.package_identification:_identify(robomaster_ros) by extensions ['colcon_meta']
[0.873s] Level 1:colcon.colcon_core.package_identification:_identify(robomaster_ros) by extension 'colcon_meta'
[0.873s] Level 1:colcon.colcon_core.package_identification:_identify(robomaster_ros) by extensions ['ros']
[0.873s] Level 1:colcon.colcon_core.package_identification:_identify(robomaster_ros) by extension 'ros'
[0.873s] Level 1:colcon.colcon_core.package_identification:_identify(robomaster_ros) by extensions ['cmake', 'python']
[0.873s] Level 1:colcon.colcon_core.package_identification:_identify(robomaster_ros) by extension 'cmake'
[0.874s] Level 1:colcon.colcon_core.package_identification:_identify(robomaster_ros) by extension 'python'
[0.874s] Level 1:colcon.colcon_core.package_identification:_identify(robomaster_ros) by extensions ['python_setup_py']
[0.874s] Level 1:colcon.colcon_core.package_identification:_identify(robomaster_ros) by extension 'python_setup_py'
[0.874s] Level 1:colcon.colcon_core.package_identification:_identify(robomaster_ros/docker) by extensions ['ignore', 'ignore_ament_install']
[0.874s] Level 1:colcon.colcon_core.package_identification:_identify(robomaster_ros/docker) by extension 'ignore'
[0.874s] Level 1:colcon.colcon_core.package_identification:_identify(robomaster_ros/docker) by extension 'ignore_ament_install'
[0.874s] Level 1:colcon.colcon_core.package_identification:_identify(robomaster_ros/docker) by extensions ['colcon_pkg']
[0.874s] Level 1:colcon.colcon_core.package_identification:_identify(robomaster_ros/docker) by extension 'colcon_pkg'
[0.874s] Level 1:colcon.colcon_core.package_identification:_identify(robomaster_ros/docker) by extensions ['colcon_meta']
[0.875s] Level 1:colcon.colcon_core.package_identification:_identify(robomaster_ros/docker) by extension 'colcon_meta'
[0.875s] Level 1:colcon.colcon_core.package_identification:_identify(robomaster_ros/docker) by extensions ['ros']
[0.875s] Level 1:colcon.colcon_core.package_identification:_identify(robomaster_ros/docker) by extension 'ros'
[0.875s] Level 1:colcon.colcon_core.package_identification:_identify(robomaster_ros/docker) by extensions ['cmake', 'python']
[0.875s] Level 1:colcon.colcon_core.package_identification:_identify(robomaster_ros/docker) by extension 'cmake'
[0.875s] Level 1:colcon.colcon_core.package_identification:_identify(robomaster_ros/docker) by extension 'python'
[0.875s] Level 1:colcon.colcon_core.package_identification:_identify(robomaster_ros/docker) by extensions ['python_setup_py']
[0.875s] Level 1:colcon.colcon_core.package_identification:_identify(robomaster_ros/docker) by extension 'python_setup_py'
[0.875s] Level 1:colcon.colcon_core.package_identification:_identify(robomaster_ros/docker/foxy) by extensions ['ignore', 'ignore_ament_install']
[0.876s] Level 1:colcon.colcon_core.package_identification:_identify(robomaster_ros/docker/foxy) by extension 'ignore'
[0.876s] Level 1:colcon.colcon_core.package_identification:_identify(robomaster_ros/docker/foxy) by extension 'ignore_ament_install'
[0.876s] Level 1:colcon.colcon_core.package_identification:_identify(robomaster_ros/docker/foxy) by extensions ['colcon_pkg']
[0.876s] Level 1:colcon.colcon_core.package_identification:_identify(robomaster_ros/docker/foxy) by extension 'colcon_pkg'
[0.876s] Level 1:colcon.colcon_core.package_identification:_identify(robomaster_ros/docker/foxy) by extensions ['colcon_meta']
[0.876s] Level 1:colcon.colcon_core.package_identification:_identify(robomaster_ros/docker/foxy) by extension 'colcon_meta'
[0.876s] Level 1:colcon.colcon_core.package_identification:_identify(robomaster_ros/docker/foxy) by extensions ['ros']
[0.876s] Level 1:colcon.colcon_core.package_identification:_identify(robomaster_ros/docker/foxy) by extension 'ros'
[0.876s] Level 1:colcon.colcon_core.package_identification:_identify(robomaster_ros/docker/foxy) by extensions ['cmake', 'python']
[0.876s] Level 1:colcon.colcon_core.package_identification:_identify(robomaster_ros/docker/foxy) by extension 'cmake'
[0.876s] Level 1:colcon.colcon_core.package_identification:_identify(robomaster_ros/docker/foxy) by extension 'python'
[0.877s] Level 1:colcon.colcon_core.package_identification:_identify(robomaster_ros/docker/foxy) by extensions ['python_setup_py']
[0.877s] Level 1:colcon.colcon_core.package_identification:_identify(robomaster_ros/docker/foxy) by extension 'python_setup_py'
[0.877s] Level 1:colcon.colcon_core.package_identification:_identify(robomaster_ros/docker/foxy/ep) by extensions ['ignore', 'ignore_ament_install']
[0.877s] Level 1:colcon.colcon_core.package_identification:_identify(robomaster_ros/docker/foxy/ep) by extension 'ignore'
[0.877s] Level 1:colcon.colcon_core.package_identification:_identify(robomaster_ros/docker/foxy/ep) by extension 'ignore_ament_install'
[0.877s] Level 1:colcon.colcon_core.package_identification:_identify(robomaster_ros/docker/foxy/ep) by extensions ['colcon_pkg']
[0.877s] Level 1:colcon.colcon_core.package_identification:_identify(robomaster_ros/docker/foxy/ep) by extension 'colcon_pkg'
[0.877s] Level 1:colcon.colcon_core.package_identification:_identify(robomaster_ros/docker/foxy/ep) by extensions ['colcon_meta']
[0.878s] Level 1:colcon.colcon_core.package_identification:_identify(robomaster_ros/docker/foxy/ep) by extension 'colcon_meta'
[0.878s] Level 1:colcon.colcon_core.package_identification:_identify(robomaster_ros/docker/foxy/ep) by extensions ['ros']
[0.878s] Level 1:colcon.colcon_core.package_identification:_identify(robomaster_ros/docker/foxy/ep) by extension 'ros'
[0.878s] Level 1:colcon.colcon_core.package_identification:_identify(robomaster_ros/docker/foxy/ep) by extensions ['cmake', 'python']
[0.878s] Level 1:colcon.colcon_core.package_identification:_identify(robomaster_ros/docker/foxy/ep) by extension 'cmake'
[0.878s] Level 1:colcon.colcon_core.package_identification:_identify(robomaster_ros/docker/foxy/ep) by extension 'python'
[0.878s] Level 1:colcon.colcon_core.package_identification:_identify(robomaster_ros/docker/foxy/ep) by extensions ['python_setup_py']
[0.878s] Level 1:colcon.colcon_core.package_identification:_identify(robomaster_ros/docker/foxy/ep) by extension 'python_setup_py'
[0.879s] Level 1:colcon.colcon_core.package_identification:_identify(robomaster_ros/docker/foxy/s1) by extensions ['ignore', 'ignore_ament_install']
[0.879s] Level 1:colcon.colcon_core.package_identification:_identify(robomaster_ros/docker/foxy/s1) by extension 'ignore'
[0.879s] Level 1:colcon.colcon_core.package_identification:_identify(robomaster_ros/docker/foxy/s1) by extension 'ignore_ament_install'
[0.879s] Level 1:colcon.colcon_core.package_identification:_identify(robomaster_ros/docker/foxy/s1) by extensions ['colcon_pkg']
[0.879s] Level 1:colcon.colcon_core.package_identification:_identify(robomaster_ros/docker/foxy/s1) by extension 'colcon_pkg'
[0.879s] Level 1:colcon.colcon_core.package_identification:_identify(robomaster_ros/docker/foxy/s1) by extensions ['colcon_meta']
[0.879s] Level 1:colcon.colcon_core.package_identification:_identify(robomaster_ros/docker/foxy/s1) by extension 'colcon_meta'
[0.879s] Level 1:colcon.colcon_core.package_identification:_identify(robomaster_ros/docker/foxy/s1) by extensions ['ros']
[0.879s] Level 1:colcon.colcon_core.package_identification:_identify(robomaster_ros/docker/foxy/s1) by extension 'ros'
[0.880s] Level 1:colcon.colcon_core.package_identification:_identify(robomaster_ros/docker/foxy/s1) by extensions ['cmake', 'python']
[0.880s] Level 1:colcon.colcon_core.package_identification:_identify(robomaster_ros/docker/foxy/s1) by extension 'cmake'
[0.880s] Level 1:colcon.colcon_core.package_identification:_identify(robomaster_ros/docker/foxy/s1) by extension 'python'
[0.880s] Level 1:colcon.colcon_core.package_identification:_identify(robomaster_ros/docker/foxy/s1) by extensions ['python_setup_py']
[0.880s] Level 1:colcon.colcon_core.package_identification:_identify(robomaster_ros/docker/foxy/s1) by extension 'python_setup_py'
[0.881s] Level 1:colcon.colcon_core.package_identification:_identify(robomaster_ros/docker/galactic) by extensions ['ignore', 'ignore_ament_install']
[0.881s] Level 1:colcon.colcon_core.package_identification:_identify(robomaster_ros/docker/galactic) by extension 'ignore'
[0.881s] Level 1:colcon.colcon_core.package_identification:_identify(robomaster_ros/docker/galactic) by extension 'ignore_ament_install'
[0.881s] Level 1:colcon.colcon_core.package_identification:_identify(robomaster_ros/docker/galactic) by extensions ['colcon_pkg']
[0.881s] Level 1:colcon.colcon_core.package_identification:_identify(robomaster_ros/docker/galactic) by extension 'colcon_pkg'
[0.881s] Level 1:colcon.colcon_core.package_identification:_identify(robomaster_ros/docker/galactic) by extensions ['colcon_meta']
[0.881s] Level 1:colcon.colcon_core.package_identification:_identify(robomaster_ros/docker/galactic) by extension 'colcon_meta'
[0.881s] Level 1:colcon.colcon_core.package_identification:_identify(robomaster_ros/docker/galactic) by extensions ['ros']
[0.881s] Level 1:colcon.colcon_core.package_identification:_identify(robomaster_ros/docker/galactic) by extension 'ros'
[0.882s] Level 1:colcon.colcon_core.package_identification:_identify(robomaster_ros/docker/galactic) by extensions ['cmake', 'python']
[0.882s] Level 1:colcon.colcon_core.package_identification:_identify(robomaster_ros/docker/galactic) by extension 'cmake'
[0.882s] Level 1:colcon.colcon_core.package_identification:_identify(robomaster_ros/docker/galactic) by extension 'python'
[0.882s] Level 1:colcon.colcon_core.package_identification:_identify(robomaster_ros/docker/galactic) by extensions ['python_setup_py']
[0.882s] Level 1:colcon.colcon_core.package_identification:_identify(robomaster_ros/docker/galactic) by extension 'python_setup_py'
[0.882s] Level 1:colcon.colcon_core.package_identification:_identify(robomaster_ros/docker/galactic/ep) by extensions ['ignore', 'ignore_ament_install']
[0.882s] Level 1:colcon.colcon_core.package_identification:_identify(robomaster_ros/docker/galactic/ep) by extension 'ignore'
[0.882s] Level 1:colcon.colcon_core.package_identification:_identify(robomaster_ros/docker/galactic/ep) by extension 'ignore_ament_install'
[0.882s] Level 1:colcon.colcon_core.package_identification:_identify(robomaster_ros/docker/galactic/ep) by extensions ['colcon_pkg']
[0.882s] Level 1:colcon.colcon_core.package_identification:_identify(robomaster_ros/docker/galactic/ep) by extension 'colcon_pkg'
[0.882s] Level 1:colcon.colcon_core.package_identification:_identify(robomaster_ros/docker/galactic/ep) by extensions ['colcon_meta']
[0.883s] Level 1:colcon.colcon_core.package_identification:_identify(robomaster_ros/docker/galactic/ep) by extension 'colcon_meta'
[0.883s] Level 1:colcon.colcon_core.package_identification:_identify(robomaster_ros/docker/galactic/ep) by extensions ['ros']
[0.883s] Level 1:colcon.colcon_core.package_identification:_identify(robomaster_ros/docker/galactic/ep) by extension 'ros'
[0.883s] Level 1:colcon.colcon_core.package_identification:_identify(robomaster_ros/docker/galactic/ep) by extensions ['cmake', 'python']
[0.883s] Level 1:colcon.colcon_core.package_identification:_identify(robomaster_ros/docker/galactic/ep) by extension 'cmake'
[0.883s] Level 1:colcon.colcon_core.package_identification:_identify(robomaster_ros/docker/galactic/ep) by extension 'python'
[0.883s] Level 1:colcon.colcon_core.package_identification:_identify(robomaster_ros/docker/galactic/ep) by extensions ['python_setup_py']
[0.883s] Level 1:colcon.colcon_core.package_identification:_identify(robomaster_ros/docker/galactic/ep) by extension 'python_setup_py'
[0.884s] Level 1:colcon.colcon_core.package_identification:_identify(robomaster_ros/docker/galactic/s1) by extensions ['ignore', 'ignore_ament_install']
[0.884s] Level 1:colcon.colcon_core.package_identification:_identify(robomaster_ros/docker/galactic/s1) by extension 'ignore'
[0.884s] Level 1:colcon.colcon_core.package_identification:_identify(robomaster_ros/docker/galactic/s1) by extension 'ignore_ament_install'
[0.884s] Level 1:colcon.colcon_core.package_identification:_identify(robomaster_ros/docker/galactic/s1) by extensions ['colcon_pkg']
[0.884s] Level 1:colcon.colcon_core.package_identification:_identify(robomaster_ros/docker/galactic/s1) by extension 'colcon_pkg'
[0.884s] Level 1:colcon.colcon_core.package_identification:_identify(robomaster_ros/docker/galactic/s1) by extensions ['colcon_meta']
[0.884s] Level 1:colcon.colcon_core.package_identification:_identify(robomaster_ros/docker/galactic/s1) by extension 'colcon_meta'
[0.884s] Level 1:colcon.colcon_core.package_identification:_identify(robomaster_ros/docker/galactic/s1) by extensions ['ros']
[0.885s] Level 1:colcon.colcon_core.package_identification:_identify(robomaster_ros/docker/galactic/s1) by extension 'ros'
[0.885s] Level 1:colcon.colcon_core.package_identification:_identify(robomaster_ros/docker/galactic/s1) by extensions ['cmake', 'python']
[0.885s] Level 1:colcon.colcon_core.package_identification:_identify(robomaster_ros/docker/galactic/s1) by extension 'cmake'
[0.885s] Level 1:colcon.colcon_core.package_identification:_identify(robomaster_ros/docker/galactic/s1) by extension 'python'
[0.885s] Level 1:colcon.colcon_core.package_identification:_identify(robomaster_ros/docker/galactic/s1) by extensions ['python_setup_py']
[0.885s] Level 1:colcon.colcon_core.package_identification:_identify(robomaster_ros/docker/galactic/s1) by extension 'python_setup_py'
[0.886s] Level 1:colcon.colcon_core.package_identification:_identify(robomaster_ros/docker/humble) by extensions ['ignore', 'ignore_ament_install']
[0.886s] Level 1:colcon.colcon_core.package_identification:_identify(robomaster_ros/docker/humble) by extension 'ignore'
[0.886s] Level 1:colcon.colcon_core.package_identification:_identify(robomaster_ros/docker/humble) by extension 'ignore_ament_install'
[0.886s] Level 1:colcon.colcon_core.package_identification:_identify(robomaster_ros/docker/humble) by extensions ['colcon_pkg']
[0.886s] Level 1:colcon.colcon_core.package_identification:_identify(robomaster_ros/docker/humble) by extension 'colcon_pkg'
[0.886s] Level 1:colcon.colcon_core.package_identification:_identify(robomaster_ros/docker/humble) by extensions ['colcon_meta']
[0.886s] Level 1:colcon.colcon_core.package_identification:_identify(robomaster_ros/docker/humble) by extension 'colcon_meta'
[0.886s] Level 1:colcon.colcon_core.package_identification:_identify(robomaster_ros/docker/humble) by extensions ['ros']
[0.886s] Level 1:colcon.colcon_core.package_identification:_identify(robomaster_ros/docker/humble) by extension 'ros'
[0.886s] Level 1:colcon.colcon_core.package_identification:_identify(robomaster_ros/docker/humble) by extensions ['cmake', 'python']
[0.886s] Level 1:colcon.colcon_core.package_identification:_identify(robomaster_ros/docker/humble) by extension 'cmake'
[0.886s] Level 1:colcon.colcon_core.package_identification:_identify(robomaster_ros/docker/humble) by extension 'python'
[0.887s] Level 1:colcon.colcon_core.package_identification:_identify(robomaster_ros/docker/humble) by extensions ['python_setup_py']
[0.887s] Level 1:colcon.colcon_core.package_identification:_identify(robomaster_ros/docker/humble) by extension 'python_setup_py'
[0.887s] Level 1:colcon.colcon_core.package_identification:_identify(robomaster_ros/docker/humble/ep) by extensions ['ignore', 'ignore_ament_install']
[0.887s] Level 1:colcon.colcon_core.package_identification:_identify(robomaster_ros/docker/humble/ep) by extension 'ignore'
[0.887s] Level 1:colcon.colcon_core.package_identification:_identify(robomaster_ros/docker/humble/ep) by extension 'ignore_ament_install'
[0.887s] Level 1:colcon.colcon_core.package_identification:_identify(robomaster_ros/docker/humble/ep) by extensions ['colcon_pkg']
[0.887s] Level 1:colcon.colcon_core.package_identification:_identify(robomaster_ros/docker/humble/ep) by extension 'colcon_pkg'
[0.887s] Level 1:colcon.colcon_core.package_identification:_identify(robomaster_ros/docker/humble/ep) by extensions ['colcon_meta']
[0.887s] Level 1:colcon.colcon_core.package_identification:_identify(robomaster_ros/docker/humble/ep) by extension 'colcon_meta'
[0.888s] Level 1:colcon.colcon_core.package_identification:_identify(robomaster_ros/docker/humble/ep) by extensions ['ros']
[0.888s] Level 1:colcon.colcon_core.package_identification:_identify(robomaster_ros/docker/humble/ep) by extension 'ros'
[0.888s] Level 1:colcon.colcon_core.package_identification:_identify(robomaster_ros/docker/humble/ep) by extensions ['cmake', 'python']
[0.888s] Level 1:colcon.colcon_core.package_identification:_identify(robomaster_ros/docker/humble/ep) by extension 'cmake'
[0.888s] Level 1:colcon.colcon_core.package_identification:_identify(robomaster_ros/docker/humble/ep) by extension 'python'
[0.888s] Level 1:colcon.colcon_core.package_identification:_identify(robomaster_ros/docker/humble/ep) by extensions ['python_setup_py']
[0.888s] Level 1:colcon.colcon_core.package_identification:_identify(robomaster_ros/docker/humble/ep) by extension 'python_setup_py'
[0.888s] Level 1:colcon.colcon_core.package_identification:_identify(robomaster_ros/docker/humble/s1) by extensions ['ignore', 'ignore_ament_install']
[0.888s] Level 1:colcon.colcon_core.package_identification:_identify(robomaster_ros/docker/humble/s1) by extension 'ignore'
[0.889s] Level 1:colcon.colcon_core.package_identification:_identify(robomaster_ros/docker/humble/s1) by extension 'ignore_ament_install'
[0.889s] Level 1:colcon.colcon_core.package_identification:_identify(robomaster_ros/docker/humble/s1) by extensions ['colcon_pkg']
[0.889s] Level 1:colcon.colcon_core.package_identification:_identify(robomaster_ros/docker/humble/s1) by extension 'colcon_pkg'
[0.889s] Level 1:colcon.colcon_core.package_identification:_identify(robomaster_ros/docker/humble/s1) by extensions ['colcon_meta']
[0.889s] Level 1:colcon.colcon_core.package_identification:_identify(robomaster_ros/docker/humble/s1) by extension 'colcon_meta'
[0.889s] Level 1:colcon.colcon_core.package_identification:_identify(robomaster_ros/docker/humble/s1) by extensions ['ros']
[0.889s] Level 1:colcon.colcon_core.package_identification:_identify(robomaster_ros/docker/humble/s1) by extension 'ros'
[0.889s] Level 1:colcon.colcon_core.package_identification:_identify(robomaster_ros/docker/humble/s1) by extensions ['cmake', 'python']
[0.889s] Level 1:colcon.colcon_core.package_identification:_identify(robomaster_ros/docker/humble/s1) by extension 'cmake'
[0.889s] Level 1:colcon.colcon_core.package_identification:_identify(robomaster_ros/docker/humble/s1) by extension 'python'
[0.889s] Level 1:colcon.colcon_core.package_identification:_identify(robomaster_ros/docker/humble/s1) by extensions ['python_setup_py']
[0.889s] Level 1:colcon.colcon_core.package_identification:_identify(robomaster_ros/docker/humble/s1) by extension 'python_setup_py'
[0.890s] Level 1:colcon.colcon_core.package_identification:_identify(robomaster_ros/docker/iron) by extensions ['ignore', 'ignore_ament_install']
[0.890s] Level 1:colcon.colcon_core.package_identification:_identify(robomaster_ros/docker/iron) by extension 'ignore'
[0.890s] Level 1:colcon.colcon_core.package_identification:_identify(robomaster_ros/docker/iron) by extension 'ignore_ament_install'
[0.890s] Level 1:colcon.colcon_core.package_identification:_identify(robomaster_ros/docker/iron) by extensions ['colcon_pkg']
[0.890s] Level 1:colcon.colcon_core.package_identification:_identify(robomaster_ros/docker/iron) by extension 'colcon_pkg'
[0.890s] Level 1:colcon.colcon_core.package_identification:_identify(robomaster_ros/docker/iron) by extensions ['colcon_meta']
[0.890s] Level 1:colcon.colcon_core.package_identification:_identify(robomaster_ros/docker/iron) by extension 'colcon_meta'
[0.890s] Level 1:colcon.colcon_core.package_identification:_identify(robomaster_ros/docker/iron) by extensions ['ros']
[0.890s] Level 1:colcon.colcon_core.package_identification:_identify(robomaster_ros/docker/iron) by extension 'ros'
[0.890s] Level 1:colcon.colcon_core.package_identification:_identify(robomaster_ros/docker/iron) by extensions ['cmake', 'python']
[0.890s] Level 1:colcon.colcon_core.package_identification:_identify(robomaster_ros/docker/iron) by extension 'cmake'
[0.890s] Level 1:colcon.colcon_core.package_identification:_identify(robomaster_ros/docker/iron) by extension 'python'
[0.891s] Level 1:colcon.colcon_core.package_identification:_identify(robomaster_ros/docker/iron) by extensions ['python_setup_py']
[0.891s] Level 1:colcon.colcon_core.package_identification:_identify(robomaster_ros/docker/iron) by extension 'python_setup_py'
[0.891s] Level 1:colcon.colcon_core.package_identification:_identify(robomaster_ros/docker/iron/ep) by extensions ['ignore', 'ignore_ament_install']
[0.891s] Level 1:colcon.colcon_core.package_identification:_identify(robomaster_ros/docker/iron/ep) by extension 'ignore'
[0.891s] Level 1:colcon.colcon_core.package_identification:_identify(robomaster_ros/docker/iron/ep) by extension 'ignore_ament_install'
[0.891s] Level 1:colcon.colcon_core.package_identification:_identify(robomaster_ros/docker/iron/ep) by extensions ['colcon_pkg']
[0.891s] Level 1:colcon.colcon_core.package_identification:_identify(robomaster_ros/docker/iron/ep) by extension 'colcon_pkg'
[0.891s] Level 1:colcon.colcon_core.package_identification:_identify(robomaster_ros/docker/iron/ep) by extensions ['colcon_meta']
[0.891s] Level 1:colcon.colcon_core.package_identification:_identify(robomaster_ros/docker/iron/ep) by extension 'colcon_meta'
[0.891s] Level 1:colcon.colcon_core.package_identification:_identify(robomaster_ros/docker/iron/ep) by extensions ['ros']
[0.891s] Level 1:colcon.colcon_core.package_identification:_identify(robomaster_ros/docker/iron/ep) by extension 'ros'
[0.892s] Level 1:colcon.colcon_core.package_identification:_identify(robomaster_ros/docker/iron/ep) by extensions ['cmake', 'python']
[0.892s] Level 1:colcon.colcon_core.package_identification:_identify(robomaster_ros/docker/iron/ep) by extension 'cmake'
[0.892s] Level 1:colcon.colcon_core.package_identification:_identify(robomaster_ros/docker/iron/ep) by extension 'python'
[0.892s] Level 1:colcon.colcon_core.package_identification:_identify(robomaster_ros/docker/iron/ep) by extensions ['python_setup_py']
[0.892s] Level 1:colcon.colcon_core.package_identification:_identify(robomaster_ros/docker/iron/ep) by extension 'python_setup_py'
[0.892s] Level 1:colcon.colcon_core.package_identification:_identify(robomaster_ros/docker/iron/s1) by extensions ['ignore', 'ignore_ament_install']
[0.892s] Level 1:colcon.colcon_core.package_identification:_identify(robomaster_ros/docker/iron/s1) by extension 'ignore'
[0.892s] Level 1:colcon.colcon_core.package_identification:_identify(robomaster_ros/docker/iron/s1) by extension 'ignore_ament_install'
[0.892s] Level 1:colcon.colcon_core.package_identification:_identify(robomaster_ros/docker/iron/s1) by extensions ['colcon_pkg']
[0.892s] Level 1:colcon.colcon_core.package_identification:_identify(robomaster_ros/docker/iron/s1) by extension 'colcon_pkg'
[0.892s] Level 1:colcon.colcon_core.package_identification:_identify(robomaster_ros/docker/iron/s1) by extensions ['colcon_meta']
[0.893s] Level 1:colcon.colcon_core.package_identification:_identify(robomaster_ros/docker/iron/s1) by extension 'colcon_meta'
[0.893s] Level 1:colcon.colcon_core.package_identification:_identify(robomaster_ros/docker/iron/s1) by extensions ['ros']
[0.893s] Level 1:colcon.colcon_core.package_identification:_identify(robomaster_ros/docker/iron/s1) by extension 'ros'
[0.893s] Level 1:colcon.colcon_core.package_identification:_identify(robomaster_ros/docker/iron/s1) by extensions ['cmake', 'python']
[0.893s] Level 1:colcon.colcon_core.package_identification:_identify(robomaster_ros/docker/iron/s1) by extension 'cmake'
[0.893s] Level 1:colcon.colcon_core.package_identification:_identify(robomaster_ros/docker/iron/s1) by extension 'python'
[0.893s] Level 1:colcon.colcon_core.package_identification:_identify(robomaster_ros/docker/iron/s1) by extensions ['python_setup_py']
[0.893s] Level 1:colcon.colcon_core.package_identification:_identify(robomaster_ros/docker/iron/s1) by extension 'python_setup_py'
[0.894s] Level 1:colcon.colcon_core.package_identification:_identify(robomaster_ros/docs) by extensions ['ignore', 'ignore_ament_install']
[0.894s] Level 1:colcon.colcon_core.package_identification:_identify(robomaster_ros/docs) by extension 'ignore'
[0.894s] Level 1:colcon.colcon_core.package_identification:_identify(robomaster_ros/docs) by extension 'ignore_ament_install'
[0.894s] Level 1:colcon.colcon_core.package_identification:_identify(robomaster_ros/docs) by extensions ['colcon_pkg']
[0.894s] Level 1:colcon.colcon_core.package_identification:_identify(robomaster_ros/docs) by extension 'colcon_pkg'
[0.894s] Level 1:colcon.colcon_core.package_identification:_identify(robomaster_ros/docs) by extensions ['colcon_meta']
[0.894s] Level 1:colcon.colcon_core.package_identification:_identify(robomaster_ros/docs) by extension 'colcon_meta'
[0.894s] Level 1:colcon.colcon_core.package_identification:_identify(robomaster_ros/docs) by extensions ['ros']
[0.894s] Level 1:colcon.colcon_core.package_identification:_identify(robomaster_ros/docs) by extension 'ros'
[0.894s] Level 1:colcon.colcon_core.package_identification:_identify(robomaster_ros/docs) by extensions ['cmake', 'python']
[0.894s] Level 1:colcon.colcon_core.package_identification:_identify(robomaster_ros/docs) by extension 'cmake'
[0.895s] Level 1:colcon.colcon_core.package_identification:_identify(robomaster_ros/docs) by extension 'python'
[0.895s] Level 1:colcon.colcon_core.package_identification:_identify(robomaster_ros/docs) by extensions ['python_setup_py']
[0.895s] Level 1:colcon.colcon_core.package_identification:_identify(robomaster_ros/docs) by extension 'python_setup_py'
[0.895s] Level 1:colcon.colcon_core.package_identification:_identify(robomaster_ros/docs/robomaster_ros_modules) by extensions ['ignore', 'ignore_ament_install']
[0.895s] Level 1:colcon.colcon_core.package_identification:_identify(robomaster_ros/docs/robomaster_ros_modules) by extension 'ignore'
[0.895s] Level 1:colcon.colcon_core.package_identification:_identify(robomaster_ros/docs/robomaster_ros_modules) by extension 'ignore_ament_install'
[0.895s] Level 1:colcon.colcon_core.package_identification:_identify(robomaster_ros/docs/robomaster_ros_modules) by extensions ['colcon_pkg']
[0.895s] Level 1:colcon.colcon_core.package_identification:_identify(robomaster_ros/docs/robomaster_ros_modules) by extension 'colcon_pkg'
[0.895s] Level 1:colcon.colcon_core.package_identification:_identify(robomaster_ros/docs/robomaster_ros_modules) by extensions ['colcon_meta']
[0.895s] Level 1:colcon.colcon_core.package_identification:_identify(robomaster_ros/docs/robomaster_ros_modules) by extension 'colcon_meta'
[0.896s] Level 1:colcon.colcon_core.package_identification:_identify(robomaster_ros/docs/robomaster_ros_modules) by extensions ['ros']
[0.896s] Level 1:colcon.colcon_core.package_identification:_identify(robomaster_ros/docs/robomaster_ros_modules) by extension 'ros'
[0.896s] Level 1:colcon.colcon_core.package_identification:_identify(robomaster_ros/docs/robomaster_ros_modules) by extensions ['cmake', 'python']
[0.896s] Level 1:colcon.colcon_core.package_identification:_identify(robomaster_ros/docs/robomaster_ros_modules) by extension 'cmake'
[0.896s] Level 1:colcon.colcon_core.package_identification:_identify(robomaster_ros/docs/robomaster_ros_modules) by extension 'python'
[0.896s] Level 1:colcon.colcon_core.package_identification:_identify(robomaster_ros/docs/robomaster_ros_modules) by extensions ['python_setup_py']
[0.896s] Level 1:colcon.colcon_core.package_identification:_identify(robomaster_ros/docs/robomaster_ros_modules) by extension 'python_setup_py'
[0.896s] Level 1:colcon.colcon_core.package_identification:_identify(robomaster_ros/robomaster_description) by extensions ['ignore', 'ignore_ament_install']
[0.896s] Level 1:colcon.colcon_core.package_identification:_identify(robomaster_ros/robomaster_description) by extension 'ignore'
[0.896s] Level 1:colcon.colcon_core.package_identification:_identify(robomaster_ros/robomaster_description) by extension 'ignore_ament_install'
[0.896s] Level 1:colcon.colcon_core.package_identification:_identify(robomaster_ros/robomaster_description) by extensions ['colcon_pkg']
[0.897s] Level 1:colcon.colcon_core.package_identification:_identify(robomaster_ros/robomaster_description) by extension 'colcon_pkg'
[0.897s] Level 1:colcon.colcon_core.package_identification:_identify(robomaster_ros/robomaster_description) by extensions ['colcon_meta']
[0.897s] Level 1:colcon.colcon_core.package_identification:_identify(robomaster_ros/robomaster_description) by extension 'colcon_meta'
[0.897s] Level 1:colcon.colcon_core.package_identification:_identify(robomaster_ros/robomaster_description) by extensions ['ros']
[0.897s] Level 1:colcon.colcon_core.package_identification:_identify(robomaster_ros/robomaster_description) by extension 'ros'
[0.899s] DEBUG:colcon.colcon_core.package_identification:Package 'robomaster_ros/robomaster_description' with type 'ros.ament_cmake' and name 'robomaster_description'
[0.899s] Level 1:colcon.colcon_core.package_identification:_identify(robomaster_ros/robomaster_msgs) by extensions ['ignore', 'ignore_ament_install']
[0.899s] Level 1:colcon.colcon_core.package_identification:_identify(robomaster_ros/robomaster_msgs) by extension 'ignore'
[0.900s] Level 1:colcon.colcon_core.package_identification:_identify(robomaster_ros/robomaster_msgs) by extension 'ignore_ament_install'
[0.900s] Level 1:colcon.colcon_core.package_identification:_identify(robomaster_ros/robomaster_msgs) by extensions ['colcon_pkg']
[0.900s] Level 1:colcon.colcon_core.package_identification:_identify(robomaster_ros/robomaster_msgs) by extension 'colcon_pkg'
[0.900s] Level 1:colcon.colcon_core.package_identification:_identify(robomaster_ros/robomaster_msgs) by extensions ['colcon_meta']
[0.900s] Level 1:colcon.colcon_core.package_identification:_identify(robomaster_ros/robomaster_msgs) by extension 'colcon_meta'
[0.901s] Level 1:colcon.colcon_core.package_identification:_identify(robomaster_ros/robomaster_msgs) by extensions ['ros']
[0.901s] Level 1:colcon.colcon_core.package_identification:_identify(robomaster_ros/robomaster_msgs) by extension 'ros'
[0.904s] DEBUG:colcon.colcon_core.package_identification:Package 'robomaster_ros/robomaster_msgs' with type 'ros.ament_cmake' and name 'robomaster_msgs'
[0.904s] Level 1:colcon.colcon_core.package_identification:_identify(robomaster_ros/robomaster_ros) by extensions ['ignore', 'ignore_ament_install']
[0.904s] Level 1:colcon.colcon_core.package_identification:_identify(robomaster_ros/robomaster_ros) by extension 'ignore'
[0.905s] Level 1:colcon.colcon_core.package_identification:_identify(robomaster_ros/robomaster_ros) by extension 'ignore_ament_install'
[0.905s] Level 1:colcon.colcon_core.package_identification:_identify(robomaster_ros/robomaster_ros) by extensions ['colcon_pkg']
[0.905s] Level 1:colcon.colcon_core.package_identification:_identify(robomaster_ros/robomaster_ros) by extension 'colcon_pkg'
[0.905s] Level 1:colcon.colcon_core.package_identification:_identify(robomaster_ros/robomaster_ros) by extensions ['colcon_meta']
[0.905s] Level 1:colcon.colcon_core.package_identification:_identify(robomaster_ros/robomaster_ros) by extension 'colcon_meta'
[0.905s] Level 1:colcon.colcon_core.package_identification:_identify(robomaster_ros/robomaster_ros) by extensions ['ros']
[0.906s] Level 1:colcon.colcon_core.package_identification:_identify(robomaster_ros/robomaster_ros) by extension 'ros'
[0.907s] DEBUG:colcon.colcon_core.package_identification:Package 'robomaster_ros/robomaster_ros' with type 'ros.ament_python' and name 'robomaster_ros'
[0.907s] Level 1:colcon.colcon_core.package_discovery:discover_packages(recursive) using defaults
[0.907s] Level 1:colcon.colcon_core.package_discovery:discover_packages(ignore) discover
[0.907s] Level 1:colcon.colcon_core.package_discovery:discover_packages(ignore) using defaults
[0.907s] Level 1:colcon.colcon_core.package_discovery:discover_packages(path) discover
[0.907s] Level 1:colcon.colcon_core.package_discovery:discover_packages(path) using defaults
[0.957s] Level 1:colcon.colcon_core.package_discovery:discover_packages(prefix_path) check parameters
[0.957s] Level 1:colcon.colcon_core.package_discovery:discover_packages(prefix_path) discover
[0.969s] DEBUG:colcon.colcon_installed_package_information.package_discovery:Found 7 installed packages in /home/stefano/Robomaster_WS/install
[0.971s] DEBUG:colcon.colcon_installed_package_information.package_discovery:Found 15 installed packages in /home/stefano/turtlebot3_ws/install
[0.973s] DEBUG:colcon.colcon_installed_package_information.package_discovery:Found 14 installed packages in /home/stefano/Webots_ros2/install
[0.979s] DEBUG:colcon.colcon_installed_package_information.package_discovery:Found 420 installed packages in /opt/ros/humble
[0.986s] Level 1:colcon.colcon_core.package_discovery:discover_packages(prefix_path) using defaults
[1.118s] Level 5:colcon.colcon_core.verb:set package 'camera_utils' build argument 'cmake_args' from command line to 'None'
[1.118s] Level 5:colcon.colcon_core.verb:set package 'camera_utils' build argument 'cmake_target' from command line to 'None'
[1.118s] Level 5:colcon.colcon_core.verb:set package 'camera_utils' build argument 'cmake_target_skip_unavailable' from command line to 'False'
[1.118s] Level 5:colcon.colcon_core.verb:set package 'camera_utils' build argument 'cmake_clean_cache' from command line to 'False'
[1.119s] Level 5:colcon.colcon_core.verb:set package 'camera_utils' build argument 'cmake_clean_first' from command line to 'False'
[1.119s] Level 5:colcon.colcon_core.verb:set package 'camera_utils' build argument 'cmake_force_configure' from command line to 'False'
[1.119s] Level 5:colcon.colcon_core.verb:set package 'camera_utils' build argument 'ament_cmake_args' from command line to 'None'
[1.119s] Level 5:colcon.colcon_core.verb:set package 'camera_utils' build argument 'catkin_cmake_args' from command line to 'None'
[1.119s] Level 5:colcon.colcon_core.verb:set package 'camera_utils' build argument 'catkin_skip_building_tests' from command line to 'False'
[1.119s] DEBUG:colcon.colcon_core.verb:Building package 'camera_utils' with the following arguments: {'ament_cmake_args': None, 'build_base': '/home/stefano/Robomaster_WS/src/build/camera_utils', 'catkin_cmake_args': None, 'catkin_skip_building_tests': False, 'cmake_args': None, 'cmake_clean_cache': False, 'cmake_clean_first': False, 'cmake_force_configure': False, 'cmake_target': None, 'cmake_target_skip_unavailable': False, 'install_base': '/home/stefano/Robomaster_WS/src/install/camera_utils', 'merge_install': False, 'path': '/home/stefano/Robomaster_WS/src/camera_utils', 'symlink_install': False, 'test_result_base': None}
[1.121s] Level 5:colcon.colcon_core.verb:set package 'laser_echo_publisher' build argument 'cmake_args' from command line to 'None'
[1.121s] Level 5:colcon.colcon_core.verb:set package 'laser_echo_publisher' build argument 'cmake_target' from command line to 'None'
[1.121s] Level 5:colcon.colcon_core.verb:set package 'laser_echo_publisher' build argument 'cmake_target_skip_unavailable' from command line to 'False'
[1.121s] Level 5:colcon.colcon_core.verb:set package 'laser_echo_publisher' build argument 'cmake_clean_cache' from command line to 'False'
[1.121s] Level 5:colcon.colcon_core.verb:set package 'laser_echo_publisher' build argument 'cmake_clean_first' from command line to 'False'
[1.122s] Level 5:colcon.colcon_core.verb:set package 'laser_echo_publisher' build argument 'cmake_force_configure' from command line to 'False'
[1.122s] Level 5:colcon.colcon_core.verb:set package 'laser_echo_publisher' build argument 'ament_cmake_args' from command line to 'None'
[1.122s] Level 5:colcon.colcon_core.verb:set package 'laser_echo_publisher' build argument 'catkin_cmake_args' from command line to 'None'
[1.123s] Level 5:colcon.colcon_core.verb:set package 'laser_echo_publisher' build argument 'catkin_skip_building_tests' from command line to 'False'
[1.123s] DEBUG:colcon.colcon_core.verb:Building package 'laser_echo_publisher' with the following arguments: {'ament_cmake_args': None, 'build_base': '/home/stefano/Robomaster_WS/src/build/laser_echo_publisher', 'catkin_cmake_args': None, 'catkin_skip_building_tests': False, 'cmake_args': None, 'cmake_clean_cache': False, 'cmake_clean_first': False, 'cmake_force_configure': False, 'cmake_target': None, 'cmake_target_skip_unavailable': False, 'install_base': '/home/stefano/Robomaster_WS/src/install/laser_echo_publisher', 'merge_install': False, 'path': '/home/stefano/Robomaster_WS/src/laser_echo_publisher', 'symlink_install': False, 'test_result_base': None}
[1.124s] Level 5:colcon.colcon_core.verb:set package 'robomaster_description' build argument 'cmake_args' from command line to 'None'
[1.124s] Level 5:colcon.colcon_core.verb:set package 'robomaster_description' build argument 'cmake_target' from command line to 'None'
[1.124s] Level 5:colcon.colcon_core.verb:set package 'robomaster_description' build argument 'cmake_target_skip_unavailable' from command line to 'False'
[1.124s] Level 5:colcon.colcon_core.verb:set package 'robomaster_description' build argument 'cmake_clean_cache' from command line to 'False'
[1.124s] Level 5:colcon.colcon_core.verb:set package 'robomaster_description' build argument 'cmake_clean_first' from command line to 'False'
[1.125s] Level 5:colcon.colcon_core.verb:set package 'robomaster_description' build argument 'cmake_force_configure' from command line to 'False'
[1.125s] Level 5:colcon.colcon_core.verb:set package 'robomaster_description' build argument 'ament_cmake_args' from command line to 'None'
[1.125s] Level 5:colcon.colcon_core.verb:set package 'robomaster_description' build argument 'catkin_cmake_args' from command line to 'None'
[1.125s] Level 5:colcon.colcon_core.verb:set package 'robomaster_description' build argument 'catkin_skip_building_tests' from command line to 'False'
[1.125s] DEBUG:colcon.colcon_core.verb:Building package 'robomaster_description' with the following arguments: {'ament_cmake_args': None, 'build_base': '/home/stefano/Robomaster_WS/src/build/robomaster_description', 'catkin_cmake_args': None, 'catkin_skip_building_tests': False, 'cmake_args': None, 'cmake_clean_cache': False, 'cmake_clean_first': False, 'cmake_force_configure': False, 'cmake_target': None, 'cmake_target_skip_unavailable': False, 'install_base': '/home/stefano/Robomaster_WS/src/install/robomaster_description', 'merge_install': False, 'path': '/home/stefano/Robomaster_WS/src/robomaster_ros/robomaster_description', 'symlink_install': False, 'test_result_base': None}
[1.126s] Level 5:colcon.colcon_core.verb:set package 'robomaster_msgs' build argument 'cmake_args' from command line to 'None'
[1.126s] Level 5:colcon.colcon_core.verb:set package 'robomaster_msgs' build argument 'cmake_target' from command line to 'None'
[1.126s] Level 5:colcon.colcon_core.verb:set package 'robomaster_msgs' build argument 'cmake_target_skip_unavailable' from command line to 'False'
[1.126s] Level 5:colcon.colcon_core.verb:set package 'robomaster_msgs' build argument 'cmake_clean_cache' from command line to 'False'
[1.126s] Level 5:colcon.colcon_core.verb:set package 'robomaster_msgs' build argument 'cmake_clean_first' from command line to 'False'
[1.126s] Level 5:colcon.colcon_core.verb:set package 'robomaster_msgs' build argument 'cmake_force_configure' from command line to 'False'
[1.126s] Level 5:colcon.colcon_core.verb:set package 'robomaster_msgs' build argument 'ament_cmake_args' from command line to 'None'
[1.126s] Level 5:colcon.colcon_core.verb:set package 'robomaster_msgs' build argument 'catkin_cmake_args' from command line to 'None'
[1.126s] Level 5:colcon.colcon_core.verb:set package 'robomaster_msgs' build argument 'catkin_skip_building_tests' from command line to 'False'
[1.127s] DEBUG:colcon.colcon_core.verb:Building package 'robomaster_msgs' with the following arguments: {'ament_cmake_args': None, 'build_base': '/home/stefano/Robomaster_WS/src/build/robomaster_msgs', 'catkin_cmake_args': None, 'catkin_skip_building_tests': False, 'cmake_args': None, 'cmake_clean_cache': False, 'cmake_clean_first': False, 'cmake_force_configure': False, 'cmake_target': None, 'cmake_target_skip_unavailable': False, 'install_base': '/home/stefano/Robomaster_WS/src/install/robomaster_msgs', 'merge_install': False, 'path': '/home/stefano/Robomaster_WS/src/robomaster_ros/robomaster_msgs', 'symlink_install': False, 'test_result_base': None}
[1.127s] Level 5:colcon.colcon_core.verb:set package 'robomaster_ros' build argument 'cmake_args' from command line to 'None'
[1.127s] Level 5:colcon.colcon_core.verb:set package 'robomaster_ros' build argument 'cmake_target' from command line to 'None'
[1.128s] Level 5:colcon.colcon_core.verb:set package 'robomaster_ros' build argument 'cmake_target_skip_unavailable' from command line to 'False'
[1.128s] Level 5:colcon.colcon_core.verb:set package 'robomaster_ros' build argument 'cmake_clean_cache' from command line to 'False'
[1.128s] Level 5:colcon.colcon_core.verb:set package 'robomaster_ros' build argument 'cmake_clean_first' from command line to 'False'
[1.128s] Level 5:colcon.colcon_core.verb:set package 'robomaster_ros' build argument 'cmake_force_configure' from command line to 'False'
[1.128s] Level 5:colcon.colcon_core.verb:set package 'robomaster_ros' build argument 'ament_cmake_args' from command line to 'None'
[1.128s] Level 5:colcon.colcon_core.verb:set package 'robomaster_ros' build argument 'catkin_cmake_args' from command line to 'None'
[1.128s] Level 5:colcon.colcon_core.verb:set package 'robomaster_ros' build argument 'catkin_skip_building_tests' from command line to 'False'
[1.128s] DEBUG:colcon.colcon_core.verb:Building package 'robomaster_ros' with the following arguments: {'ament_cmake_args': None, 'build_base': '/home/stefano/Robomaster_WS/src/build/robomaster_ros', 'catkin_cmake_args': None, 'catkin_skip_building_tests': False, 'cmake_args': None, 'cmake_clean_cache': False, 'cmake_clean_first': False, 'cmake_force_configure': False, 'cmake_target': None, 'cmake_target_skip_unavailable': False, 'install_base': '/home/stefano/Robomaster_WS/src/install/robomaster_ros', 'merge_install': False, 'path': '/home/stefano/Robomaster_WS/src/robomaster_ros/robomaster_ros', 'symlink_install': False, 'test_result_base': None}
[1.128s] INFO:colcon.colcon_core.executor:Executing jobs using 'parallel' executor
[1.131s] DEBUG:colcon.colcon_parallel_executor.executor.parallel:run_until_complete
[1.132s] INFO:colcon.colcon_ros.task.ament_cmake.build:Building ROS package in '/home/stefano/Robomaster_WS/src/robomaster_ros/robomaster_msgs' with build type 'ament_cmake'
[1.132s] INFO:colcon.colcon_cmake.task.cmake.build:Building CMake package in '/home/stefano/Robomaster_WS/src/robomaster_ros/robomaster_msgs'
[1.138s] INFO:colcon.colcon_core.plugin_system:Skipping extension 'colcon_core.shell.bat': Not used on non-Windows systems
[1.138s] INFO:colcon.colcon_core.shell:Skip shell extension 'powershell' for command environment: Not usable outside of PowerShell
[1.138s] DEBUG:colcon.colcon_core.shell:Skip shell extension 'dsv' for command environment
[1.184s] INFO:colcon.colcon_ros.task.ament_python.build:Building ROS package in '/home/stefano/Robomaster_WS/src/camera_utils' with build type 'ament_python'
[1.185s] Level 1:colcon.colcon_core.shell:create_environment_hook('camera_utils', 'ament_prefix_path')
[1.185s] INFO:colcon.colcon_core.shell:Creating environment hook '/home/stefano/Robomaster_WS/src/install/camera_utils/share/camera_utils/hook/ament_prefix_path.ps1'
[1.188s] INFO:colcon.colcon_core.shell:Creating environment descriptor '/home/stefano/Robomaster_WS/src/install/camera_utils/share/camera_utils/hook/ament_prefix_path.dsv'
[1.189s] INFO:colcon.colcon_core.shell:Creating environment hook '/home/stefano/Robomaster_WS/src/install/camera_utils/share/camera_utils/hook/ament_prefix_path.sh'
[1.190s] INFO:colcon.colcon_core.shell:Skip shell extension 'powershell' for command environment: Not usable outside of PowerShell
[1.190s] DEBUG:colcon.colcon_core.shell:Skip shell extension 'dsv' for command environment
[1.222s] INFO:colcon.colcon_ros.task.ament_python.build:Building ROS package in '/home/stefano/Robomaster_WS/src/laser_echo_publisher' with build type 'ament_python'
[1.222s] Level 1:colcon.colcon_core.shell:create_environment_hook('laser_echo_publisher', 'ament_prefix_path')
[1.223s] INFO:colcon.colcon_core.shell:Creating environment hook '/home/stefano/Robomaster_WS/src/install/laser_echo_publisher/share/laser_echo_publisher/hook/ament_prefix_path.ps1'
[1.224s] INFO:colcon.colcon_core.shell:Creating environment descriptor '/home/stefano/Robomaster_WS/src/install/laser_echo_publisher/share/laser_echo_publisher/hook/ament_prefix_path.dsv'
[1.225s] INFO:colcon.colcon_core.shell:Creating environment hook '/home/stefano/Robomaster_WS/src/install/laser_echo_publisher/share/laser_echo_publisher/hook/ament_prefix_path.sh'
[1.226s] INFO:colcon.colcon_core.shell:Skip shell extension 'powershell' for command environment: Not usable outside of PowerShell
[1.226s] DEBUG:colcon.colcon_core.shell:Skip shell extension 'dsv' for command environment
[1.254s] INFO:colcon.colcon_ros.task.ament_cmake.build:Building ROS package in '/home/stefano/Robomaster_WS/src/robomaster_ros/robomaster_description' with build type 'ament_cmake'
[1.254s] INFO:colcon.colcon_cmake.task.cmake.build:Building CMake package in '/home/stefano/Robomaster_WS/src/robomaster_ros/robomaster_description'
[1.254s] INFO:colcon.colcon_core.shell:Skip shell extension 'powershell' for command environment: Not usable outside of PowerShell
[1.254s] DEBUG:colcon.colcon_core.shell:Skip shell extension 'dsv' for command environment
[1.302s] DEBUG:colcon.colcon_core.event_handler.log_command:Invoking command in '/home/stefano/Robomaster_WS/src/build/robomaster_msgs': CMAKE_PREFIX_PATH=${CMAKE_PREFIX_PATH}:/home/stefano/Robomaster_WS/install/laser_echo_publisher:/home/stefano/Robomaster_WS/install/robomaster_ros:/home/stefano/Robomaster_WS/install/robomaster_ir_publisher:/home/stefano/Robomaster_WS/install/camera_utils:/home/stefano/turtlebot3_ws/install/turtlebot3_teleop:/home/stefano/turtlebot3_ws/install/turtlebot3_example:/home/stefano/Webots_ros2/install/webots_ros2:/home/stefano/Webots_ros2/install/webots_ros2_universal_robot:/home/stefano/Webots_ros2/install/webots_ros2_turtlebot:/home/stefano/Webots_ros2/install/webots_ros2_tiago:/home/stefano/Webots_ros2/install/webots_ros2_tests:/home/stefano/Webots_ros2/install/webots_ros2_tesla:/home/stefano/Webots_ros2/install/webots_ros2_mavic:/home/stefano/Webots_ros2/install/webots_ros2_husarion:/home/stefano/Webots_ros2/install/webots_ros2_epuck:/home/stefano/Webots_ros2/install/webots_ros2_crazyflie:/home/stefano/Webots_ros2/install/webots_ros2_importer:/opt/ros/humble /usr/bin/cmake /home/stefano/Robomaster_WS/src/robomaster_ros/robomaster_msgs -DCMAKE_INSTALL_PREFIX=/home/stefano/Robomaster_WS/src/install/robomaster_msgs
[2.098s] INFO:colcon.colcon_core.task.python.build:Building Python package in '/home/stefano/Robomaster_WS/src/camera_utils'
[2.099s] INFO:colcon.colcon_core.shell:Skip shell extension 'powershell' for command environment: Not usable outside of PowerShell
[2.099s] DEBUG:colcon.colcon_core.shell:Skip shell extension 'dsv' for command environment
[2.991s] INFO:colcon.colcon_core.task.python.build:Building Python package in '/home/stefano/Robomaster_WS/src/laser_echo_publisher'
[2.991s] INFO:colcon.colcon_core.shell:Skip shell extension 'powershell' for command environment: Not usable outside of PowerShell
[2.991s] DEBUG:colcon.colcon_core.shell:Skip shell extension 'dsv' for command environment
[3.066s] DEBUG:colcon.colcon_core.event_handler.log_command:Invoking command in '/home/stefano/Robomaster_WS/src/build/robomaster_description': CMAKE_PREFIX_PATH=${CMAKE_PREFIX_PATH}:/home/stefano/Robomaster_WS/install/laser_echo_publisher:/home/stefano/Robomaster_WS/install/robomaster_ros:/home/stefano/Robomaster_WS/install/robomaster_ir_publisher:/home/stefano/Robomaster_WS/install/camera_utils:/home/stefano/turtlebot3_ws/install/turtlebot3_teleop:/home/stefano/turtlebot3_ws/install/turtlebot3_example:/home/stefano/Webots_ros2/install/webots_ros2:/home/stefano/Webots_ros2/install/webots_ros2_universal_robot:/home/stefano/Webots_ros2/install/webots_ros2_turtlebot:/home/stefano/Webots_ros2/install/webots_ros2_tiago:/home/stefano/Webots_ros2/install/webots_ros2_tests:/home/stefano/Webots_ros2/install/webots_ros2_tesla:/home/stefano/Webots_ros2/install/webots_ros2_mavic:/home/stefano/Webots_ros2/install/webots_ros2_husarion:/home/stefano/Webots_ros2/install/webots_ros2_epuck:/home/stefano/Webots_ros2/install/webots_ros2_crazyflie:/home/stefano/Webots_ros2/install/webots_ros2_importer:/opt/ros/humble /usr/bin/cmake /home/stefano/Robomaster_WS/src/robomaster_ros/robomaster_description -DCMAKE_INSTALL_PREFIX=/home/stefano/Robomaster_WS/src/install/robomaster_description
[4.296s] DEBUG:colcon.colcon_core.event_handler.log_command:Invoking command in '/home/stefano/Robomaster_WS/src/laser_echo_publisher': PYTHONPATH=/home/stefano/Robomaster_WS/src/build/laser_echo_publisher/prefix_override:/usr/lib/python3/dist-packages/colcon_core/task/python/colcon_distutils_commands:/home/stefano/Robomaster_WS/src/install/laser_echo_publisher/lib/python3.10/site-packages:${PYTHONPATH} /usr/bin/python3 -W ignore:setup.py install is deprecated -W ignore:easy_install command is deprecated setup.py egg_info --egg-base ../build/laser_echo_publisher build --build-base /home/stefano/Robomaster_WS/src/build/laser_echo_publisher/build install --record /home/stefano/Robomaster_WS/src/build/laser_echo_publisher/install.log --single-version-externally-managed install_data
[4.323s] DEBUG:colcon.colcon_core.event_handler.log_command:Invoking command in '/home/stefano/Robomaster_WS/src/camera_utils': PYTHONPATH=/home/stefano/Robomaster_WS/src/build/camera_utils/prefix_override:/usr/lib/python3/dist-packages/colcon_core/task/python/colcon_distutils_commands:/home/stefano/Robomaster_WS/src/install/camera_utils/lib/python3.10/site-packages:${PYTHONPATH} /usr/bin/python3 -W ignore:setup.py install is deprecated -W ignore:easy_install command is deprecated setup.py egg_info --egg-base ../build/camera_utils build --build-base /home/stefano/Robomaster_WS/src/build/camera_utils/build install --record /home/stefano/Robomaster_WS/src/build/camera_utils/install.log --single-version-externally-managed install_data
[5.177s] DEBUG:colcon.colcon_core.event_handler.log_command:Invoked command in '/home/stefano/Robomaster_WS/src/laser_echo_publisher' returned '0': PYTHONPATH=/home/stefano/Robomaster_WS/src/build/laser_echo_publisher/prefix_override:/usr/lib/python3/dist-packages/colcon_core/task/python/colcon_distutils_commands:/home/stefano/Robomaster_WS/src/install/laser_echo_publisher/lib/python3.10/site-packages:${PYTHONPATH} /usr/bin/python3 -W ignore:setup.py install is deprecated -W ignore:easy_install command is deprecated setup.py egg_info --egg-base ../build/laser_echo_publisher build --build-base /home/stefano/Robomaster_WS/src/build/laser_echo_publisher/build install --record /home/stefano/Robomaster_WS/src/build/laser_echo_publisher/install.log --single-version-externally-managed install_data
[5.185s] Level 1:colcon.colcon_core.environment:checking '/home/stefano/Robomaster_WS/src/install/laser_echo_publisher' for CMake module files
[5.186s] Level 1:colcon.colcon_core.environment:checking '/home/stefano/Robomaster_WS/src/install/laser_echo_publisher' for CMake config files
[5.189s] Level 1:colcon.colcon_core.environment:checking '/home/stefano/Robomaster_WS/src/install/laser_echo_publisher/lib'
[5.191s] Level 1:colcon.colcon_core.environment:checking '/home/stefano/Robomaster_WS/src/install/laser_echo_publisher/bin'
[5.191s] Level 1:colcon.colcon_core.environment:checking '/home/stefano/Robomaster_WS/src/install/laser_echo_publisher/lib/pkgconfig/laser_echo_publisher.pc'
[5.191s] Level 1:colcon.colcon_core.environment:checking '/home/stefano/Robomaster_WS/src/install/laser_echo_publisher/lib/python3.10/site-packages'
[5.193s] Level 1:colcon.colcon_core.shell:create_environment_hook('laser_echo_publisher', 'pythonpath')
[5.193s] INFO:colcon.colcon_core.shell:Creating environment hook '/home/stefano/Robomaster_WS/src/install/laser_echo_publisher/share/laser_echo_publisher/hook/pythonpath.ps1'
[5.194s] INFO:colcon.colcon_core.shell:Creating environment descriptor '/home/stefano/Robomaster_WS/src/install/laser_echo_publisher/share/laser_echo_publisher/hook/pythonpath.dsv'
[5.195s] INFO:colcon.colcon_core.shell:Creating environment hook '/home/stefano/Robomaster_WS/src/install/laser_echo_publisher/share/laser_echo_publisher/hook/pythonpath.sh'
[5.196s] Level 1:colcon.colcon_core.environment:checking '/home/stefano/Robomaster_WS/src/install/laser_echo_publisher/bin'
[5.196s] Level 1:colcon.colcon_core.environment:create_environment_scripts_only(laser_echo_publisher)
[5.197s] INFO:colcon.colcon_core.shell:Creating package script '/home/stefano/Robomaster_WS/src/install/laser_echo_publisher/share/laser_echo_publisher/package.ps1'
[5.198s] INFO:colcon.colcon_core.shell:Creating package descriptor '/home/stefano/Robomaster_WS/src/install/laser_echo_publisher/share/laser_echo_publisher/package.dsv'
[5.199s] INFO:colcon.colcon_core.shell:Creating package script '/home/stefano/Robomaster_WS/src/install/laser_echo_publisher/share/laser_echo_publisher/package.sh'
[5.200s] INFO:colcon.colcon_core.shell:Creating package script '/home/stefano/Robomaster_WS/src/install/laser_echo_publisher/share/laser_echo_publisher/package.bash'
[5.201s] INFO:colcon.colcon_core.shell:Creating package script '/home/stefano/Robomaster_WS/src/install/laser_echo_publisher/share/laser_echo_publisher/package.zsh'
[5.201s] Level 1:colcon.colcon_core.environment:create_file_with_runtime_dependencies(/home/stefano/Robomaster_WS/src/install/laser_echo_publisher/share/colcon-core/packages/laser_echo_publisher)
[5.207s] Level 1:colcon.colcon_core.environment:checking '/home/stefano/Robomaster_WS/src/install/camera_utils' for CMake module files
[5.209s] DEBUG:colcon.colcon_core.event_handler.log_command:Invoked command in '/home/stefano/Robomaster_WS/src/camera_utils' returned '0': PYTHONPATH=/home/stefano/Robomaster_WS/src/build/camera_utils/prefix_override:/usr/lib/python3/dist-packages/colcon_core/task/python/colcon_distutils_commands:/home/stefano/Robomaster_WS/src/install/camera_utils/lib/python3.10/site-packages:${PYTHONPATH} /usr/bin/python3 -W ignore:setup.py install is deprecated -W ignore:easy_install command is deprecated setup.py egg_info --egg-base ../build/camera_utils build --build-base /home/stefano/Robomaster_WS/src/build/camera_utils/build install --record /home/stefano/Robomaster_WS/src/build/camera_utils/install.log --single-version-externally-managed install_data
[5.209s] Level 1:colcon.colcon_core.environment:checking '/home/stefano/Robomaster_WS/src/install/camera_utils' for CMake config files
[5.211s] Level 1:colcon.colcon_core.environment:checking '/home/stefano/Robomaster_WS/src/install/camera_utils/lib'
[5.211s] Level 1:colcon.colcon_core.environment:checking '/home/stefano/Robomaster_WS/src/install/camera_utils/bin'
[5.211s] Level 1:colcon.colcon_core.environment:checking '/home/stefano/Robomaster_WS/src/install/camera_utils/lib/pkgconfig/camera_utils.pc'
[5.212s] Level 1:colcon.colcon_core.environment:checking '/home/stefano/Robomaster_WS/src/install/camera_utils/lib/python3.10/site-packages'
[5.212s] Level 1:colcon.colcon_core.shell:create_environment_hook('camera_utils', 'pythonpath')
[5.212s] INFO:colcon.colcon_core.shell:Creating environment hook '/home/stefano/Robomaster_WS/src/install/camera_utils/share/camera_utils/hook/pythonpath.ps1'
[5.213s] INFO:colcon.colcon_core.shell:Creating environment descriptor '/home/stefano/Robomaster_WS/src/install/camera_utils/share/camera_utils/hook/pythonpath.dsv'
[5.213s] INFO:colcon.colcon_core.shell:Creating environment hook '/home/stefano/Robomaster_WS/src/install/camera_utils/share/camera_utils/hook/pythonpath.sh'
[5.214s] Level 1:colcon.colcon_core.environment:checking '/home/stefano/Robomaster_WS/src/install/camera_utils/bin'
[5.214s] Level 1:colcon.colcon_core.environment:create_environment_scripts_only(camera_utils)
[5.214s] INFO:colcon.colcon_core.shell:Creating package script '/home/stefano/Robomaster_WS/src/install/camera_utils/share/camera_utils/package.ps1'
[5.215s] INFO:colcon.colcon_core.shell:Creating package descriptor '/home/stefano/Robomaster_WS/src/install/camera_utils/share/camera_utils/package.dsv'
[5.215s] INFO:colcon.colcon_core.shell:Creating package script '/home/stefano/Robomaster_WS/src/install/camera_utils/share/camera_utils/package.sh'
[5.216s] INFO:colcon.colcon_core.shell:Creating package script '/home/stefano/Robomaster_WS/src/install/camera_utils/share/camera_utils/package.bash'
[5.217s] INFO:colcon.colcon_core.shell:Creating package script '/home/stefano/Robomaster_WS/src/install/camera_utils/share/camera_utils/package.zsh'
[5.218s] Level 1:colcon.colcon_core.environment:create_file_with_runtime_dependencies(/home/stefano/Robomaster_WS/src/install/camera_utils/share/colcon-core/packages/camera_utils)
[6.917s] DEBUG:colcon.colcon_core.event_handler.log_command:Invoked command in '/home/stefano/Robomaster_WS/src/build/robomaster_description' returned '0': CMAKE_PREFIX_PATH=${CMAKE_PREFIX_PATH}:/home/stefano/Robomaster_WS/install/laser_echo_publisher:/home/stefano/Robomaster_WS/install/robomaster_ros:/home/stefano/Robomaster_WS/install/robomaster_ir_publisher:/home/stefano/Robomaster_WS/install/camera_utils:/home/stefano/turtlebot3_ws/install/turtlebot3_teleop:/home/stefano/turtlebot3_ws/install/turtlebot3_example:/home/stefano/Webots_ros2/install/webots_ros2:/home/stefano/Webots_ros2/install/webots_ros2_universal_robot:/home/stefano/Webots_ros2/install/webots_ros2_turtlebot:/home/stefano/Webots_ros2/install/webots_ros2_tiago:/home/stefano/Webots_ros2/install/webots_ros2_tests:/home/stefano/Webots_ros2/install/webots_ros2_tesla:/home/stefano/Webots_ros2/install/webots_ros2_mavic:/home/stefano/Webots_ros2/install/webots_ros2_husarion:/home/stefano/Webots_ros2/install/webots_ros2_epuck:/home/stefano/Webots_ros2/install/webots_ros2_crazyflie:/home/stefano/Webots_ros2/install/webots_ros2_importer:/opt/ros/humble /usr/bin/cmake /home/stefano/Robomaster_WS/src/robomaster_ros/robomaster_description -DCMAKE_INSTALL_PREFIX=/home/stefano/Robomaster_WS/src/install/robomaster_description
[6.918s] DEBUG:colcon.colcon_core.event_handler.log_command:Invoking command in '/home/stefano/Robomaster_WS/src/build/robomaster_description': CMAKE_PREFIX_PATH=${CMAKE_PREFIX_PATH}:/home/stefano/Robomaster_WS/install/laser_echo_publisher:/home/stefano/Robomaster_WS/install/robomaster_ros:/home/stefano/Robomaster_WS/install/robomaster_ir_publisher:/home/stefano/Robomaster_WS/install/camera_utils:/home/stefano/turtlebot3_ws/install/turtlebot3_teleop:/home/stefano/turtlebot3_ws/install/turtlebot3_example:/home/stefano/Webots_ros2/install/webots_ros2:/home/stefano/Webots_ros2/install/webots_ros2_universal_robot:/home/stefano/Webots_ros2/install/webots_ros2_turtlebot:/home/stefano/Webots_ros2/install/webots_ros2_tiago:/home/stefano/Webots_ros2/install/webots_ros2_tests:/home/stefano/Webots_ros2/install/webots_ros2_tesla:/home/stefano/Webots_ros2/install/webots_ros2_mavic:/home/stefano/Webots_ros2/install/webots_ros2_husarion:/home/stefano/Webots_ros2/install/webots_ros2_epuck:/home/stefano/Webots_ros2/install/webots_ros2_crazyflie:/home/stefano/Webots_ros2/install/webots_ros2_importer:/opt/ros/humble /usr/bin/cmake --build /home/stefano/Robomaster_WS/src/build/robomaster_description -- -j8 -l8
[7.166s] DEBUG:colcon.colcon_core.event_handler.log_command:Invoked command in '/home/stefano/Robomaster_WS/src/build/robomaster_description' returned '0': CMAKE_PREFIX_PATH=${CMAKE_PREFIX_PATH}:/home/stefano/Robomaster_WS/install/laser_echo_publisher:/home/stefano/Robomaster_WS/install/robomaster_ros:/home/stefano/Robomaster_WS/install/robomaster_ir_publisher:/home/stefano/Robomaster_WS/install/camera_utils:/home/stefano/turtlebot3_ws/install/turtlebot3_teleop:/home/stefano/turtlebot3_ws/install/turtlebot3_example:/home/stefano/Webots_ros2/install/webots_ros2:/home/stefano/Webots_ros2/install/webots_ros2_universal_robot:/home/stefano/Webots_ros2/install/webots_ros2_turtlebot:/home/stefano/Webots_ros2/install/webots_ros2_tiago:/home/stefano/Webots_ros2/install/webots_ros2_tests:/home/stefano/Webots_ros2/install/webots_ros2_tesla:/home/stefano/Webots_ros2/install/webots_ros2_mavic:/home/stefano/Webots_ros2/install/webots_ros2_husarion:/home/stefano/Webots_ros2/install/webots_ros2_epuck:/home/stefano/Webots_ros2/install/webots_ros2_crazyflie:/home/stefano/Webots_ros2/install/webots_ros2_importer:/opt/ros/humble /usr/bin/cmake --build /home/stefano/Robomaster_WS/src/build/robomaster_description -- -j8 -l8
[7.216s] DEBUG:colcon.colcon_core.event_handler.log_command:Invoking command in '/home/stefano/Robomaster_WS/src/build/robomaster_description': CMAKE_PREFIX_PATH=${CMAKE_PREFIX_PATH}:/home/stefano/Robomaster_WS/install/laser_echo_publisher:/home/stefano/Robomaster_WS/install/robomaster_ros:/home/stefano/Robomaster_WS/install/robomaster_ir_publisher:/home/stefano/Robomaster_WS/install/camera_utils:/home/stefano/turtlebot3_ws/install/turtlebot3_teleop:/home/stefano/turtlebot3_ws/install/turtlebot3_example:/home/stefano/Webots_ros2/install/webots_ros2:/home/stefano/Webots_ros2/install/webots_ros2_universal_robot:/home/stefano/Webots_ros2/install/webots_ros2_turtlebot:/home/stefano/Webots_ros2/install/webots_ros2_tiago:/home/stefano/Webots_ros2/install/webots_ros2_tests:/home/stefano/Webots_ros2/install/webots_ros2_tesla:/home/stefano/Webots_ros2/install/webots_ros2_mavic:/home/stefano/Webots_ros2/install/webots_ros2_husarion:/home/stefano/Webots_ros2/install/webots_ros2_epuck:/home/stefano/Webots_ros2/install/webots_ros2_crazyflie:/home/stefano/Webots_ros2/install/webots_ros2_importer:/opt/ros/humble /usr/bin/cmake --install /home/stefano/Robomaster_WS/src/build/robomaster_description
[7.460s] Level 1:colcon.colcon_core.environment:create_environment_scripts_only(robomaster_description)
[7.460s] Level 1:colcon.colcon_core.environment:checking '/home/stefano/Robomaster_WS/src/install/robomaster_description' for CMake module files
[7.463s] DEBUG:colcon.colcon_core.event_handler.log_command:Invoked command in '/home/stefano/Robomaster_WS/src/build/robomaster_description' returned '0': CMAKE_PREFIX_PATH=${CMAKE_PREFIX_PATH}:/home/stefano/Robomaster_WS/install/laser_echo_publisher:/home/stefano/Robomaster_WS/install/robomaster_ros:/home/stefano/Robomaster_WS/install/robomaster_ir_publisher:/home/stefano/Robomaster_WS/install/camera_utils:/home/stefano/turtlebot3_ws/install/turtlebot3_teleop:/home/stefano/turtlebot3_ws/install/turtlebot3_example:/home/stefano/Webots_ros2/install/webots_ros2:/home/stefano/Webots_ros2/install/webots_ros2_universal_robot:/home/stefano/Webots_ros2/install/webots_ros2_turtlebot:/home/stefano/Webots_ros2/install/webots_ros2_tiago:/home/stefano/Webots_ros2/install/webots_ros2_tests:/home/stefano/Webots_ros2/install/webots_ros2_tesla:/home/stefano/Webots_ros2/install/webots_ros2_mavic:/home/stefano/Webots_ros2/install/webots_ros2_husarion:/home/stefano/Webots_ros2/install/webots_ros2_epuck:/home/stefano/Webots_ros2/install/webots_ros2_crazyflie:/home/stefano/Webots_ros2/install/webots_ros2_importer:/opt/ros/humble /usr/bin/cmake --install /home/stefano/Robomaster_WS/src/build/robomaster_description
[7.464s] Level 1:colcon.colcon_core.environment:checking '/home/stefano/Robomaster_WS/src/install/robomaster_description' for CMake config files
[7.465s] Level 1:colcon.colcon_core.shell:create_environment_hook('robomaster_description', 'cmake_prefix_path')
[7.465s] INFO:colcon.colcon_core.shell:Creating environment hook '/home/stefano/Robomaster_WS/src/install/robomaster_description/share/robomaster_description/hook/cmake_prefix_path.ps1'
[7.466s] INFO:colcon.colcon_core.shell:Creating environment descriptor '/home/stefano/Robomaster_WS/src/install/robomaster_description/share/robomaster_description/hook/cmake_prefix_path.dsv'
[7.467s] INFO:colcon.colcon_core.shell:Creating environment hook '/home/stefano/Robomaster_WS/src/install/robomaster_description/share/robomaster_description/hook/cmake_prefix_path.sh'
[7.468s] Level 1:colcon.colcon_core.environment:checking '/home/stefano/Robomaster_WS/src/install/robomaster_description/bin'
[7.468s] Level 1:colcon.colcon_core.environment:checking '/home/stefano/Robomaster_WS/src/install/robomaster_description/lib/pkgconfig/robomaster_description.pc'
[7.469s] Level 1:colcon.colcon_core.environment:checking '/home/stefano/Robomaster_WS/src/install/robomaster_description/lib/python3.10/site-packages'
[7.469s] Level 1:colcon.colcon_core.environment:checking '/home/stefano/Robomaster_WS/src/install/robomaster_description/bin'
[7.470s] INFO:colcon.colcon_core.shell:Creating package script '/home/stefano/Robomaster_WS/src/install/robomaster_description/share/robomaster_description/package.ps1'
[7.471s] INFO:colcon.colcon_core.shell:Creating package descriptor '/home/stefano/Robomaster_WS/src/install/robomaster_description/share/robomaster_description/package.dsv'
[7.472s] INFO:colcon.colcon_core.shell:Creating package script '/home/stefano/Robomaster_WS/src/install/robomaster_description/share/robomaster_description/package.sh'
[7.473s] INFO:colcon.colcon_core.shell:Creating package script '/home/stefano/Robomaster_WS/src/install/robomaster_description/share/robomaster_description/package.bash'
[7.474s] INFO:colcon.colcon_core.shell:Creating package script '/home/stefano/Robomaster_WS/src/install/robomaster_description/share/robomaster_description/package.zsh'
[7.475s] Level 1:colcon.colcon_core.environment:create_file_with_runtime_dependencies(/home/stefano/Robomaster_WS/src/install/robomaster_description/share/colcon-core/packages/robomaster_description)
[7.476s] Level 1:colcon.colcon_core.environment:create_environment_scripts_only(robomaster_description)
[7.476s] Level 1:colcon.colcon_core.environment:checking '/home/stefano/Robomaster_WS/src/install/robomaster_description' for CMake module files
[7.477s] Level 1:colcon.colcon_core.environment:checking '/home/stefano/Robomaster_WS/src/install/robomaster_description' for CMake config files
[7.479s] Level 1:colcon.colcon_core.shell:create_environment_hook('robomaster_description', 'cmake_prefix_path')
[7.479s] INFO:colcon.colcon_core.shell:Creating environment hook '/home/stefano/Robomaster_WS/src/install/robomaster_description/share/robomaster_description/hook/cmake_prefix_path.ps1'
[7.480s] INFO:colcon.colcon_core.shell:Creating environment descriptor '/home/stefano/Robomaster_WS/src/install/robomaster_description/share/robomaster_description/hook/cmake_prefix_path.dsv'
[7.481s] INFO:colcon.colcon_core.shell:Creating environment hook '/home/stefano/Robomaster_WS/src/install/robomaster_description/share/robomaster_description/hook/cmake_prefix_path.sh'
[7.482s] Level 1:colcon.colcon_core.environment:checking '/home/stefano/Robomaster_WS/src/install/robomaster_description/bin'
[7.483s] Level 1:colcon.colcon_core.environment:checking '/home/stefano/Robomaster_WS/src/install/robomaster_description/lib/pkgconfig/robomaster_description.pc'
[7.483s] Level 1:colcon.colcon_core.environment:checking '/home/stefano/Robomaster_WS/src/install/robomaster_description/lib/python3.10/site-packages'
[7.483s] Level 1:colcon.colcon_core.environment:checking '/home/stefano/Robomaster_WS/src/install/robomaster_description/bin'
[7.484s] INFO:colcon.colcon_core.shell:Creating package script '/home/stefano/Robomaster_WS/src/install/robomaster_description/share/robomaster_description/package.ps1'
[7.485s] INFO:colcon.colcon_core.shell:Creating package descriptor '/home/stefano/Robomaster_WS/src/install/robomaster_description/share/robomaster_description/package.dsv'
[7.486s] INFO:colcon.colcon_core.shell:Creating package script '/home/stefano/Robomaster_WS/src/install/robomaster_description/share/robomaster_description/package.sh'
[7.487s] INFO:colcon.colcon_core.shell:Creating package script '/home/stefano/Robomaster_WS/src/install/robomaster_description/share/robomaster_description/package.bash'
[7.488s] INFO:colcon.colcon_core.shell:Creating package script '/home/stefano/Robomaster_WS/src/install/robomaster_description/share/robomaster_description/package.zsh'
[7.489s] Level 1:colcon.colcon_core.environment:create_file_with_runtime_dependencies(/home/stefano/Robomaster_WS/src/install/robomaster_description/share/colcon-core/packages/robomaster_description)
[10.655s] DEBUG:colcon.colcon_core.event_handler.log_command:Invoked command in '/home/stefano/Robomaster_WS/src/build/robomaster_msgs' returned '0': CMAKE_PREFIX_PATH=${CMAKE_PREFIX_PATH}:/home/stefano/Robomaster_WS/install/laser_echo_publisher:/home/stefano/Robomaster_WS/install/robomaster_ros:/home/stefano/Robomaster_WS/install/robomaster_ir_publisher:/home/stefano/Robomaster_WS/install/camera_utils:/home/stefano/turtlebot3_ws/install/turtlebot3_teleop:/home/stefano/turtlebot3_ws/install/turtlebot3_example:/home/stefano/Webots_ros2/install/webots_ros2:/home/stefano/Webots_ros2/install/webots_ros2_universal_robot:/home/stefano/Webots_ros2/install/webots_ros2_turtlebot:/home/stefano/Webots_ros2/install/webots_ros2_tiago:/home/stefano/Webots_ros2/install/webots_ros2_tests:/home/stefano/Webots_ros2/install/webots_ros2_tesla:/home/stefano/Webots_ros2/install/webots_ros2_mavic:/home/stefano/Webots_ros2/install/webots_ros2_husarion:/home/stefano/Webots_ros2/install/webots_ros2_epuck:/home/stefano/Webots_ros2/install/webots_ros2_crazyflie:/home/stefano/Webots_ros2/install/webots_ros2_importer:/opt/ros/humble /usr/bin/cmake /home/stefano/Robomaster_WS/src/robomaster_ros/robomaster_msgs -DCMAKE_INSTALL_PREFIX=/home/stefano/Robomaster_WS/src/install/robomaster_msgs
[10.664s] DEBUG:colcon.colcon_core.event_handler.log_command:Invoking command in '/home/stefano/Robomaster_WS/src/build/robomaster_msgs': CMAKE_PREFIX_PATH=${CMAKE_PREFIX_PATH}:/home/stefano/Robomaster_WS/install/laser_echo_publisher:/home/stefano/Robomaster_WS/install/robomaster_ros:/home/stefano/Robomaster_WS/install/robomaster_ir_publisher:/home/stefano/Robomaster_WS/install/camera_utils:/home/stefano/turtlebot3_ws/install/turtlebot3_teleop:/home/stefano/turtlebot3_ws/install/turtlebot3_example:/home/stefano/Webots_ros2/install/webots_ros2:/home/stefano/Webots_ros2/install/webots_ros2_universal_robot:/home/stefano/Webots_ros2/install/webots_ros2_turtlebot:/home/stefano/Webots_ros2/install/webots_ros2_tiago:/home/stefano/Webots_ros2/install/webots_ros2_tests:/home/stefano/Webots_ros2/install/webots_ros2_tesla:/home/stefano/Webots_ros2/install/webots_ros2_mavic:/home/stefano/Webots_ros2/install/webots_ros2_husarion:/home/stefano/Webots_ros2/install/webots_ros2_epuck:/home/stefano/Webots_ros2/install/webots_ros2_crazyflie:/home/stefano/Webots_ros2/install/webots_ros2_importer:/opt/ros/humble /usr/bin/cmake --build /home/stefano/Robomaster_WS/src/build/robomaster_msgs -- -j8 -l8
[79.589s] DEBUG:colcon.colcon_core.event_handler.log_command:Invoked command in '/home/stefano/Robomaster_WS/src/build/robomaster_msgs' returned '0': CMAKE_PREFIX_PATH=${CMAKE_PREFIX_PATH}:/home/stefano/Robomaster_WS/install/laser_echo_publisher:/home/stefano/Robomaster_WS/install/robomaster_ros:/home/stefano/Robomaster_WS/install/robomaster_ir_publisher:/home/stefano/Robomaster_WS/install/camera_utils:/home/stefano/turtlebot3_ws/install/turtlebot3_teleop:/home/stefano/turtlebot3_ws/install/turtlebot3_example:/home/stefano/Webots_ros2/install/webots_ros2:/home/stefano/Webots_ros2/install/webots_ros2_universal_robot:/home/stefano/Webots_ros2/install/webots_ros2_turtlebot:/home/stefano/Webots_ros2/install/webots_ros2_tiago:/home/stefano/Webots_ros2/install/webots_ros2_tests:/home/stefano/Webots_ros2/install/webots_ros2_tesla:/home/stefano/Webots_ros2/install/webots_ros2_mavic:/home/stefano/Webots_ros2/install/webots_ros2_husarion:/home/stefano/Webots_ros2/install/webots_ros2_epuck:/home/stefano/Webots_ros2/install/webots_ros2_crazyflie:/home/stefano/Webots_ros2/install/webots_ros2_importer:/opt/ros/humble /usr/bin/cmake --build /home/stefano/Robomaster_WS/src/build/robomaster_msgs -- -j8 -l8
[79.598s] DEBUG:colcon.colcon_core.event_handler.log_command:Invoking command in '/home/stefano/Robomaster_WS/src/build/robomaster_msgs': CMAKE_PREFIX_PATH=${CMAKE_PREFIX_PATH}:/home/stefano/Robomaster_WS/install/laser_echo_publisher:/home/stefano/Robomaster_WS/install/robomaster_ros:/home/stefano/Robomaster_WS/install/robomaster_ir_publisher:/home/stefano/Robomaster_WS/install/camera_utils:/home/stefano/turtlebot3_ws/install/turtlebot3_teleop:/home/stefano/turtlebot3_ws/install/turtlebot3_example:/home/stefano/Webots_ros2/install/webots_ros2:/home/stefano/Webots_ros2/install/webots_ros2_universal_robot:/home/stefano/Webots_ros2/install/webots_ros2_turtlebot:/home/stefano/Webots_ros2/install/webots_ros2_tiago:/home/stefano/Webots_ros2/install/webots_ros2_tests:/home/stefano/Webots_ros2/install/webots_ros2_tesla:/home/stefano/Webots_ros2/install/webots_ros2_mavic:/home/stefano/Webots_ros2/install/webots_ros2_husarion:/home/stefano/Webots_ros2/install/webots_ros2_epuck:/home/stefano/Webots_ros2/install/webots_ros2_crazyflie:/home/stefano/Webots_ros2/install/webots_ros2_importer:/opt/ros/humble /usr/bin/cmake --install /home/stefano/Robomaster_WS/src/build/robomaster_msgs
[80.600s] Level 1:colcon.colcon_core.environment:create_environment_scripts_only(robomaster_msgs)
[80.600s] Level 1:colcon.colcon_core.environment:checking '/home/stefano/Robomaster_WS/src/install/robomaster_msgs' for CMake module files
[80.601s] DEBUG:colcon.colcon_core.event_handler.log_command:Invoked command in '/home/stefano/Robomaster_WS/src/build/robomaster_msgs' returned '0': CMAKE_PREFIX_PATH=${CMAKE_PREFIX_PATH}:/home/stefano/Robomaster_WS/install/laser_echo_publisher:/home/stefano/Robomaster_WS/install/robomaster_ros:/home/stefano/Robomaster_WS/install/robomaster_ir_publisher:/home/stefano/Robomaster_WS/install/camera_utils:/home/stefano/turtlebot3_ws/install/turtlebot3_teleop:/home/stefano/turtlebot3_ws/install/turtlebot3_example:/home/stefano/Webots_ros2/install/webots_ros2:/home/stefano/Webots_ros2/install/webots_ros2_universal_robot:/home/stefano/Webots_ros2/install/webots_ros2_turtlebot:/home/stefano/Webots_ros2/install/webots_ros2_tiago:/home/stefano/Webots_ros2/install/webots_ros2_tests:/home/stefano/Webots_ros2/install/webots_ros2_tesla:/home/stefano/Webots_ros2/install/webots_ros2_mavic:/home/stefano/Webots_ros2/install/webots_ros2_husarion:/home/stefano/Webots_ros2/install/webots_ros2_epuck:/home/stefano/Webots_ros2/install/webots_ros2_crazyflie:/home/stefano/Webots_ros2/install/webots_ros2_importer:/opt/ros/humble /usr/bin/cmake --install /home/stefano/Robomaster_WS/src/build/robomaster_msgs
[80.604s] Level 1:colcon.colcon_core.environment:checking '/home/stefano/Robomaster_WS/src/install/robomaster_msgs' for CMake config files
[80.606s] Level 1:colcon.colcon_core.shell:create_environment_hook('robomaster_msgs', 'cmake_prefix_path')
[80.606s] INFO:colcon.colcon_core.shell:Creating environment hook '/home/stefano/Robomaster_WS/src/install/robomaster_msgs/share/robomaster_msgs/hook/cmake_prefix_path.ps1'
[80.607s] INFO:colcon.colcon_core.shell:Creating environment descriptor '/home/stefano/Robomaster_WS/src/install/robomaster_msgs/share/robomaster_msgs/hook/cmake_prefix_path.dsv'
[80.608s] INFO:colcon.colcon_core.shell:Creating environment hook '/home/stefano/Robomaster_WS/src/install/robomaster_msgs/share/robomaster_msgs/hook/cmake_prefix_path.sh'
[80.609s] Level 1:colcon.colcon_core.environment:checking '/home/stefano/Robomaster_WS/src/install/robomaster_msgs/lib'
[80.609s] Level 1:colcon.colcon_core.shell:create_environment_hook('robomaster_msgs', 'ld_library_path_lib')
[80.609s] INFO:colcon.colcon_core.shell:Creating environment hook '/home/stefano/Robomaster_WS/src/install/robomaster_msgs/share/robomaster_msgs/hook/ld_library_path_lib.ps1'
[80.610s] INFO:colcon.colcon_core.shell:Creating environment descriptor '/home/stefano/Robomaster_WS/src/install/robomaster_msgs/share/robomaster_msgs/hook/ld_library_path_lib.dsv'
[80.610s] INFO:colcon.colcon_core.shell:Creating environment hook '/home/stefano/Robomaster_WS/src/install/robomaster_msgs/share/robomaster_msgs/hook/ld_library_path_lib.sh'
[80.611s] Level 1:colcon.colcon_core.environment:checking '/home/stefano/Robomaster_WS/src/install/robomaster_msgs/bin'
[80.611s] Level 1:colcon.colcon_core.environment:checking '/home/stefano/Robomaster_WS/src/install/robomaster_msgs/lib/pkgconfig/robomaster_msgs.pc'
[80.611s] Level 1:colcon.colcon_core.environment:checking '/home/stefano/Robomaster_WS/src/install/robomaster_msgs/lib/python3.10/site-packages'
[80.612s] Level 1:colcon.colcon_core.environment:checking '/home/stefano/Robomaster_WS/src/install/robomaster_msgs/bin'
[80.612s] INFO:colcon.colcon_core.shell:Creating package script '/home/stefano/Robomaster_WS/src/install/robomaster_msgs/share/robomaster_msgs/package.ps1'
[80.613s] INFO:colcon.colcon_core.shell:Creating package descriptor '/home/stefano/Robomaster_WS/src/install/robomaster_msgs/share/robomaster_msgs/package.dsv'
[80.615s] INFO:colcon.colcon_core.shell:Creating package script '/home/stefano/Robomaster_WS/src/install/robomaster_msgs/share/robomaster_msgs/package.sh'
[80.616s] INFO:colcon.colcon_core.shell:Creating package script '/home/stefano/Robomaster_WS/src/install/robomaster_msgs/share/robomaster_msgs/package.bash'
[80.616s] INFO:colcon.colcon_core.shell:Creating package script '/home/stefano/Robomaster_WS/src/install/robomaster_msgs/share/robomaster_msgs/package.zsh'
[80.617s] Level 1:colcon.colcon_core.environment:create_file_with_runtime_dependencies(/home/stefano/Robomaster_WS/src/install/robomaster_msgs/share/colcon-core/packages/robomaster_msgs)
[80.618s] Level 1:colcon.colcon_core.environment:create_environment_scripts_only(robomaster_msgs)
[80.618s] Level 1:colcon.colcon_core.environment:checking '/home/stefano/Robomaster_WS/src/install/robomaster_msgs' for CMake module files
[80.620s] Level 1:colcon.colcon_core.environment:checking '/home/stefano/Robomaster_WS/src/install/robomaster_msgs' for CMake config files
[80.621s] Level 1:colcon.colcon_core.shell:create_environment_hook('robomaster_msgs', 'cmake_prefix_path')
[80.621s] INFO:colcon.colcon_core.shell:Creating environment hook '/home/stefano/Robomaster_WS/src/install/robomaster_msgs/share/robomaster_msgs/hook/cmake_prefix_path.ps1'
[80.622s] INFO:colcon.colcon_core.shell:Creating environment descriptor '/home/stefano/Robomaster_WS/src/install/robomaster_msgs/share/robomaster_msgs/hook/cmake_prefix_path.dsv'
[80.623s] INFO:colcon.colcon_core.shell:Creating environment hook '/home/stefano/Robomaster_WS/src/install/robomaster_msgs/share/robomaster_msgs/hook/cmake_prefix_path.sh'
[80.624s] Level 1:colcon.colcon_core.environment:checking '/home/stefano/Robomaster_WS/src/install/robomaster_msgs/lib'
[80.624s] Level 1:colcon.colcon_core.shell:create_environment_hook('robomaster_msgs', 'ld_library_path_lib')
[80.624s] INFO:colcon.colcon_core.shell:Creating environment hook '/home/stefano/Robomaster_WS/src/install/robomaster_msgs/share/robomaster_msgs/hook/ld_library_path_lib.ps1'
[80.625s] INFO:colcon.colcon_core.shell:Creating environment descriptor '/home/stefano/Robomaster_WS/src/install/robomaster_msgs/share/robomaster_msgs/hook/ld_library_path_lib.dsv'
[80.626s] INFO:colcon.colcon_core.shell:Creating environment hook '/home/stefano/Robomaster_WS/src/install/robomaster_msgs/share/robomaster_msgs/hook/ld_library_path_lib.sh'
[80.627s] Level 1:colcon.colcon_core.environment:checking '/home/stefano/Robomaster_WS/src/install/robomaster_msgs/bin'
[80.627s] Level 1:colcon.colcon_core.environment:checking '/home/stefano/Robomaster_WS/src/install/robomaster_msgs/lib/pkgconfig/robomaster_msgs.pc'
[80.628s] Level 1:colcon.colcon_core.environment:checking '/home/stefano/Robomaster_WS/src/install/robomaster_msgs/lib/python3.10/site-packages'
[80.628s] Level 1:colcon.colcon_core.environment:checking '/home/stefano/Robomaster_WS/src/install/robomaster_msgs/bin'
[80.628s] INFO:colcon.colcon_core.shell:Creating package script '/home/stefano/Robomaster_WS/src/install/robomaster_msgs/share/robomaster_msgs/package.ps1'
[80.630s] INFO:colcon.colcon_core.shell:Creating package descriptor '/home/stefano/Robomaster_WS/src/install/robomaster_msgs/share/robomaster_msgs/package.dsv'
[80.631s] INFO:colcon.colcon_core.shell:Creating package script '/home/stefano/Robomaster_WS/src/install/robomaster_msgs/share/robomaster_msgs/package.sh'
[80.632s] INFO:colcon.colcon_core.shell:Creating package script '/home/stefano/Robomaster_WS/src/install/robomaster_msgs/share/robomaster_msgs/package.bash'
[80.633s] INFO:colcon.colcon_core.shell:Creating package script '/home/stefano/Robomaster_WS/src/install/robomaster_msgs/share/robomaster_msgs/package.zsh'
[80.634s] Level 1:colcon.colcon_core.environment:create_file_with_runtime_dependencies(/home/stefano/Robomaster_WS/src/install/robomaster_msgs/share/colcon-core/packages/robomaster_msgs)
[80.635s] INFO:colcon.colcon_ros.task.ament_python.build:Building ROS package in '/home/stefano/Robomaster_WS/src/robomaster_ros/robomaster_ros' with build type 'ament_python'
[80.635s] Level 1:colcon.colcon_core.shell:create_environment_hook('robomaster_ros', 'ament_prefix_path')
[80.635s] INFO:colcon.colcon_core.shell:Creating environment hook '/home/stefano/Robomaster_WS/src/install/robomaster_ros/share/robomaster_ros/hook/ament_prefix_path.ps1'
[80.640s] INFO:colcon.colcon_core.shell:Creating environment descriptor '/home/stefano/Robomaster_WS/src/install/robomaster_ros/share/robomaster_ros/hook/ament_prefix_path.dsv'
[80.640s] INFO:colcon.colcon_core.shell:Creating environment hook '/home/stefano/Robomaster_WS/src/install/robomaster_ros/share/robomaster_ros/hook/ament_prefix_path.sh'
[80.641s] INFO:colcon.colcon_core.shell:Skip shell extension 'powershell' for command environment: Not usable outside of PowerShell
[80.641s] DEBUG:colcon.colcon_core.shell:Skip shell extension 'dsv' for command environment
[81.497s] INFO:colcon.colcon_core.task.python.build:Building Python package in '/home/stefano/Robomaster_WS/src/robomaster_ros/robomaster_ros'
[81.498s] INFO:colcon.colcon_core.shell:Skip shell extension 'powershell' for command environment: Not usable outside of PowerShell
[81.498s] DEBUG:colcon.colcon_core.shell:Skip shell extension 'dsv' for command environment
[82.686s] DEBUG:colcon.colcon_core.event_handler.log_command:Invoking command in '/home/stefano/Robomaster_WS/src/robomaster_ros/robomaster_ros': AMENT_PREFIX_PATH=/home/stefano/Robomaster_WS/src/install/robomaster_msgs:${AMENT_PREFIX_PATH} CMAKE_PREFIX_PATH=/home/stefano/Robomaster_WS/src/install/robomaster_msgs:${CMAKE_PREFIX_PATH} LD_LIBRARY_PATH=/home/stefano/Robomaster_WS/src/install/robomaster_msgs/lib:/home/stefano/Robomaster_WS/install/turtlesim/lib:/home/stefano/Robomaster_WS/install/robomaster_msgs/lib:/home/stefano/turtlebot3_ws/install/turtlebot3_msgs/lib:/home/stefano/turtlebot3_ws/install/dynamixel_sdk_custom_interfaces/lib:/home/stefano/turtlebot3_ws/install/dynamixel_sdk/lib:/home/stefano/Webots_ros2/install/webots_ros2_control/lib:/home/stefano/Webots_ros2/install/webots_ros2_driver/lib:/home/stefano/Webots_ros2/install/webots_ros2_msgs/lib:/usr/lib/x86_64-linux-gnu/gazebo-11/plugins:/opt/ros/humble/opt/rviz_ogre_vendor/lib:/opt/ros/humble/lib/x86_64-linux-gnu:/opt/ros/humble/lib:/usr/lib/x86_64-linux-gnu/gazebo-11/plugins PYTHONPATH=/home/stefano/Robomaster_WS/src/build/robomaster_ros/prefix_override:/usr/lib/python3/dist-packages/colcon_core/task/python/colcon_distutils_commands:/home/stefano/Robomaster_WS/src/install/robomaster_ros/lib/python3.10/site-packages:/home/stefano/Robomaster_WS/src/install/robomaster_msgs/local/lib/python3.10/dist-packages:${PYTHONPATH} /usr/bin/python3 -W ignore:setup.py install is deprecated -W ignore:easy_install command is deprecated setup.py egg_info --egg-base ../../build/robomaster_ros build --build-base /home/stefano/Robomaster_WS/src/build/robomaster_ros/build install --record /home/stefano/Robomaster_WS/src/build/robomaster_ros/install.log --single-version-externally-managed install_data
[83.626s] Level 1:colcon.colcon_core.environment:checking '/home/stefano/Robomaster_WS/src/install/robomaster_ros' for CMake module files
[83.628s] DEBUG:colcon.colcon_core.event_handler.log_command:Invoked command in '/home/stefano/Robomaster_WS/src/robomaster_ros/robomaster_ros' returned '0': AMENT_PREFIX_PATH=/home/stefano/Robomaster_WS/src/install/robomaster_msgs:${AMENT_PREFIX_PATH} CMAKE_PREFIX_PATH=/home/stefano/Robomaster_WS/src/install/robomaster_msgs:${CMAKE_PREFIX_PATH} LD_LIBRARY_PATH=/home/stefano/Robomaster_WS/src/install/robomaster_msgs/lib:/home/stefano/Robomaster_WS/install/turtlesim/lib:/home/stefano/Robomaster_WS/install/robomaster_msgs/lib:/home/stefano/turtlebot3_ws/install/turtlebot3_msgs/lib:/home/stefano/turtlebot3_ws/install/dynamixel_sdk_custom_interfaces/lib:/home/stefano/turtlebot3_ws/install/dynamixel_sdk/lib:/home/stefano/Webots_ros2/install/webots_ros2_control/lib:/home/stefano/Webots_ros2/install/webots_ros2_driver/lib:/home/stefano/Webots_ros2/install/webots_ros2_msgs/lib:/usr/lib/x86_64-linux-gnu/gazebo-11/plugins:/opt/ros/humble/opt/rviz_ogre_vendor/lib:/opt/ros/humble/lib/x86_64-linux-gnu:/opt/ros/humble/lib:/usr/lib/x86_64-linux-gnu/gazebo-11/plugins PYTHONPATH=/home/stefano/Robomaster_WS/src/build/robomaster_ros/prefix_override:/usr/lib/python3/dist-packages/colcon_core/task/python/colcon_distutils_commands:/home/stefano/Robomaster_WS/src/install/robomaster_ros/lib/python3.10/site-packages:/home/stefano/Robomaster_WS/src/install/robomaster_msgs/local/lib/python3.10/dist-packages:${PYTHONPATH} /usr/bin/python3 -W ignore:setup.py install is deprecated -W ignore:easy_install command is deprecated setup.py egg_info --egg-base ../../build/robomaster_ros build --build-base /home/stefano/Robomaster_WS/src/build/robomaster_ros/build install --record /home/stefano/Robomaster_WS/src/build/robomaster_ros/install.log --single-version-externally-managed install_data
[83.629s] Level 1:colcon.colcon_core.environment:checking '/home/stefano/Robomaster_WS/src/install/robomaster_ros' for CMake config files
[83.632s] Level 1:colcon.colcon_core.environment:checking '/home/stefano/Robomaster_WS/src/install/robomaster_ros/lib'
[83.632s] Level 1:colcon.colcon_core.environment:checking '/home/stefano/Robomaster_WS/src/install/robomaster_ros/bin'
[83.633s] Level 1:colcon.colcon_core.environment:checking '/home/stefano/Robomaster_WS/src/install/robomaster_ros/lib/pkgconfig/robomaster_ros.pc'
[83.634s] Level 1:colcon.colcon_core.environment:checking '/home/stefano/Robomaster_WS/src/install/robomaster_ros/lib/python3.10/site-packages'
[83.634s] Level 1:colcon.colcon_core.shell:create_environment_hook('robomaster_ros', 'pythonpath')
[83.634s] INFO:colcon.colcon_core.shell:Creating environment hook '/home/stefano/Robomaster_WS/src/install/robomaster_ros/share/robomaster_ros/hook/pythonpath.ps1'
[83.635s] INFO:colcon.colcon_core.shell:Creating environment descriptor '/home/stefano/Robomaster_WS/src/install/robomaster_ros/share/robomaster_ros/hook/pythonpath.dsv'
[83.635s] INFO:colcon.colcon_core.shell:Creating environment hook '/home/stefano/Robomaster_WS/src/install/robomaster_ros/share/robomaster_ros/hook/pythonpath.sh'
[83.636s] Level 1:colcon.colcon_core.environment:checking '/home/stefano/Robomaster_WS/src/install/robomaster_ros/bin'
[83.636s] Level 1:colcon.colcon_core.environment:create_environment_scripts_only(robomaster_ros)
[83.636s] INFO:colcon.colcon_core.shell:Creating package script '/home/stefano/Robomaster_WS/src/install/robomaster_ros/share/robomaster_ros/package.ps1'
[83.637s] INFO:colcon.colcon_core.shell:Creating package descriptor '/home/stefano/Robomaster_WS/src/install/robomaster_ros/share/robomaster_ros/package.dsv'
[83.637s] INFO:colcon.colcon_core.shell:Creating package script '/home/stefano/Robomaster_WS/src/install/robomaster_ros/share/robomaster_ros/package.sh'
[83.638s] INFO:colcon.colcon_core.shell:Creating package script '/home/stefano/Robomaster_WS/src/install/robomaster_ros/share/robomaster_ros/package.bash'
[83.638s] INFO:colcon.colcon_core.shell:Creating package script '/home/stefano/Robomaster_WS/src/install/robomaster_ros/share/robomaster_ros/package.zsh'
[83.639s] Level 1:colcon.colcon_core.environment:create_file_with_runtime_dependencies(/home/stefano/Robomaster_WS/src/install/robomaster_ros/share/colcon-core/packages/robomaster_ros)
[83.640s] DEBUG:colcon.colcon_parallel_executor.executor.parallel:closing loop
[83.640s] DEBUG:colcon.colcon_parallel_executor.executor.parallel:loop closed
[83.640s] DEBUG:colcon.colcon_parallel_executor.executor.parallel:run_until_complete finished with '0'
[83.641s] DEBUG:colcon.colcon_core.event_reactor:joining thread
[83.673s] INFO:colcon.colcon_core.plugin_system:Skipping extension 'colcon_notification.desktop_notification.terminal_notifier': Not used on non-Darwin systems
[83.673s] INFO:colcon.colcon_core.plugin_system:Skipping extension 'colcon_notification.desktop_notification.win32': Not used on non-Windows systems
[83.673s] INFO:colcon.colcon_notification.desktop_notification:Sending desktop notification using 'notify2'
[83.704s] DEBUG:colcon.colcon_core.event_reactor:joined thread
[83.705s] INFO:colcon.colcon_core.shell:Creating prefix script '/home/stefano/Robomaster_WS/src/install/local_setup.ps1'
[83.706s] INFO:colcon.colcon_core.shell:Creating prefix util module '/home/stefano/Robomaster_WS/src/install/_local_setup_util_ps1.py'
[83.708s] INFO:colcon.colcon_core.shell:Creating prefix chain script '/home/stefano/Robomaster_WS/src/install/setup.ps1'
[83.721s] INFO:colcon.colcon_core.shell:Creating prefix script '/home/stefano/Robomaster_WS/src/install/local_setup.sh'
[83.722s] INFO:colcon.colcon_core.shell:Creating prefix util module '/home/stefano/Robomaster_WS/src/install/_local_setup_util_sh.py'
[83.724s] INFO:colcon.colcon_core.shell:Creating prefix chain script '/home/stefano/Robomaster_WS/src/install/setup.sh'
[83.737s] INFO:colcon.colcon_core.shell:Creating prefix script '/home/stefano/Robomaster_WS/src/install/local_setup.bash'
[83.738s] INFO:colcon.colcon_core.shell:Creating prefix chain script '/home/stefano/Robomaster_WS/src/install/setup.bash'
[83.750s] INFO:colcon.colcon_core.shell:Creating prefix script '/home/stefano/Robomaster_WS/src/install/local_setup.zsh'
[83.751s] INFO:colcon.colcon_core.shell:Creating prefix chain script '/home/stefano/Robomaster_WS/src/install/setup.zsh'
