[2.710s] Invoking command in '/home/stefano/Robomaster_WS/src/robomaster_ir_publisher': PYTHONPATH=/home/stefano/Robomaster_WS/build/robomaster_ir_publisher/prefix_override:/usr/lib/python3/dist-packages/colcon_core/task/python/colcon_distutils_commands:/home/stefano/Robomaster_WS/install/robomaster_ir_publisher/lib/python3.10/site-packages:${PYTHONPATH} /usr/bin/python3 -W ignore:setup.py install is deprecated -W ignore:easy_install command is deprecated setup.py egg_info --egg-base ../../build/robomaster_ir_publisher build --build-base /home/stefano/Robomaster_WS/build/robomaster_ir_publisher/build install --record /home/stefano/Robomaster_WS/build/robomaster_ir_publisher/install.log --single-version-externally-managed
[3.491s] running egg_info
[3.491s] writing ../../build/robomaster_ir_publisher/robomaster_ir_publisher.egg-info/PKG-INFO
[3.492s] writing dependency_links to ../../build/robomaster_ir_publisher/robomaster_ir_publisher.egg-info/dependency_links.txt
[3.492s] writing entry points to ../../build/robomaster_ir_publisher/robomaster_ir_publisher.egg-info/entry_points.txt
[3.492s] writing requirements to ../../build/robomaster_ir_publisher/robomaster_ir_publisher.egg-info/requires.txt
[3.493s] writing top-level names to ../../build/robomaster_ir_publisher/robomaster_ir_publisher.egg-info/top_level.txt
[3.496s] reading manifest file '../../build/robomaster_ir_publisher/robomaster_ir_publisher.egg-info/SOURCES.txt'
[3.497s] writing manifest file '../../build/robomaster_ir_publisher/robomaster_ir_publisher.egg-info/SOURCES.txt'
[3.497s] running build
[3.499s] running build_py
[3.499s] running install
[3.499s] running install_lib
[3.503s] running install_egg_info
[3.508s] removing '/home/stefano/Robomaster_WS/install/robomaster_ir_publisher/lib/python3.10/site-packages/robomaster_ir_publisher-0.0.1-py3.10.egg-info' (and everything under it)
[3.508s] Copying ../../build/robomaster_ir_publisher/robomaster_ir_publisher.egg-info to /home/stefano/Robomaster_WS/install/robomaster_ir_publisher/lib/python3.10/site-packages/robomaster_ir_publisher-0.0.1-py3.10.egg-info
[3.510s] running install_scripts
[3.568s] Installing ir_publisher script to /home/stefano/Robomaster_WS/install/robomaster_ir_publisher/lib/robomaster_ir_publisher
[3.568s] writing list of installed files to '/home/stefano/Robomaster_WS/build/robomaster_ir_publisher/install.log'
[3.603s] Invoked command in '/home/stefano/Robomaster_WS/src/robomaster_ir_publisher' returned '0': PYTHONPATH=/home/stefano/Robomaster_WS/build/robomaster_ir_publisher/prefix_override:/usr/lib/python3/dist-packages/colcon_core/task/python/colcon_distutils_commands:/home/stefano/Robomaster_WS/install/robomaster_ir_publisher/lib/python3.10/site-packages:${PYTHONPATH} /usr/bin/python3 -W ignore:setup.py install is deprecated -W ignore:easy_install command is deprecated setup.py egg_info --egg-base ../../build/robomaster_ir_publisher build --build-base /home/stefano/Robomaster_WS/build/robomaster_ir_publisher/build install --record /home/stefano/Robomaster_WS/build/robomaster_ir_publisher/install.log --single-version-externally-managed
