[1.592s] Invoking command in '/home/stefano/Robomaster_WS/build/turtlesim': CMAKE_PREFIX_PATH=${CMAKE_PREFIX_PATH}:/home/stefano/Robomaster_WS/install/robomaster_ros:/home/stefano/Robomaster_WS/install/robomaster_ir_publisher:/home/stefano/Robomaster_WS/install/camera_utils:/home/stefano/turtlebot3_ws/install/turtlebot3_teleop:/home/stefano/turtlebot3_ws/install/turtlebot3_example:/home/stefano/Webots_ros2/install/webots_ros2:/home/stefano/Webots_ros2/install/webots_ros2_universal_robot:/home/stefano/Webots_ros2/install/webots_ros2_turtlebot:/home/stefano/Webots_ros2/install/webots_ros2_tiago:/home/stefano/Webots_ros2/install/webots_ros2_tests:/home/stefano/Webots_ros2/install/webots_ros2_tesla:/home/stefano/Webots_ros2/install/webots_ros2_mavic:/home/stefano/Webots_ros2/install/webots_ros2_husarion:/home/stefano/Webots_ros2/install/webots_ros2_epuck:/home/stefano/Webots_ros2/install/webots_ros2_crazyflie:/home/stefano/Webots_ros2/install/webots_ros2_importer:/opt/ros/humble /usr/bin/cmake /home/stefano/Robomaster_WS/ros_tutorials/turtlesim -DCMAKE_INSTALL_PREFIX=/home/stefano/Robomaster_WS/install/turtlesim
[1.917s] -- The C compiler identification is GNU 11.4.0
[2.163s] -- The CXX compiler identification is GNU 11.4.0
[2.192s] -- Detecting C compiler ABI info
[2.614s] -- Detecting C compiler ABI info - done
[2.629s] -- Check for working C compiler: /usr/bin/cc - skipped
[2.629s] -- Detecting C compile features
[2.629s] -- Detecting C compile features - done
[2.634s] -- Detecting CXX compiler ABI info
[3.096s] -- Detecting CXX compiler ABI info - done
[3.110s] -- Check for working CXX compiler: /usr/bin/c++ - skipped
[3.111s] -- Detecting CXX compile features
[3.112s] -- Detecting CXX compile features - done
[3.146s] -- Found ament_cmake: 1.3.11 (/opt/ros/humble/share/ament_cmake/cmake)
[3.867s] -- Found Python3: /usr/bin/python3 (found version "3.10.12") found components: Interpreter 
[4.563s] -- Found ament_index_cpp: 1.4.0 (/opt/ros/humble/share/ament_index_cpp/cmake)
[4.605s] -- Found geometry_msgs: 4.8.0 (/opt/ros/humble/share/geometry_msgs/cmake)
[5.014s] -- Found rosidl_generator_c: 3.1.6 (/opt/ros/humble/share/rosidl_generator_c/cmake)
[5.089s] -- Found rosidl_adapter: 3.1.6 (/opt/ros/humble/share/rosidl_adapter/cmake)
[5.170s] -- Found rosidl_generator_cpp: 3.1.6 (/opt/ros/humble/share/rosidl_generator_cpp/cmake)
[5.273s] -- Using all available rosidl_typesupport_c: rosidl_typesupport_fastrtps_c;rosidl_typesupport_introspection_c
[5.395s] -- Using all available rosidl_typesupport_cpp: rosidl_typesupport_fastrtps_cpp;rosidl_typesupport_introspection_cpp
[5.617s] -- Found rclcpp: 16.0.12 (/opt/ros/humble/share/rclcpp/cmake)
[5.958s] -- Found rmw_implementation_cmake: 6.1.2 (/opt/ros/humble/share/rmw_implementation_cmake/cmake)
[5.996s] -- Found rmw_fastrtps_cpp: 6.2.7 (/opt/ros/humble/share/rmw_fastrtps_cpp/cmake)
[6.609s] -- Found OpenSSL: /usr/lib/x86_64-linux-gnu/libcrypto.so (found version "3.0.2")  
[6.718s] -- Found FastRTPS: /opt/ros/humble/include  
[6.874s] -- Using RMW implementation 'rmw_fastrtps_cpp' as default
[6.981s] -- Looking for pthread.h
[7.374s] -- Looking for pthread.h - found
[7.377s] -- Performing Test CMAKE_HAVE_LIBC_PTHREAD
[7.761s] -- Performing Test CMAKE_HAVE_LIBC_PTHREAD - Success
[7.764s] -- Found Threads: TRUE  
[7.971s] -- Found rclcpp_action: 16.0.12 (/opt/ros/humble/share/rclcpp_action/cmake)
[8.151s] -- Found rosidl_default_generators: 1.2.0 (/opt/ros/humble/share/rosidl_default_generators/cmake)
[8.240s] -- Found std_srvs: 4.8.0 (/opt/ros/humble/share/std_srvs/cmake)
[9.178s] -- Found ament_cmake_ros: 0.10.0 (/opt/ros/humble/share/ament_cmake_ros/cmake)
[10.448s] -- Using all available rosidl_typesupport_c: rosidl_typesupport_fastrtps_c;rosidl_typesupport_introspection_c
[10.904s] -- Using all available rosidl_typesupport_cpp: rosidl_typesupport_fastrtps_cpp;rosidl_typesupport_introspection_cpp
[11.014s] -- Found PythonInterp: /usr/bin/python3 (found suitable version "3.10.12", minimum required is "3.6") 
[11.047s] -- Found python_cmake_module: 0.10.0 (/opt/ros/humble/share/python_cmake_module/cmake)
[11.162s] -- Found PythonLibs: /usr/lib/x86_64-linux-gnu/libpython3.10.so (found suitable version "3.10.12", minimum required is "3.5") 
[11.162s] -- Using PYTHON_EXECUTABLE: /usr/bin/python3
[11.163s] -- Using PYTHON_INCLUDE_DIRS: /usr/include/python3.10
[11.163s] -- Using PYTHON_LIBRARIES: /usr/lib/x86_64-linux-gnu/libpython3.10.so
[11.258s] -- Found PythonExtra: .so  
[11.550s] -- Configuring done
[11.802s] -- Generating done
[11.850s] -- Build files have been written to: /home/stefano/Robomaster_WS/build/turtlesim
[11.888s] Invoked command in '/home/stefano/Robomaster_WS/build/turtlesim' returned '0': CMAKE_PREFIX_PATH=${CMAKE_PREFIX_PATH}:/home/stefano/Robomaster_WS/install/robomaster_ros:/home/stefano/Robomaster_WS/install/robomaster_ir_publisher:/home/stefano/Robomaster_WS/install/camera_utils:/home/stefano/turtlebot3_ws/install/turtlebot3_teleop:/home/stefano/turtlebot3_ws/install/turtlebot3_example:/home/stefano/Webots_ros2/install/webots_ros2:/home/stefano/Webots_ros2/install/webots_ros2_universal_robot:/home/stefano/Webots_ros2/install/webots_ros2_turtlebot:/home/stefano/Webots_ros2/install/webots_ros2_tiago:/home/stefano/Webots_ros2/install/webots_ros2_tests:/home/stefano/Webots_ros2/install/webots_ros2_tesla:/home/stefano/Webots_ros2/install/webots_ros2_mavic:/home/stefano/Webots_ros2/install/webots_ros2_husarion:/home/stefano/Webots_ros2/install/webots_ros2_epuck:/home/stefano/Webots_ros2/install/webots_ros2_crazyflie:/home/stefano/Webots_ros2/install/webots_ros2_importer:/opt/ros/humble /usr/bin/cmake /home/stefano/Robomaster_WS/ros_tutorials/turtlesim -DCMAKE_INSTALL_PREFIX=/home/stefano/Robomaster_WS/install/turtlesim
[11.894s] Invoking command in '/home/stefano/Robomaster_WS/build/turtlesim': CMAKE_PREFIX_PATH=${CMAKE_PREFIX_PATH}:/home/stefano/Robomaster_WS/install/robomaster_ros:/home/stefano/Robomaster_WS/install/robomaster_ir_publisher:/home/stefano/Robomaster_WS/install/camera_utils:/home/stefano/turtlebot3_ws/install/turtlebot3_teleop:/home/stefano/turtlebot3_ws/install/turtlebot3_example:/home/stefano/Webots_ros2/install/webots_ros2:/home/stefano/Webots_ros2/install/webots_ros2_universal_robot:/home/stefano/Webots_ros2/install/webots_ros2_turtlebot:/home/stefano/Webots_ros2/install/webots_ros2_tiago:/home/stefano/Webots_ros2/install/webots_ros2_tests:/home/stefano/Webots_ros2/install/webots_ros2_tesla:/home/stefano/Webots_ros2/install/webots_ros2_mavic:/home/stefano/Webots_ros2/install/webots_ros2_husarion:/home/stefano/Webots_ros2/install/webots_ros2_epuck:/home/stefano/Webots_ros2/install/webots_ros2_crazyflie:/home/stefano/Webots_ros2/install/webots_ros2_importer:/opt/ros/humble /usr/bin/cmake --build /home/stefano/Robomaster_WS/build/turtlesim -- -j8 -l8
[12.213s] [  1%] [34m[1mGenerating C code for ROS interfaces[0m
[12.305s] [  2%] [34m[1mGenerating C++ code for ROS interfaces[0m
[12.380s] [  2%] Built target ament_cmake_python_copy_turtlesim
[13.275s] running egg_info
[13.279s] creating turtlesim.egg-info
[13.280s] writing turtlesim.egg-info/PKG-INFO
[13.280s] writing dependency_links to turtlesim.egg-info/dependency_links.txt
[13.281s] writing top-level names to turtlesim.egg-info/top_level.txt
[13.285s] writing manifest file 'turtlesim.egg-info/SOURCES.txt'
[13.288s] reading manifest file 'turtlesim.egg-info/SOURCES.txt'
[13.290s] writing manifest file 'turtlesim.egg-info/SOURCES.txt'
[13.379s] [  2%] Built target ament_cmake_python_build_turtlesim_egg
[14.437s] [  2%] Built target turtlesim__cpp
[14.545s] [  3%] [32mBuilding C object CMakeFiles/turtlesim__rosidl_generator_c.dir/rosidl_generator_c/turtlesim/action/detail/rotate_absolute__functions.c.o[0m
[14.553s] [  4%] [32mBuilding C object CMakeFiles/turtlesim__rosidl_generator_c.dir/rosidl_generator_c/turtlesim/msg/detail/pose__functions.c.o[0m
[14.554s] [  6%] [32mBuilding C object CMakeFiles/turtlesim__rosidl_generator_c.dir/rosidl_generator_c/turtlesim/srv/detail/kill__functions.c.o[0m
[14.554s] [  6%] [34m[1mGenerating C++ type support dispatch for ROS interfaces[0m
[14.558s] [  7%] [34m[1mGenerating C++ type support for eProsima Fast-RTPS[0m
[14.567s] [  8%] [32mBuilding C object CMakeFiles/turtlesim__rosidl_generator_c.dir/rosidl_generator_c/turtlesim/msg/detail/color__functions.c.o[0m
[14.586s] [  9%] [34m[1mGenerating C++ introspection for ROS interfaces[0m
[14.624s] [ 10%] [32mBuilding C object CMakeFiles/turtlesim__rosidl_generator_c.dir/rosidl_generator_c/turtlesim/srv/detail/set_pen__functions.c.o[0m
[14.900s] [ 11%] [32mBuilding C object CMakeFiles/turtlesim__rosidl_generator_c.dir/rosidl_generator_c/turtlesim/srv/detail/spawn__functions.c.o[0m
[14.968s] [ 12%] [32mBuilding C object CMakeFiles/turtlesim__rosidl_generator_c.dir/rosidl_generator_c/turtlesim/srv/detail/teleport_relative__functions.c.o[0m
[14.978s] [ 13%] [32mBuilding C object CMakeFiles/turtlesim__rosidl_generator_c.dir/rosidl_generator_c/turtlesim/srv/detail/teleport_absolute__functions.c.o[0m
[15.348s] [ 14%] [32m[1mLinking C shared library libturtlesim__rosidl_generator_c.so[0m
[15.689s] [ 14%] Built target turtlesim__rosidl_generator_c
[15.811s] [ 15%] [34m[1mGenerating C introspection for ROS interfaces[0m
[15.823s] [ 16%] [34m[1mGenerating C type support for eProsima Fast-RTPS[0m
[15.855s] [ 17%] [34m[1mGenerating C type support dispatch for ROS interfaces[0m
[15.864s] [ 18%] [32mBuilding CXX object CMakeFiles/turtlesim__rosidl_typesupport_cpp.dir/rosidl_typesupport_cpp/turtlesim/msg/color__type_support.cpp.o[0m
[15.896s] [ 19%] [32mBuilding CXX object CMakeFiles/turtlesim__rosidl_typesupport_cpp.dir/rosidl_typesupport_cpp/turtlesim/action/rotate_absolute__type_support.cpp.o[0m
[15.901s] [ 20%] [32mBuilding CXX object CMakeFiles/turtlesim__rosidl_typesupport_cpp.dir/rosidl_typesupport_cpp/turtlesim/msg/pose__type_support.cpp.o[0m
[17.482s] [ 21%] [32mBuilding CXX object CMakeFiles/turtlesim__rosidl_typesupport_cpp.dir/rosidl_typesupport_cpp/turtlesim/srv/kill__type_support.cpp.o[0m
[17.688s] [ 22%] [32mBuilding CXX object CMakeFiles/turtlesim__rosidl_typesupport_cpp.dir/rosidl_typesupport_cpp/turtlesim/srv/set_pen__type_support.cpp.o[0m
[17.944s] [ 23%] [32mBuilding CXX object CMakeFiles/turtlesim__rosidl_typesupport_introspection_cpp.dir/rosidl_typesupport_introspection_cpp/turtlesim/action/detail/rotate_absolute__type_support.cpp.o[0m
[18.131s] [ 24%] [32mBuilding CXX object CMakeFiles/turtlesim__rosidl_typesupport_fastrtps_cpp.dir/rosidl_typesupport_fastrtps_cpp/turtlesim/action/detail/dds_fastrtps/rotate_absolute__type_support.cpp.o[0m
[18.361s] [ 25%] [32mBuilding CXX object CMakeFiles/turtlesim__rosidl_typesupport_c.dir/rosidl_typesupport_c/turtlesim/action/rotate_absolute__type_support.cpp.o[0m
[19.033s] [ 26%] [32mBuilding CXX object CMakeFiles/turtlesim__rosidl_typesupport_c.dir/rosidl_typesupport_c/turtlesim/msg/color__type_support.cpp.o[0m
[19.174s] [ 27%] [32mBuilding CXX object CMakeFiles/turtlesim__rosidl_typesupport_introspection_cpp.dir/rosidl_typesupport_introspection_cpp/turtlesim/msg/detail/pose__type_support.cpp.o[0m
[19.174s] [ 28%] [32mBuilding CXX object CMakeFiles/turtlesim__rosidl_typesupport_introspection_cpp.dir/rosidl_typesupport_introspection_cpp/turtlesim/msg/detail/color__type_support.cpp.o[0m
[19.313s] [ 29%] [32mBuilding CXX object CMakeFiles/turtlesim__rosidl_typesupport_cpp.dir/rosidl_typesupport_cpp/turtlesim/srv/spawn__type_support.cpp.o[0m
[19.584s] [ 30%] [32mBuilding CXX object CMakeFiles/turtlesim__rosidl_typesupport_c.dir/rosidl_typesupport_c/turtlesim/msg/pose__type_support.cpp.o[0m
[20.053s] [ 31%] [32mBuilding CXX object CMakeFiles/turtlesim__rosidl_typesupport_c.dir/rosidl_typesupport_c/turtlesim/srv/kill__type_support.cpp.o[0m
[20.451s] [ 32%] [32mBuilding CXX object CMakeFiles/turtlesim__rosidl_typesupport_c.dir/rosidl_typesupport_c/turtlesim/srv/set_pen__type_support.cpp.o[0m
[20.638s] [ 33%] [32mBuilding C object CMakeFiles/turtlesim__rosidl_typesupport_introspection_c.dir/rosidl_typesupport_introspection_c/turtlesim/action/detail/rotate_absolute__type_support.c.o[0m
[20.880s] [ 34%] [32mBuilding CXX object CMakeFiles/turtlesim__rosidl_typesupport_fastrtps_c.dir/rosidl_typesupport_fastrtps_c/turtlesim/action/detail/rotate_absolute__type_support_c.cpp.o[0m
[20.895s] [ 35%] [32mBuilding CXX object CMakeFiles/turtlesim__rosidl_typesupport_c.dir/rosidl_typesupport_c/turtlesim/srv/spawn__type_support.cpp.o[0m
[21.358s] [ 36%] [32mBuilding CXX object CMakeFiles/turtlesim__rosidl_typesupport_c.dir/rosidl_typesupport_c/turtlesim/srv/teleport_absolute__type_support.cpp.o[0m
[21.395s] [ 37%] [32mBuilding C object CMakeFiles/turtlesim__rosidl_typesupport_introspection_c.dir/rosidl_typesupport_introspection_c/turtlesim/msg/detail/color__type_support.c.o[0m
[21.400s] [ 38%] [32mBuilding CXX object CMakeFiles/turtlesim__rosidl_typesupport_fastrtps_cpp.dir/rosidl_typesupport_fastrtps_cpp/turtlesim/msg/detail/dds_fastrtps/color__type_support.cpp.o[0m
[21.478s] [ 39%] [32mBuilding CXX object CMakeFiles/turtlesim__rosidl_typesupport_fastrtps_cpp.dir/rosidl_typesupport_fastrtps_cpp/turtlesim/msg/detail/dds_fastrtps/pose__type_support.cpp.o[0m
[21.484s] [ 40%] [32mBuilding CXX object CMakeFiles/turtlesim__rosidl_typesupport_cpp.dir/rosidl_typesupport_cpp/turtlesim/srv/teleport_absolute__type_support.cpp.o[0m
[21.724s] [ 41%] [32mBuilding CXX object CMakeFiles/turtlesim__rosidl_typesupport_introspection_cpp.dir/rosidl_typesupport_introspection_cpp/turtlesim/srv/detail/kill__type_support.cpp.o[0m
[21.777s] [ 42%] [32mBuilding CXX object CMakeFiles/turtlesim__rosidl_typesupport_c.dir/rosidl_typesupport_c/turtlesim/srv/teleport_relative__type_support.cpp.o[0m
[21.928s] [ 43%] [32mBuilding CXX object CMakeFiles/turtlesim__rosidl_typesupport_fastrtps_cpp.dir/rosidl_typesupport_fastrtps_cpp/turtlesim/srv/detail/dds_fastrtps/kill__type_support.cpp.o[0m
[21.984s] [ 44%] [32mBuilding C object CMakeFiles/turtlesim__rosidl_typesupport_introspection_c.dir/rosidl_typesupport_introspection_c/turtlesim/msg/detail/pose__type_support.c.o[0m
[22.113s] [ 45%] [32m[1mLinking CXX shared library libturtlesim__rosidl_typesupport_c.so[0m
[22.515s] [ 46%] [32mBuilding C object CMakeFiles/turtlesim__rosidl_typesupport_introspection_c.dir/rosidl_typesupport_introspection_c/turtlesim/srv/detail/kill__type_support.c.o[0m
[22.782s] [ 46%] Built target turtlesim__rosidl_typesupport_c
[22.856s] [ 47%] [32mBuilding C object CMakeFiles/turtlesim__rosidl_typesupport_introspection_c.dir/rosidl_typesupport_introspection_c/turtlesim/srv/detail/set_pen__type_support.c.o[0m
[22.982s] [ 48%] [32mBuilding CXX object CMakeFiles/turtlesim__rosidl_typesupport_fastrtps_cpp.dir/rosidl_typesupport_fastrtps_cpp/turtlesim/srv/detail/dds_fastrtps/set_pen__type_support.cpp.o[0m
[23.324s] [ 49%] [32mBuilding C object CMakeFiles/turtlesim__rosidl_typesupport_introspection_c.dir/rosidl_typesupport_introspection_c/turtlesim/srv/detail/spawn__type_support.c.o[0m
[23.363s] [ 50%] [32mBuilding CXX object CMakeFiles/turtlesim__rosidl_typesupport_cpp.dir/rosidl_typesupport_cpp/turtlesim/srv/teleport_relative__type_support.cpp.o[0m
[23.478s] [ 51%] [32mBuilding CXX object CMakeFiles/turtlesim__rosidl_typesupport_fastrtps_c.dir/rosidl_typesupport_fastrtps_c/turtlesim/msg/detail/color__type_support_c.cpp.o[0m
[23.660s] [ 52%] [32mBuilding CXX object CMakeFiles/turtlesim__rosidl_typesupport_fastrtps_cpp.dir/rosidl_typesupport_fastrtps_cpp/turtlesim/srv/detail/dds_fastrtps/spawn__type_support.cpp.o[0m
[23.864s] [ 53%] [32mBuilding CXX object CMakeFiles/turtlesim__rosidl_typesupport_fastrtps_cpp.dir/rosidl_typesupport_fastrtps_cpp/turtlesim/srv/detail/dds_fastrtps/teleport_absolute__type_support.cpp.o[0m
[23.984s] [ 54%] [32mBuilding CXX object CMakeFiles/turtlesim__rosidl_typesupport_introspection_cpp.dir/rosidl_typesupport_introspection_cpp/turtlesim/srv/detail/set_pen__type_support.cpp.o[0m
[24.089s] [ 55%] [32mBuilding C object CMakeFiles/turtlesim__rosidl_typesupport_introspection_c.dir/rosidl_typesupport_introspection_c/turtlesim/srv/detail/teleport_absolute__type_support.c.o[0m
[24.511s] [ 56%] [32mBuilding C object CMakeFiles/turtlesim__rosidl_typesupport_introspection_c.dir/rosidl_typesupport_introspection_c/turtlesim/srv/detail/teleport_relative__type_support.c.o[0m
[25.002s] [ 57%] [32mBuilding CXX object CMakeFiles/turtlesim__rosidl_typesupport_introspection_cpp.dir/rosidl_typesupport_introspection_cpp/turtlesim/srv/detail/spawn__type_support.cpp.o[0m
[25.086s] [ 58%] [32m[1mLinking C shared library libturtlesim__rosidl_typesupport_introspection_c.so[0m
[25.393s] [ 59%] [32mBuilding CXX object CMakeFiles/turtlesim__rosidl_typesupport_fastrtps_c.dir/rosidl_typesupport_fastrtps_c/turtlesim/msg/detail/pose__type_support_c.cpp.o[0m
[25.770s] [ 60%] [32mBuilding CXX object CMakeFiles/turtlesim__rosidl_typesupport_introspection_cpp.dir/rosidl_typesupport_introspection_cpp/turtlesim/srv/detail/teleport_absolute__type_support.cpp.o[0m
[25.940s] [ 60%] Built target turtlesim__rosidl_typesupport_introspection_c
[26.160s] [ 61%] [32mBuilding CXX object CMakeFiles/turtlesim__rosidl_typesupport_fastrtps_c.dir/rosidl_typesupport_fastrtps_c/turtlesim/srv/detail/kill__type_support_c.cpp.o[0m
[26.527s] [ 62%] [32mBuilding CXX object CMakeFiles/turtlesim__rosidl_typesupport_introspection_cpp.dir/rosidl_typesupport_introspection_cpp/turtlesim/srv/detail/teleport_relative__type_support.cpp.o[0m
[26.597s] [ 63%] [32m[1mLinking CXX shared library libturtlesim__rosidl_typesupport_cpp.so[0m
[26.845s] [ 64%] [32mBuilding CXX object CMakeFiles/turtlesim__rosidl_typesupport_fastrtps_cpp.dir/rosidl_typesupport_fastrtps_cpp/turtlesim/srv/detail/dds_fastrtps/teleport_relative__type_support.cpp.o[0m
[27.424s] [ 64%] Built target turtlesim__rosidl_typesupport_cpp
[27.695s] [ 65%] [32mBuilding CXX object CMakeFiles/turtlesim__rosidl_typesupport_fastrtps_c.dir/rosidl_typesupport_fastrtps_c/turtlesim/srv/detail/set_pen__type_support_c.cpp.o[0m
[27.750s] [ 66%] [34m[1mGenerating include/turtlesim/moc_turtle_frame.cpp[0m
[27.907s] [ 67%] [32mBuilding CXX object CMakeFiles/turtlesim__rosidl_typesupport_fastrtps_c.dir/rosidl_typesupport_fastrtps_c/turtlesim/srv/detail/spawn__type_support_c.cpp.o[0m
[28.508s] [ 68%] [32mBuilding CXX object CMakeFiles/turtlesim_node.dir/src/turtlesim.cpp.o[0m
[28.626s] [ 69%] [32mBuilding CXX object CMakeFiles/turtlesim_node.dir/src/turtle.cpp.o[0m
[28.699s] [ 70%] [32mBuilding CXX object CMakeFiles/turtlesim__rosidl_typesupport_fastrtps_c.dir/rosidl_typesupport_fastrtps_c/turtlesim/srv/detail/teleport_absolute__type_support_c.cpp.o[0m
[29.022s] [ 71%] [32mBuilding CXX object CMakeFiles/turtle_teleop_key.dir/tutorials/teleop_turtle_key.cpp.o[0m
[29.252s] [ 72%] [32m[1mLinking CXX shared library libturtlesim__rosidl_typesupport_introspection_cpp.so[0m
[29.509s] [ 73%] [32m[1mLinking CXX shared library libturtlesim__rosidl_typesupport_fastrtps_cpp.so[0m
[29.605s] [ 74%] [32mBuilding CXX object CMakeFiles/turtlesim__rosidl_typesupport_fastrtps_c.dir/rosidl_typesupport_fastrtps_c/turtlesim/srv/detail/teleport_relative__type_support_c.cpp.o[0m
[29.882s] [ 75%] [32mBuilding CXX object CMakeFiles/turtlesim_node.dir/src/turtle_frame.cpp.o[0m
[29.914s] [ 75%] Built target turtlesim__rosidl_typesupport_introspection_cpp
[30.228s] [ 75%] Built target turtlesim__rosidl_typesupport_fastrtps_cpp
[30.290s] [ 76%] [32mBuilding CXX object CMakeFiles/draw_square.dir/tutorials/draw_square.cpp.o[0m
[30.370s] [ 77%] [32mBuilding CXX object CMakeFiles/turtlesim_node.dir/include/turtlesim/moc_turtle_frame.cpp.o[0m
[31.217s] [ 78%] [32mBuilding CXX object CMakeFiles/mimic.dir/tutorials/mimic.cpp.o[0m
[31.891s] [ 79%] [32m[1mLinking CXX shared library libturtlesim__rosidl_typesupport_fastrtps_c.so[0m
[32.869s] [ 79%] Built target turtlesim__rosidl_typesupport_fastrtps_c
[33.250s] [ 79%] Built target turtlesim
[33.735s] [ 80%] [34m[1mGenerating Python code for ROS interfaces[0m
[43.842s] [ 80%] Built target turtlesim__py
[44.301s] [ 81%] [32mBuilding C object CMakeFiles/turtlesim__rosidl_generator_py.dir/rosidl_generator_py/turtlesim/action/_rotate_absolute_s.c.o[0m
[46.230s] [ 82%] [32mBuilding C object CMakeFiles/turtlesim__rosidl_generator_py.dir/rosidl_generator_py/turtlesim/msg/_color_s.c.o[0m
[47.204s] [ 83%] [32mBuilding C object CMakeFiles/turtlesim__rosidl_generator_py.dir/rosidl_generator_py/turtlesim/msg/_pose_s.c.o[0m
[48.650s] [ 84%] [32mBuilding C object CMakeFiles/turtlesim__rosidl_generator_py.dir/rosidl_generator_py/turtlesim/srv/_kill_s.c.o[0m
[49.624s] [ 85%] [32mBuilding C object CMakeFiles/turtlesim__rosidl_generator_py.dir/rosidl_generator_py/turtlesim/srv/_set_pen_s.c.o[0m
[51.033s] [ 86%] [32mBuilding C object CMakeFiles/turtlesim__rosidl_generator_py.dir/rosidl_generator_py/turtlesim/srv/_spawn_s.c.o[0m
[52.106s] [ 87%] [32mBuilding C object CMakeFiles/turtlesim__rosidl_generator_py.dir/rosidl_generator_py/turtlesim/srv/_teleport_absolute_s.c.o[0m
[53.247s] [ 88%] [32mBuilding C object CMakeFiles/turtlesim__rosidl_generator_py.dir/rosidl_generator_py/turtlesim/srv/_teleport_relative_s.c.o[0m
[54.043s] [ 89%] [32m[1mLinking C shared library rosidl_generator_py/turtlesim/libturtlesim__rosidl_generator_py.so[0m
[54.731s] [ 89%] Built target turtlesim__rosidl_generator_py
[62.971s] [ 90%] [32m[1mLinking CXX executable turtle_teleop_key[0m
[64.923s] [ 90%] Built target turtle_teleop_key
[72.998s] [ 91%] [32m[1mLinking CXX executable mimic[0m
[73.572s] [ 92%] [32m[1mLinking CXX executable draw_square[0m
[75.777s] [ 92%] Built target mimic
[75.927s] [ 92%] Built target draw_square
[80.319s] [ 93%] [32m[1mLinking CXX executable turtlesim_node[0m
[90.084s] [ 93%] Built target turtlesim_node
[90.313s] [ 94%] [32mBuilding C object CMakeFiles/turtlesim__rosidl_typesupport_c__pyext.dir/rosidl_generator_py/turtlesim/_turtlesim_s.ep.rosidl_typesupport_c.c.o[0m
[91.108s] [ 95%] [32m[1mLinking C shared library rosidl_generator_py/turtlesim/turtlesim_s__rosidl_typesupport_c.cpython-310-x86_64-linux-gnu.so[0m
[91.420s] [ 95%] Built target turtlesim__rosidl_typesupport_c__pyext
[91.656s] [ 96%] [32mBuilding C object CMakeFiles/turtlesim__rosidl_typesupport_introspection_c__pyext.dir/rosidl_generator_py/turtlesim/_turtlesim_s.ep.rosidl_typesupport_introspection_c.c.o[0m
[92.517s] [ 97%] [32m[1mLinking C shared library rosidl_generator_py/turtlesim/turtlesim_s__rosidl_typesupport_introspection_c.cpython-310-x86_64-linux-gnu.so[0m
[92.808s] [ 97%] Built target turtlesim__rosidl_typesupport_introspection_c__pyext
[92.979s] [ 98%] [32mBuilding C object CMakeFiles/turtlesim__rosidl_typesupport_fastrtps_c__pyext.dir/rosidl_generator_py/turtlesim/_turtlesim_s.ep.rosidl_typesupport_fastrtps_c.c.o[0m
[93.763s] [100%] [32m[1mLinking C shared library rosidl_generator_py/turtlesim/turtlesim_s__rosidl_typesupport_fastrtps_c.cpython-310-x86_64-linux-gnu.so[0m
[94.068s] [100%] Built target turtlesim__rosidl_typesupport_fastrtps_c__pyext
[94.151s] Invoked command in '/home/stefano/Robomaster_WS/build/turtlesim' returned '0': CMAKE_PREFIX_PATH=${CMAKE_PREFIX_PATH}:/home/stefano/Robomaster_WS/install/robomaster_ros:/home/stefano/Robomaster_WS/install/robomaster_ir_publisher:/home/stefano/Robomaster_WS/install/camera_utils:/home/stefano/turtlebot3_ws/install/turtlebot3_teleop:/home/stefano/turtlebot3_ws/install/turtlebot3_example:/home/stefano/Webots_ros2/install/webots_ros2:/home/stefano/Webots_ros2/install/webots_ros2_universal_robot:/home/stefano/Webots_ros2/install/webots_ros2_turtlebot:/home/stefano/Webots_ros2/install/webots_ros2_tiago:/home/stefano/Webots_ros2/install/webots_ros2_tests:/home/stefano/Webots_ros2/install/webots_ros2_tesla:/home/stefano/Webots_ros2/install/webots_ros2_mavic:/home/stefano/Webots_ros2/install/webots_ros2_husarion:/home/stefano/Webots_ros2/install/webots_ros2_epuck:/home/stefano/Webots_ros2/install/webots_ros2_crazyflie:/home/stefano/Webots_ros2/install/webots_ros2_importer:/opt/ros/humble /usr/bin/cmake --build /home/stefano/Robomaster_WS/build/turtlesim -- -j8 -l8
[94.162s] Invoking command in '/home/stefano/Robomaster_WS/build/turtlesim': CMAKE_PREFIX_PATH=${CMAKE_PREFIX_PATH}:/home/stefano/Robomaster_WS/install/robomaster_ros:/home/stefano/Robomaster_WS/install/robomaster_ir_publisher:/home/stefano/Robomaster_WS/install/camera_utils:/home/stefano/turtlebot3_ws/install/turtlebot3_teleop:/home/stefano/turtlebot3_ws/install/turtlebot3_example:/home/stefano/Webots_ros2/install/webots_ros2:/home/stefano/Webots_ros2/install/webots_ros2_universal_robot:/home/stefano/Webots_ros2/install/webots_ros2_turtlebot:/home/stefano/Webots_ros2/install/webots_ros2_tiago:/home/stefano/Webots_ros2/install/webots_ros2_tests:/home/stefano/Webots_ros2/install/webots_ros2_tesla:/home/stefano/Webots_ros2/install/webots_ros2_mavic:/home/stefano/Webots_ros2/install/webots_ros2_husarion:/home/stefano/Webots_ros2/install/webots_ros2_epuck:/home/stefano/Webots_ros2/install/webots_ros2_crazyflie:/home/stefano/Webots_ros2/install/webots_ros2_importer:/opt/ros/humble /usr/bin/cmake --install /home/stefano/Robomaster_WS/build/turtlesim
[94.209s] -- Install configuration: ""
[94.209s] -- Installing: /home/stefano/Robomaster_WS/install/turtlesim/share/ament_index/resource_index/rosidl_interfaces/turtlesim
[94.211s] -- Installing: /home/stefano/Robomaster_WS/install/turtlesim/include/turtlesim/turtlesim
[94.211s] -- Installing: /home/stefano/Robomaster_WS/install/turtlesim/include/turtlesim/turtlesim/srv
[94.211s] -- Installing: /home/stefano/Robomaster_WS/install/turtlesim/include/turtlesim/turtlesim/srv/spawn.h
[94.212s] -- Installing: /home/stefano/Robomaster_WS/install/turtlesim/include/turtlesim/turtlesim/srv/kill.h
[94.213s] -- Installing: /home/stefano/Robomaster_WS/install/turtlesim/include/turtlesim/turtlesim/srv/detail
[94.213s] -- Installing: /home/stefano/Robomaster_WS/install/turtlesim/include/turtlesim/turtlesim/srv/detail/teleport_absolute__struct.h
[94.215s] -- Installing: /home/stefano/Robomaster_WS/install/turtlesim/include/turtlesim/turtlesim/srv/detail/set_pen__struct.h
[94.215s] -- Installing: /home/stefano/Robomaster_WS/install/turtlesim/include/turtlesim/turtlesim/srv/detail/teleport_relative__functions.h
[94.216s] -- Installing: /home/stefano/Robomaster_WS/install/turtlesim/include/turtlesim/turtlesim/srv/detail/set_pen__type_support.h
[94.217s] -- Installing: /home/stefano/Robomaster_WS/install/turtlesim/include/turtlesim/turtlesim/srv/detail/set_pen__functions.c
[94.217s] -- Installing: /home/stefano/Robomaster_WS/install/turtlesim/include/turtlesim/turtlesim/srv/detail/teleport_absolute__type_support.h
[94.217s] -- Installing: /home/stefano/Robomaster_WS/install/turtlesim/include/turtlesim/turtlesim/srv/detail/teleport_absolute__functions.c
[94.218s] -- Installing: /home/stefano/Robomaster_WS/install/turtlesim/include/turtlesim/turtlesim/srv/detail/kill__type_support.h
[94.223s] -- Installing: /home/stefano/Robomaster_WS/install/turtlesim/include/turtlesim/turtlesim/srv/detail/teleport_absolute__functions.h
[94.224s] -- Installing: /home/stefano/Robomaster_WS/install/turtlesim/include/turtlesim/turtlesim/srv/detail/set_pen__functions.h
[94.224s] -- Installing: /home/stefano/Robomaster_WS/install/turtlesim/include/turtlesim/turtlesim/srv/detail/teleport_relative__functions.c
[94.224s] -- Installing: /home/stefano/Robomaster_WS/install/turtlesim/include/turtlesim/turtlesim/srv/detail/teleport_relative__struct.h
[94.224s] -- Installing: /home/stefano/Robomaster_WS/install/turtlesim/include/turtlesim/turtlesim/srv/detail/spawn__type_support.h
[94.225s] -- Installing: /home/stefano/Robomaster_WS/install/turtlesim/include/turtlesim/turtlesim/srv/detail/spawn__functions.c
[94.226s] -- Installing: /home/stefano/Robomaster_WS/install/turtlesim/include/turtlesim/turtlesim/srv/detail/kill__functions.c
[94.227s] -- Installing: /home/stefano/Robomaster_WS/install/turtlesim/include/turtlesim/turtlesim/srv/detail/spawn__struct.h
[94.229s] -- Installing: /home/stefano/Robomaster_WS/install/turtlesim/include/turtlesim/turtlesim/srv/detail/kill__functions.h
[94.232s] -- Installing: /home/stefano/Robomaster_WS/install/turtlesim/include/turtlesim/turtlesim/srv/detail/teleport_relative__type_support.h
[94.232s] -- Installing: /home/stefano/Robomaster_WS/install/turtlesim/include/turtlesim/turtlesim/srv/detail/spawn__functions.h
[94.234s] -- Installing: /home/stefano/Robomaster_WS/install/turtlesim/include/turtlesim/turtlesim/srv/detail/kill__struct.h
[94.239s] -- Installing: /home/stefano/Robomaster_WS/install/turtlesim/include/turtlesim/turtlesim/srv/teleport_relative.h
[94.240s] -- Installing: /home/stefano/Robomaster_WS/install/turtlesim/include/turtlesim/turtlesim/srv/teleport_absolute.h
[94.242s] -- Installing: /home/stefano/Robomaster_WS/install/turtlesim/include/turtlesim/turtlesim/srv/set_pen.h
[94.244s] -- Installing: /home/stefano/Robomaster_WS/install/turtlesim/include/turtlesim/turtlesim/msg
[94.245s] -- Installing: /home/stefano/Robomaster_WS/install/turtlesim/include/turtlesim/turtlesim/msg/detail
[94.245s] -- Installing: /home/stefano/Robomaster_WS/install/turtlesim/include/turtlesim/turtlesim/msg/detail/color__functions.c
[94.245s] -- Installing: /home/stefano/Robomaster_WS/install/turtlesim/include/turtlesim/turtlesim/msg/detail/color__functions.h
[94.247s] -- Installing: /home/stefano/Robomaster_WS/install/turtlesim/include/turtlesim/turtlesim/msg/detail/color__type_support.h
[94.248s] -- Installing: /home/stefano/Robomaster_WS/install/turtlesim/include/turtlesim/turtlesim/msg/detail/pose__type_support.h
[94.249s] -- Installing: /home/stefano/Robomaster_WS/install/turtlesim/include/turtlesim/turtlesim/msg/detail/color__struct.h
[94.250s] -- Installing: /home/stefano/Robomaster_WS/install/turtlesim/include/turtlesim/turtlesim/msg/detail/pose__functions.h
[94.251s] -- Installing: /home/stefano/Robomaster_WS/install/turtlesim/include/turtlesim/turtlesim/msg/detail/pose__functions.c
[94.252s] -- Installing: /home/stefano/Robomaster_WS/install/turtlesim/include/turtlesim/turtlesim/msg/detail/pose__struct.h
[94.253s] -- Installing: /home/stefano/Robomaster_WS/install/turtlesim/include/turtlesim/turtlesim/msg/rosidl_generator_c__visibility_control.h
[94.255s] -- Installing: /home/stefano/Robomaster_WS/install/turtlesim/include/turtlesim/turtlesim/msg/pose.h
[94.255s] -- Installing: /home/stefano/Robomaster_WS/install/turtlesim/include/turtlesim/turtlesim/msg/color.h
[94.257s] -- Installing: /home/stefano/Robomaster_WS/install/turtlesim/include/turtlesim/turtlesim/action
[94.258s] -- Installing: /home/stefano/Robomaster_WS/install/turtlesim/include/turtlesim/turtlesim/action/detail
[94.259s] -- Installing: /home/stefano/Robomaster_WS/install/turtlesim/include/turtlesim/turtlesim/action/detail/rotate_absolute__struct.h
[94.261s] -- Installing: /home/stefano/Robomaster_WS/install/turtlesim/include/turtlesim/turtlesim/action/detail/rotate_absolute__functions.c
[94.263s] -- Installing: /home/stefano/Robomaster_WS/install/turtlesim/include/turtlesim/turtlesim/action/detail/rotate_absolute__functions.h
[94.265s] -- Installing: /home/stefano/Robomaster_WS/install/turtlesim/include/turtlesim/turtlesim/action/detail/rotate_absolute__type_support.h
[94.265s] -- Installing: /home/stefano/Robomaster_WS/install/turtlesim/include/turtlesim/turtlesim/action/rotate_absolute.h
[94.270s] -- Installing: /home/stefano/Robomaster_WS/install/turtlesim/share/turtlesim/environment/library_path.sh
[94.272s] -- Installing: /home/stefano/Robomaster_WS/install/turtlesim/share/turtlesim/environment/library_path.dsv
[94.273s] -- Installing: /home/stefano/Robomaster_WS/install/turtlesim/lib/libturtlesim__rosidl_generator_c.so
[94.274s] -- Set runtime path of "/home/stefano/Robomaster_WS/install/turtlesim/lib/libturtlesim__rosidl_generator_c.so" to ""
[94.276s] -- Up-to-date: /home/stefano/Robomaster_WS/install/turtlesim/include/turtlesim/turtlesim
[94.276s] -- Up-to-date: /home/stefano/Robomaster_WS/install/turtlesim/include/turtlesim/turtlesim/srv
[94.277s] -- Up-to-date: /home/stefano/Robomaster_WS/install/turtlesim/include/turtlesim/turtlesim/srv/detail
[94.277s] -- Installing: /home/stefano/Robomaster_WS/install/turtlesim/include/turtlesim/turtlesim/srv/detail/teleport_relative__rosidl_typesupport_fastrtps_c.h
[94.278s] -- Installing: /home/stefano/Robomaster_WS/install/turtlesim/include/turtlesim/turtlesim/srv/detail/teleport_absolute__rosidl_typesupport_fastrtps_c.h
[94.279s] -- Installing: /home/stefano/Robomaster_WS/install/turtlesim/include/turtlesim/turtlesim/srv/detail/set_pen__rosidl_typesupport_fastrtps_c.h
[94.280s] -- Installing: /home/stefano/Robomaster_WS/install/turtlesim/include/turtlesim/turtlesim/srv/detail/kill__rosidl_typesupport_fastrtps_c.h
[94.281s] -- Installing: /home/stefano/Robomaster_WS/install/turtlesim/include/turtlesim/turtlesim/srv/detail/spawn__rosidl_typesupport_fastrtps_c.h
[94.282s] -- Up-to-date: /home/stefano/Robomaster_WS/install/turtlesim/include/turtlesim/turtlesim/msg
[94.283s] -- Up-to-date: /home/stefano/Robomaster_WS/install/turtlesim/include/turtlesim/turtlesim/msg/detail
[94.283s] -- Installing: /home/stefano/Robomaster_WS/install/turtlesim/include/turtlesim/turtlesim/msg/detail/color__rosidl_typesupport_fastrtps_c.h
[94.284s] -- Installing: /home/stefano/Robomaster_WS/install/turtlesim/include/turtlesim/turtlesim/msg/detail/pose__rosidl_typesupport_fastrtps_c.h
[94.285s] -- Installing: /home/stefano/Robomaster_WS/install/turtlesim/include/turtlesim/turtlesim/msg/rosidl_typesupport_fastrtps_c__visibility_control.h
[94.286s] -- Up-to-date: /home/stefano/Robomaster_WS/install/turtlesim/include/turtlesim/turtlesim/action
[94.286s] -- Up-to-date: /home/stefano/Robomaster_WS/install/turtlesim/include/turtlesim/turtlesim/action/detail
[94.287s] -- Installing: /home/stefano/Robomaster_WS/install/turtlesim/include/turtlesim/turtlesim/action/detail/rotate_absolute__rosidl_typesupport_fastrtps_c.h
[94.292s] -- Installing: /home/stefano/Robomaster_WS/install/turtlesim/lib/libturtlesim__rosidl_typesupport_fastrtps_c.so
[94.295s] -- Set runtime path of "/home/stefano/Robomaster_WS/install/turtlesim/lib/libturtlesim__rosidl_typesupport_fastrtps_c.so" to ""
[94.295s] -- Up-to-date: /home/stefano/Robomaster_WS/install/turtlesim/include/turtlesim/turtlesim
[94.296s] -- Up-to-date: /home/stefano/Robomaster_WS/install/turtlesim/include/turtlesim/turtlesim/srv
[94.296s] -- Installing: /home/stefano/Robomaster_WS/install/turtlesim/include/turtlesim/turtlesim/srv/teleport_absolute.hpp
[94.297s] -- Installing: /home/stefano/Robomaster_WS/install/turtlesim/include/turtlesim/turtlesim/srv/set_pen.hpp
[94.298s] -- Up-to-date: /home/stefano/Robomaster_WS/install/turtlesim/include/turtlesim/turtlesim/srv/detail
[94.298s] -- Installing: /home/stefano/Robomaster_WS/install/turtlesim/include/turtlesim/turtlesim/srv/detail/teleport_absolute__struct.hpp
[94.299s] -- Installing: /home/stefano/Robomaster_WS/install/turtlesim/include/turtlesim/turtlesim/srv/detail/set_pen__builder.hpp
[94.300s] -- Installing: /home/stefano/Robomaster_WS/install/turtlesim/include/turtlesim/turtlesim/srv/detail/teleport_absolute__builder.hpp
[94.300s] -- Installing: /home/stefano/Robomaster_WS/install/turtlesim/include/turtlesim/turtlesim/srv/detail/teleport_relative__struct.hpp
[94.301s] -- Installing: /home/stefano/Robomaster_WS/install/turtlesim/include/turtlesim/turtlesim/srv/detail/set_pen__type_support.hpp
[94.302s] -- Installing: /home/stefano/Robomaster_WS/install/turtlesim/include/turtlesim/turtlesim/srv/detail/kill__type_support.hpp
[94.303s] -- Installing: /home/stefano/Robomaster_WS/install/turtlesim/include/turtlesim/turtlesim/srv/detail/teleport_relative__type_support.hpp
[94.305s] -- Installing: /home/stefano/Robomaster_WS/install/turtlesim/include/turtlesim/turtlesim/srv/detail/set_pen__struct.hpp
[94.305s] -- Installing: /home/stefano/Robomaster_WS/install/turtlesim/include/turtlesim/turtlesim/srv/detail/kill__traits.hpp
[94.308s] -- Installing: /home/stefano/Robomaster_WS/install/turtlesim/include/turtlesim/turtlesim/srv/detail/teleport_absolute__type_support.hpp
[94.308s] -- Installing: /home/stefano/Robomaster_WS/install/turtlesim/include/turtlesim/turtlesim/srv/detail/spawn__builder.hpp
[94.309s] -- Installing: /home/stefano/Robomaster_WS/install/turtlesim/include/turtlesim/turtlesim/srv/detail/teleport_relative__traits.hpp
[94.309s] -- Installing: /home/stefano/Robomaster_WS/install/turtlesim/include/turtlesim/turtlesim/srv/detail/kill__struct.hpp
[94.310s] -- Installing: /home/stefano/Robomaster_WS/install/turtlesim/include/turtlesim/turtlesim/srv/detail/teleport_relative__builder.hpp
[94.310s] -- Installing: /home/stefano/Robomaster_WS/install/turtlesim/include/turtlesim/turtlesim/srv/detail/spawn__struct.hpp
[94.314s] -- Installing: /home/stefano/Robomaster_WS/install/turtlesim/include/turtlesim/turtlesim/srv/detail/spawn__type_support.hpp
[94.315s] -- Installing: /home/stefano/Robomaster_WS/install/turtlesim/include/turtlesim/turtlesim/srv/detail/spawn__traits.hpp
[94.316s] -- Installing: /home/stefano/Robomaster_WS/install/turtlesim/include/turtlesim/turtlesim/srv/detail/kill__builder.hpp
[94.316s] -- Installing: /home/stefano/Robomaster_WS/install/turtlesim/include/turtlesim/turtlesim/srv/detail/teleport_absolute__traits.hpp
[94.316s] -- Installing: /home/stefano/Robomaster_WS/install/turtlesim/include/turtlesim/turtlesim/srv/detail/set_pen__traits.hpp
[94.317s] -- Installing: /home/stefano/Robomaster_WS/install/turtlesim/include/turtlesim/turtlesim/srv/spawn.hpp
[94.317s] -- Installing: /home/stefano/Robomaster_WS/install/turtlesim/include/turtlesim/turtlesim/srv/teleport_relative.hpp
[94.317s] -- Installing: /home/stefano/Robomaster_WS/install/turtlesim/include/turtlesim/turtlesim/srv/kill.hpp
[94.318s] -- Up-to-date: /home/stefano/Robomaster_WS/install/turtlesim/include/turtlesim/turtlesim/msg
[94.318s] -- Installing: /home/stefano/Robomaster_WS/install/turtlesim/include/turtlesim/turtlesim/msg/color.hpp
[94.318s] -- Installing: /home/stefano/Robomaster_WS/install/turtlesim/include/turtlesim/turtlesim/msg/pose.hpp
[94.319s] -- Up-to-date: /home/stefano/Robomaster_WS/install/turtlesim/include/turtlesim/turtlesim/msg/detail
[94.319s] -- Installing: /home/stefano/Robomaster_WS/install/turtlesim/include/turtlesim/turtlesim/msg/detail/color__traits.hpp
[94.320s] -- Installing: /home/stefano/Robomaster_WS/install/turtlesim/include/turtlesim/turtlesim/msg/detail/pose__type_support.hpp
[94.321s] -- Installing: /home/stefano/Robomaster_WS/install/turtlesim/include/turtlesim/turtlesim/msg/detail/pose__builder.hpp
[94.321s] -- Installing: /home/stefano/Robomaster_WS/install/turtlesim/include/turtlesim/turtlesim/msg/detail/color__builder.hpp
[94.321s] -- Installing: /home/stefano/Robomaster_WS/install/turtlesim/include/turtlesim/turtlesim/msg/detail/pose__traits.hpp
[94.322s] -- Installing: /home/stefano/Robomaster_WS/install/turtlesim/include/turtlesim/turtlesim/msg/detail/pose__struct.hpp
[94.323s] -- Installing: /home/stefano/Robomaster_WS/install/turtlesim/include/turtlesim/turtlesim/msg/detail/color__type_support.hpp
[94.324s] -- Installing: /home/stefano/Robomaster_WS/install/turtlesim/include/turtlesim/turtlesim/msg/detail/color__struct.hpp
[94.326s] -- Installing: /home/stefano/Robomaster_WS/install/turtlesim/include/turtlesim/turtlesim/msg/rosidl_generator_cpp__visibility_control.hpp
[94.327s] -- Up-to-date: /home/stefano/Robomaster_WS/install/turtlesim/include/turtlesim/turtlesim/action
[94.327s] -- Up-to-date: /home/stefano/Robomaster_WS/install/turtlesim/include/turtlesim/turtlesim/action/detail
[94.327s] -- Installing: /home/stefano/Robomaster_WS/install/turtlesim/include/turtlesim/turtlesim/action/detail/rotate_absolute__builder.hpp
[94.328s] -- Installing: /home/stefano/Robomaster_WS/install/turtlesim/include/turtlesim/turtlesim/action/detail/rotate_absolute__type_support.hpp
[94.329s] -- Installing: /home/stefano/Robomaster_WS/install/turtlesim/include/turtlesim/turtlesim/action/detail/rotate_absolute__traits.hpp
[94.331s] -- Installing: /home/stefano/Robomaster_WS/install/turtlesim/include/turtlesim/turtlesim/action/detail/rotate_absolute__struct.hpp
[94.331s] -- Installing: /home/stefano/Robomaster_WS/install/turtlesim/include/turtlesim/turtlesim/action/rotate_absolute.hpp
[94.332s] -- Up-to-date: /home/stefano/Robomaster_WS/install/turtlesim/include/turtlesim/turtlesim
[94.333s] -- Up-to-date: /home/stefano/Robomaster_WS/install/turtlesim/include/turtlesim/turtlesim/srv
[94.334s] -- Up-to-date: /home/stefano/Robomaster_WS/install/turtlesim/include/turtlesim/turtlesim/srv/detail
[94.334s] -- Installing: /home/stefano/Robomaster_WS/install/turtlesim/include/turtlesim/turtlesim/srv/detail/teleport_relative__rosidl_typesupport_fastrtps_cpp.hpp
[94.336s] -- Installing: /home/stefano/Robomaster_WS/install/turtlesim/include/turtlesim/turtlesim/srv/detail/teleport_absolute__rosidl_typesupport_fastrtps_cpp.hpp
[94.340s] -- Installing: /home/stefano/Robomaster_WS/install/turtlesim/include/turtlesim/turtlesim/srv/detail/set_pen__rosidl_typesupport_fastrtps_cpp.hpp
[94.340s] -- Installing: /home/stefano/Robomaster_WS/install/turtlesim/include/turtlesim/turtlesim/srv/detail/spawn__rosidl_typesupport_fastrtps_cpp.hpp
[94.341s] -- Installing: /home/stefano/Robomaster_WS/install/turtlesim/include/turtlesim/turtlesim/srv/detail/kill__rosidl_typesupport_fastrtps_cpp.hpp
[94.343s] -- Installing: /home/stefano/Robomaster_WS/install/turtlesim/include/turtlesim/turtlesim/srv/detail/dds_fastrtps
[94.344s] -- Up-to-date: /home/stefano/Robomaster_WS/install/turtlesim/include/turtlesim/turtlesim/msg
[94.344s] -- Up-to-date: /home/stefano/Robomaster_WS/install/turtlesim/include/turtlesim/turtlesim/msg/detail
[94.344s] -- Installing: /home/stefano/Robomaster_WS/install/turtlesim/include/turtlesim/turtlesim/msg/detail/pose__rosidl_typesupport_fastrtps_cpp.hpp
[94.345s] -- Installing: /home/stefano/Robomaster_WS/install/turtlesim/include/turtlesim/turtlesim/msg/detail/color__rosidl_typesupport_fastrtps_cpp.hpp
[94.346s] -- Installing: /home/stefano/Robomaster_WS/install/turtlesim/include/turtlesim/turtlesim/msg/detail/dds_fastrtps
[94.346s] -- Installing: /home/stefano/Robomaster_WS/install/turtlesim/include/turtlesim/turtlesim/msg/rosidl_typesupport_fastrtps_cpp__visibility_control.h
[94.347s] -- Up-to-date: /home/stefano/Robomaster_WS/install/turtlesim/include/turtlesim/turtlesim/action
[94.349s] -- Up-to-date: /home/stefano/Robomaster_WS/install/turtlesim/include/turtlesim/turtlesim/action/detail
[94.349s] -- Installing: /home/stefano/Robomaster_WS/install/turtlesim/include/turtlesim/turtlesim/action/detail/rotate_absolute__rosidl_typesupport_fastrtps_cpp.hpp
[94.350s] -- Installing: /home/stefano/Robomaster_WS/install/turtlesim/include/turtlesim/turtlesim/action/detail/dds_fastrtps
[94.350s] -- Installing: /home/stefano/Robomaster_WS/install/turtlesim/lib/libturtlesim__rosidl_typesupport_fastrtps_cpp.so
[94.358s] -- Set runtime path of "/home/stefano/Robomaster_WS/install/turtlesim/lib/libturtlesim__rosidl_typesupport_fastrtps_cpp.so" to ""
[94.360s] -- Up-to-date: /home/stefano/Robomaster_WS/install/turtlesim/include/turtlesim/turtlesim
[94.360s] -- Up-to-date: /home/stefano/Robomaster_WS/install/turtlesim/include/turtlesim/turtlesim/srv
[94.362s] -- Up-to-date: /home/stefano/Robomaster_WS/install/turtlesim/include/turtlesim/turtlesim/srv/detail
[94.363s] -- Installing: /home/stefano/Robomaster_WS/install/turtlesim/include/turtlesim/turtlesim/srv/detail/teleport_relative__rosidl_typesupport_introspection_c.h
[94.363s] -- Installing: /home/stefano/Robomaster_WS/install/turtlesim/include/turtlesim/turtlesim/srv/detail/spawn__type_support.c
[94.363s] -- Installing: /home/stefano/Robomaster_WS/install/turtlesim/include/turtlesim/turtlesim/srv/detail/teleport_relative__type_support.c
[94.363s] -- Installing: /home/stefano/Robomaster_WS/install/turtlesim/include/turtlesim/turtlesim/srv/detail/teleport_absolute__type_support.c
[94.365s] -- Installing: /home/stefano/Robomaster_WS/install/turtlesim/include/turtlesim/turtlesim/srv/detail/spawn__rosidl_typesupport_introspection_c.h
[94.365s] -- Installing: /home/stefano/Robomaster_WS/install/turtlesim/include/turtlesim/turtlesim/srv/detail/kill__rosidl_typesupport_introspection_c.h
[94.365s] -- Installing: /home/stefano/Robomaster_WS/install/turtlesim/include/turtlesim/turtlesim/srv/detail/set_pen__type_support.c
[94.366s] -- Installing: /home/stefano/Robomaster_WS/install/turtlesim/include/turtlesim/turtlesim/srv/detail/kill__type_support.c
[94.367s] -- Installing: /home/stefano/Robomaster_WS/install/turtlesim/include/turtlesim/turtlesim/srv/detail/set_pen__rosidl_typesupport_introspection_c.h
[94.367s] -- Installing: /home/stefano/Robomaster_WS/install/turtlesim/include/turtlesim/turtlesim/srv/detail/teleport_absolute__rosidl_typesupport_introspection_c.h
[94.368s] -- Up-to-date: /home/stefano/Robomaster_WS/install/turtlesim/include/turtlesim/turtlesim/msg
[94.368s] -- Up-to-date: /home/stefano/Robomaster_WS/install/turtlesim/include/turtlesim/turtlesim/msg/detail
[94.369s] -- Installing: /home/stefano/Robomaster_WS/install/turtlesim/include/turtlesim/turtlesim/msg/detail/color__rosidl_typesupport_introspection_c.h
[94.369s] -- Installing: /home/stefano/Robomaster_WS/install/turtlesim/include/turtlesim/turtlesim/msg/detail/color__type_support.c
[94.369s] -- Installing: /home/stefano/Robomaster_WS/install/turtlesim/include/turtlesim/turtlesim/msg/detail/pose__rosidl_typesupport_introspection_c.h
[94.371s] -- Installing: /home/stefano/Robomaster_WS/install/turtlesim/include/turtlesim/turtlesim/msg/detail/pose__type_support.c
[94.371s] -- Installing: /home/stefano/Robomaster_WS/install/turtlesim/include/turtlesim/turtlesim/msg/rosidl_typesupport_introspection_c__visibility_control.h
[94.372s] -- Up-to-date: /home/stefano/Robomaster_WS/install/turtlesim/include/turtlesim/turtlesim/action
[94.373s] -- Up-to-date: /home/stefano/Robomaster_WS/install/turtlesim/include/turtlesim/turtlesim/action/detail
[94.373s] -- Installing: /home/stefano/Robomaster_WS/install/turtlesim/include/turtlesim/turtlesim/action/detail/rotate_absolute__rosidl_typesupport_introspection_c.h
[94.374s] -- Installing: /home/stefano/Robomaster_WS/install/turtlesim/include/turtlesim/turtlesim/action/detail/rotate_absolute__type_support.c
[94.374s] -- Installing: /home/stefano/Robomaster_WS/install/turtlesim/lib/libturtlesim__rosidl_typesupport_introspection_c.so
[94.380s] -- Set runtime path of "/home/stefano/Robomaster_WS/install/turtlesim/lib/libturtlesim__rosidl_typesupport_introspection_c.so" to ""
[94.380s] -- Installing: /home/stefano/Robomaster_WS/install/turtlesim/lib/libturtlesim__rosidl_typesupport_c.so
[94.385s] -- Set runtime path of "/home/stefano/Robomaster_WS/install/turtlesim/lib/libturtlesim__rosidl_typesupport_c.so" to ""
[94.385s] -- Up-to-date: /home/stefano/Robomaster_WS/install/turtlesim/include/turtlesim/turtlesim
[94.386s] -- Up-to-date: /home/stefano/Robomaster_WS/install/turtlesim/include/turtlesim/turtlesim/srv
[94.386s] -- Up-to-date: /home/stefano/Robomaster_WS/install/turtlesim/include/turtlesim/turtlesim/srv/detail
[94.386s] -- Installing: /home/stefano/Robomaster_WS/install/turtlesim/include/turtlesim/turtlesim/srv/detail/kill__type_support.cpp
[94.389s] -- Installing: /home/stefano/Robomaster_WS/install/turtlesim/include/turtlesim/turtlesim/srv/detail/teleport_relative__rosidl_typesupport_introspection_cpp.hpp
[94.389s] -- Installing: /home/stefano/Robomaster_WS/install/turtlesim/include/turtlesim/turtlesim/srv/detail/teleport_absolute__type_support.cpp
[94.389s] -- Installing: /home/stefano/Robomaster_WS/install/turtlesim/include/turtlesim/turtlesim/srv/detail/kill__rosidl_typesupport_introspection_cpp.hpp
[94.389s] -- Installing: /home/stefano/Robomaster_WS/install/turtlesim/include/turtlesim/turtlesim/srv/detail/spawn__type_support.cpp
[94.390s] -- Installing: /home/stefano/Robomaster_WS/install/turtlesim/include/turtlesim/turtlesim/srv/detail/set_pen__type_support.cpp
[94.392s] -- Installing: /home/stefano/Robomaster_WS/install/turtlesim/include/turtlesim/turtlesim/srv/detail/teleport_relative__type_support.cpp
[94.392s] -- Installing: /home/stefano/Robomaster_WS/install/turtlesim/include/turtlesim/turtlesim/srv/detail/spawn__rosidl_typesupport_introspection_cpp.hpp
[94.392s] -- Installing: /home/stefano/Robomaster_WS/install/turtlesim/include/turtlesim/turtlesim/srv/detail/teleport_absolute__rosidl_typesupport_introspection_cpp.hpp
[94.395s] -- Installing: /home/stefano/Robomaster_WS/install/turtlesim/include/turtlesim/turtlesim/srv/detail/set_pen__rosidl_typesupport_introspection_cpp.hpp
[94.395s] -- Up-to-date: /home/stefano/Robomaster_WS/install/turtlesim/include/turtlesim/turtlesim/msg
[94.395s] -- Up-to-date: /home/stefano/Robomaster_WS/install/turtlesim/include/turtlesim/turtlesim/msg/detail
[94.395s] -- Installing: /home/stefano/Robomaster_WS/install/turtlesim/include/turtlesim/turtlesim/msg/detail/color__type_support.cpp
[94.397s] -- Installing: /home/stefano/Robomaster_WS/install/turtlesim/include/turtlesim/turtlesim/msg/detail/pose__rosidl_typesupport_introspection_cpp.hpp
[94.397s] -- Installing: /home/stefano/Robomaster_WS/install/turtlesim/include/turtlesim/turtlesim/msg/detail/color__rosidl_typesupport_introspection_cpp.hpp
[94.398s] -- Installing: /home/stefano/Robomaster_WS/install/turtlesim/include/turtlesim/turtlesim/msg/detail/pose__type_support.cpp
[94.399s] -- Up-to-date: /home/stefano/Robomaster_WS/install/turtlesim/include/turtlesim/turtlesim/action
[94.400s] -- Up-to-date: /home/stefano/Robomaster_WS/install/turtlesim/include/turtlesim/turtlesim/action/detail
[94.404s] -- Installing: /home/stefano/Robomaster_WS/install/turtlesim/include/turtlesim/turtlesim/action/detail/rotate_absolute__type_support.cpp
[94.407s] -- Installing: /home/stefano/Robomaster_WS/install/turtlesim/include/turtlesim/turtlesim/action/detail/rotate_absolute__rosidl_typesupport_introspection_cpp.hpp
[94.407s] -- Installing: /home/stefano/Robomaster_WS/install/turtlesim/lib/libturtlesim__rosidl_typesupport_introspection_cpp.so
[94.408s] -- Set runtime path of "/home/stefano/Robomaster_WS/install/turtlesim/lib/libturtlesim__rosidl_typesupport_introspection_cpp.so" to ""
[94.408s] -- Installing: /home/stefano/Robomaster_WS/install/turtlesim/lib/libturtlesim__rosidl_typesupport_cpp.so
[94.413s] -- Set runtime path of "/home/stefano/Robomaster_WS/install/turtlesim/lib/libturtlesim__rosidl_typesupport_cpp.so" to ""
[94.413s] -- Installing: /home/stefano/Robomaster_WS/install/turtlesim/share/turtlesim/environment/pythonpath.sh
[94.414s] -- Installing: /home/stefano/Robomaster_WS/install/turtlesim/share/turtlesim/environment/pythonpath.dsv
[94.415s] -- Installing: /home/stefano/Robomaster_WS/install/turtlesim/local/lib/python3.10/dist-packages/turtlesim-1.4.2-py3.10.egg-info
[94.416s] -- Installing: /home/stefano/Robomaster_WS/install/turtlesim/local/lib/python3.10/dist-packages/turtlesim-1.4.2-py3.10.egg-info/SOURCES.txt
[94.417s] -- Installing: /home/stefano/Robomaster_WS/install/turtlesim/local/lib/python3.10/dist-packages/turtlesim-1.4.2-py3.10.egg-info/dependency_links.txt
[94.418s] -- Installing: /home/stefano/Robomaster_WS/install/turtlesim/local/lib/python3.10/dist-packages/turtlesim-1.4.2-py3.10.egg-info/top_level.txt
[94.419s] -- Installing: /home/stefano/Robomaster_WS/install/turtlesim/local/lib/python3.10/dist-packages/turtlesim-1.4.2-py3.10.egg-info/PKG-INFO
[94.421s] -- Installing: /home/stefano/Robomaster_WS/install/turtlesim/local/lib/python3.10/dist-packages/turtlesim
[94.421s] -- Installing: /home/stefano/Robomaster_WS/install/turtlesim/local/lib/python3.10/dist-packages/turtlesim/libturtlesim__rosidl_generator_py.so
[94.426s] -- Installing: /home/stefano/Robomaster_WS/install/turtlesim/local/lib/python3.10/dist-packages/turtlesim/srv
[94.426s] -- Installing: /home/stefano/Robomaster_WS/install/turtlesim/local/lib/python3.10/dist-packages/turtlesim/srv/_teleport_absolute.py
[94.427s] -- Installing: /home/stefano/Robomaster_WS/install/turtlesim/local/lib/python3.10/dist-packages/turtlesim/srv/_spawn_s.c
[94.427s] -- Installing: /home/stefano/Robomaster_WS/install/turtlesim/local/lib/python3.10/dist-packages/turtlesim/srv/_kill.py
[94.429s] -- Installing: /home/stefano/Robomaster_WS/install/turtlesim/local/lib/python3.10/dist-packages/turtlesim/srv/_kill_s.c
[94.430s] -- Installing: /home/stefano/Robomaster_WS/install/turtlesim/local/lib/python3.10/dist-packages/turtlesim/srv/_teleport_absolute_s.c
[94.430s] -- Installing: /home/stefano/Robomaster_WS/install/turtlesim/local/lib/python3.10/dist-packages/turtlesim/srv/_set_pen.py
[94.431s] -- Installing: /home/stefano/Robomaster_WS/install/turtlesim/local/lib/python3.10/dist-packages/turtlesim/srv/_teleport_relative.py
[94.432s] -- Installing: /home/stefano/Robomaster_WS/install/turtlesim/local/lib/python3.10/dist-packages/turtlesim/srv/_spawn.py
[94.433s] -- Installing: /home/stefano/Robomaster_WS/install/turtlesim/local/lib/python3.10/dist-packages/turtlesim/srv/__init__.py
[94.434s] -- Installing: /home/stefano/Robomaster_WS/install/turtlesim/local/lib/python3.10/dist-packages/turtlesim/srv/_set_pen_s.c
[94.435s] -- Installing: /home/stefano/Robomaster_WS/install/turtlesim/local/lib/python3.10/dist-packages/turtlesim/srv/_teleport_relative_s.c
[94.437s] -- Installing: /home/stefano/Robomaster_WS/install/turtlesim/local/lib/python3.10/dist-packages/turtlesim/_turtlesim_s.ep.rosidl_typesupport_c.c
[94.439s] -- Installing: /home/stefano/Robomaster_WS/install/turtlesim/local/lib/python3.10/dist-packages/turtlesim/turtlesim_s__rosidl_typesupport_introspection_c.cpython-310-x86_64-linux-gnu.so
[94.442s] -- Installing: /home/stefano/Robomaster_WS/install/turtlesim/local/lib/python3.10/dist-packages/turtlesim/msg
[94.442s] -- Installing: /home/stefano/Robomaster_WS/install/turtlesim/local/lib/python3.10/dist-packages/turtlesim/msg/_pose_s.c
[94.444s] -- Installing: /home/stefano/Robomaster_WS/install/turtlesim/local/lib/python3.10/dist-packages/turtlesim/msg/_color_s.c
[94.445s] -- Installing: /home/stefano/Robomaster_WS/install/turtlesim/local/lib/python3.10/dist-packages/turtlesim/msg/_pose.py
[94.447s] -- Installing: /home/stefano/Robomaster_WS/install/turtlesim/local/lib/python3.10/dist-packages/turtlesim/msg/_color.py
[94.447s] -- Installing: /home/stefano/Robomaster_WS/install/turtlesim/local/lib/python3.10/dist-packages/turtlesim/msg/__init__.py
[94.448s] -- Installing: /home/stefano/Robomaster_WS/install/turtlesim/local/lib/python3.10/dist-packages/turtlesim/turtlesim_s__rosidl_typesupport_c.cpython-310-x86_64-linux-gnu.so
[94.449s] -- Installing: /home/stefano/Robomaster_WS/install/turtlesim/local/lib/python3.10/dist-packages/turtlesim/action
[94.450s] -- Installing: /home/stefano/Robomaster_WS/install/turtlesim/local/lib/python3.10/dist-packages/turtlesim/action/_rotate_absolute_s.c
[94.451s] -- Installing: /home/stefano/Robomaster_WS/install/turtlesim/local/lib/python3.10/dist-packages/turtlesim/action/_rotate_absolute.py
[94.453s] -- Installing: /home/stefano/Robomaster_WS/install/turtlesim/local/lib/python3.10/dist-packages/turtlesim/action/__init__.py
[94.455s] -- Installing: /home/stefano/Robomaster_WS/install/turtlesim/local/lib/python3.10/dist-packages/turtlesim/_turtlesim_s.ep.rosidl_typesupport_introspection_c.c
[94.457s] -- Installing: /home/stefano/Robomaster_WS/install/turtlesim/local/lib/python3.10/dist-packages/turtlesim/turtlesim_s__rosidl_typesupport_fastrtps_c.cpython-310-x86_64-linux-gnu.so
[94.459s] -- Installing: /home/stefano/Robomaster_WS/install/turtlesim/local/lib/python3.10/dist-packages/turtlesim/__init__.py
[94.461s] -- Installing: /home/stefano/Robomaster_WS/install/turtlesim/local/lib/python3.10/dist-packages/turtlesim/_turtlesim_s.ep.rosidl_typesupport_fastrtps_c.c
[94.743s] Listing '/home/stefano/Robomaster_WS/install/turtlesim/local/lib/python3.10/dist-packages/turtlesim'...
[94.744s] Compiling '/home/stefano/Robomaster_WS/install/turtlesim/local/lib/python3.10/dist-packages/turtlesim/__init__.py'...
[94.744s] Listing '/home/stefano/Robomaster_WS/install/turtlesim/local/lib/python3.10/dist-packages/turtlesim/action'...
[94.749s] Compiling '/home/stefano/Robomaster_WS/install/turtlesim/local/lib/python3.10/dist-packages/turtlesim/action/__init__.py'...
[94.751s] Compiling '/home/stefano/Robomaster_WS/install/turtlesim/local/lib/python3.10/dist-packages/turtlesim/action/_rotate_absolute.py'...
[94.752s] Listing '/home/stefano/Robomaster_WS/install/turtlesim/local/lib/python3.10/dist-packages/turtlesim/msg'...
[94.752s] Compiling '/home/stefano/Robomaster_WS/install/turtlesim/local/lib/python3.10/dist-packages/turtlesim/msg/__init__.py'...
[94.752s] Compiling '/home/stefano/Robomaster_WS/install/turtlesim/local/lib/python3.10/dist-packages/turtlesim/msg/_color.py'...
[94.753s] Compiling '/home/stefano/Robomaster_WS/install/turtlesim/local/lib/python3.10/dist-packages/turtlesim/msg/_pose.py'...
[94.753s] Listing '/home/stefano/Robomaster_WS/install/turtlesim/local/lib/python3.10/dist-packages/turtlesim/srv'...
[94.755s] Compiling '/home/stefano/Robomaster_WS/install/turtlesim/local/lib/python3.10/dist-packages/turtlesim/srv/__init__.py'...
[94.755s] Compiling '/home/stefano/Robomaster_WS/install/turtlesim/local/lib/python3.10/dist-packages/turtlesim/srv/_kill.py'...
[94.756s] Compiling '/home/stefano/Robomaster_WS/install/turtlesim/local/lib/python3.10/dist-packages/turtlesim/srv/_set_pen.py'...
[94.756s] Compiling '/home/stefano/Robomaster_WS/install/turtlesim/local/lib/python3.10/dist-packages/turtlesim/srv/_spawn.py'...
[94.756s] Compiling '/home/stefano/Robomaster_WS/install/turtlesim/local/lib/python3.10/dist-packages/turtlesim/srv/_teleport_absolute.py'...
[94.756s] Compiling '/home/stefano/Robomaster_WS/install/turtlesim/local/lib/python3.10/dist-packages/turtlesim/srv/_teleport_relative.py'...
[94.765s] -- Installing: /home/stefano/Robomaster_WS/install/turtlesim/local/lib/python3.10/dist-packages/turtlesim/turtlesim_s__rosidl_typesupport_fastrtps_c.cpython-310-x86_64-linux-gnu.so
[94.771s] -- Set runtime path of "/home/stefano/Robomaster_WS/install/turtlesim/local/lib/python3.10/dist-packages/turtlesim/turtlesim_s__rosidl_typesupport_fastrtps_c.cpython-310-x86_64-linux-gnu.so" to ""
[94.775s] -- Installing: /home/stefano/Robomaster_WS/install/turtlesim/local/lib/python3.10/dist-packages/turtlesim/turtlesim_s__rosidl_typesupport_introspection_c.cpython-310-x86_64-linux-gnu.so
[94.779s] -- Set runtime path of "/home/stefano/Robomaster_WS/install/turtlesim/local/lib/python3.10/dist-packages/turtlesim/turtlesim_s__rosidl_typesupport_introspection_c.cpython-310-x86_64-linux-gnu.so" to ""
[94.787s] -- Installing: /home/stefano/Robomaster_WS/install/turtlesim/local/lib/python3.10/dist-packages/turtlesim/turtlesim_s__rosidl_typesupport_c.cpython-310-x86_64-linux-gnu.so
[94.790s] -- Set runtime path of "/home/stefano/Robomaster_WS/install/turtlesim/local/lib/python3.10/dist-packages/turtlesim/turtlesim_s__rosidl_typesupport_c.cpython-310-x86_64-linux-gnu.so" to ""
[94.791s] -- Installing: /home/stefano/Robomaster_WS/install/turtlesim/lib/libturtlesim__rosidl_generator_py.so
[94.795s] -- Set runtime path of "/home/stefano/Robomaster_WS/install/turtlesim/lib/libturtlesim__rosidl_generator_py.so" to ""
[94.796s] -- Installing: /home/stefano/Robomaster_WS/install/turtlesim/share/turtlesim/action/RotateAbsolute.idl
[94.797s] -- Installing: /home/stefano/Robomaster_WS/install/turtlesim/share/turtlesim/msg/Color.idl
[94.798s] -- Installing: /home/stefano/Robomaster_WS/install/turtlesim/share/turtlesim/msg/Pose.idl
[94.798s] -- Installing: /home/stefano/Robomaster_WS/install/turtlesim/share/turtlesim/srv/Kill.idl
[94.799s] -- Installing: /home/stefano/Robomaster_WS/install/turtlesim/share/turtlesim/srv/SetPen.idl
[94.800s] -- Installing: /home/stefano/Robomaster_WS/install/turtlesim/share/turtlesim/srv/Spawn.idl
[94.800s] -- Installing: /home/stefano/Robomaster_WS/install/turtlesim/share/turtlesim/srv/TeleportAbsolute.idl
[94.801s] -- Installing: /home/stefano/Robomaster_WS/install/turtlesim/share/turtlesim/srv/TeleportRelative.idl
[94.801s] -- Installing: /home/stefano/Robomaster_WS/install/turtlesim/share/turtlesim/action/RotateAbsolute.action
[94.802s] -- Installing: /home/stefano/Robomaster_WS/install/turtlesim/share/turtlesim/msg/Color.msg
[94.803s] -- Installing: /home/stefano/Robomaster_WS/install/turtlesim/share/turtlesim/msg/Pose.msg
[94.803s] -- Installing: /home/stefano/Robomaster_WS/install/turtlesim/share/turtlesim/srv/Kill.srv
[94.805s] -- Installing: /home/stefano/Robomaster_WS/install/turtlesim/share/turtlesim/srv/Kill_Request.msg
[94.805s] -- Installing: /home/stefano/Robomaster_WS/install/turtlesim/share/turtlesim/srv/Kill_Response.msg
[94.806s] -- Installing: /home/stefano/Robomaster_WS/install/turtlesim/share/turtlesim/srv/SetPen.srv
[94.807s] -- Installing: /home/stefano/Robomaster_WS/install/turtlesim/share/turtlesim/srv/SetPen_Request.msg
[94.807s] -- Installing: /home/stefano/Robomaster_WS/install/turtlesim/share/turtlesim/srv/SetPen_Response.msg
[94.808s] -- Installing: /home/stefano/Robomaster_WS/install/turtlesim/share/turtlesim/srv/Spawn.srv
[94.809s] -- Installing: /home/stefano/Robomaster_WS/install/turtlesim/share/turtlesim/srv/Spawn_Request.msg
[94.810s] -- Installing: /home/stefano/Robomaster_WS/install/turtlesim/share/turtlesim/srv/Spawn_Response.msg
[94.811s] -- Installing: /home/stefano/Robomaster_WS/install/turtlesim/share/turtlesim/srv/TeleportAbsolute.srv
[94.811s] -- Installing: /home/stefano/Robomaster_WS/install/turtlesim/share/turtlesim/srv/TeleportAbsolute_Request.msg
[94.812s] -- Installing: /home/stefano/Robomaster_WS/install/turtlesim/share/turtlesim/srv/TeleportAbsolute_Response.msg
[94.812s] -- Installing: /home/stefano/Robomaster_WS/install/turtlesim/share/turtlesim/srv/TeleportRelative.srv
[94.813s] -- Installing: /home/stefano/Robomaster_WS/install/turtlesim/share/turtlesim/srv/TeleportRelative_Request.msg
[94.813s] -- Installing: /home/stefano/Robomaster_WS/install/turtlesim/share/turtlesim/srv/TeleportRelative_Response.msg
[94.813s] -- Installing: /home/stefano/Robomaster_WS/install/turtlesim/lib/turtlesim/turtlesim_node
[94.880s] -- Set runtime path of "/home/stefano/Robomaster_WS/install/turtlesim/lib/turtlesim/turtlesim_node" to ""
[94.881s] -- Installing: /home/stefano/Robomaster_WS/install/turtlesim/lib/turtlesim/turtle_teleop_key
[94.895s] -- Set runtime path of "/home/stefano/Robomaster_WS/install/turtlesim/lib/turtlesim/turtle_teleop_key" to ""
[94.895s] -- Installing: /home/stefano/Robomaster_WS/install/turtlesim/lib/turtlesim/draw_square
[94.923s] -- Set runtime path of "/home/stefano/Robomaster_WS/install/turtlesim/lib/turtlesim/draw_square" to ""
[94.924s] -- Installing: /home/stefano/Robomaster_WS/install/turtlesim/lib/turtlesim/mimic
[94.948s] -- Set runtime path of "/home/stefano/Robomaster_WS/install/turtlesim/lib/turtlesim/mimic" to ""
[94.948s] -- Installing: /home/stefano/Robomaster_WS/install/turtlesim/share/turtlesim/images
[94.949s] -- Installing: /home/stefano/Robomaster_WS/install/turtlesim/share/turtlesim/images/rolling.png
[94.950s] -- Installing: /home/stefano/Robomaster_WS/install/turtlesim/share/turtlesim/images/dashing.png
[94.955s] -- Installing: /home/stefano/Robomaster_WS/install/turtlesim/share/turtlesim/images/humble.png
[94.956s] -- Installing: /home/stefano/Robomaster_WS/install/turtlesim/share/turtlesim/images/foxy.png
[94.956s] -- Installing: /home/stefano/Robomaster_WS/install/turtlesim/share/turtlesim/images/crystal.png
[94.956s] -- Installing: /home/stefano/Robomaster_WS/install/turtlesim/share/turtlesim/images/galactic.png
[94.956s] -- Installing: /home/stefano/Robomaster_WS/install/turtlesim/share/turtlesim/images/ardent.png
[94.956s] -- Installing: /home/stefano/Robomaster_WS/install/turtlesim/share/turtlesim/images/eloquent.png
[94.957s] -- Installing: /home/stefano/Robomaster_WS/install/turtlesim/share/turtlesim/images/bouncy.png
[94.960s] -- Installing: /home/stefano/Robomaster_WS/install/turtlesim/share/turtlesim/launch
[94.960s] -- Installing: /home/stefano/Robomaster_WS/install/turtlesim/share/turtlesim/launch/multisim.launch.py
[94.960s] -- Installing: /home/stefano/Robomaster_WS/install/turtlesim/share/ament_index/resource_index/package_run_dependencies/turtlesim
[94.962s] -- Installing: /home/stefano/Robomaster_WS/install/turtlesim/share/ament_index/resource_index/parent_prefix_path/turtlesim
[94.963s] -- Installing: /home/stefano/Robomaster_WS/install/turtlesim/share/turtlesim/environment/ament_prefix_path.sh
[94.963s] -- Installing: /home/stefano/Robomaster_WS/install/turtlesim/share/turtlesim/environment/ament_prefix_path.dsv
[94.964s] -- Installing: /home/stefano/Robomaster_WS/install/turtlesim/share/turtlesim/environment/path.sh
[94.964s] -- Installing: /home/stefano/Robomaster_WS/install/turtlesim/share/turtlesim/environment/path.dsv
[94.964s] -- Installing: /home/stefano/Robomaster_WS/install/turtlesim/share/turtlesim/local_setup.bash
[94.965s] -- Installing: /home/stefano/Robomaster_WS/install/turtlesim/share/turtlesim/local_setup.sh
[94.965s] -- Installing: /home/stefano/Robomaster_WS/install/turtlesim/share/turtlesim/local_setup.zsh
[94.966s] -- Installing: /home/stefano/Robomaster_WS/install/turtlesim/share/turtlesim/local_setup.dsv
[94.967s] -- Installing: /home/stefano/Robomaster_WS/install/turtlesim/share/turtlesim/package.dsv
[94.969s] -- Installing: /home/stefano/Robomaster_WS/install/turtlesim/share/ament_index/resource_index/packages/turtlesim
[94.972s] -- Installing: /home/stefano/Robomaster_WS/install/turtlesim/share/turtlesim/cmake/export_turtlesim__rosidl_generator_cExport.cmake
[94.973s] -- Installing: /home/stefano/Robomaster_WS/install/turtlesim/share/turtlesim/cmake/export_turtlesim__rosidl_generator_cExport-noconfig.cmake
[94.974s] -- Installing: /home/stefano/Robomaster_WS/install/turtlesim/share/turtlesim/cmake/export_turtlesim__rosidl_typesupport_fastrtps_cExport.cmake
[94.976s] -- Installing: /home/stefano/Robomaster_WS/install/turtlesim/share/turtlesim/cmake/export_turtlesim__rosidl_typesupport_fastrtps_cExport-noconfig.cmake
[94.976s] -- Installing: /home/stefano/Robomaster_WS/install/turtlesim/share/turtlesim/cmake/export_turtlesim__rosidl_generator_cppExport.cmake
[94.976s] -- Installing: /home/stefano/Robomaster_WS/install/turtlesim/share/turtlesim/cmake/export_turtlesim__rosidl_typesupport_fastrtps_cppExport.cmake
[94.977s] -- Installing: /home/stefano/Robomaster_WS/install/turtlesim/share/turtlesim/cmake/export_turtlesim__rosidl_typesupport_fastrtps_cppExport-noconfig.cmake
[94.977s] -- Installing: /home/stefano/Robomaster_WS/install/turtlesim/share/turtlesim/cmake/turtlesim__rosidl_typesupport_introspection_cExport.cmake
[94.978s] -- Installing: /home/stefano/Robomaster_WS/install/turtlesim/share/turtlesim/cmake/turtlesim__rosidl_typesupport_introspection_cExport-noconfig.cmake
[94.978s] -- Installing: /home/stefano/Robomaster_WS/install/turtlesim/share/turtlesim/cmake/turtlesim__rosidl_typesupport_cExport.cmake
[94.979s] -- Installing: /home/stefano/Robomaster_WS/install/turtlesim/share/turtlesim/cmake/turtlesim__rosidl_typesupport_cExport-noconfig.cmake
[94.982s] -- Installing: /home/stefano/Robomaster_WS/install/turtlesim/share/turtlesim/cmake/turtlesim__rosidl_typesupport_introspection_cppExport.cmake
[94.982s] -- Installing: /home/stefano/Robomaster_WS/install/turtlesim/share/turtlesim/cmake/turtlesim__rosidl_typesupport_introspection_cppExport-noconfig.cmake
[94.985s] -- Installing: /home/stefano/Robomaster_WS/install/turtlesim/share/turtlesim/cmake/turtlesim__rosidl_typesupport_cppExport.cmake
[94.986s] -- Installing: /home/stefano/Robomaster_WS/install/turtlesim/share/turtlesim/cmake/turtlesim__rosidl_typesupport_cppExport-noconfig.cmake
[94.987s] -- Installing: /home/stefano/Robomaster_WS/install/turtlesim/share/turtlesim/cmake/export_turtlesim__rosidl_generator_pyExport.cmake
[94.989s] -- Installing: /home/stefano/Robomaster_WS/install/turtlesim/share/turtlesim/cmake/export_turtlesim__rosidl_generator_pyExport-noconfig.cmake
[94.991s] -- Installing: /home/stefano/Robomaster_WS/install/turtlesim/share/turtlesim/cmake/rosidl_cmake-extras.cmake
[94.992s] -- Installing: /home/stefano/Robomaster_WS/install/turtlesim/share/turtlesim/cmake/ament_cmake_export_dependencies-extras.cmake
[94.992s] -- Installing: /home/stefano/Robomaster_WS/install/turtlesim/share/turtlesim/cmake/ament_cmake_export_include_directories-extras.cmake
[94.992s] -- Installing: /home/stefano/Robomaster_WS/install/turtlesim/share/turtlesim/cmake/ament_cmake_export_libraries-extras.cmake
[94.992s] -- Installing: /home/stefano/Robomaster_WS/install/turtlesim/share/turtlesim/cmake/ament_cmake_export_targets-extras.cmake
[94.993s] -- Installing: /home/stefano/Robomaster_WS/install/turtlesim/share/turtlesim/cmake/rosidl_cmake_export_typesupport_targets-extras.cmake
[94.993s] -- Installing: /home/stefano/Robomaster_WS/install/turtlesim/share/turtlesim/cmake/rosidl_cmake_export_typesupport_libraries-extras.cmake
[94.994s] -- Installing: /home/stefano/Robomaster_WS/install/turtlesim/share/turtlesim/cmake/turtlesimConfig.cmake
[94.994s] -- Installing: /home/stefano/Robomaster_WS/install/turtlesim/share/turtlesim/cmake/turtlesimConfig-version.cmake
[94.996s] -- Installing: /home/stefano/Robomaster_WS/install/turtlesim/share/turtlesim/package.xml
[95.009s] Invoked command in '/home/stefano/Robomaster_WS/build/turtlesim' returned '0': CMAKE_PREFIX_PATH=${CMAKE_PREFIX_PATH}:/home/stefano/Robomaster_WS/install/robomaster_ros:/home/stefano/Robomaster_WS/install/robomaster_ir_publisher:/home/stefano/Robomaster_WS/install/camera_utils:/home/stefano/turtlebot3_ws/install/turtlebot3_teleop:/home/stefano/turtlebot3_ws/install/turtlebot3_example:/home/stefano/Webots_ros2/install/webots_ros2:/home/stefano/Webots_ros2/install/webots_ros2_universal_robot:/home/stefano/Webots_ros2/install/webots_ros2_turtlebot:/home/stefano/Webots_ros2/install/webots_ros2_tiago:/home/stefano/Webots_ros2/install/webots_ros2_tests:/home/stefano/Webots_ros2/install/webots_ros2_tesla:/home/stefano/Webots_ros2/install/webots_ros2_mavic:/home/stefano/Webots_ros2/install/webots_ros2_husarion:/home/stefano/Webots_ros2/install/webots_ros2_epuck:/home/stefano/Webots_ros2/install/webots_ros2_crazyflie:/home/stefano/Webots_ros2/install/webots_ros2_importer:/opt/ros/humble /usr/bin/cmake --install /home/stefano/Robomaster_WS/build/turtlesim
