[2.415s] Invoking command in '/home/stefano/Robomaster_WS/src/robomaster_ros/robomaster_ros': CMAKE_PREFIX_PATH=/home/stefano/Robomaster_WS/install/robomaster_msgs:/home/stefano/Robomaster_WS/install/turtlesim:/home/stefano/Robomaster_WS/install/robomaster_description:/home/stefano/turtlebot3_ws/install/turtlebot3:/home/stefano/turtlebot3_ws/install/turtlebot3_simulations:/home/stefano/turtlebot3_ws/install/turtlebot3_bringup:/home/stefano/turtlebot3_ws/install/turtlebot3_node:/home/stefano/turtlebot3_ws/install/turtlebot3_navigation2:/home/stefano/turtlebot3_ws/install/turtlebot3_fake_node:/home/stefano/turtlebot3_ws/install/turtlebot3_msgs:/home/stefano/turtlebot3_ws/install/turtlebot3_gazebo:/home/stefano/turtlebot3_ws/install/turtlebot3_description:/home/stefano/turtlebot3_ws/install/turtlebot3_cartographer:/home/stefano/turtlebot3_ws/install/dynamixel_sdk_examples:/home/stefano/turtlebot3_ws/install/dynamixel_sdk_custom_interfaces:/home/stefano/turtlebot3_ws/install/dynamixel_sdk:/home/stefano/Webots_ros2/install/webots_ros2_control:/home/stefano/Webots_ros2/install/webots_ros2_driver:/home/stefano/Webots_ros2/install/webots_ros2_msgs LD_LIBRARY_PATH=/home/stefano/Robomaster_WS/install/robomaster_msgs/lib:/home/stefano/Robomaster_WS/install/turtlesim/lib:/home/stefano/turtlebot3_ws/install/turtlebot3_msgs/lib:/home/stefano/turtlebot3_ws/install/dynamixel_sdk_custom_interfaces/lib:/home/stefano/turtlebot3_ws/install/dynamixel_sdk/lib:/home/stefano/Webots_ros2/install/webots_ros2_control/lib:/home/stefano/Webots_ros2/install/webots_ros2_driver/lib:/home/stefano/Webots_ros2/install/webots_ros2_msgs/lib:/usr/lib/x86_64-linux-gnu/gazebo-11/plugins:/opt/ros/humble/opt/rviz_ogre_vendor/lib:/opt/ros/humble/lib/x86_64-linux-gnu:/opt/ros/humble/lib:/usr/lib/x86_64-linux-gnu/gazebo-11/plugins PYTHONPATH=/home/stefano/Robomaster_WS/build/robomaster_ros/prefix_override:/usr/lib/python3/dist-packages/colcon_core/task/python/colcon_distutils_commands:/home/stefano/Robomaster_WS/install/robomaster_ros/lib/python3.10/site-packages:${PYTHONPATH} /usr/bin/python3 -W ignore:setup.py install is deprecated -W ignore:easy_install command is deprecated setup.py egg_info --egg-base ../../../build/robomaster_ros build --build-base /home/stefano/Robomaster_WS/build/robomaster_ros/build install --record /home/stefano/Robomaster_WS/build/robomaster_ros/install.log --single-version-externally-managed install_data
[3.209s] running egg_info
[3.209s] creating ../../../build/robomaster_ros/robomaster_ros.egg-info
[3.210s] writing ../../../build/robomaster_ros/robomaster_ros.egg-info/PKG-INFO
[3.210s] writing dependency_links to ../../../build/robomaster_ros/robomaster_ros.egg-info/dependency_links.txt
[3.211s] writing entry points to ../../../build/robomaster_ros/robomaster_ros.egg-info/entry_points.txt
[3.212s] writing requirements to ../../../build/robomaster_ros/robomaster_ros.egg-info/requires.txt
[3.212s] writing top-level names to ../../../build/robomaster_ros/robomaster_ros.egg-info/top_level.txt
[3.213s] writing manifest file '../../../build/robomaster_ros/robomaster_ros.egg-info/SOURCES.txt'
[3.219s] reading manifest file '../../../build/robomaster_ros/robomaster_ros.egg-info/SOURCES.txt'
[3.221s] writing manifest file '../../../build/robomaster_ros/robomaster_ros.egg-info/SOURCES.txt'
[3.222s] running build
[3.222s] running build_py
[3.224s] creating /home/stefano/Robomaster_WS/build/robomaster_ros/build
[3.225s] creating /home/stefano/Robomaster_WS/build/robomaster_ros/build/lib
[3.225s] creating /home/stefano/Robomaster_WS/build/robomaster_ros/build/lib/robomaster_ros
[3.225s] copying robomaster_ros/decompress_h264.py -> /home/stefano/Robomaster_WS/build/robomaster_ros/build/lib/robomaster_ros
[3.226s] copying robomaster_ros/client.py -> /home/stefano/Robomaster_WS/build/robomaster_ros/build/lib/robomaster_ros
[3.226s] copying robomaster_ros/discover.py -> /home/stefano/Robomaster_WS/build/robomaster_ros/build/lib/robomaster_ros
[3.227s] copying robomaster_ros/robomaster_driver.py -> /home/stefano/Robomaster_WS/build/robomaster_ros/build/lib/robomaster_ros
[3.227s] copying robomaster_ros/action.py -> /home/stefano/Robomaster_WS/build/robomaster_ros/build/lib/robomaster_ros
[3.227s] copying robomaster_ros/utils.py -> /home/stefano/Robomaster_WS/build/robomaster_ros/build/lib/robomaster_ros
[3.228s] copying robomaster_ros/play_audio.py -> /home/stefano/Robomaster_WS/build/robomaster_ros/build/lib/robomaster_ros
[3.229s] copying robomaster_ros/play_audio_opus.py -> /home/stefano/Robomaster_WS/build/robomaster_ros/build/lib/robomaster_ros
[3.229s] copying robomaster_ros/connect.py -> /home/stefano/Robomaster_WS/build/robomaster_ros/build/lib/robomaster_ros
[3.230s] copying robomaster_ros/__init__.py -> /home/stefano/Robomaster_WS/build/robomaster_ros/build/lib/robomaster_ros
[3.230s] copying robomaster_ros/ftp.py -> /home/stefano/Robomaster_WS/build/robomaster_ros/build/lib/robomaster_ros
[3.231s] copying robomaster_ros/display_battery.py -> /home/stefano/Robomaster_WS/build/robomaster_ros/build/lib/robomaster_ros
[3.231s] creating /home/stefano/Robomaster_WS/build/robomaster_ros/build/lib/robomaster_ros/modules
[3.232s] copying robomaster_ros/modules/vision.py -> /home/stefano/Robomaster_WS/build/robomaster_ros/build/lib/robomaster_ros/modules
[3.233s] copying robomaster_ros/modules/gimbal.py -> /home/stefano/Robomaster_WS/build/robomaster_ros/build/lib/robomaster_ros/modules
[3.233s] copying robomaster_ros/modules/speaker.py -> /home/stefano/Robomaster_WS/build/robomaster_ros/build/lib/robomaster_ros/modules
[3.234s] copying robomaster_ros/modules/camera.py -> /home/stefano/Robomaster_WS/build/robomaster_ros/build/lib/robomaster_ros/modules
[3.235s] copying robomaster_ros/modules/led.py -> /home/stefano/Robomaster_WS/build/robomaster_ros/build/lib/robomaster_ros/modules
[3.235s] copying robomaster_ros/modules/battery.py -> /home/stefano/Robomaster_WS/build/robomaster_ros/build/lib/robomaster_ros/modules
[3.235s] copying robomaster_ros/modules/armor.py -> /home/stefano/Robomaster_WS/build/robomaster_ros/build/lib/robomaster_ros/modules
[3.236s] copying robomaster_ros/modules/gripper.py -> /home/stefano/Robomaster_WS/build/robomaster_ros/build/lib/robomaster_ros/modules
[3.236s] copying robomaster_ros/modules/servo.py -> /home/stefano/Robomaster_WS/build/robomaster_ros/build/lib/robomaster_ros/modules
[3.236s] copying robomaster_ros/modules/sbus.py -> /home/stefano/Robomaster_WS/build/robomaster_ros/build/lib/robomaster_ros/modules
[3.237s] copying robomaster_ros/modules/blaster.py -> /home/stefano/Robomaster_WS/build/robomaster_ros/build/lib/robomaster_ros/modules
[3.237s] copying robomaster_ros/modules/pwm.py -> /home/stefano/Robomaster_WS/build/robomaster_ros/build/lib/robomaster_ros/modules
[3.237s] copying robomaster_ros/modules/uart.py -> /home/stefano/Robomaster_WS/build/robomaster_ros/build/lib/robomaster_ros/modules
[3.237s] copying robomaster_ros/modules/chassis.py -> /home/stefano/Robomaster_WS/build/robomaster_ros/build/lib/robomaster_ros/modules
[3.238s] copying robomaster_ros/modules/sensor_adapter.py -> /home/stefano/Robomaster_WS/build/robomaster_ros/build/lib/robomaster_ros/modules
[3.239s] copying robomaster_ros/modules/__init__.py -> /home/stefano/Robomaster_WS/build/robomaster_ros/build/lib/robomaster_ros/modules
[3.239s] copying robomaster_ros/modules/h264_parser.py -> /home/stefano/Robomaster_WS/build/robomaster_ros/build/lib/robomaster_ros/modules
[3.240s] copying robomaster_ros/modules/arm.py -> /home/stefano/Robomaster_WS/build/robomaster_ros/build/lib/robomaster_ros/modules
[3.240s] copying robomaster_ros/modules/tof.py -> /home/stefano/Robomaster_WS/build/robomaster_ros/build/lib/robomaster_ros/modules
[3.241s] running install
[3.242s] running install_lib
[3.250s] creating /home/stefano/Robomaster_WS/install/robomaster_ros/lib/python3.10/site-packages/robomaster_ros
[3.251s] creating /home/stefano/Robomaster_WS/install/robomaster_ros/lib/python3.10/site-packages/robomaster_ros/modules
[3.251s] copying /home/stefano/Robomaster_WS/build/robomaster_ros/build/lib/robomaster_ros/modules/vision.py -> /home/stefano/Robomaster_WS/install/robomaster_ros/lib/python3.10/site-packages/robomaster_ros/modules
[3.251s] copying /home/stefano/Robomaster_WS/build/robomaster_ros/build/lib/robomaster_ros/modules/gimbal.py -> /home/stefano/Robomaster_WS/install/robomaster_ros/lib/python3.10/site-packages/robomaster_ros/modules
[3.252s] copying /home/stefano/Robomaster_WS/build/robomaster_ros/build/lib/robomaster_ros/modules/speaker.py -> /home/stefano/Robomaster_WS/install/robomaster_ros/lib/python3.10/site-packages/robomaster_ros/modules
[3.253s] copying /home/stefano/Robomaster_WS/build/robomaster_ros/build/lib/robomaster_ros/modules/camera.py -> /home/stefano/Robomaster_WS/install/robomaster_ros/lib/python3.10/site-packages/robomaster_ros/modules
[3.254s] copying /home/stefano/Robomaster_WS/build/robomaster_ros/build/lib/robomaster_ros/modules/led.py -> /home/stefano/Robomaster_WS/install/robomaster_ros/lib/python3.10/site-packages/robomaster_ros/modules
[3.255s] copying /home/stefano/Robomaster_WS/build/robomaster_ros/build/lib/robomaster_ros/modules/battery.py -> /home/stefano/Robomaster_WS/install/robomaster_ros/lib/python3.10/site-packages/robomaster_ros/modules
[3.255s] copying /home/stefano/Robomaster_WS/build/robomaster_ros/build/lib/robomaster_ros/modules/armor.py -> /home/stefano/Robomaster_WS/install/robomaster_ros/lib/python3.10/site-packages/robomaster_ros/modules
[3.255s] copying /home/stefano/Robomaster_WS/build/robomaster_ros/build/lib/robomaster_ros/modules/gripper.py -> /home/stefano/Robomaster_WS/install/robomaster_ros/lib/python3.10/site-packages/robomaster_ros/modules
[3.256s] copying /home/stefano/Robomaster_WS/build/robomaster_ros/build/lib/robomaster_ros/modules/servo.py -> /home/stefano/Robomaster_WS/install/robomaster_ros/lib/python3.10/site-packages/robomaster_ros/modules
[3.257s] copying /home/stefano/Robomaster_WS/build/robomaster_ros/build/lib/robomaster_ros/modules/sbus.py -> /home/stefano/Robomaster_WS/install/robomaster_ros/lib/python3.10/site-packages/robomaster_ros/modules
[3.257s] copying /home/stefano/Robomaster_WS/build/robomaster_ros/build/lib/robomaster_ros/modules/blaster.py -> /home/stefano/Robomaster_WS/install/robomaster_ros/lib/python3.10/site-packages/robomaster_ros/modules
[3.258s] copying /home/stefano/Robomaster_WS/build/robomaster_ros/build/lib/robomaster_ros/modules/pwm.py -> /home/stefano/Robomaster_WS/install/robomaster_ros/lib/python3.10/site-packages/robomaster_ros/modules
[3.258s] copying /home/stefano/Robomaster_WS/build/robomaster_ros/build/lib/robomaster_ros/modules/uart.py -> /home/stefano/Robomaster_WS/install/robomaster_ros/lib/python3.10/site-packages/robomaster_ros/modules
[3.259s] copying /home/stefano/Robomaster_WS/build/robomaster_ros/build/lib/robomaster_ros/modules/chassis.py -> /home/stefano/Robomaster_WS/install/robomaster_ros/lib/python3.10/site-packages/robomaster_ros/modules
[3.260s] copying /home/stefano/Robomaster_WS/build/robomaster_ros/build/lib/robomaster_ros/modules/sensor_adapter.py -> /home/stefano/Robomaster_WS/install/robomaster_ros/lib/python3.10/site-packages/robomaster_ros/modules
[3.261s] copying /home/stefano/Robomaster_WS/build/robomaster_ros/build/lib/robomaster_ros/modules/__init__.py -> /home/stefano/Robomaster_WS/install/robomaster_ros/lib/python3.10/site-packages/robomaster_ros/modules
[3.262s] copying /home/stefano/Robomaster_WS/build/robomaster_ros/build/lib/robomaster_ros/modules/h264_parser.py -> /home/stefano/Robomaster_WS/install/robomaster_ros/lib/python3.10/site-packages/robomaster_ros/modules
[3.262s] copying /home/stefano/Robomaster_WS/build/robomaster_ros/build/lib/robomaster_ros/modules/arm.py -> /home/stefano/Robomaster_WS/install/robomaster_ros/lib/python3.10/site-packages/robomaster_ros/modules
[3.264s] copying /home/stefano/Robomaster_WS/build/robomaster_ros/build/lib/robomaster_ros/modules/tof.py -> /home/stefano/Robomaster_WS/install/robomaster_ros/lib/python3.10/site-packages/robomaster_ros/modules
[3.265s] copying /home/stefano/Robomaster_WS/build/robomaster_ros/build/lib/robomaster_ros/decompress_h264.py -> /home/stefano/Robomaster_WS/install/robomaster_ros/lib/python3.10/site-packages/robomaster_ros
[3.266s] copying /home/stefano/Robomaster_WS/build/robomaster_ros/build/lib/robomaster_ros/client.py -> /home/stefano/Robomaster_WS/install/robomaster_ros/lib/python3.10/site-packages/robomaster_ros
[3.266s] copying /home/stefano/Robomaster_WS/build/robomaster_ros/build/lib/robomaster_ros/discover.py -> /home/stefano/Robomaster_WS/install/robomaster_ros/lib/python3.10/site-packages/robomaster_ros
[3.266s] copying /home/stefano/Robomaster_WS/build/robomaster_ros/build/lib/robomaster_ros/robomaster_driver.py -> /home/stefano/Robomaster_WS/install/robomaster_ros/lib/python3.10/site-packages/robomaster_ros
[3.267s] copying /home/stefano/Robomaster_WS/build/robomaster_ros/build/lib/robomaster_ros/action.py -> /home/stefano/Robomaster_WS/install/robomaster_ros/lib/python3.10/site-packages/robomaster_ros
[3.267s] copying /home/stefano/Robomaster_WS/build/robomaster_ros/build/lib/robomaster_ros/utils.py -> /home/stefano/Robomaster_WS/install/robomaster_ros/lib/python3.10/site-packages/robomaster_ros
[3.267s] copying /home/stefano/Robomaster_WS/build/robomaster_ros/build/lib/robomaster_ros/play_audio.py -> /home/stefano/Robomaster_WS/install/robomaster_ros/lib/python3.10/site-packages/robomaster_ros
[3.268s] copying /home/stefano/Robomaster_WS/build/robomaster_ros/build/lib/robomaster_ros/play_audio_opus.py -> /home/stefano/Robomaster_WS/install/robomaster_ros/lib/python3.10/site-packages/robomaster_ros
[3.268s] copying /home/stefano/Robomaster_WS/build/robomaster_ros/build/lib/robomaster_ros/connect.py -> /home/stefano/Robomaster_WS/install/robomaster_ros/lib/python3.10/site-packages/robomaster_ros
[3.268s] copying /home/stefano/Robomaster_WS/build/robomaster_ros/build/lib/robomaster_ros/__init__.py -> /home/stefano/Robomaster_WS/install/robomaster_ros/lib/python3.10/site-packages/robomaster_ros
[3.268s] copying /home/stefano/Robomaster_WS/build/robomaster_ros/build/lib/robomaster_ros/ftp.py -> /home/stefano/Robomaster_WS/install/robomaster_ros/lib/python3.10/site-packages/robomaster_ros
[3.268s] copying /home/stefano/Robomaster_WS/build/robomaster_ros/build/lib/robomaster_ros/display_battery.py -> /home/stefano/Robomaster_WS/install/robomaster_ros/lib/python3.10/site-packages/robomaster_ros
[3.269s] byte-compiling /home/stefano/Robomaster_WS/install/robomaster_ros/lib/python3.10/site-packages/robomaster_ros/modules/vision.py to vision.cpython-310.pyc
[3.274s] byte-compiling /home/stefano/Robomaster_WS/install/robomaster_ros/lib/python3.10/site-packages/robomaster_ros/modules/gimbal.py to gimbal.cpython-310.pyc
[3.278s] byte-compiling /home/stefano/Robomaster_WS/install/robomaster_ros/lib/python3.10/site-packages/robomaster_ros/modules/speaker.py to speaker.cpython-310.pyc
[3.279s] byte-compiling /home/stefano/Robomaster_WS/install/robomaster_ros/lib/python3.10/site-packages/robomaster_ros/modules/camera.py to camera.cpython-310.pyc
[3.287s] byte-compiling /home/stefano/Robomaster_WS/install/robomaster_ros/lib/python3.10/site-packages/robomaster_ros/modules/led.py to led.cpython-310.pyc
[3.288s] byte-compiling /home/stefano/Robomaster_WS/install/robomaster_ros/lib/python3.10/site-packages/robomaster_ros/modules/battery.py to battery.cpython-310.pyc
[3.289s] byte-compiling /home/stefano/Robomaster_WS/install/robomaster_ros/lib/python3.10/site-packages/robomaster_ros/modules/armor.py to armor.cpython-310.pyc
[3.290s] byte-compiling /home/stefano/Robomaster_WS/install/robomaster_ros/lib/python3.10/site-packages/robomaster_ros/modules/gripper.py to gripper.cpython-310.pyc
[3.297s] byte-compiling /home/stefano/Robomaster_WS/install/robomaster_ros/lib/python3.10/site-packages/robomaster_ros/modules/servo.py to servo.cpython-310.pyc
[3.299s] byte-compiling /home/stefano/Robomaster_WS/install/robomaster_ros/lib/python3.10/site-packages/robomaster_ros/modules/sbus.py to sbus.cpython-310.pyc
[3.300s] byte-compiling /home/stefano/Robomaster_WS/install/robomaster_ros/lib/python3.10/site-packages/robomaster_ros/modules/blaster.py to blaster.cpython-310.pyc
[3.300s] byte-compiling /home/stefano/Robomaster_WS/install/robomaster_ros/lib/python3.10/site-packages/robomaster_ros/modules/pwm.py to pwm.cpython-310.pyc
[3.301s] byte-compiling /home/stefano/Robomaster_WS/install/robomaster_ros/lib/python3.10/site-packages/robomaster_ros/modules/uart.py to uart.cpython-310.pyc
[3.302s] byte-compiling /home/stefano/Robomaster_WS/install/robomaster_ros/lib/python3.10/site-packages/robomaster_ros/modules/chassis.py to chassis.cpython-310.pyc
[3.307s] byte-compiling /home/stefano/Robomaster_WS/install/robomaster_ros/lib/python3.10/site-packages/robomaster_ros/modules/sensor_adapter.py to sensor_adapter.cpython-310.pyc
[3.307s] byte-compiling /home/stefano/Robomaster_WS/install/robomaster_ros/lib/python3.10/site-packages/robomaster_ros/modules/__init__.py to __init__.cpython-310.pyc
[3.308s] byte-compiling /home/stefano/Robomaster_WS/install/robomaster_ros/lib/python3.10/site-packages/robomaster_ros/modules/h264_parser.py to h264_parser.cpython-310.pyc
[3.309s] byte-compiling /home/stefano/Robomaster_WS/install/robomaster_ros/lib/python3.10/site-packages/robomaster_ros/modules/arm.py to arm.cpython-310.pyc
[3.312s] byte-compiling /home/stefano/Robomaster_WS/install/robomaster_ros/lib/python3.10/site-packages/robomaster_ros/modules/tof.py to tof.cpython-310.pyc
[3.313s] byte-compiling /home/stefano/Robomaster_WS/install/robomaster_ros/lib/python3.10/site-packages/robomaster_ros/decompress_h264.py to decompress_h264.cpython-310.pyc
[3.314s] byte-compiling /home/stefano/Robomaster_WS/install/robomaster_ros/lib/python3.10/site-packages/robomaster_ros/client.py to client.cpython-310.pyc
[3.316s] byte-compiling /home/stefano/Robomaster_WS/install/robomaster_ros/lib/python3.10/site-packages/robomaster_ros/discover.py to discover.cpython-310.pyc
[3.317s] byte-compiling /home/stefano/Robomaster_WS/install/robomaster_ros/lib/python3.10/site-packages/robomaster_ros/robomaster_driver.py to robomaster_driver.cpython-310.pyc
[3.318s] byte-compiling /home/stefano/Robomaster_WS/install/robomaster_ros/lib/python3.10/site-packages/robomaster_ros/action.py to action.cpython-310.pyc
[3.319s] byte-compiling /home/stefano/Robomaster_WS/install/robomaster_ros/lib/python3.10/site-packages/robomaster_ros/utils.py to utils.cpython-310.pyc
[3.320s] byte-compiling /home/stefano/Robomaster_WS/install/robomaster_ros/lib/python3.10/site-packages/robomaster_ros/play_audio.py to play_audio.cpython-310.pyc
[3.320s] byte-compiling /home/stefano/Robomaster_WS/install/robomaster_ros/lib/python3.10/site-packages/robomaster_ros/play_audio_opus.py to play_audio_opus.cpython-310.pyc
[3.321s] byte-compiling /home/stefano/Robomaster_WS/install/robomaster_ros/lib/python3.10/site-packages/robomaster_ros/connect.py to connect.cpython-310.pyc
[3.322s] byte-compiling /home/stefano/Robomaster_WS/install/robomaster_ros/lib/python3.10/site-packages/robomaster_ros/__init__.py to __init__.cpython-310.pyc
[3.323s] byte-compiling /home/stefano/Robomaster_WS/install/robomaster_ros/lib/python3.10/site-packages/robomaster_ros/ftp.py to ftp.cpython-310.pyc
[3.324s] byte-compiling /home/stefano/Robomaster_WS/install/robomaster_ros/lib/python3.10/site-packages/robomaster_ros/display_battery.py to display_battery.cpython-310.pyc
[3.325s] running install_data
[3.326s] creating /home/stefano/Robomaster_WS/install/robomaster_ros/share/ament_index
[3.326s] creating /home/stefano/Robomaster_WS/install/robomaster_ros/share/ament_index/resource_index
[3.327s] creating /home/stefano/Robomaster_WS/install/robomaster_ros/share/ament_index/resource_index/packages
[3.327s] copying resource/robomaster_ros -> /home/stefano/Robomaster_WS/install/robomaster_ros/share/ament_index/resource_index/packages
[3.328s] copying package.xml -> /home/stefano/Robomaster_WS/install/robomaster_ros/share/robomaster_ros
[3.328s] creating /home/stefano/Robomaster_WS/install/robomaster_ros/share/robomaster_ros/launch
[3.329s] copying launch/s1.launch -> /home/stefano/Robomaster_WS/install/robomaster_ros/share/robomaster_ros/launch
[3.330s] copying launch/main.launch -> /home/stefano/Robomaster_WS/install/robomaster_ros/share/robomaster_ros/launch
[3.331s] copying launch/decoder.launch -> /home/stefano/Robomaster_WS/install/robomaster_ros/share/robomaster_ros/launch
[3.331s] copying launch/teleop_linux.launch -> /home/stefano/Robomaster_WS/install/robomaster_ros/share/robomaster_ros/launch
[3.332s] copying launch/ep.launch -> /home/stefano/Robomaster_WS/install/robomaster_ros/share/robomaster_ros/launch
[3.332s] copying launch/camera.launch -> /home/stefano/Robomaster_WS/install/robomaster_ros/share/robomaster_ros/launch
[3.332s] copying launch/teleop.launch -> /home/stefano/Robomaster_WS/install/robomaster_ros/share/robomaster_ros/launch
[3.333s] creating /home/stefano/Robomaster_WS/install/robomaster_ros/share/robomaster_ros/config
[3.334s] copying config/rm_camera_calibration_720_simulation.yaml -> /home/stefano/Robomaster_WS/install/robomaster_ros/share/robomaster_ros/config
[3.334s] copying config/rm_camera_calibration_360_simulation.yaml -> /home/stefano/Robomaster_WS/install/robomaster_ros/share/robomaster_ros/config
[3.334s] copying config/joy_config_s1.yaml -> /home/stefano/Robomaster_WS/install/robomaster_ros/share/robomaster_ros/config
[3.334s] copying config/rm_camera_calibration_720.yaml -> /home/stefano/Robomaster_WS/install/robomaster_ros/share/robomaster_ros/config
[3.334s] copying config/rm_camera_calibration_540_simulation.yaml -> /home/stefano/Robomaster_WS/install/robomaster_ros/share/robomaster_ros/config
[3.334s] copying config/joy_config_ep.yaml -> /home/stefano/Robomaster_WS/install/robomaster_ros/share/robomaster_ros/config
[3.335s] copying config/rm_camera_calibration_360.yaml -> /home/stefano/Robomaster_WS/install/robomaster_ros/share/robomaster_ros/config
[3.335s] copying config/rm_camera_calibration_540.yaml -> /home/stefano/Robomaster_WS/install/robomaster_ros/share/robomaster_ros/config
[3.335s] copying config/servos.yaml -> /home/stefano/Robomaster_WS/install/robomaster_ros/share/robomaster_ros/config
[3.335s] running install_egg_info
[3.338s] Copying ../../../build/robomaster_ros/robomaster_ros.egg-info to /home/stefano/Robomaster_WS/install/robomaster_ros/lib/python3.10/site-packages/robomaster_ros-0.0.0-py3.10.egg-info
[3.342s] running install_scripts
[3.393s] Installing connect script to /home/stefano/Robomaster_WS/install/robomaster_ros/lib/robomaster_ros
[3.394s] Installing discover script to /home/stefano/Robomaster_WS/install/robomaster_ros/lib/robomaster_ros
[3.394s] Installing display_battery script to /home/stefano/Robomaster_WS/install/robomaster_ros/lib/robomaster_ros
[3.394s] Installing h264_decoder script to /home/stefano/Robomaster_WS/install/robomaster_ros/lib/robomaster_ros
[3.395s] Installing move script to /home/stefano/Robomaster_WS/install/robomaster_ros/lib/robomaster_ros
[3.395s] Installing play_audio script to /home/stefano/Robomaster_WS/install/robomaster_ros/lib/robomaster_ros
[3.395s] Installing play_opus script to /home/stefano/Robomaster_WS/install/robomaster_ros/lib/robomaster_ros
[3.396s] Installing robomaster_driver script to /home/stefano/Robomaster_WS/install/robomaster_ros/lib/robomaster_ros
[3.397s] writing list of installed files to '/home/stefano/Robomaster_WS/build/robomaster_ros/install.log'
[3.430s] Invoked command in '/home/stefano/Robomaster_WS/src/robomaster_ros/robomaster_ros' returned '0': CMAKE_PREFIX_PATH=/home/stefano/Robomaster_WS/install/robomaster_msgs:/home/stefano/Robomaster_WS/install/turtlesim:/home/stefano/Robomaster_WS/install/robomaster_description:/home/stefano/turtlebot3_ws/install/turtlebot3:/home/stefano/turtlebot3_ws/install/turtlebot3_simulations:/home/stefano/turtlebot3_ws/install/turtlebot3_bringup:/home/stefano/turtlebot3_ws/install/turtlebot3_node:/home/stefano/turtlebot3_ws/install/turtlebot3_navigation2:/home/stefano/turtlebot3_ws/install/turtlebot3_fake_node:/home/stefano/turtlebot3_ws/install/turtlebot3_msgs:/home/stefano/turtlebot3_ws/install/turtlebot3_gazebo:/home/stefano/turtlebot3_ws/install/turtlebot3_description:/home/stefano/turtlebot3_ws/install/turtlebot3_cartographer:/home/stefano/turtlebot3_ws/install/dynamixel_sdk_examples:/home/stefano/turtlebot3_ws/install/dynamixel_sdk_custom_interfaces:/home/stefano/turtlebot3_ws/install/dynamixel_sdk:/home/stefano/Webots_ros2/install/webots_ros2_control:/home/stefano/Webots_ros2/install/webots_ros2_driver:/home/stefano/Webots_ros2/install/webots_ros2_msgs LD_LIBRARY_PATH=/home/stefano/Robomaster_WS/install/robomaster_msgs/lib:/home/stefano/Robomaster_WS/install/turtlesim/lib:/home/stefano/turtlebot3_ws/install/turtlebot3_msgs/lib:/home/stefano/turtlebot3_ws/install/dynamixel_sdk_custom_interfaces/lib:/home/stefano/turtlebot3_ws/install/dynamixel_sdk/lib:/home/stefano/Webots_ros2/install/webots_ros2_control/lib:/home/stefano/Webots_ros2/install/webots_ros2_driver/lib:/home/stefano/Webots_ros2/install/webots_ros2_msgs/lib:/usr/lib/x86_64-linux-gnu/gazebo-11/plugins:/opt/ros/humble/opt/rviz_ogre_vendor/lib:/opt/ros/humble/lib/x86_64-linux-gnu:/opt/ros/humble/lib:/usr/lib/x86_64-linux-gnu/gazebo-11/plugins PYTHONPATH=/home/stefano/Robomaster_WS/build/robomaster_ros/prefix_override:/usr/lib/python3/dist-packages/colcon_core/task/python/colcon_distutils_commands:/home/stefano/Robomaster_WS/install/robomaster_ros/lib/python3.10/site-packages:${PYTHONPATH} /usr/bin/python3 -W ignore:setup.py install is deprecated -W ignore:easy_install command is deprecated setup.py egg_info --egg-base ../../../build/robomaster_ros build --build-base /home/stefano/Robomaster_WS/build/robomaster_ros/build install --record /home/stefano/Robomaster_WS/build/robomaster_ros/install.log --single-version-externally-managed install_data
