[3.199s] Invoking command in '/home/stefano/Robomaster_WS/src/camera_utils': PYTHONPATH=/home/stefano/Robomaster_WS/build/camera_utils/prefix_override:/usr/lib/python3/dist-packages/colcon_core/task/python/colcon_distutils_commands:/home/stefano/Robomaster_WS/install/camera_utils/lib/python3.10/site-packages:${PYTHONPATH} /usr/bin/python3 -W ignore:setup.py install is deprecated -W ignore:easy_install command is deprecated setup.py egg_info --egg-base ../../build/camera_utils build --build-base /home/stefano/Robomaster_WS/build/camera_utils/build install --record /home/stefano/Robomaster_WS/build/camera_utils/install.log --single-version-externally-managed install_data
[3.869s] running egg_info
[3.871s] writing ../../build/camera_utils/camera_utils.egg-info/PKG-INFO
[3.872s] writing dependency_links to ../../build/camera_utils/camera_utils.egg-info/dependency_links.txt
[3.873s] writing entry points to ../../build/camera_utils/camera_utils.egg-info/entry_points.txt
[3.873s] writing requirements to ../../build/camera_utils/camera_utils.egg-info/requires.txt
[3.874s] writing top-level names to ../../build/camera_utils/camera_utils.egg-info/top_level.txt
[3.877s] reading manifest file '../../build/camera_utils/camera_utils.egg-info/SOURCES.txt'
[3.880s] writing manifest file '../../build/camera_utils/camera_utils.egg-info/SOURCES.txt'
[3.881s] running build
[3.881s] running build_py
[3.881s] running install
[3.882s] running install_lib
[3.887s] running install_data
[3.888s] running install_egg_info
[3.890s] removing '/home/stefano/Robomaster_WS/install/camera_utils/lib/python3.10/site-packages/camera_utils-0.0.0-py3.10.egg-info' (and everything under it)
[3.891s] Copying ../../build/camera_utils/camera_utils.egg-info to /home/stefano/Robomaster_WS/install/camera_utils/lib/python3.10/site-packages/camera_utils-0.0.0-py3.10.egg-info
[3.895s] running install_scripts
[3.943s] Installing camera_republisher script to /home/stefano/Robomaster_WS/install/camera_utils/lib/camera_utils
[3.944s] writing list of installed files to '/home/stefano/Robomaster_WS/build/camera_utils/install.log'
[3.973s] Invoked command in '/home/stefano/Robomaster_WS/src/camera_utils' returned '0': PYTHONPATH=/home/stefano/Robomaster_WS/build/camera_utils/prefix_override:/usr/lib/python3/dist-packages/colcon_core/task/python/colcon_distutils_commands:/home/stefano/Robomaster_WS/install/camera_utils/lib/python3.10/site-packages:${PYTHONPATH} /usr/bin/python3 -W ignore:setup.py install is deprecated -W ignore:easy_install command is deprecated setup.py egg_info --egg-base ../../build/camera_utils build --build-base /home/stefano/Robomaster_WS/build/camera_utils/build install --record /home/stefano/Robomaster_WS/build/camera_utils/install.log --single-version-externally-managed install_data
