[1.896s] Invoking command in '/home/stefano/Robomaster_WS/src/robomaster_ros/robomaster_ros': CMAKE_PREFIX_PATH=/home/stefano/Robomaster_WS/install/robomaster_msgs:/home/stefano/Robomaster_WS/install/turtlesim:/home/stefano/Robomaster_WS/install/robomaster_description:/home/stefano/turtlebot3_ws/install/turtlebot3:/home/stefano/turtlebot3_ws/install/turtlebot3_simulations:/home/stefano/turtlebot3_ws/install/turtlebot3_bringup:/home/stefano/turtlebot3_ws/install/turtlebot3_node:/home/stefano/turtlebot3_ws/install/turtlebot3_navigation2:/home/stefano/turtlebot3_ws/install/turtlebot3_fake_node:/home/stefano/turtlebot3_ws/install/turtlebot3_msgs:/home/stefano/turtlebot3_ws/install/turtlebot3_gazebo:/home/stefano/turtlebot3_ws/install/turtlebot3_description:/home/stefano/turtlebot3_ws/install/turtlebot3_cartographer:/home/stefano/turtlebot3_ws/install/dynamixel_sdk_examples:/home/stefano/turtlebot3_ws/install/dynamixel_sdk_custom_interfaces:/home/stefano/turtlebot3_ws/install/dynamixel_sdk:/home/stefano/Webots_ros2/install/webots_ros2_control:/home/stefano/Webots_ros2/install/webots_ros2_driver:/home/stefano/Webots_ros2/install/webots_ros2_msgs:/opt/ros/humble:/opt/ros/humble:/opt/ros/humble:/home/stefano/IGNORE_ros2_RoboMaster_WS/install/turtlesim:/home/stefano/IGNORE_ros2_RoboMaster_WS/install/robomaster_msgs:/home/stefano/IGNORE_ros2_RoboMaster_WS/install/robomaster_description:/home/stefano/IGNORE_ros2_RoboMaster_WS/install/pkg_RM:/home/stefano/IGNORE_ros2_RoboMaster_WS/install/cpp_pubsub LD_LIBRARY_PATH=/home/stefano/Robomaster_WS/install/robomaster_msgs/lib:/home/stefano/Robomaster_WS/install/turtlesim/lib:/home/stefano/turtlebot3_ws/install/turtlebot3_msgs/lib:/home/stefano/turtlebot3_ws/install/dynamixel_sdk_custom_interfaces/lib:/home/stefano/turtlebot3_ws/install/dynamixel_sdk/lib:/home/stefano/Webots_ros2/install/webots_ros2_control/lib:/home/stefano/Webots_ros2/install/webots_ros2_driver/lib:/home/stefano/Webots_ros2/install/webots_ros2_msgs/lib:/usr/lib/x86_64-linux-gnu/gazebo-11/plugins:/opt/ros/humble/opt/rviz_ogre_vendor/lib:/opt/ros/humble/lib/x86_64-linux-gnu:/opt/ros/humble/lib:/usr/lib/x86_64-linux-gnu/gazebo-11/plugins PYTHONPATH=/home/stefano/Robomaster_WS/build/robomaster_ros/prefix_override:/usr/lib/python3/dist-packages/colcon_core/task/python/colcon_distutils_commands:/home/stefano/Robomaster_WS/install/robomaster_ros/lib/python3.10/site-packages:${PYTHONPATH} /usr/bin/python3 -W ignore:setup.py install is deprecated -W ignore:easy_install command is deprecated setup.py egg_info --egg-base ../../../build/robomaster_ros build --build-base /home/stefano/Robomaster_WS/build/robomaster_ros/build install --record /home/stefano/Robomaster_WS/build/robomaster_ros/install.log --single-version-externally-managed install_data
[2.575s] running egg_info
[2.576s] writing ../../../build/robomaster_ros/robomaster_ros.egg-info/PKG-INFO
[2.577s] writing dependency_links to ../../../build/robomaster_ros/robomaster_ros.egg-info/dependency_links.txt
[2.578s] writing entry points to ../../../build/robomaster_ros/robomaster_ros.egg-info/entry_points.txt
[2.578s] writing requirements to ../../../build/robomaster_ros/robomaster_ros.egg-info/requires.txt
[2.578s] writing top-level names to ../../../build/robomaster_ros/robomaster_ros.egg-info/top_level.txt
[2.582s] reading manifest file '../../../build/robomaster_ros/robomaster_ros.egg-info/SOURCES.txt'
[2.586s] writing manifest file '../../../build/robomaster_ros/robomaster_ros.egg-info/SOURCES.txt'
[2.586s] running build
[2.586s] running build_py
[2.591s] running install
[2.592s] running install_lib
[2.600s] running install_data
[2.603s] running install_egg_info
[2.607s] removing '/home/stefano/Robomaster_WS/install/robomaster_ros/lib/python3.10/site-packages/robomaster_ros-0.0.0-py3.10.egg-info' (and everything under it)
[2.607s] Copying ../../../build/robomaster_ros/robomaster_ros.egg-info to /home/stefano/Robomaster_WS/install/robomaster_ros/lib/python3.10/site-packages/robomaster_ros-0.0.0-py3.10.egg-info
[2.609s] running install_scripts
[2.654s] Installing connect script to /home/stefano/Robomaster_WS/install/robomaster_ros/lib/robomaster_ros
[2.657s] Installing discover script to /home/stefano/Robomaster_WS/install/robomaster_ros/lib/robomaster_ros
[2.657s] Installing display_battery script to /home/stefano/Robomaster_WS/install/robomaster_ros/lib/robomaster_ros
[2.658s] Installing h264_decoder script to /home/stefano/Robomaster_WS/install/robomaster_ros/lib/robomaster_ros
[2.659s] Installing move script to /home/stefano/Robomaster_WS/install/robomaster_ros/lib/robomaster_ros
[2.659s] Installing play_audio script to /home/stefano/Robomaster_WS/install/robomaster_ros/lib/robomaster_ros
[2.660s] Installing play_opus script to /home/stefano/Robomaster_WS/install/robomaster_ros/lib/robomaster_ros
[2.660s] Installing robomaster_driver script to /home/stefano/Robomaster_WS/install/robomaster_ros/lib/robomaster_ros
[2.660s] writing list of installed files to '/home/stefano/Robomaster_WS/build/robomaster_ros/install.log'
[2.683s] Invoked command in '/home/stefano/Robomaster_WS/src/robomaster_ros/robomaster_ros' returned '0': CMAKE_PREFIX_PATH=/home/stefano/Robomaster_WS/install/robomaster_msgs:/home/stefano/Robomaster_WS/install/turtlesim:/home/stefano/Robomaster_WS/install/robomaster_description:/home/stefano/turtlebot3_ws/install/turtlebot3:/home/stefano/turtlebot3_ws/install/turtlebot3_simulations:/home/stefano/turtlebot3_ws/install/turtlebot3_bringup:/home/stefano/turtlebot3_ws/install/turtlebot3_node:/home/stefano/turtlebot3_ws/install/turtlebot3_navigation2:/home/stefano/turtlebot3_ws/install/turtlebot3_fake_node:/home/stefano/turtlebot3_ws/install/turtlebot3_msgs:/home/stefano/turtlebot3_ws/install/turtlebot3_gazebo:/home/stefano/turtlebot3_ws/install/turtlebot3_description:/home/stefano/turtlebot3_ws/install/turtlebot3_cartographer:/home/stefano/turtlebot3_ws/install/dynamixel_sdk_examples:/home/stefano/turtlebot3_ws/install/dynamixel_sdk_custom_interfaces:/home/stefano/turtlebot3_ws/install/dynamixel_sdk:/home/stefano/Webots_ros2/install/webots_ros2_control:/home/stefano/Webots_ros2/install/webots_ros2_driver:/home/stefano/Webots_ros2/install/webots_ros2_msgs:/opt/ros/humble:/opt/ros/humble:/opt/ros/humble:/home/stefano/IGNORE_ros2_RoboMaster_WS/install/turtlesim:/home/stefano/IGNORE_ros2_RoboMaster_WS/install/robomaster_msgs:/home/stefano/IGNORE_ros2_RoboMaster_WS/install/robomaster_description:/home/stefano/IGNORE_ros2_RoboMaster_WS/install/pkg_RM:/home/stefano/IGNORE_ros2_RoboMaster_WS/install/cpp_pubsub LD_LIBRARY_PATH=/home/stefano/Robomaster_WS/install/robomaster_msgs/lib:/home/stefano/Robomaster_WS/install/turtlesim/lib:/home/stefano/turtlebot3_ws/install/turtlebot3_msgs/lib:/home/stefano/turtlebot3_ws/install/dynamixel_sdk_custom_interfaces/lib:/home/stefano/turtlebot3_ws/install/dynamixel_sdk/lib:/home/stefano/Webots_ros2/install/webots_ros2_control/lib:/home/stefano/Webots_ros2/install/webots_ros2_driver/lib:/home/stefano/Webots_ros2/install/webots_ros2_msgs/lib:/usr/lib/x86_64-linux-gnu/gazebo-11/plugins:/opt/ros/humble/opt/rviz_ogre_vendor/lib:/opt/ros/humble/lib/x86_64-linux-gnu:/opt/ros/humble/lib:/usr/lib/x86_64-linux-gnu/gazebo-11/plugins PYTHONPATH=/home/stefano/Robomaster_WS/build/robomaster_ros/prefix_override:/usr/lib/python3/dist-packages/colcon_core/task/python/colcon_distutils_commands:/home/stefano/Robomaster_WS/install/robomaster_ros/lib/python3.10/site-packages:${PYTHONPATH} /usr/bin/python3 -W ignore:setup.py install is deprecated -W ignore:easy_install command is deprecated setup.py egg_info --egg-base ../../../build/robomaster_ros build --build-base /home/stefano/Robomaster_WS/build/robomaster_ros/build install --record /home/stefano/Robomaster_WS/build/robomaster_ros/install.log --single-version-externally-managed install_data
