[0.177s] Invoking command in '/home/stefano/Robomaster_WS/build/robomaster_msgs': CMAKE_PREFIX_PATH=${CMAKE_PREFIX_PATH}:/home/stefano/Robomaster_WS/install/laser_echo_publisher:/home/stefano/Robomaster_WS/install/robomaster_ros:/home/stefano/Robomaster_WS/install/robomaster_ir_publisher:/home/stefano/Robomaster_WS/install/camera_utils:/home/stefano/turtlebot3_ws/install/turtlebot3_teleop:/home/stefano/turtlebot3_ws/install/turtlebot3_example:/home/stefano/Webots_ros2/install/webots_ros2:/home/stefano/Webots_ros2/install/webots_ros2_universal_robot:/home/stefano/Webots_ros2/install/webots_ros2_turtlebot:/home/stefano/Webots_ros2/install/webots_ros2_tiago:/home/stefano/Webots_ros2/install/webots_ros2_tests:/home/stefano/Webots_ros2/install/webots_ros2_tesla:/home/stefano/Webots_ros2/install/webots_ros2_mavic:/home/stefano/Webots_ros2/install/webots_ros2_husarion:/home/stefano/Webots_ros2/install/webots_ros2_epuck:/home/stefano/Webots_ros2/install/webots_ros2_crazyflie:/home/stefano/Webots_ros2/install/webots_ros2_importer:/opt/ros/humble /usr/bin/cmake --build /home/stefano/Robomaster_WS/build/robomaster_msgs -- -j8 -l8
[1.796s] [  0%] Built target robomaster_msgs__cpp
[1.799s] [ 12%] Built target robomaster_msgs__rosidl_generator_c
[1.800s] [ 12%] Built target ament_cmake_python_copy_robomaster_msgs
[1.800s] [ 25%] Built target robomaster_msgs__rosidl_typesupport_introspection_c
[1.800s] [ 38%] Built target robomaster_msgs__rosidl_typesupport_c
[1.801s] [ 51%] Built target robomaster_msgs__rosidl_typesupport_introspection_cpp
[1.801s] [ 63%] Built target robomaster_msgs__rosidl_typesupport_fastrtps_cpp
[1.801s] [ 87%] Built target robomaster_msgs__rosidl_typesupport_cpp
[1.802s] [ 88%] Built target robomaster_msgs__rosidl_typesupport_fastrtps_c
[1.803s] [ 88%] Built target robomaster_msgs
[1.804s] [ 88%] Built target robomaster_msgs__py
[1.805s] [100%] Built target robomaster_msgs__rosidl_generator_py
[1.806s] [100%] Built target robomaster_msgs__rosidl_typesupport_c__pyext
[1.806s] [100%] Built target robomaster_msgs__rosidl_typesupport_fastrtps_c__pyext
[1.806s] [100%] Built target robomaster_msgs__rosidl_typesupport_introspection_c__pyext
[1.808s] running egg_info
[1.809s] writing robomaster_msgs.egg-info/PKG-INFO
[1.809s] writing dependency_links to robomaster_msgs.egg-info/dependency_links.txt
[1.810s] writing top-level names to robomaster_msgs.egg-info/top_level.txt
[1.812s] reading manifest file 'robomaster_msgs.egg-info/SOURCES.txt'
[1.813s] writing manifest file 'robomaster_msgs.egg-info/SOURCES.txt'
[1.813s] [100%] Built target ament_cmake_python_build_robomaster_msgs_egg
