[3.234s] Invoking command in '/home/stefano/Robomaster_WS/src/camera_utils': PYTHONPATH=/home/stefano/Robomaster_WS/build/camera_utils/prefix_override:/usr/lib/python3/dist-packages/colcon_core/task/python/colcon_distutils_commands:/home/stefano/Robomaster_WS/install/camera_utils/lib/python3.10/site-packages:${PYTHONPATH} /usr/bin/python3 -W ignore:setup.py install is deprecated -W ignore:easy_install command is deprecated setup.py egg_info --egg-base ../../build/camera_utils build --build-base /home/stefano/Robomaster_WS/build/camera_utils/build install --record /home/stefano/Robomaster_WS/build/camera_utils/install.log --single-version-externally-managed install_data
[3.950s] running egg_info
[3.954s] writing ../../build/camera_utils/camera_utils.egg-info/PKG-INFO
[3.954s] writing dependency_links to ../../build/camera_utils/camera_utils.egg-info/dependency_links.txt
[3.954s] writing entry points to ../../build/camera_utils/camera_utils.egg-info/entry_points.txt
[3.955s] writing requirements to ../../build/camera_utils/camera_utils.egg-info/requires.txt
[3.956s] writing top-level names to ../../build/camera_utils/camera_utils.egg-info/top_level.txt
[3.958s] reading manifest file '../../build/camera_utils/camera_utils.egg-info/SOURCES.txt'
[3.960s] writing manifest file '../../build/camera_utils/camera_utils.egg-info/SOURCES.txt'
[3.961s] running build
[3.962s] running build_py
[3.962s] running install
[3.963s] running install_lib
[3.966s] running install_data
[3.966s] running install_egg_info
[3.971s] removing '/home/stefano/Robomaster_WS/install/camera_utils/lib/python3.10/site-packages/camera_utils-0.0.0-py3.10.egg-info' (and everything under it)
[3.974s] Copying ../../build/camera_utils/camera_utils.egg-info to /home/stefano/Robomaster_WS/install/camera_utils/lib/python3.10/site-packages/camera_utils-0.0.0-py3.10.egg-info
[3.976s] running install_scripts
[4.025s] Installing camera_republisher script to /home/stefano/Robomaster_WS/install/camera_utils/lib/camera_utils
[4.025s] writing list of installed files to '/home/stefano/Robomaster_WS/build/camera_utils/install.log'
[4.054s] Invoked command in '/home/stefano/Robomaster_WS/src/camera_utils' returned '0': PYTHONPATH=/home/stefano/Robomaster_WS/build/camera_utils/prefix_override:/usr/lib/python3/dist-packages/colcon_core/task/python/colcon_distutils_commands:/home/stefano/Robomaster_WS/install/camera_utils/lib/python3.10/site-packages:${PYTHONPATH} /usr/bin/python3 -W ignore:setup.py install is deprecated -W ignore:easy_install command is deprecated setup.py egg_info --egg-base ../../build/camera_utils build --build-base /home/stefano/Robomaster_WS/build/camera_utils/build install --record /home/stefano/Robomaster_WS/build/camera_utils/install.log --single-version-externally-managed install_data
