[1.851s] Invoking command in '/home/stefano/Robomaster_WS/build/turtlesim': CMAKE_PREFIX_PATH=${CMAKE_PREFIX_PATH}:/home/stefano/Robomaster_WS/install/robomaster_ros:/home/stefano/Robomaster_WS/install/robomaster_ir_publisher:/home/stefano/Robomaster_WS/install/camera_utils:/home/stefano/turtlebot3_ws/install/turtlebot3_teleop:/home/stefano/turtlebot3_ws/install/turtlebot3_example:/home/stefano/Webots_ros2/install/webots_ros2:/home/stefano/Webots_ros2/install/webots_ros2_universal_robot:/home/stefano/Webots_ros2/install/webots_ros2_turtlebot:/home/stefano/Webots_ros2/install/webots_ros2_tiago:/home/stefano/Webots_ros2/install/webots_ros2_tests:/home/stefano/Webots_ros2/install/webots_ros2_tesla:/home/stefano/Webots_ros2/install/webots_ros2_mavic:/home/stefano/Webots_ros2/install/webots_ros2_husarion:/home/stefano/Webots_ros2/install/webots_ros2_epuck:/home/stefano/Webots_ros2/install/webots_ros2_crazyflie:/home/stefano/Webots_ros2/install/webots_ros2_importer:/opt/ros/humble /usr/bin/cmake --build /home/stefano/Robomaster_WS/build/turtlesim -- -j8 -l8
[2.319s] [35m[1mConsolidate compiler generated dependencies of target turtlesim__rosidl_generator_c[0m
[2.413s] [  1%] Built target turtlesim__cpp
[2.416s] [ 11%] Built target turtlesim__rosidl_generator_c
[2.417s] [35m[1mConsolidate compiler generated dependencies of target turtlesim__rosidl_typesupport_fastrtps_cpp[0m
[2.432s] [35m[1mConsolidate compiler generated dependencies of target turtlesim__rosidl_typesupport_cpp[0m
[2.448s] [ 11%] Built target ament_cmake_python_copy_turtlesim
[2.450s] [35m[1mConsolidate compiler generated dependencies of target turtlesim__rosidl_typesupport_introspection_c[0m
[2.459s] [35m[1mConsolidate compiler generated dependencies of target turtlesim__rosidl_typesupport_introspection_cpp[0m
[2.465s] [35m[1mConsolidate compiler generated dependencies of target turtlesim__rosidl_typesupport_c[0m
[2.466s] [35m[1mConsolidate compiler generated dependencies of target turtlesim__rosidl_typesupport_fastrtps_c[0m
[2.598s] [ 21%] Built target turtlesim__rosidl_typesupport_fastrtps_cpp
[2.632s] [ 31%] Built target turtlesim__rosidl_typesupport_introspection_cpp
[2.637s] [ 41%] Built target turtlesim__rosidl_typesupport_introspection_c
[2.650s] [ 51%] Built target turtlesim__rosidl_typesupport_c
[2.671s] [ 61%] Built target turtlesim__rosidl_typesupport_cpp
[2.681s] [ 71%] Built target turtlesim__rosidl_typesupport_fastrtps_c
[2.779s] [35m[1mConsolidate compiler generated dependencies of target turtlesim_node[0m
[2.784s] [35m[1mConsolidate compiler generated dependencies of target mimic[0m
[2.789s] [35m[1mConsolidate compiler generated dependencies of target draw_square[0m
[2.829s] [35m[1mConsolidate compiler generated dependencies of target turtle_teleop_key[0m
[2.938s] [ 73%] Built target mimic
[2.976s] [ 75%] Built target draw_square
[3.003s] [ 77%] Built target turtle_teleop_key
[3.047s] [ 83%] Built target turtlesim_node
[3.135s] [ 83%] Built target turtlesim
[3.291s] [ 84%] Built target turtlesim__py
[3.373s] [35m[1mConsolidate compiler generated dependencies of target turtlesim__rosidl_generator_py[0m
[3.448s] running egg_info
[3.449s] writing turtlesim.egg-info/PKG-INFO
[3.450s] writing dependency_links to turtlesim.egg-info/dependency_links.txt
[3.451s] writing top-level names to turtlesim.egg-info/top_level.txt
[3.455s] reading manifest file 'turtlesim.egg-info/SOURCES.txt'
[3.456s] writing manifest file 'turtlesim.egg-info/SOURCES.txt'
[3.496s] [ 93%] Built target turtlesim__rosidl_generator_py
[3.533s] [ 93%] Built target ament_cmake_python_build_turtlesim_egg
[3.579s] [35m[1mConsolidate compiler generated dependencies of target turtlesim__rosidl_typesupport_fastrtps_c__pyext[0m
[3.579s] [35m[1mConsolidate compiler generated dependencies of target turtlesim__rosidl_typesupport_c__pyext[0m
[3.580s] [35m[1mConsolidate compiler generated dependencies of target turtlesim__rosidl_typesupport_introspection_c__pyext[0m
[3.666s] [ 95%] Built target turtlesim__rosidl_typesupport_fastrtps_c__pyext
[3.677s] [ 97%] Built target turtlesim__rosidl_typesupport_introspection_c__pyext
[3.688s] [100%] Built target turtlesim__rosidl_typesupport_c__pyext
[3.750s] Invoked command in '/home/stefano/Robomaster_WS/build/turtlesim' returned '0': CMAKE_PREFIX_PATH=${CMAKE_PREFIX_PATH}:/home/stefano/Robomaster_WS/install/robomaster_ros:/home/stefano/Robomaster_WS/install/robomaster_ir_publisher:/home/stefano/Robomaster_WS/install/camera_utils:/home/stefano/turtlebot3_ws/install/turtlebot3_teleop:/home/stefano/turtlebot3_ws/install/turtlebot3_example:/home/stefano/Webots_ros2/install/webots_ros2:/home/stefano/Webots_ros2/install/webots_ros2_universal_robot:/home/stefano/Webots_ros2/install/webots_ros2_turtlebot:/home/stefano/Webots_ros2/install/webots_ros2_tiago:/home/stefano/Webots_ros2/install/webots_ros2_tests:/home/stefano/Webots_ros2/install/webots_ros2_tesla:/home/stefano/Webots_ros2/install/webots_ros2_mavic:/home/stefano/Webots_ros2/install/webots_ros2_husarion:/home/stefano/Webots_ros2/install/webots_ros2_epuck:/home/stefano/Webots_ros2/install/webots_ros2_crazyflie:/home/stefano/Webots_ros2/install/webots_ros2_importer:/opt/ros/humble /usr/bin/cmake --build /home/stefano/Robomaster_WS/build/turtlesim -- -j8 -l8
[3.756s] Invoking command in '/home/stefano/Robomaster_WS/build/turtlesim': CMAKE_PREFIX_PATH=${CMAKE_PREFIX_PATH}:/home/stefano/Robomaster_WS/install/robomaster_ros:/home/stefano/Robomaster_WS/install/robomaster_ir_publisher:/home/stefano/Robomaster_WS/install/camera_utils:/home/stefano/turtlebot3_ws/install/turtlebot3_teleop:/home/stefano/turtlebot3_ws/install/turtlebot3_example:/home/stefano/Webots_ros2/install/webots_ros2:/home/stefano/Webots_ros2/install/webots_ros2_universal_robot:/home/stefano/Webots_ros2/install/webots_ros2_turtlebot:/home/stefano/Webots_ros2/install/webots_ros2_tiago:/home/stefano/Webots_ros2/install/webots_ros2_tests:/home/stefano/Webots_ros2/install/webots_ros2_tesla:/home/stefano/Webots_ros2/install/webots_ros2_mavic:/home/stefano/Webots_ros2/install/webots_ros2_husarion:/home/stefano/Webots_ros2/install/webots_ros2_epuck:/home/stefano/Webots_ros2/install/webots_ros2_crazyflie:/home/stefano/Webots_ros2/install/webots_ros2_importer:/opt/ros/humble /usr/bin/cmake --install /home/stefano/Robomaster_WS/build/turtlesim
[3.819s] -- Install configuration: ""
[3.820s] -- Up-to-date: /home/stefano/Robomaster_WS/install/turtlesim/share/ament_index/resource_index/rosidl_interfaces/turtlesim
[3.820s] -- Up-to-date: /home/stefano/Robomaster_WS/install/turtlesim/include/turtlesim/turtlesim
[3.820s] -- Up-to-date: /home/stefano/Robomaster_WS/install/turtlesim/include/turtlesim/turtlesim/srv
[3.820s] -- Up-to-date: /home/stefano/Robomaster_WS/install/turtlesim/include/turtlesim/turtlesim/srv/spawn.h
[3.820s] -- Up-to-date: /home/stefano/Robomaster_WS/install/turtlesim/include/turtlesim/turtlesim/srv/kill.h
[3.821s] -- Up-to-date: /home/stefano/Robomaster_WS/install/turtlesim/include/turtlesim/turtlesim/srv/detail
[3.821s] -- Up-to-date: /home/stefano/Robomaster_WS/install/turtlesim/include/turtlesim/turtlesim/srv/detail/teleport_absolute__struct.h
[3.821s] -- Up-to-date: /home/stefano/Robomaster_WS/install/turtlesim/include/turtlesim/turtlesim/srv/detail/set_pen__struct.h
[3.821s] -- Up-to-date: /home/stefano/Robomaster_WS/install/turtlesim/include/turtlesim/turtlesim/srv/detail/teleport_relative__functions.h
[3.821s] -- Up-to-date: /home/stefano/Robomaster_WS/install/turtlesim/include/turtlesim/turtlesim/srv/detail/set_pen__type_support.h
[3.822s] -- Up-to-date: /home/stefano/Robomaster_WS/install/turtlesim/include/turtlesim/turtlesim/srv/detail/set_pen__functions.c
[3.822s] -- Up-to-date: /home/stefano/Robomaster_WS/install/turtlesim/include/turtlesim/turtlesim/srv/detail/teleport_absolute__type_support.h
[3.822s] -- Up-to-date: /home/stefano/Robomaster_WS/install/turtlesim/include/turtlesim/turtlesim/srv/detail/teleport_absolute__functions.c
[3.822s] -- Up-to-date: /home/stefano/Robomaster_WS/install/turtlesim/include/turtlesim/turtlesim/srv/detail/kill__type_support.h
[3.822s] -- Up-to-date: /home/stefano/Robomaster_WS/install/turtlesim/include/turtlesim/turtlesim/srv/detail/teleport_absolute__functions.h
[3.822s] -- Up-to-date: /home/stefano/Robomaster_WS/install/turtlesim/include/turtlesim/turtlesim/srv/detail/set_pen__functions.h
[3.823s] -- Up-to-date: /home/stefano/Robomaster_WS/install/turtlesim/include/turtlesim/turtlesim/srv/detail/teleport_relative__functions.c
[3.824s] -- Up-to-date: /home/stefano/Robomaster_WS/install/turtlesim/include/turtlesim/turtlesim/srv/detail/teleport_relative__struct.h
[3.824s] -- Up-to-date: /home/stefano/Robomaster_WS/install/turtlesim/include/turtlesim/turtlesim/srv/detail/spawn__type_support.h
[3.824s] -- Up-to-date: /home/stefano/Robomaster_WS/install/turtlesim/include/turtlesim/turtlesim/srv/detail/spawn__functions.c
[3.824s] -- Up-to-date: /home/stefano/Robomaster_WS/install/turtlesim/include/turtlesim/turtlesim/srv/detail/kill__functions.c
[3.825s] -- Up-to-date: /home/stefano/Robomaster_WS/install/turtlesim/include/turtlesim/turtlesim/srv/detail/spawn__struct.h
[3.825s] -- Up-to-date: /home/stefano/Robomaster_WS/install/turtlesim/include/turtlesim/turtlesim/srv/detail/kill__functions.h
[3.826s] -- Up-to-date: /home/stefano/Robomaster_WS/install/turtlesim/include/turtlesim/turtlesim/srv/detail/teleport_relative__type_support.h
[3.826s] -- Up-to-date: /home/stefano/Robomaster_WS/install/turtlesim/include/turtlesim/turtlesim/srv/detail/spawn__functions.h
[3.826s] -- Up-to-date: /home/stefano/Robomaster_WS/install/turtlesim/include/turtlesim/turtlesim/srv/detail/kill__struct.h
[3.826s] -- Up-to-date: /home/stefano/Robomaster_WS/install/turtlesim/include/turtlesim/turtlesim/srv/teleport_relative.h
[3.840s] -- Up-to-date: /home/stefano/Robomaster_WS/install/turtlesim/include/turtlesim/turtlesim/srv/teleport_absolute.h
[3.840s] -- Up-to-date: /home/stefano/Robomaster_WS/install/turtlesim/include/turtlesim/turtlesim/srv/set_pen.h
[3.842s] -- Up-to-date: /home/stefano/Robomaster_WS/install/turtlesim/include/turtlesim/turtlesim/msg
[3.842s] -- Up-to-date: /home/stefano/Robomaster_WS/install/turtlesim/include/turtlesim/turtlesim/msg/detail
[3.845s] -- Up-to-date: /home/stefano/Robomaster_WS/install/turtlesim/include/turtlesim/turtlesim/msg/detail/color__functions.c
[3.845s] -- Up-to-date: /home/stefano/Robomaster_WS/install/turtlesim/include/turtlesim/turtlesim/msg/detail/color__functions.h
[3.847s] -- Up-to-date: /home/stefano/Robomaster_WS/install/turtlesim/include/turtlesim/turtlesim/msg/detail/color__type_support.h
[3.847s] -- Up-to-date: /home/stefano/Robomaster_WS/install/turtlesim/include/turtlesim/turtlesim/msg/detail/pose__type_support.h
[3.847s] -- Up-to-date: /home/stefano/Robomaster_WS/install/turtlesim/include/turtlesim/turtlesim/msg/detail/color__struct.h
[3.848s] -- Up-to-date: /home/stefano/Robomaster_WS/install/turtlesim/include/turtlesim/turtlesim/msg/detail/pose__functions.h
[3.848s] -- Up-to-date: /home/stefano/Robomaster_WS/install/turtlesim/include/turtlesim/turtlesim/msg/detail/pose__functions.c
[3.848s] -- Up-to-date: /home/stefano/Robomaster_WS/install/turtlesim/include/turtlesim/turtlesim/msg/detail/pose__struct.h
[3.849s] -- Up-to-date: /home/stefano/Robomaster_WS/install/turtlesim/include/turtlesim/turtlesim/msg/rosidl_generator_c__visibility_control.h
[3.849s] -- Up-to-date: /home/stefano/Robomaster_WS/install/turtlesim/include/turtlesim/turtlesim/msg/pose.h
[3.849s] -- Up-to-date: /home/stefano/Robomaster_WS/install/turtlesim/include/turtlesim/turtlesim/msg/color.h
[3.849s] -- Up-to-date: /home/stefano/Robomaster_WS/install/turtlesim/include/turtlesim/turtlesim/action
[3.849s] -- Up-to-date: /home/stefano/Robomaster_WS/install/turtlesim/include/turtlesim/turtlesim/action/detail
[3.850s] -- Up-to-date: /home/stefano/Robomaster_WS/install/turtlesim/include/turtlesim/turtlesim/action/detail/rotate_absolute__struct.h
[3.850s] -- Up-to-date: /home/stefano/Robomaster_WS/install/turtlesim/include/turtlesim/turtlesim/action/detail/rotate_absolute__functions.c
[3.850s] -- Up-to-date: /home/stefano/Robomaster_WS/install/turtlesim/include/turtlesim/turtlesim/action/detail/rotate_absolute__functions.h
[3.850s] -- Up-to-date: /home/stefano/Robomaster_WS/install/turtlesim/include/turtlesim/turtlesim/action/detail/rotate_absolute__type_support.h
[3.850s] -- Up-to-date: /home/stefano/Robomaster_WS/install/turtlesim/include/turtlesim/turtlesim/action/rotate_absolute.h
[3.851s] -- Up-to-date: /home/stefano/Robomaster_WS/install/turtlesim/share/turtlesim/environment/library_path.sh
[3.851s] -- Up-to-date: /home/stefano/Robomaster_WS/install/turtlesim/share/turtlesim/environment/library_path.dsv
[3.851s] -- Up-to-date: /home/stefano/Robomaster_WS/install/turtlesim/lib/libturtlesim__rosidl_generator_c.so
[3.851s] -- Up-to-date: /home/stefano/Robomaster_WS/install/turtlesim/include/turtlesim/turtlesim
[3.851s] -- Up-to-date: /home/stefano/Robomaster_WS/install/turtlesim/include/turtlesim/turtlesim/srv
[3.852s] -- Up-to-date: /home/stefano/Robomaster_WS/install/turtlesim/include/turtlesim/turtlesim/srv/detail
[3.852s] -- Up-to-date: /home/stefano/Robomaster_WS/install/turtlesim/include/turtlesim/turtlesim/srv/detail/teleport_relative__rosidl_typesupport_fastrtps_c.h
[3.853s] -- Up-to-date: /home/stefano/Robomaster_WS/install/turtlesim/include/turtlesim/turtlesim/srv/detail/teleport_absolute__rosidl_typesupport_fastrtps_c.h
[3.854s] -- Up-to-date: /home/stefano/Robomaster_WS/install/turtlesim/include/turtlesim/turtlesim/srv/detail/set_pen__rosidl_typesupport_fastrtps_c.h
[3.854s] -- Up-to-date: /home/stefano/Robomaster_WS/install/turtlesim/include/turtlesim/turtlesim/srv/detail/kill__rosidl_typesupport_fastrtps_c.h
[3.854s] -- Up-to-date: /home/stefano/Robomaster_WS/install/turtlesim/include/turtlesim/turtlesim/srv/detail/spawn__rosidl_typesupport_fastrtps_c.h
[3.855s] -- Up-to-date: /home/stefano/Robomaster_WS/install/turtlesim/include/turtlesim/turtlesim/msg
[3.855s] -- Up-to-date: /home/stefano/Robomaster_WS/install/turtlesim/include/turtlesim/turtlesim/msg/detail
[3.856s] -- Up-to-date: /home/stefano/Robomaster_WS/install/turtlesim/include/turtlesim/turtlesim/msg/detail/color__rosidl_typesupport_fastrtps_c.h
[3.856s] -- Up-to-date: /home/stefano/Robomaster_WS/install/turtlesim/include/turtlesim/turtlesim/msg/detail/pose__rosidl_typesupport_fastrtps_c.h
[3.856s] -- Up-to-date: /home/stefano/Robomaster_WS/install/turtlesim/include/turtlesim/turtlesim/msg/rosidl_typesupport_fastrtps_c__visibility_control.h
[3.857s] -- Up-to-date: /home/stefano/Robomaster_WS/install/turtlesim/include/turtlesim/turtlesim/action
[3.857s] -- Up-to-date: /home/stefano/Robomaster_WS/install/turtlesim/include/turtlesim/turtlesim/action/detail
[3.860s] -- Up-to-date: /home/stefano/Robomaster_WS/install/turtlesim/include/turtlesim/turtlesim/action/detail/rotate_absolute__rosidl_typesupport_fastrtps_c.h
[3.860s] -- Up-to-date: /home/stefano/Robomaster_WS/install/turtlesim/lib/libturtlesim__rosidl_typesupport_fastrtps_c.so
[3.861s] -- Up-to-date: /home/stefano/Robomaster_WS/install/turtlesim/include/turtlesim/turtlesim
[3.861s] -- Up-to-date: /home/stefano/Robomaster_WS/install/turtlesim/include/turtlesim/turtlesim/srv
[3.861s] -- Up-to-date: /home/stefano/Robomaster_WS/install/turtlesim/include/turtlesim/turtlesim/srv/teleport_absolute.hpp
[3.862s] -- Up-to-date: /home/stefano/Robomaster_WS/install/turtlesim/include/turtlesim/turtlesim/srv/set_pen.hpp
[3.862s] -- Up-to-date: /home/stefano/Robomaster_WS/install/turtlesim/include/turtlesim/turtlesim/srv/detail
[3.862s] -- Up-to-date: /home/stefano/Robomaster_WS/install/turtlesim/include/turtlesim/turtlesim/srv/detail/teleport_absolute__struct.hpp
[3.863s] -- Up-to-date: /home/stefano/Robomaster_WS/install/turtlesim/include/turtlesim/turtlesim/srv/detail/set_pen__builder.hpp
[3.863s] -- Up-to-date: /home/stefano/Robomaster_WS/install/turtlesim/include/turtlesim/turtlesim/srv/detail/teleport_absolute__builder.hpp
[3.863s] -- Up-to-date: /home/stefano/Robomaster_WS/install/turtlesim/include/turtlesim/turtlesim/srv/detail/teleport_relative__struct.hpp
[3.863s] -- Up-to-date: /home/stefano/Robomaster_WS/install/turtlesim/include/turtlesim/turtlesim/srv/detail/set_pen__type_support.hpp
[3.863s] -- Up-to-date: /home/stefano/Robomaster_WS/install/turtlesim/include/turtlesim/turtlesim/srv/detail/kill__type_support.hpp
[3.863s] -- Up-to-date: /home/stefano/Robomaster_WS/install/turtlesim/include/turtlesim/turtlesim/srv/detail/teleport_relative__type_support.hpp
[3.864s] -- Up-to-date: /home/stefano/Robomaster_WS/install/turtlesim/include/turtlesim/turtlesim/srv/detail/set_pen__struct.hpp
[3.864s] -- Up-to-date: /home/stefano/Robomaster_WS/install/turtlesim/include/turtlesim/turtlesim/srv/detail/kill__traits.hpp
[3.864s] -- Up-to-date: /home/stefano/Robomaster_WS/install/turtlesim/include/turtlesim/turtlesim/srv/detail/teleport_absolute__type_support.hpp
[3.864s] -- Up-to-date: /home/stefano/Robomaster_WS/install/turtlesim/include/turtlesim/turtlesim/srv/detail/spawn__builder.hpp
[3.864s] -- Up-to-date: /home/stefano/Robomaster_WS/install/turtlesim/include/turtlesim/turtlesim/srv/detail/teleport_relative__traits.hpp
[3.865s] -- Up-to-date: /home/stefano/Robomaster_WS/install/turtlesim/include/turtlesim/turtlesim/srv/detail/kill__struct.hpp
[3.866s] -- Up-to-date: /home/stefano/Robomaster_WS/install/turtlesim/include/turtlesim/turtlesim/srv/detail/teleport_relative__builder.hpp
[3.867s] -- Up-to-date: /home/stefano/Robomaster_WS/install/turtlesim/include/turtlesim/turtlesim/srv/detail/spawn__struct.hpp
[3.867s] -- Up-to-date: /home/stefano/Robomaster_WS/install/turtlesim/include/turtlesim/turtlesim/srv/detail/spawn__type_support.hpp
[3.867s] -- Up-to-date: /home/stefano/Robomaster_WS/install/turtlesim/include/turtlesim/turtlesim/srv/detail/spawn__traits.hpp
[3.867s] -- Up-to-date: /home/stefano/Robomaster_WS/install/turtlesim/include/turtlesim/turtlesim/srv/detail/kill__builder.hpp
[3.868s] -- Up-to-date: /home/stefano/Robomaster_WS/install/turtlesim/include/turtlesim/turtlesim/srv/detail/teleport_absolute__traits.hpp
[3.868s] -- Up-to-date: /home/stefano/Robomaster_WS/install/turtlesim/include/turtlesim/turtlesim/srv/detail/set_pen__traits.hpp
[3.868s] -- Up-to-date: /home/stefano/Robomaster_WS/install/turtlesim/include/turtlesim/turtlesim/srv/spawn.hpp
[3.868s] -- Up-to-date: /home/stefano/Robomaster_WS/install/turtlesim/include/turtlesim/turtlesim/srv/teleport_relative.hpp
[3.869s] -- Up-to-date: /home/stefano/Robomaster_WS/install/turtlesim/include/turtlesim/turtlesim/srv/kill.hpp
[3.869s] -- Up-to-date: /home/stefano/Robomaster_WS/install/turtlesim/include/turtlesim/turtlesim/msg
[3.869s] -- Up-to-date: /home/stefano/Robomaster_WS/install/turtlesim/include/turtlesim/turtlesim/msg/color.hpp
[3.869s] -- Up-to-date: /home/stefano/Robomaster_WS/install/turtlesim/include/turtlesim/turtlesim/msg/pose.hpp
[3.870s] -- Up-to-date: /home/stefano/Robomaster_WS/install/turtlesim/include/turtlesim/turtlesim/msg/detail
[3.870s] -- Up-to-date: /home/stefano/Robomaster_WS/install/turtlesim/include/turtlesim/turtlesim/msg/detail/color__traits.hpp
[3.870s] -- Up-to-date: /home/stefano/Robomaster_WS/install/turtlesim/include/turtlesim/turtlesim/msg/detail/pose__type_support.hpp
[3.870s] -- Up-to-date: /home/stefano/Robomaster_WS/install/turtlesim/include/turtlesim/turtlesim/msg/detail/pose__builder.hpp
[3.871s] -- Up-to-date: /home/stefano/Robomaster_WS/install/turtlesim/include/turtlesim/turtlesim/msg/detail/color__builder.hpp
[3.871s] -- Up-to-date: /home/stefano/Robomaster_WS/install/turtlesim/include/turtlesim/turtlesim/msg/detail/pose__traits.hpp
[3.871s] -- Up-to-date: /home/stefano/Robomaster_WS/install/turtlesim/include/turtlesim/turtlesim/msg/detail/pose__struct.hpp
[3.872s] -- Up-to-date: /home/stefano/Robomaster_WS/install/turtlesim/include/turtlesim/turtlesim/msg/detail/color__type_support.hpp
[3.872s] -- Up-to-date: /home/stefano/Robomaster_WS/install/turtlesim/include/turtlesim/turtlesim/msg/detail/color__struct.hpp
[3.873s] -- Up-to-date: /home/stefano/Robomaster_WS/install/turtlesim/include/turtlesim/turtlesim/msg/rosidl_generator_cpp__visibility_control.hpp
[3.873s] -- Up-to-date: /home/stefano/Robomaster_WS/install/turtlesim/include/turtlesim/turtlesim/action
[3.873s] -- Up-to-date: /home/stefano/Robomaster_WS/install/turtlesim/include/turtlesim/turtlesim/action/detail
[3.873s] -- Up-to-date: /home/stefano/Robomaster_WS/install/turtlesim/include/turtlesim/turtlesim/action/detail/rotate_absolute__builder.hpp
[3.874s] -- Up-to-date: /home/stefano/Robomaster_WS/install/turtlesim/include/turtlesim/turtlesim/action/detail/rotate_absolute__type_support.hpp
[3.874s] -- Up-to-date: /home/stefano/Robomaster_WS/install/turtlesim/include/turtlesim/turtlesim/action/detail/rotate_absolute__traits.hpp
[3.874s] -- Up-to-date: /home/stefano/Robomaster_WS/install/turtlesim/include/turtlesim/turtlesim/action/detail/rotate_absolute__struct.hpp
[3.875s] -- Up-to-date: /home/stefano/Robomaster_WS/install/turtlesim/include/turtlesim/turtlesim/action/rotate_absolute.hpp
[3.875s] -- Up-to-date: /home/stefano/Robomaster_WS/install/turtlesim/include/turtlesim/turtlesim
[3.876s] -- Up-to-date: /home/stefano/Robomaster_WS/install/turtlesim/include/turtlesim/turtlesim/srv
[3.876s] -- Up-to-date: /home/stefano/Robomaster_WS/install/turtlesim/include/turtlesim/turtlesim/srv/detail
[3.876s] -- Up-to-date: /home/stefano/Robomaster_WS/install/turtlesim/include/turtlesim/turtlesim/srv/detail/teleport_relative__rosidl_typesupport_fastrtps_cpp.hpp
[3.877s] -- Up-to-date: /home/stefano/Robomaster_WS/install/turtlesim/include/turtlesim/turtlesim/srv/detail/teleport_absolute__rosidl_typesupport_fastrtps_cpp.hpp
[3.877s] -- Up-to-date: /home/stefano/Robomaster_WS/install/turtlesim/include/turtlesim/turtlesim/srv/detail/set_pen__rosidl_typesupport_fastrtps_cpp.hpp
[3.877s] -- Up-to-date: /home/stefano/Robomaster_WS/install/turtlesim/include/turtlesim/turtlesim/srv/detail/spawn__rosidl_typesupport_fastrtps_cpp.hpp
[3.878s] -- Up-to-date: /home/stefano/Robomaster_WS/install/turtlesim/include/turtlesim/turtlesim/srv/detail/kill__rosidl_typesupport_fastrtps_cpp.hpp
[3.878s] -- Up-to-date: /home/stefano/Robomaster_WS/install/turtlesim/include/turtlesim/turtlesim/srv/detail/dds_fastrtps
[3.878s] -- Up-to-date: /home/stefano/Robomaster_WS/install/turtlesim/include/turtlesim/turtlesim/msg
[3.878s] -- Up-to-date: /home/stefano/Robomaster_WS/install/turtlesim/include/turtlesim/turtlesim/msg/detail
[3.878s] -- Up-to-date: /home/stefano/Robomaster_WS/install/turtlesim/include/turtlesim/turtlesim/msg/detail/pose__rosidl_typesupport_fastrtps_cpp.hpp
[3.879s] -- Up-to-date: /home/stefano/Robomaster_WS/install/turtlesim/include/turtlesim/turtlesim/msg/detail/color__rosidl_typesupport_fastrtps_cpp.hpp
[3.879s] -- Up-to-date: /home/stefano/Robomaster_WS/install/turtlesim/include/turtlesim/turtlesim/msg/detail/dds_fastrtps
[3.879s] -- Up-to-date: /home/stefano/Robomaster_WS/install/turtlesim/include/turtlesim/turtlesim/msg/rosidl_typesupport_fastrtps_cpp__visibility_control.h
[3.879s] -- Up-to-date: /home/stefano/Robomaster_WS/install/turtlesim/include/turtlesim/turtlesim/action
[3.880s] -- Up-to-date: /home/stefano/Robomaster_WS/install/turtlesim/include/turtlesim/turtlesim/action/detail
[3.880s] -- Up-to-date: /home/stefano/Robomaster_WS/install/turtlesim/include/turtlesim/turtlesim/action/detail/rotate_absolute__rosidl_typesupport_fastrtps_cpp.hpp
[3.880s] -- Up-to-date: /home/stefano/Robomaster_WS/install/turtlesim/include/turtlesim/turtlesim/action/detail/dds_fastrtps
[3.880s] -- Up-to-date: /home/stefano/Robomaster_WS/install/turtlesim/lib/libturtlesim__rosidl_typesupport_fastrtps_cpp.so
[3.880s] -- Up-to-date: /home/stefano/Robomaster_WS/install/turtlesim/include/turtlesim/turtlesim
[3.881s] -- Up-to-date: /home/stefano/Robomaster_WS/install/turtlesim/include/turtlesim/turtlesim/srv
[3.881s] -- Up-to-date: /home/stefano/Robomaster_WS/install/turtlesim/include/turtlesim/turtlesim/srv/detail
[3.881s] -- Up-to-date: /home/stefano/Robomaster_WS/install/turtlesim/include/turtlesim/turtlesim/srv/detail/teleport_relative__rosidl_typesupport_introspection_c.h
[3.881s] -- Up-to-date: /home/stefano/Robomaster_WS/install/turtlesim/include/turtlesim/turtlesim/srv/detail/spawn__type_support.c
[3.882s] -- Up-to-date: /home/stefano/Robomaster_WS/install/turtlesim/include/turtlesim/turtlesim/srv/detail/teleport_relative__type_support.c
[3.882s] -- Up-to-date: /home/stefano/Robomaster_WS/install/turtlesim/include/turtlesim/turtlesim/srv/detail/teleport_absolute__type_support.c
[3.882s] -- Up-to-date: /home/stefano/Robomaster_WS/install/turtlesim/include/turtlesim/turtlesim/srv/detail/spawn__rosidl_typesupport_introspection_c.h
[3.882s] -- Up-to-date: /home/stefano/Robomaster_WS/install/turtlesim/include/turtlesim/turtlesim/srv/detail/kill__rosidl_typesupport_introspection_c.h
[3.882s] -- Up-to-date: /home/stefano/Robomaster_WS/install/turtlesim/include/turtlesim/turtlesim/srv/detail/set_pen__type_support.c
[3.883s] -- Up-to-date: /home/stefano/Robomaster_WS/install/turtlesim/include/turtlesim/turtlesim/srv/detail/kill__type_support.c
[3.883s] -- Up-to-date: /home/stefano/Robomaster_WS/install/turtlesim/include/turtlesim/turtlesim/srv/detail/set_pen__rosidl_typesupport_introspection_c.h
[3.883s] -- Up-to-date: /home/stefano/Robomaster_WS/install/turtlesim/include/turtlesim/turtlesim/srv/detail/teleport_absolute__rosidl_typesupport_introspection_c.h
[3.883s] -- Up-to-date: /home/stefano/Robomaster_WS/install/turtlesim/include/turtlesim/turtlesim/msg
[3.883s] -- Up-to-date: /home/stefano/Robomaster_WS/install/turtlesim/include/turtlesim/turtlesim/msg/detail
[3.883s] -- Up-to-date: /home/stefano/Robomaster_WS/install/turtlesim/include/turtlesim/turtlesim/msg/detail/color__rosidl_typesupport_introspection_c.h
[3.884s] -- Up-to-date: /home/stefano/Robomaster_WS/install/turtlesim/include/turtlesim/turtlesim/msg/detail/color__type_support.c
[3.884s] -- Up-to-date: /home/stefano/Robomaster_WS/install/turtlesim/include/turtlesim/turtlesim/msg/detail/pose__rosidl_typesupport_introspection_c.h
[3.884s] -- Up-to-date: /home/stefano/Robomaster_WS/install/turtlesim/include/turtlesim/turtlesim/msg/detail/pose__type_support.c
[3.884s] -- Up-to-date: /home/stefano/Robomaster_WS/install/turtlesim/include/turtlesim/turtlesim/msg/rosidl_typesupport_introspection_c__visibility_control.h
[3.884s] -- Up-to-date: /home/stefano/Robomaster_WS/install/turtlesim/include/turtlesim/turtlesim/action
[3.884s] -- Up-to-date: /home/stefano/Robomaster_WS/install/turtlesim/include/turtlesim/turtlesim/action/detail
[3.885s] -- Up-to-date: /home/stefano/Robomaster_WS/install/turtlesim/include/turtlesim/turtlesim/action/detail/rotate_absolute__rosidl_typesupport_introspection_c.h
[3.885s] -- Up-to-date: /home/stefano/Robomaster_WS/install/turtlesim/include/turtlesim/turtlesim/action/detail/rotate_absolute__type_support.c
[3.885s] -- Up-to-date: /home/stefano/Robomaster_WS/install/turtlesim/lib/libturtlesim__rosidl_typesupport_introspection_c.so
[3.885s] -- Up-to-date: /home/stefano/Robomaster_WS/install/turtlesim/lib/libturtlesim__rosidl_typesupport_c.so
[3.885s] -- Up-to-date: /home/stefano/Robomaster_WS/install/turtlesim/include/turtlesim/turtlesim
[3.885s] -- Up-to-date: /home/stefano/Robomaster_WS/install/turtlesim/include/turtlesim/turtlesim/srv
[3.885s] -- Up-to-date: /home/stefano/Robomaster_WS/install/turtlesim/include/turtlesim/turtlesim/srv/detail
[3.886s] -- Up-to-date: /home/stefano/Robomaster_WS/install/turtlesim/include/turtlesim/turtlesim/srv/detail/kill__type_support.cpp
[3.886s] -- Up-to-date: /home/stefano/Robomaster_WS/install/turtlesim/include/turtlesim/turtlesim/srv/detail/teleport_relative__rosidl_typesupport_introspection_cpp.hpp
[3.886s] -- Up-to-date: /home/stefano/Robomaster_WS/install/turtlesim/include/turtlesim/turtlesim/srv/detail/teleport_absolute__type_support.cpp
[3.886s] -- Up-to-date: /home/stefano/Robomaster_WS/install/turtlesim/include/turtlesim/turtlesim/srv/detail/kill__rosidl_typesupport_introspection_cpp.hpp
[3.886s] -- Up-to-date: /home/stefano/Robomaster_WS/install/turtlesim/include/turtlesim/turtlesim/srv/detail/spawn__type_support.cpp
[3.886s] -- Up-to-date: /home/stefano/Robomaster_WS/install/turtlesim/include/turtlesim/turtlesim/srv/detail/set_pen__type_support.cpp
[3.886s] -- Up-to-date: /home/stefano/Robomaster_WS/install/turtlesim/include/turtlesim/turtlesim/srv/detail/teleport_relative__type_support.cpp
[3.887s] -- Up-to-date: /home/stefano/Robomaster_WS/install/turtlesim/include/turtlesim/turtlesim/srv/detail/spawn__rosidl_typesupport_introspection_cpp.hpp
[3.887s] -- Up-to-date: /home/stefano/Robomaster_WS/install/turtlesim/include/turtlesim/turtlesim/srv/detail/teleport_absolute__rosidl_typesupport_introspection_cpp.hpp
[3.887s] -- Up-to-date: /home/stefano/Robomaster_WS/install/turtlesim/include/turtlesim/turtlesim/srv/detail/set_pen__rosidl_typesupport_introspection_cpp.hpp
[3.887s] -- Up-to-date: /home/stefano/Robomaster_WS/install/turtlesim/include/turtlesim/turtlesim/msg
[3.887s] -- Up-to-date: /home/stefano/Robomaster_WS/install/turtlesim/include/turtlesim/turtlesim/msg/detail
[3.887s] -- Up-to-date: /home/stefano/Robomaster_WS/install/turtlesim/include/turtlesim/turtlesim/msg/detail/color__type_support.cpp
[3.887s] -- Up-to-date: /home/stefano/Robomaster_WS/install/turtlesim/include/turtlesim/turtlesim/msg/detail/pose__rosidl_typesupport_introspection_cpp.hpp
[3.888s] -- Up-to-date: /home/stefano/Robomaster_WS/install/turtlesim/include/turtlesim/turtlesim/msg/detail/color__rosidl_typesupport_introspection_cpp.hpp
[3.888s] -- Up-to-date: /home/stefano/Robomaster_WS/install/turtlesim/include/turtlesim/turtlesim/msg/detail/pose__type_support.cpp
[3.888s] -- Up-to-date: /home/stefano/Robomaster_WS/install/turtlesim/include/turtlesim/turtlesim/action
[3.888s] -- Up-to-date: /home/stefano/Robomaster_WS/install/turtlesim/include/turtlesim/turtlesim/action/detail
[3.888s] -- Up-to-date: /home/stefano/Robomaster_WS/install/turtlesim/include/turtlesim/turtlesim/action/detail/rotate_absolute__type_support.cpp
[3.889s] -- Up-to-date: /home/stefano/Robomaster_WS/install/turtlesim/include/turtlesim/turtlesim/action/detail/rotate_absolute__rosidl_typesupport_introspection_cpp.hpp
[3.889s] -- Up-to-date: /home/stefano/Robomaster_WS/install/turtlesim/lib/libturtlesim__rosidl_typesupport_introspection_cpp.so
[3.889s] -- Up-to-date: /home/stefano/Robomaster_WS/install/turtlesim/lib/libturtlesim__rosidl_typesupport_cpp.so
[3.889s] -- Up-to-date: /home/stefano/Robomaster_WS/install/turtlesim/share/turtlesim/environment/pythonpath.sh
[3.889s] -- Up-to-date: /home/stefano/Robomaster_WS/install/turtlesim/share/turtlesim/environment/pythonpath.dsv
[3.889s] -- Up-to-date: /home/stefano/Robomaster_WS/install/turtlesim/local/lib/python3.10/dist-packages/turtlesim-1.4.2-py3.10.egg-info
[3.890s] -- Installing: /home/stefano/Robomaster_WS/install/turtlesim/local/lib/python3.10/dist-packages/turtlesim-1.4.2-py3.10.egg-info/SOURCES.txt
[3.890s] -- Installing: /home/stefano/Robomaster_WS/install/turtlesim/local/lib/python3.10/dist-packages/turtlesim-1.4.2-py3.10.egg-info/dependency_links.txt
[3.890s] -- Installing: /home/stefano/Robomaster_WS/install/turtlesim/local/lib/python3.10/dist-packages/turtlesim-1.4.2-py3.10.egg-info/top_level.txt
[3.890s] -- Installing: /home/stefano/Robomaster_WS/install/turtlesim/local/lib/python3.10/dist-packages/turtlesim-1.4.2-py3.10.egg-info/PKG-INFO
[3.890s] -- Up-to-date: /home/stefano/Robomaster_WS/install/turtlesim/local/lib/python3.10/dist-packages/turtlesim
[3.890s] -- Up-to-date: /home/stefano/Robomaster_WS/install/turtlesim/local/lib/python3.10/dist-packages/turtlesim/libturtlesim__rosidl_generator_py.so
[3.891s] -- Up-to-date: /home/stefano/Robomaster_WS/install/turtlesim/local/lib/python3.10/dist-packages/turtlesim/srv
[3.891s] -- Up-to-date: /home/stefano/Robomaster_WS/install/turtlesim/local/lib/python3.10/dist-packages/turtlesim/srv/_teleport_absolute.py
[3.891s] -- Up-to-date: /home/stefano/Robomaster_WS/install/turtlesim/local/lib/python3.10/dist-packages/turtlesim/srv/_spawn_s.c
[3.891s] -- Up-to-date: /home/stefano/Robomaster_WS/install/turtlesim/local/lib/python3.10/dist-packages/turtlesim/srv/_kill.py
[3.891s] -- Up-to-date: /home/stefano/Robomaster_WS/install/turtlesim/local/lib/python3.10/dist-packages/turtlesim/srv/_kill_s.c
[3.892s] -- Up-to-date: /home/stefano/Robomaster_WS/install/turtlesim/local/lib/python3.10/dist-packages/turtlesim/srv/_teleport_absolute_s.c
[3.892s] -- Up-to-date: /home/stefano/Robomaster_WS/install/turtlesim/local/lib/python3.10/dist-packages/turtlesim/srv/_set_pen.py
[3.892s] -- Up-to-date: /home/stefano/Robomaster_WS/install/turtlesim/local/lib/python3.10/dist-packages/turtlesim/srv/_teleport_relative.py
[3.892s] -- Up-to-date: /home/stefano/Robomaster_WS/install/turtlesim/local/lib/python3.10/dist-packages/turtlesim/srv/_spawn.py
[3.892s] -- Up-to-date: /home/stefano/Robomaster_WS/install/turtlesim/local/lib/python3.10/dist-packages/turtlesim/srv/__init__.py
[3.892s] -- Up-to-date: /home/stefano/Robomaster_WS/install/turtlesim/local/lib/python3.10/dist-packages/turtlesim/srv/_set_pen_s.c
[3.893s] -- Up-to-date: /home/stefano/Robomaster_WS/install/turtlesim/local/lib/python3.10/dist-packages/turtlesim/srv/_teleport_relative_s.c
[3.893s] -- Up-to-date: /home/stefano/Robomaster_WS/install/turtlesim/local/lib/python3.10/dist-packages/turtlesim/_turtlesim_s.ep.rosidl_typesupport_c.c
[3.893s] -- Up-to-date: /home/stefano/Robomaster_WS/install/turtlesim/local/lib/python3.10/dist-packages/turtlesim/turtlesim_s__rosidl_typesupport_introspection_c.cpython-310-x86_64-linux-gnu.so
[3.893s] -- Up-to-date: /home/stefano/Robomaster_WS/install/turtlesim/local/lib/python3.10/dist-packages/turtlesim/msg
[3.893s] -- Up-to-date: /home/stefano/Robomaster_WS/install/turtlesim/local/lib/python3.10/dist-packages/turtlesim/msg/_pose_s.c
[3.894s] -- Up-to-date: /home/stefano/Robomaster_WS/install/turtlesim/local/lib/python3.10/dist-packages/turtlesim/msg/_color_s.c
[3.894s] -- Up-to-date: /home/stefano/Robomaster_WS/install/turtlesim/local/lib/python3.10/dist-packages/turtlesim/msg/_pose.py
[3.894s] -- Up-to-date: /home/stefano/Robomaster_WS/install/turtlesim/local/lib/python3.10/dist-packages/turtlesim/msg/_color.py
[3.894s] -- Up-to-date: /home/stefano/Robomaster_WS/install/turtlesim/local/lib/python3.10/dist-packages/turtlesim/msg/__init__.py
[3.894s] -- Up-to-date: /home/stefano/Robomaster_WS/install/turtlesim/local/lib/python3.10/dist-packages/turtlesim/turtlesim_s__rosidl_typesupport_c.cpython-310-x86_64-linux-gnu.so
[3.895s] -- Up-to-date: /home/stefano/Robomaster_WS/install/turtlesim/local/lib/python3.10/dist-packages/turtlesim/action
[3.895s] -- Up-to-date: /home/stefano/Robomaster_WS/install/turtlesim/local/lib/python3.10/dist-packages/turtlesim/action/_rotate_absolute_s.c
[3.895s] -- Up-to-date: /home/stefano/Robomaster_WS/install/turtlesim/local/lib/python3.10/dist-packages/turtlesim/action/_rotate_absolute.py
[3.895s] -- Up-to-date: /home/stefano/Robomaster_WS/install/turtlesim/local/lib/python3.10/dist-packages/turtlesim/action/__init__.py
[3.895s] -- Up-to-date: /home/stefano/Robomaster_WS/install/turtlesim/local/lib/python3.10/dist-packages/turtlesim/_turtlesim_s.ep.rosidl_typesupport_introspection_c.c
[3.895s] -- Up-to-date: /home/stefano/Robomaster_WS/install/turtlesim/local/lib/python3.10/dist-packages/turtlesim/turtlesim_s__rosidl_typesupport_fastrtps_c.cpython-310-x86_64-linux-gnu.so
[3.896s] -- Up-to-date: /home/stefano/Robomaster_WS/install/turtlesim/local/lib/python3.10/dist-packages/turtlesim/__init__.py
[3.896s] -- Up-to-date: /home/stefano/Robomaster_WS/install/turtlesim/local/lib/python3.10/dist-packages/turtlesim/_turtlesim_s.ep.rosidl_typesupport_fastrtps_c.c
[4.030s] Listing '/home/stefano/Robomaster_WS/install/turtlesim/local/lib/python3.10/dist-packages/turtlesim'...
[4.031s] Listing '/home/stefano/Robomaster_WS/install/turtlesim/local/lib/python3.10/dist-packages/turtlesim/action'...
[4.031s] Listing '/home/stefano/Robomaster_WS/install/turtlesim/local/lib/python3.10/dist-packages/turtlesim/msg'...
[4.031s] Listing '/home/stefano/Robomaster_WS/install/turtlesim/local/lib/python3.10/dist-packages/turtlesim/srv'...
[4.039s] -- Up-to-date: /home/stefano/Robomaster_WS/install/turtlesim/local/lib/python3.10/dist-packages/turtlesim/turtlesim_s__rosidl_typesupport_fastrtps_c.cpython-310-x86_64-linux-gnu.so
[4.043s] -- Up-to-date: /home/stefano/Robomaster_WS/install/turtlesim/local/lib/python3.10/dist-packages/turtlesim/turtlesim_s__rosidl_typesupport_introspection_c.cpython-310-x86_64-linux-gnu.so
[4.046s] -- Up-to-date: /home/stefano/Robomaster_WS/install/turtlesim/local/lib/python3.10/dist-packages/turtlesim/turtlesim_s__rosidl_typesupport_c.cpython-310-x86_64-linux-gnu.so
[4.050s] -- Up-to-date: /home/stefano/Robomaster_WS/install/turtlesim/lib/libturtlesim__rosidl_generator_py.so
[4.052s] -- Up-to-date: /home/stefano/Robomaster_WS/install/turtlesim/share/turtlesim/action/RotateAbsolute.idl
[4.052s] -- Up-to-date: /home/stefano/Robomaster_WS/install/turtlesim/share/turtlesim/msg/Color.idl
[4.053s] -- Up-to-date: /home/stefano/Robomaster_WS/install/turtlesim/share/turtlesim/msg/Pose.idl
[4.053s] -- Up-to-date: /home/stefano/Robomaster_WS/install/turtlesim/share/turtlesim/srv/Kill.idl
[4.053s] -- Up-to-date: /home/stefano/Robomaster_WS/install/turtlesim/share/turtlesim/srv/SetPen.idl
[4.054s] -- Up-to-date: /home/stefano/Robomaster_WS/install/turtlesim/share/turtlesim/srv/Spawn.idl
[4.054s] -- Up-to-date: /home/stefano/Robomaster_WS/install/turtlesim/share/turtlesim/srv/TeleportAbsolute.idl
[4.054s] -- Up-to-date: /home/stefano/Robomaster_WS/install/turtlesim/share/turtlesim/srv/TeleportRelative.idl
[4.055s] -- Up-to-date: /home/stefano/Robomaster_WS/install/turtlesim/share/turtlesim/action/RotateAbsolute.action
[4.055s] -- Up-to-date: /home/stefano/Robomaster_WS/install/turtlesim/share/turtlesim/msg/Color.msg
[4.055s] -- Up-to-date: /home/stefano/Robomaster_WS/install/turtlesim/share/turtlesim/msg/Pose.msg
[4.056s] -- Up-to-date: /home/stefano/Robomaster_WS/install/turtlesim/share/turtlesim/srv/Kill.srv
[4.056s] -- Up-to-date: /home/stefano/Robomaster_WS/install/turtlesim/share/turtlesim/srv/Kill_Request.msg
[4.056s] -- Up-to-date: /home/stefano/Robomaster_WS/install/turtlesim/share/turtlesim/srv/Kill_Response.msg
[4.056s] -- Up-to-date: /home/stefano/Robomaster_WS/install/turtlesim/share/turtlesim/srv/SetPen.srv
[4.056s] -- Up-to-date: /home/stefano/Robomaster_WS/install/turtlesim/share/turtlesim/srv/SetPen_Request.msg
[4.057s] -- Up-to-date: /home/stefano/Robomaster_WS/install/turtlesim/share/turtlesim/srv/SetPen_Response.msg
[4.057s] -- Up-to-date: /home/stefano/Robomaster_WS/install/turtlesim/share/turtlesim/srv/Spawn.srv
[4.057s] -- Up-to-date: /home/stefano/Robomaster_WS/install/turtlesim/share/turtlesim/srv/Spawn_Request.msg
[4.058s] -- Up-to-date: /home/stefano/Robomaster_WS/install/turtlesim/share/turtlesim/srv/Spawn_Response.msg
[4.058s] -- Up-to-date: /home/stefano/Robomaster_WS/install/turtlesim/share/turtlesim/srv/TeleportAbsolute.srv
[4.058s] -- Up-to-date: /home/stefano/Robomaster_WS/install/turtlesim/share/turtlesim/srv/TeleportAbsolute_Request.msg
[4.058s] -- Up-to-date: /home/stefano/Robomaster_WS/install/turtlesim/share/turtlesim/srv/TeleportAbsolute_Response.msg
[4.058s] -- Up-to-date: /home/stefano/Robomaster_WS/install/turtlesim/share/turtlesim/srv/TeleportRelative.srv
[4.058s] -- Up-to-date: /home/stefano/Robomaster_WS/install/turtlesim/share/turtlesim/srv/TeleportRelative_Request.msg
[4.059s] -- Up-to-date: /home/stefano/Robomaster_WS/install/turtlesim/share/turtlesim/srv/TeleportRelative_Response.msg
[4.062s] -- Up-to-date: /home/stefano/Robomaster_WS/install/turtlesim/lib/turtlesim/turtlesim_node
[4.066s] -- Up-to-date: /home/stefano/Robomaster_WS/install/turtlesim/lib/turtlesim/turtle_teleop_key
[4.070s] -- Up-to-date: /home/stefano/Robomaster_WS/install/turtlesim/lib/turtlesim/draw_square
[4.074s] -- Up-to-date: /home/stefano/Robomaster_WS/install/turtlesim/lib/turtlesim/mimic
[4.074s] -- Up-to-date: /home/stefano/Robomaster_WS/install/turtlesim/share/turtlesim/images
[4.075s] -- Up-to-date: /home/stefano/Robomaster_WS/install/turtlesim/share/turtlesim/images/rolling.png
[4.075s] -- Up-to-date: /home/stefano/Robomaster_WS/install/turtlesim/share/turtlesim/images/dashing.png
[4.076s] -- Up-to-date: /home/stefano/Robomaster_WS/install/turtlesim/share/turtlesim/images/humble.png
[4.076s] -- Up-to-date: /home/stefano/Robomaster_WS/install/turtlesim/share/turtlesim/images/foxy.png
[4.076s] -- Up-to-date: /home/stefano/Robomaster_WS/install/turtlesim/share/turtlesim/images/crystal.png
[4.076s] -- Up-to-date: /home/stefano/Robomaster_WS/install/turtlesim/share/turtlesim/images/galactic.png
[4.077s] -- Up-to-date: /home/stefano/Robomaster_WS/install/turtlesim/share/turtlesim/images/ardent.png
[4.077s] -- Up-to-date: /home/stefano/Robomaster_WS/install/turtlesim/share/turtlesim/images/eloquent.png
[4.077s] -- Up-to-date: /home/stefano/Robomaster_WS/install/turtlesim/share/turtlesim/images/bouncy.png
[4.077s] -- Up-to-date: /home/stefano/Robomaster_WS/install/turtlesim/share/turtlesim/launch
[4.079s] -- Up-to-date: /home/stefano/Robomaster_WS/install/turtlesim/share/turtlesim/launch/multisim.launch.py
[4.079s] -- Up-to-date: /home/stefano/Robomaster_WS/install/turtlesim/share/ament_index/resource_index/package_run_dependencies/turtlesim
[4.079s] -- Up-to-date: /home/stefano/Robomaster_WS/install/turtlesim/share/ament_index/resource_index/parent_prefix_path/turtlesim
[4.081s] -- Up-to-date: /home/stefano/Robomaster_WS/install/turtlesim/share/turtlesim/environment/ament_prefix_path.sh
[4.082s] -- Up-to-date: /home/stefano/Robomaster_WS/install/turtlesim/share/turtlesim/environment/ament_prefix_path.dsv
[4.082s] -- Up-to-date: /home/stefano/Robomaster_WS/install/turtlesim/share/turtlesim/environment/path.sh
[4.083s] -- Up-to-date: /home/stefano/Robomaster_WS/install/turtlesim/share/turtlesim/environment/path.dsv
[4.084s] -- Up-to-date: /home/stefano/Robomaster_WS/install/turtlesim/share/turtlesim/local_setup.bash
[4.084s] -- Up-to-date: /home/stefano/Robomaster_WS/install/turtlesim/share/turtlesim/local_setup.sh
[4.084s] -- Up-to-date: /home/stefano/Robomaster_WS/install/turtlesim/share/turtlesim/local_setup.zsh
[4.085s] -- Up-to-date: /home/stefano/Robomaster_WS/install/turtlesim/share/turtlesim/local_setup.dsv
[4.085s] -- Installing: /home/stefano/Robomaster_WS/install/turtlesim/share/turtlesim/package.dsv
[4.085s] -- Up-to-date: /home/stefano/Robomaster_WS/install/turtlesim/share/ament_index/resource_index/packages/turtlesim
[4.086s] -- Up-to-date: /home/stefano/Robomaster_WS/install/turtlesim/share/turtlesim/cmake/export_turtlesim__rosidl_generator_cExport.cmake
[4.087s] -- Up-to-date: /home/stefano/Robomaster_WS/install/turtlesim/share/turtlesim/cmake/export_turtlesim__rosidl_generator_cExport-noconfig.cmake
[4.087s] -- Up-to-date: /home/stefano/Robomaster_WS/install/turtlesim/share/turtlesim/cmake/export_turtlesim__rosidl_typesupport_fastrtps_cExport.cmake
[4.087s] -- Up-to-date: /home/stefano/Robomaster_WS/install/turtlesim/share/turtlesim/cmake/export_turtlesim__rosidl_typesupport_fastrtps_cExport-noconfig.cmake
[4.087s] -- Up-to-date: /home/stefano/Robomaster_WS/install/turtlesim/share/turtlesim/cmake/export_turtlesim__rosidl_generator_cppExport.cmake
[4.087s] -- Up-to-date: /home/stefano/Robomaster_WS/install/turtlesim/share/turtlesim/cmake/export_turtlesim__rosidl_typesupport_fastrtps_cppExport.cmake
[4.088s] -- Up-to-date: /home/stefano/Robomaster_WS/install/turtlesim/share/turtlesim/cmake/export_turtlesim__rosidl_typesupport_fastrtps_cppExport-noconfig.cmake
[4.088s] -- Up-to-date: /home/stefano/Robomaster_WS/install/turtlesim/share/turtlesim/cmake/turtlesim__rosidl_typesupport_introspection_cExport.cmake
[4.088s] -- Up-to-date: /home/stefano/Robomaster_WS/install/turtlesim/share/turtlesim/cmake/turtlesim__rosidl_typesupport_introspection_cExport-noconfig.cmake
[4.088s] -- Up-to-date: /home/stefano/Robomaster_WS/install/turtlesim/share/turtlesim/cmake/turtlesim__rosidl_typesupport_cExport.cmake
[4.088s] -- Up-to-date: /home/stefano/Robomaster_WS/install/turtlesim/share/turtlesim/cmake/turtlesim__rosidl_typesupport_cExport-noconfig.cmake
[4.089s] -- Up-to-date: /home/stefano/Robomaster_WS/install/turtlesim/share/turtlesim/cmake/turtlesim__rosidl_typesupport_introspection_cppExport.cmake
[4.089s] -- Up-to-date: /home/stefano/Robomaster_WS/install/turtlesim/share/turtlesim/cmake/turtlesim__rosidl_typesupport_introspection_cppExport-noconfig.cmake
[4.089s] -- Up-to-date: /home/stefano/Robomaster_WS/install/turtlesim/share/turtlesim/cmake/turtlesim__rosidl_typesupport_cppExport.cmake
[4.089s] -- Up-to-date: /home/stefano/Robomaster_WS/install/turtlesim/share/turtlesim/cmake/turtlesim__rosidl_typesupport_cppExport-noconfig.cmake
[4.089s] -- Up-to-date: /home/stefano/Robomaster_WS/install/turtlesim/share/turtlesim/cmake/export_turtlesim__rosidl_generator_pyExport.cmake
[4.090s] -- Up-to-date: /home/stefano/Robomaster_WS/install/turtlesim/share/turtlesim/cmake/export_turtlesim__rosidl_generator_pyExport-noconfig.cmake
[4.090s] -- Up-to-date: /home/stefano/Robomaster_WS/install/turtlesim/share/turtlesim/cmake/rosidl_cmake-extras.cmake
[4.090s] -- Up-to-date: /home/stefano/Robomaster_WS/install/turtlesim/share/turtlesim/cmake/ament_cmake_export_dependencies-extras.cmake
[4.090s] -- Up-to-date: /home/stefano/Robomaster_WS/install/turtlesim/share/turtlesim/cmake/ament_cmake_export_include_directories-extras.cmake
[4.090s] -- Up-to-date: /home/stefano/Robomaster_WS/install/turtlesim/share/turtlesim/cmake/ament_cmake_export_libraries-extras.cmake
[4.090s] -- Up-to-date: /home/stefano/Robomaster_WS/install/turtlesim/share/turtlesim/cmake/ament_cmake_export_targets-extras.cmake
[4.091s] -- Up-to-date: /home/stefano/Robomaster_WS/install/turtlesim/share/turtlesim/cmake/rosidl_cmake_export_typesupport_targets-extras.cmake
[4.091s] -- Up-to-date: /home/stefano/Robomaster_WS/install/turtlesim/share/turtlesim/cmake/rosidl_cmake_export_typesupport_libraries-extras.cmake
[4.091s] -- Up-to-date: /home/stefano/Robomaster_WS/install/turtlesim/share/turtlesim/cmake/turtlesimConfig.cmake
[4.091s] -- Up-to-date: /home/stefano/Robomaster_WS/install/turtlesim/share/turtlesim/cmake/turtlesimConfig-version.cmake
[4.092s] -- Up-to-date: /home/stefano/Robomaster_WS/install/turtlesim/share/turtlesim/package.xml
[4.097s] Invoked command in '/home/stefano/Robomaster_WS/build/turtlesim' returned '0': CMAKE_PREFIX_PATH=${CMAKE_PREFIX_PATH}:/home/stefano/Robomaster_WS/install/robomaster_ros:/home/stefano/Robomaster_WS/install/robomaster_ir_publisher:/home/stefano/Robomaster_WS/install/camera_utils:/home/stefano/turtlebot3_ws/install/turtlebot3_teleop:/home/stefano/turtlebot3_ws/install/turtlebot3_example:/home/stefano/Webots_ros2/install/webots_ros2:/home/stefano/Webots_ros2/install/webots_ros2_universal_robot:/home/stefano/Webots_ros2/install/webots_ros2_turtlebot:/home/stefano/Webots_ros2/install/webots_ros2_tiago:/home/stefano/Webots_ros2/install/webots_ros2_tests:/home/stefano/Webots_ros2/install/webots_ros2_tesla:/home/stefano/Webots_ros2/install/webots_ros2_mavic:/home/stefano/Webots_ros2/install/webots_ros2_husarion:/home/stefano/Webots_ros2/install/webots_ros2_epuck:/home/stefano/Webots_ros2/install/webots_ros2_crazyflie:/home/stefano/Webots_ros2/install/webots_ros2_importer:/opt/ros/humble /usr/bin/cmake --install /home/stefano/Robomaster_WS/build/turtlesim
