[3.538s] Invoking command in '/home/stefano/Robomaster_WS/src/robomaster_ir_publisher': PYTHONPATH=/home/stefano/Robomaster_WS/build/robomaster_ir_publisher/prefix_override:/usr/lib/python3/dist-packages/colcon_core/task/python/colcon_distutils_commands:/home/stefano/Robomaster_WS/install/robomaster_ir_publisher/lib/python3.10/site-packages:${PYTHONPATH} /usr/bin/python3 -W ignore:setup.py install is deprecated -W ignore:easy_install command is deprecated setup.py egg_info --egg-base ../../build/robomaster_ir_publisher build --build-base /home/stefano/Robomaster_WS/build/robomaster_ir_publisher/build install --record /home/stefano/Robomaster_WS/build/robomaster_ir_publisher/install.log --single-version-externally-managed
[4.328s] running egg_info
[4.329s] writing ../../build/robomaster_ir_publisher/robomaster_ir_publisher.egg-info/PKG-INFO
[4.332s] writing dependency_links to ../../build/robomaster_ir_publisher/robomaster_ir_publisher.egg-info/dependency_links.txt
[4.332s] writing entry points to ../../build/robomaster_ir_publisher/robomaster_ir_publisher.egg-info/entry_points.txt
[4.332s] writing requirements to ../../build/robomaster_ir_publisher/robomaster_ir_publisher.egg-info/requires.txt
[4.333s] writing top-level names to ../../build/robomaster_ir_publisher/robomaster_ir_publisher.egg-info/top_level.txt
[4.334s] reading manifest file '../../build/robomaster_ir_publisher/robomaster_ir_publisher.egg-info/SOURCES.txt'
[4.336s] writing manifest file '../../build/robomaster_ir_publisher/robomaster_ir_publisher.egg-info/SOURCES.txt'
[4.337s] running build
[4.337s] running build_py
[4.338s] running install
[4.339s] running install_lib
[4.341s] running install_egg_info
[4.345s] removing '/home/stefano/Robomaster_WS/install/robomaster_ir_publisher/lib/python3.10/site-packages/robomaster_ir_publisher-0.0.1-py3.10.egg-info' (and everything under it)
[4.346s] Copying ../../build/robomaster_ir_publisher/robomaster_ir_publisher.egg-info to /home/stefano/Robomaster_WS/install/robomaster_ir_publisher/lib/python3.10/site-packages/robomaster_ir_publisher-0.0.1-py3.10.egg-info
[4.349s] running install_scripts
[4.392s] Installing ir_publisher script to /home/stefano/Robomaster_WS/install/robomaster_ir_publisher/lib/robomaster_ir_publisher
[4.393s] writing list of installed files to '/home/stefano/Robomaster_WS/build/robomaster_ir_publisher/install.log'
[4.442s] Invoked command in '/home/stefano/Robomaster_WS/src/robomaster_ir_publisher' returned '0': PYTHONPATH=/home/stefano/Robomaster_WS/build/robomaster_ir_publisher/prefix_override:/usr/lib/python3/dist-packages/colcon_core/task/python/colcon_distutils_commands:/home/stefano/Robomaster_WS/install/robomaster_ir_publisher/lib/python3.10/site-packages:${PYTHONPATH} /usr/bin/python3 -W ignore:setup.py install is deprecated -W ignore:easy_install command is deprecated setup.py egg_info --egg-base ../../build/robomaster_ir_publisher build --build-base /home/stefano/Robomaster_WS/build/robomaster_ir_publisher/build install --record /home/stefano/Robomaster_WS/build/robomaster_ir_publisher/install.log --single-version-externally-managed
