[3.614s] Invoking command in '/home/stefano/Robomaster_WS/src/camera_utils': PYTHONPATH=/home/stefano/Robomaster_WS/build/camera_utils/prefix_override:/usr/lib/python3/dist-packages/colcon_core/task/python/colcon_distutils_commands:/home/stefano/Robomaster_WS/install/camera_utils/lib/python3.10/site-packages:${PYTHONPATH} /usr/bin/python3 -W ignore:setup.py install is deprecated -W ignore:easy_install command is deprecated setup.py egg_info --egg-base ../../build/camera_utils build --build-base /home/stefano/Robomaster_WS/build/camera_utils/build install --record /home/stefano/Robomaster_WS/build/camera_utils/install.log --single-version-externally-managed install_data
[4.391s] running egg_info
[4.392s] writing ../../build/camera_utils/camera_utils.egg-info/PKG-INFO
[4.392s] writing dependency_links to ../../build/camera_utils/camera_utils.egg-info/dependency_links.txt
[4.393s] writing entry points to ../../build/camera_utils/camera_utils.egg-info/entry_points.txt
[4.393s] writing requirements to ../../build/camera_utils/camera_utils.egg-info/requires.txt
[4.393s] writing top-level names to ../../build/camera_utils/camera_utils.egg-info/top_level.txt
[4.396s] reading manifest file '../../build/camera_utils/camera_utils.egg-info/SOURCES.txt'
[4.398s] writing manifest file '../../build/camera_utils/camera_utils.egg-info/SOURCES.txt'
[4.398s] running build
[4.399s] running build_py
[4.399s] running install
[4.400s] running install_lib
[4.403s] running install_data
[4.404s] running install_egg_info
[4.407s] removing '/home/stefano/Robomaster_WS/install/camera_utils/lib/python3.10/site-packages/camera_utils-0.0.0-py3.10.egg-info' (and everything under it)
[4.408s] Copying ../../build/camera_utils/camera_utils.egg-info to /home/stefano/Robomaster_WS/install/camera_utils/lib/python3.10/site-packages/camera_utils-0.0.0-py3.10.egg-info
[4.413s] running install_scripts
[4.459s] Installing camera_republisher script to /home/stefano/Robomaster_WS/install/camera_utils/lib/camera_utils
[4.460s] writing list of installed files to '/home/stefano/Robomaster_WS/build/camera_utils/install.log'
[4.504s] Invoked command in '/home/stefano/Robomaster_WS/src/camera_utils' returned '0': PYTHONPATH=/home/stefano/Robomaster_WS/build/camera_utils/prefix_override:/usr/lib/python3/dist-packages/colcon_core/task/python/colcon_distutils_commands:/home/stefano/Robomaster_WS/install/camera_utils/lib/python3.10/site-packages:${PYTHONPATH} /usr/bin/python3 -W ignore:setup.py install is deprecated -W ignore:easy_install command is deprecated setup.py egg_info --egg-base ../../build/camera_utils build --build-base /home/stefano/Robomaster_WS/build/camera_utils/build install --record /home/stefano/Robomaster_WS/build/camera_utils/install.log --single-version-externally-managed install_data
