[3.137s] Invoking command in '/home/stefano/Robomaster_WS/src/camera_utils': PYTHONPATH=/home/stefano/Robomaster_WS/src/build/camera_utils/prefix_override:/usr/lib/python3/dist-packages/colcon_core/task/python/colcon_distutils_commands:/home/stefano/Robomaster_WS/src/install/camera_utils/lib/python3.10/site-packages:${PYTHONPATH} /usr/bin/python3 -W ignore:setup.py install is deprecated -W ignore:easy_install command is deprecated setup.py egg_info --egg-base ../build/camera_utils build --build-base /home/stefano/Robomaster_WS/src/build/camera_utils/build install --record /home/stefano/Robomaster_WS/src/build/camera_utils/install.log --single-version-externally-managed install_data
[3.900s] running egg_info
[3.900s] creating ../build/camera_utils/camera_utils.egg-info
[3.901s] writing ../build/camera_utils/camera_utils.egg-info/PKG-INFO
[3.904s] writing dependency_links to ../build/camera_utils/camera_utils.egg-info/dependency_links.txt
[3.904s] writing entry points to ../build/camera_utils/camera_utils.egg-info/entry_points.txt
[3.904s] writing requirements to ../build/camera_utils/camera_utils.egg-info/requires.txt
[3.905s] writing top-level names to ../build/camera_utils/camera_utils.egg-info/top_level.txt
[3.905s] writing manifest file '../build/camera_utils/camera_utils.egg-info/SOURCES.txt'
[3.905s] reading manifest file '../build/camera_utils/camera_utils.egg-info/SOURCES.txt'
[3.908s] writing manifest file '../build/camera_utils/camera_utils.egg-info/SOURCES.txt'
[3.909s] running build
[3.910s] running build_py
[3.910s] creating /home/stefano/Robomaster_WS/src/build/camera_utils/build
[3.910s] creating /home/stefano/Robomaster_WS/src/build/camera_utils/build/lib
[3.910s] creating /home/stefano/Robomaster_WS/src/build/camera_utils/build/lib/camera_utils
[3.911s] copying camera_utils/camera_republisher.py -> /home/stefano/Robomaster_WS/src/build/camera_utils/build/lib/camera_utils
[3.911s] copying camera_utils/__init__.py -> /home/stefano/Robomaster_WS/src/build/camera_utils/build/lib/camera_utils
[3.911s] running install
[3.911s] running install_lib
[3.912s] creating /home/stefano/Robomaster_WS/src/install/camera_utils/lib/python3.10/site-packages/camera_utils
[3.912s] copying /home/stefano/Robomaster_WS/src/build/camera_utils/build/lib/camera_utils/camera_republisher.py -> /home/stefano/Robomaster_WS/src/install/camera_utils/lib/python3.10/site-packages/camera_utils
[3.913s] copying /home/stefano/Robomaster_WS/src/build/camera_utils/build/lib/camera_utils/__init__.py -> /home/stefano/Robomaster_WS/src/install/camera_utils/lib/python3.10/site-packages/camera_utils
[3.916s] byte-compiling /home/stefano/Robomaster_WS/src/install/camera_utils/lib/python3.10/site-packages/camera_utils/camera_republisher.py to camera_republisher.cpython-310.pyc
[3.916s] byte-compiling /home/stefano/Robomaster_WS/src/install/camera_utils/lib/python3.10/site-packages/camera_utils/__init__.py to __init__.cpython-310.pyc
[3.917s] running install_data
[3.917s] creating /home/stefano/Robomaster_WS/src/install/camera_utils/share/ament_index
[3.917s] creating /home/stefano/Robomaster_WS/src/install/camera_utils/share/ament_index/resource_index
[3.918s] creating /home/stefano/Robomaster_WS/src/install/camera_utils/share/ament_index/resource_index/packages
[3.918s] copying resource/camera_utils -> /home/stefano/Robomaster_WS/src/install/camera_utils/share/ament_index/resource_index/packages
[3.918s] copying package.xml -> /home/stefano/Robomaster_WS/src/install/camera_utils/share/camera_utils
[3.919s] running install_egg_info
[3.921s] Copying ../build/camera_utils/camera_utils.egg-info to /home/stefano/Robomaster_WS/src/install/camera_utils/lib/python3.10/site-packages/camera_utils-0.0.0-py3.10.egg-info
[3.924s] running install_scripts
[3.984s] Installing camera_republisher script to /home/stefano/Robomaster_WS/src/install/camera_utils/lib/camera_utils
[3.984s] writing list of installed files to '/home/stefano/Robomaster_WS/src/build/camera_utils/install.log'
[4.023s] Invoked command in '/home/stefano/Robomaster_WS/src/camera_utils' returned '0': PYTHONPATH=/home/stefano/Robomaster_WS/src/build/camera_utils/prefix_override:/usr/lib/python3/dist-packages/colcon_core/task/python/colcon_distutils_commands:/home/stefano/Robomaster_WS/src/install/camera_utils/lib/python3.10/site-packages:${PYTHONPATH} /usr/bin/python3 -W ignore:setup.py install is deprecated -W ignore:easy_install command is deprecated setup.py egg_info --egg-base ../build/camera_utils build --build-base /home/stefano/Robomaster_WS/src/build/camera_utils/build install --record /home/stefano/Robomaster_WS/src/build/camera_utils/install.log --single-version-externally-managed install_data
