[3.138s] Invoking command in '/home/stefano/Robomaster_WS/src/laser_echo_publisher': PYTHONPATH=/home/stefano/Robomaster_WS/build/laser_echo_publisher/prefix_override:/usr/lib/python3/dist-packages/colcon_core/task/python/colcon_distutils_commands:/home/stefano/Robomaster_WS/install/laser_echo_publisher/lib/python3.10/site-packages:${PYTHONPATH} /usr/bin/python3 -W ignore:setup.py install is deprecated -W ignore:easy_install command is deprecated setup.py egg_info --egg-base ../../build/laser_echo_publisher build --build-base /home/stefano/Robomaster_WS/build/laser_echo_publisher/build install --record /home/stefano/Robomaster_WS/build/laser_echo_publisher/install.log --single-version-externally-managed install_data
[3.805s] running egg_info
[3.807s] writing ../../build/laser_echo_publisher/laser_echo_publisher.egg-info/PKG-INFO
[3.809s] writing dependency_links to ../../build/laser_echo_publisher/laser_echo_publisher.egg-info/dependency_links.txt
[3.809s] writing entry points to ../../build/laser_echo_publisher/laser_echo_publisher.egg-info/entry_points.txt
[3.813s] writing requirements to ../../build/laser_echo_publisher/laser_echo_publisher.egg-info/requires.txt
[3.814s] writing top-level names to ../../build/laser_echo_publisher/laser_echo_publisher.egg-info/top_level.txt
[3.815s] reading manifest file '../../build/laser_echo_publisher/laser_echo_publisher.egg-info/SOURCES.txt'
[3.815s] writing manifest file '../../build/laser_echo_publisher/laser_echo_publisher.egg-info/SOURCES.txt'
[3.815s] running build
[3.816s] running build_py
[3.816s] copying laser_echo_publisher/laser_echo_publisher.py -> /home/stefano/Robomaster_WS/build/laser_echo_publisher/build/lib/laser_echo_publisher
[3.818s] running install
[3.818s] running install_lib
[3.818s] copying /home/stefano/Robomaster_WS/build/laser_echo_publisher/build/lib/laser_echo_publisher/laser_echo_publisher.py -> /home/stefano/Robomaster_WS/install/laser_echo_publisher/lib/python3.10/site-packages/laser_echo_publisher
[3.820s] byte-compiling /home/stefano/Robomaster_WS/install/laser_echo_publisher/lib/python3.10/site-packages/laser_echo_publisher/laser_echo_publisher.py to laser_echo_publisher.cpython-310.pyc
[3.822s] running install_data
[3.823s] running install_egg_info
[3.827s] removing '/home/stefano/Robomaster_WS/install/laser_echo_publisher/lib/python3.10/site-packages/laser_echo_publisher-0.0.1-py3.10.egg-info' (and everything under it)
[3.828s] Copying ../../build/laser_echo_publisher/laser_echo_publisher.egg-info to /home/stefano/Robomaster_WS/install/laser_echo_publisher/lib/python3.10/site-packages/laser_echo_publisher-0.0.1-py3.10.egg-info
[3.831s] running install_scripts
[3.880s] Installing laser_echo_publisher script to /home/stefano/Robomaster_WS/install/laser_echo_publisher/lib/laser_echo_publisher
[3.880s] writing list of installed files to '/home/stefano/Robomaster_WS/build/laser_echo_publisher/install.log'
[3.923s] Invoked command in '/home/stefano/Robomaster_WS/src/laser_echo_publisher' returned '0': PYTHONPATH=/home/stefano/Robomaster_WS/build/laser_echo_publisher/prefix_override:/usr/lib/python3/dist-packages/colcon_core/task/python/colcon_distutils_commands:/home/stefano/Robomaster_WS/install/laser_echo_publisher/lib/python3.10/site-packages:${PYTHONPATH} /usr/bin/python3 -W ignore:setup.py install is deprecated -W ignore:easy_install command is deprecated setup.py egg_info --egg-base ../../build/laser_echo_publisher build --build-base /home/stefano/Robomaster_WS/build/laser_echo_publisher/build install --record /home/stefano/Robomaster_WS/build/laser_echo_publisher/install.log --single-version-externally-managed install_data
