running egg_info
writing ../../build/camera_utils/camera_utils.egg-info/PKG-INFO
writing dependency_links to ../../build/camera_utils/camera_utils.egg-info/dependency_links.txt
writing entry points to ../../build/camera_utils/camera_utils.egg-info/entry_points.txt
writing requirements to ../../build/camera_utils/camera_utils.egg-info/requires.txt
writing top-level names to ../../build/camera_utils/camera_utils.egg-info/top_level.txt
reading manifest file '../../build/camera_utils/camera_utils.egg-info/SOURCES.txt'
writing manifest file '../../build/camera_utils/camera_utils.egg-info/SOURCES.txt'
running build
running build_py
copying camera_utils/camera_republisher.py -> /home/stefano/Robomaster_WS/build/camera_utils/build/lib/camera_utils
running install
running install_lib
copying /home/stefano/Robomaster_WS/build/camera_utils/build/lib/camera_utils/camera_republisher.py -> /home/stefano/Robomaster_WS/install/camera_utils/lib/python3.10/site-packages/camera_utils
byte-compiling /home/stefano/Robomaster_WS/install/camera_utils/lib/python3.10/site-packages/camera_utils/camera_republisher.py to camera_republisher.cpython-310.pyc
running install_data
running install_egg_info
removing '/home/stefano/Robomaster_WS/install/camera_utils/lib/python3.10/site-packages/camera_utils-0.0.0-py3.10.egg-info' (and everything under it)
Copying ../../build/camera_utils/camera_utils.egg-info to /home/stefano/Robomaster_WS/install/camera_utils/lib/python3.10/site-packages/camera_utils-0.0.0-py3.10.egg-info
running install_scripts
Installing camera_republisher script to /home/stefano/Robomaster_WS/install/camera_utils/lib/camera_utils
writing list of installed files to '/home/stefano/Robomaster_WS/build/camera_utils/install.log'
