running egg_info
creating ../../build/robomaster_ir_publisher/robomaster_ir_publisher.egg-info
writing ../../build/robomaster_ir_publisher/robomaster_ir_publisher.egg-info/PKG-INFO
writing dependency_links to ../../build/robomaster_ir_publisher/robomaster_ir_publisher.egg-info/dependency_links.txt
writing entry points to ../../build/robomaster_ir_publisher/robomaster_ir_publisher.egg-info/entry_points.txt
writing requirements to ../../build/robomaster_ir_publisher/robomaster_ir_publisher.egg-info/requires.txt
writing top-level names to ../../build/robomaster_ir_publisher/robomaster_ir_publisher.egg-info/top_level.txt
writing manifest file '../../build/robomaster_ir_publisher/robomaster_ir_publisher.egg-info/SOURCES.txt'
reading manifest file '../../build/robomaster_ir_publisher/robomaster_ir_publisher.egg-info/SOURCES.txt'
writing manifest file '../../build/robomaster_ir_publisher/robomaster_ir_publisher.egg-info/SOURCES.txt'
running build
running build_py
creating /home/stefano/Robomaster_WS/build/robomaster_ir_publisher/build
creating /home/stefano/Robomaster_WS/build/robomaster_ir_publisher/build/lib
creating /home/stefano/Robomaster_WS/build/robomaster_ir_publisher/build/lib/robomaster_ir_publisher
copying robomaster_ir_publisher/ir_publisher.py -> /home/stefano/Robomaster_WS/build/robomaster_ir_publisher/build/lib/robomaster_ir_publisher
copying robomaster_ir_publisher/__init__.py -> /home/stefano/Robomaster_WS/build/robomaster_ir_publisher/build/lib/robomaster_ir_publisher
running install
running install_lib
creating /home/stefano/Robomaster_WS/install/robomaster_ir_publisher/lib/python3.10/site-packages/robomaster_ir_publisher
copying /home/stefano/Robomaster_WS/build/robomaster_ir_publisher/build/lib/robomaster_ir_publisher/ir_publisher.py -> /home/stefano/Robomaster_WS/install/robomaster_ir_publisher/lib/python3.10/site-packages/robomaster_ir_publisher
copying /home/stefano/Robomaster_WS/build/robomaster_ir_publisher/build/lib/robomaster_ir_publisher/__init__.py -> /home/stefano/Robomaster_WS/install/robomaster_ir_publisher/lib/python3.10/site-packages/robomaster_ir_publisher
byte-compiling /home/stefano/Robomaster_WS/install/robomaster_ir_publisher/lib/python3.10/site-packages/robomaster_ir_publisher/ir_publisher.py to ir_publisher.cpython-310.pyc
byte-compiling /home/stefano/Robomaster_WS/install/robomaster_ir_publisher/lib/python3.10/site-packages/robomaster_ir_publisher/__init__.py to __init__.cpython-310.pyc
running install_egg_info
Copying ../../build/robomaster_ir_publisher/robomaster_ir_publisher.egg-info to /home/stefano/Robomaster_WS/install/robomaster_ir_publisher/lib/python3.10/site-packages/robomaster_ir_publisher-0.0.1-py3.10.egg-info
running install_scripts
Installing ir_publisher script to /home/stefano/Robomaster_WS/install/robomaster_ir_publisher/lib/robomaster_ir_publisher
writing list of installed files to '/home/stefano/Robomaster_WS/build/robomaster_ir_publisher/install.log'
