[1.975s] Invoking command in '/home/stefano/Robomaster_WS/src/robomaster_ir_publisher': PYTHONPATH=/home/stefano/Robomaster_WS/build/robomaster_ir_publisher/prefix_override:/usr/lib/python3/dist-packages/colcon_core/task/python/colcon_distutils_commands:/home/stefano/Robomaster_WS/install/robomaster_ir_publisher/lib/python3.10/site-packages:${PYTHONPATH} /usr/bin/python3 -W ignore:setup.py install is deprecated -W ignore:easy_install command is deprecated setup.py egg_info --egg-base ../../build/robomaster_ir_publisher build --build-base /home/stefano/Robomaster_WS/build/robomaster_ir_publisher/build install --record /home/stefano/Robomaster_WS/build/robomaster_ir_publisher/install.log --single-version-externally-managed
[2.746s] running egg_info
[2.747s] creating ../../build/robomaster_ir_publisher/robomaster_ir_publisher.egg-info
[2.747s] writing ../../build/robomaster_ir_publisher/robomaster_ir_publisher.egg-info/PKG-INFO
[2.747s] writing dependency_links to ../../build/robomaster_ir_publisher/robomaster_ir_publisher.egg-info/dependency_links.txt
[2.748s] writing entry points to ../../build/robomaster_ir_publisher/robomaster_ir_publisher.egg-info/entry_points.txt
[2.748s] writing requirements to ../../build/robomaster_ir_publisher/robomaster_ir_publisher.egg-info/requires.txt
[2.748s] writing top-level names to ../../build/robomaster_ir_publisher/robomaster_ir_publisher.egg-info/top_level.txt
[2.749s] writing manifest file '../../build/robomaster_ir_publisher/robomaster_ir_publisher.egg-info/SOURCES.txt'
[2.751s] reading manifest file '../../build/robomaster_ir_publisher/robomaster_ir_publisher.egg-info/SOURCES.txt'
[2.752s] writing manifest file '../../build/robomaster_ir_publisher/robomaster_ir_publisher.egg-info/SOURCES.txt'
[2.754s] running build
[2.754s] running build_py
[2.754s] creating /home/stefano/Robomaster_WS/build/robomaster_ir_publisher/build
[2.754s] creating /home/stefano/Robomaster_WS/build/robomaster_ir_publisher/build/lib
[2.754s] creating /home/stefano/Robomaster_WS/build/robomaster_ir_publisher/build/lib/robomaster_ir_publisher
[2.755s] copying robomaster_ir_publisher/ir_publisher.py -> /home/stefano/Robomaster_WS/build/robomaster_ir_publisher/build/lib/robomaster_ir_publisher
[2.755s] copying robomaster_ir_publisher/__init__.py -> /home/stefano/Robomaster_WS/build/robomaster_ir_publisher/build/lib/robomaster_ir_publisher
[2.755s] running install
[2.755s] running install_lib
[2.757s] creating /home/stefano/Robomaster_WS/install/robomaster_ir_publisher/lib/python3.10/site-packages/robomaster_ir_publisher
[2.757s] copying /home/stefano/Robomaster_WS/build/robomaster_ir_publisher/build/lib/robomaster_ir_publisher/ir_publisher.py -> /home/stefano/Robomaster_WS/install/robomaster_ir_publisher/lib/python3.10/site-packages/robomaster_ir_publisher
[2.757s] copying /home/stefano/Robomaster_WS/build/robomaster_ir_publisher/build/lib/robomaster_ir_publisher/__init__.py -> /home/stefano/Robomaster_WS/install/robomaster_ir_publisher/lib/python3.10/site-packages/robomaster_ir_publisher
[2.759s] byte-compiling /home/stefano/Robomaster_WS/install/robomaster_ir_publisher/lib/python3.10/site-packages/robomaster_ir_publisher/ir_publisher.py to ir_publisher.cpython-310.pyc
[2.760s] byte-compiling /home/stefano/Robomaster_WS/install/robomaster_ir_publisher/lib/python3.10/site-packages/robomaster_ir_publisher/__init__.py to __init__.cpython-310.pyc
[2.761s] running install_egg_info
[2.765s] Copying ../../build/robomaster_ir_publisher/robomaster_ir_publisher.egg-info to /home/stefano/Robomaster_WS/install/robomaster_ir_publisher/lib/python3.10/site-packages/robomaster_ir_publisher-0.0.1-py3.10.egg-info
[2.767s] running install_scripts
[2.807s] Installing ir_publisher script to /home/stefano/Robomaster_WS/install/robomaster_ir_publisher/lib/robomaster_ir_publisher
[2.809s] writing list of installed files to '/home/stefano/Robomaster_WS/build/robomaster_ir_publisher/install.log'
[2.839s] Invoked command in '/home/stefano/Robomaster_WS/src/robomaster_ir_publisher' returned '0': PYTHONPATH=/home/stefano/Robomaster_WS/build/robomaster_ir_publisher/prefix_override:/usr/lib/python3/dist-packages/colcon_core/task/python/colcon_distutils_commands:/home/stefano/Robomaster_WS/install/robomaster_ir_publisher/lib/python3.10/site-packages:${PYTHONPATH} /usr/bin/python3 -W ignore:setup.py install is deprecated -W ignore:easy_install command is deprecated setup.py egg_info --egg-base ../../build/robomaster_ir_publisher build --build-base /home/stefano/Robomaster_WS/build/robomaster_ir_publisher/build install --record /home/stefano/Robomaster_WS/build/robomaster_ir_publisher/install.log --single-version-externally-managed
