[1.629s] Invoking command in '/home/stefano/Robomaster_WS/build/robomaster_description': CMAKE_PREFIX_PATH=${CMAKE_PREFIX_PATH}:/home/stefano/Robomaster_WS/install/robomaster_ros:/home/stefano/Robomaster_WS/install/robomaster_ir_publisher:/home/stefano/Robomaster_WS/install/camera_utils:/home/stefano/turtlebot3_ws/install/turtlebot3_teleop:/home/stefano/turtlebot3_ws/install/turtlebot3_example:/home/stefano/Webots_ros2/install/webots_ros2:/home/stefano/Webots_ros2/install/webots_ros2_universal_robot:/home/stefano/Webots_ros2/install/webots_ros2_turtlebot:/home/stefano/Webots_ros2/install/webots_ros2_tiago:/home/stefano/Webots_ros2/install/webots_ros2_tests:/home/stefano/Webots_ros2/install/webots_ros2_tesla:/home/stefano/Webots_ros2/install/webots_ros2_mavic:/home/stefano/Webots_ros2/install/webots_ros2_husarion:/home/stefano/Webots_ros2/install/webots_ros2_epuck:/home/stefano/Webots_ros2/install/webots_ros2_crazyflie:/home/stefano/Webots_ros2/install/webots_ros2_importer:/opt/ros/humble /usr/bin/cmake --build /home/stefano/Robomaster_WS/build/robomaster_description -- -j8 -l8
[2.475s] Invoked command in '/home/stefano/Robomaster_WS/build/robomaster_description' returned '0': CMAKE_PREFIX_PATH=${CMAKE_PREFIX_PATH}:/home/stefano/Robomaster_WS/install/robomaster_ros:/home/stefano/Robomaster_WS/install/robomaster_ir_publisher:/home/stefano/Robomaster_WS/install/camera_utils:/home/stefano/turtlebot3_ws/install/turtlebot3_teleop:/home/stefano/turtlebot3_ws/install/turtlebot3_example:/home/stefano/Webots_ros2/install/webots_ros2:/home/stefano/Webots_ros2/install/webots_ros2_universal_robot:/home/stefano/Webots_ros2/install/webots_ros2_turtlebot:/home/stefano/Webots_ros2/install/webots_ros2_tiago:/home/stefano/Webots_ros2/install/webots_ros2_tests:/home/stefano/Webots_ros2/install/webots_ros2_tesla:/home/stefano/Webots_ros2/install/webots_ros2_mavic:/home/stefano/Webots_ros2/install/webots_ros2_husarion:/home/stefano/Webots_ros2/install/webots_ros2_epuck:/home/stefano/Webots_ros2/install/webots_ros2_crazyflie:/home/stefano/Webots_ros2/install/webots_ros2_importer:/opt/ros/humble /usr/bin/cmake --build /home/stefano/Robomaster_WS/build/robomaster_description -- -j8 -l8
[2.485s] Invoking command in '/home/stefano/Robomaster_WS/build/robomaster_description': CMAKE_PREFIX_PATH=${CMAKE_PREFIX_PATH}:/home/stefano/Robomaster_WS/install/robomaster_ros:/home/stefano/Robomaster_WS/install/robomaster_ir_publisher:/home/stefano/Robomaster_WS/install/camera_utils:/home/stefano/turtlebot3_ws/install/turtlebot3_teleop:/home/stefano/turtlebot3_ws/install/turtlebot3_example:/home/stefano/Webots_ros2/install/webots_ros2:/home/stefano/Webots_ros2/install/webots_ros2_universal_robot:/home/stefano/Webots_ros2/install/webots_ros2_turtlebot:/home/stefano/Webots_ros2/install/webots_ros2_tiago:/home/stefano/Webots_ros2/install/webots_ros2_tests:/home/stefano/Webots_ros2/install/webots_ros2_tesla:/home/stefano/Webots_ros2/install/webots_ros2_mavic:/home/stefano/Webots_ros2/install/webots_ros2_husarion:/home/stefano/Webots_ros2/install/webots_ros2_epuck:/home/stefano/Webots_ros2/install/webots_ros2_crazyflie:/home/stefano/Webots_ros2/install/webots_ros2_importer:/opt/ros/humble /usr/bin/cmake --install /home/stefano/Robomaster_WS/build/robomaster_description
[2.581s] -- Install configuration: ""
[2.581s] -- Up-to-date: /home/stefano/Robomaster_WS/install/robomaster_description/share/robomaster_description/urdf
[2.581s] -- Up-to-date: /home/stefano/Robomaster_WS/install/robomaster_description/share/robomaster_description/urdf/robomaster_s1.urdf.xacro
[2.581s] -- Up-to-date: /home/stefano/Robomaster_WS/install/robomaster_description/share/robomaster_description/urdf/base.urdf.xacro
[2.582s] -- Up-to-date: /home/stefano/Robomaster_WS/install/robomaster_description/share/robomaster_description/urdf/gimbal.urdf.xacro
[2.582s] -- Up-to-date: /home/stefano/Robomaster_WS/install/robomaster_description/share/robomaster_description/urdf/gripper.urdf.xacro
[2.582s] -- Up-to-date: /home/stefano/Robomaster_WS/install/robomaster_description/share/robomaster_description/urdf/extension.urdf.xacro
[2.582s] -- Up-to-date: /home/stefano/Robomaster_WS/install/robomaster_description/share/robomaster_description/urdf/wheel.urdf.xacro
[2.582s] -- Up-to-date: /home/stefano/Robomaster_WS/install/robomaster_description/share/robomaster_description/urdf/led.urdf.xacro
[2.582s] -- Up-to-date: /home/stefano/Robomaster_WS/install/robomaster_description/share/robomaster_description/urdf/tof.urdf.xacro
[2.583s] -- Up-to-date: /home/stefano/Robomaster_WS/install/robomaster_description/share/robomaster_description/urdf/arm.urdf.xacro
[2.583s] -- Up-to-date: /home/stefano/Robomaster_WS/install/robomaster_description/share/robomaster_description/urdf/camera.urdf.xacro
[2.584s] -- Up-to-date: /home/stefano/Robomaster_WS/install/robomaster_description/share/robomaster_description/urdf/intelligent_controller.urdf.xacro
[2.584s] -- Up-to-date: /home/stefano/Robomaster_WS/install/robomaster_description/share/robomaster_description/urdf/robomaster_ep.urdf.xacro
[2.585s] -- Up-to-date: /home/stefano/Robomaster_WS/install/robomaster_description/share/robomaster_description/launch
[2.585s] -- Up-to-date: /home/stefano/Robomaster_WS/install/robomaster_description/share/robomaster_description/launch/model.launch.py
[2.586s] -- Up-to-date: /home/stefano/Robomaster_WS/install/robomaster_description/share/robomaster_description/launch/main.launch
[2.588s] -- Up-to-date: /home/stefano/Robomaster_WS/install/robomaster_description/share/robomaster_description/meshes
[2.589s] -- Up-to-date: /home/stefano/Robomaster_WS/install/robomaster_description/share/robomaster_description/meshes/gripper_left_6.dae
[2.594s] -- Up-to-date: /home/stefano/Robomaster_WS/install/robomaster_description/share/robomaster_description/meshes/arm_1.dae
[2.597s] -- Up-to-date: /home/stefano/Robomaster_WS/install/robomaster_description/share/robomaster_description/meshes/gimbal_right_led7.dae
[2.597s] -- Up-to-date: /home/stefano/Robomaster_WS/install/robomaster_description/share/robomaster_description/meshes/gimbal_base.dae
[2.598s] -- Up-to-date: /home/stefano/Robomaster_WS/install/robomaster_description/share/robomaster_description/meshes/gimbal.dae
[2.598s] -- Up-to-date: /home/stefano/Robomaster_WS/install/robomaster_description/share/robomaster_description/meshes/gripper_left_collision.dae
[2.602s] -- Up-to-date: /home/stefano/Robomaster_WS/install/robomaster_description/share/robomaster_description/meshes/right_gripper_5.dae
[2.602s] -- Up-to-date: /home/stefano/Robomaster_WS/install/robomaster_description/share/robomaster_description/meshes/gimbal_right_led_0.dae
[2.603s] -- Up-to-date: /home/stefano/Robomaster_WS/install/robomaster_description/share/robomaster_description/meshes/controller.dae
[2.604s] -- Up-to-date: /home/stefano/Robomaster_WS/install/robomaster_description/share/robomaster_description/meshes/gimbal_left_led_6.dae
[2.606s] -- Up-to-date: /home/stefano/Robomaster_WS/install/robomaster_description/share/robomaster_description/meshes/gimbal_right_led_5.dae
[2.607s] -- Up-to-date: /home/stefano/Robomaster_WS/install/robomaster_description/share/robomaster_description/meshes/right_gripper_6_collision.dae
[2.608s] -- Up-to-date: /home/stefano/Robomaster_WS/install/robomaster_description/share/robomaster_description/meshes/arm_base.dae
[2.608s] -- Up-to-date: /home/stefano/Robomaster_WS/install/robomaster_description/share/robomaster_description/meshes/EP_all_01_b.png
[2.608s] -- Up-to-date: /home/stefano/Robomaster_WS/install/robomaster_description/share/robomaster_description/meshes/gimbal_left_led_1.dae
[2.609s] -- Up-to-date: /home/stefano/Robomaster_WS/install/robomaster_description/share/robomaster_description/meshes/left_hit_sensor.dae
[2.609s] -- Up-to-date: /home/stefano/Robomaster_WS/install/robomaster_description/share/robomaster_description/meshes/gimbal_right_led_4.dae
[2.611s] -- Up-to-date: /home/stefano/Robomaster_WS/install/robomaster_description/share/robomaster_description/meshes/controller_cover.dae
[2.611s] -- Up-to-date: /home/stefano/Robomaster_WS/install/robomaster_description/share/robomaster_description/meshes/endpoint_bracket.dae
[2.613s] -- Up-to-date: /home/stefano/Robomaster_WS/install/robomaster_description/share/robomaster_description/meshes/right_gripper_7_collision.dae
[2.613s] -- Up-to-date: /home/stefano/Robomaster_WS/install/robomaster_description/share/robomaster_description/meshes/right_gripper_7.dae
[2.613s] -- Up-to-date: /home/stefano/Robomaster_WS/install/robomaster_description/share/robomaster_description/meshes/right_gripper_6.dae
[2.615s] -- Up-to-date: /home/stefano/Robomaster_WS/install/robomaster_description/share/robomaster_description/meshes/arm_1_collision.dae
[2.615s] -- Up-to-date: /home/stefano/Robomaster_WS/install/robomaster_description/share/robomaster_description/meshes/arm_2.dae
[2.615s] -- Up-to-date: /home/stefano/Robomaster_WS/install/robomaster_description/share/robomaster_description/meshes/gimbal_right_led_2.dae
[2.616s] -- Up-to-date: /home/stefano/Robomaster_WS/install/robomaster_description/share/robomaster_description/meshes/blaster_gun_collision.dae
[2.616s] -- Up-to-date: /home/stefano/Robomaster_WS/install/robomaster_description/share/robomaster_description/meshes/left_led.dae
[2.616s] -- Up-to-date: /home/stefano/Robomaster_WS/install/robomaster_description/share/robomaster_description/meshes/front_led.dae
[2.617s] -- Up-to-date: /home/stefano/Robomaster_WS/install/robomaster_description/share/robomaster_description/meshes/speaker.dae
[2.617s] -- Up-to-date: /home/stefano/Robomaster_WS/install/robomaster_description/share/robomaster_description/meshes/right_gripper_4.dae
[2.617s] -- Up-to-date: /home/stefano/Robomaster_WS/install/robomaster_description/share/robomaster_description/meshes/right_gripper_1.dae
[2.618s] -- Up-to-date: /home/stefano/Robomaster_WS/install/robomaster_description/share/robomaster_description/meshes/battery_pin_right.dae
[2.620s] -- Up-to-date: /home/stefano/Robomaster_WS/install/robomaster_description/share/robomaster_description/meshes/arm_2_bar_1.dae
[2.621s] -- Up-to-date: /home/stefano/Robomaster_WS/install/robomaster_description/share/robomaster_description/meshes/chassis.dae
[2.621s] -- Up-to-date: /home/stefano/Robomaster_WS/install/robomaster_description/share/robomaster_description/meshes/gimbal_right_led_3.dae
[2.622s] -- Up-to-date: /home/stefano/Robomaster_WS/install/robomaster_description/share/robomaster_description/meshes/led.dae
[2.622s] -- Up-to-date: /home/stefano/Robomaster_WS/install/robomaster_description/share/robomaster_description/meshes/battery_pin_left.dae
[2.623s] -- Up-to-date: /home/stefano/Robomaster_WS/install/robomaster_description/share/robomaster_description/meshes/gimbal_collision.dae
[2.623s] -- Up-to-date: /home/stefano/Robomaster_WS/install/robomaster_description/share/robomaster_description/meshes/base_collision.dae
[2.623s] -- Up-to-date: /home/stefano/Robomaster_WS/install/robomaster_description/share/robomaster_description/meshes/extension_support.dae
[2.627s] -- Up-to-date: /home/stefano/Robomaster_WS/install/robomaster_description/share/robomaster_description/meshes/rod_2_collision.dae
[2.631s] -- Up-to-date: /home/stefano/Robomaster_WS/install/robomaster_description/share/robomaster_description/meshes/rod.dae
[2.631s] -- Up-to-date: /home/stefano/Robomaster_WS/install/robomaster_description/share/robomaster_description/meshes/right_gripper_5_collision.dae
[2.632s] -- Up-to-date: /home/stefano/Robomaster_WS/install/robomaster_description/share/robomaster_description/meshes/gimbal_left_led_5.dae
[2.633s] -- Up-to-date: /home/stefano/Robomaster_WS/install/robomaster_description/share/robomaster_description/meshes/rod_1_collision.dae
[2.633s] -- Up-to-date: /home/stefano/Robomaster_WS/install/robomaster_description/share/robomaster_description/meshes/gimbal_base_collision.dae
[2.634s] -- Up-to-date: /home/stefano/Robomaster_WS/install/robomaster_description/share/robomaster_description/meshes/front_right_wheel.dae
[2.634s] -- Up-to-date: /home/stefano/Robomaster_WS/install/robomaster_description/share/robomaster_description/meshes/arm_base_collision.dae
[2.634s] -- Up-to-date: /home/stefano/Robomaster_WS/install/robomaster_description/share/robomaster_description/meshes/arm_2_collision.dae
[2.635s] -- Up-to-date: /home/stefano/Robomaster_WS/install/robomaster_description/share/robomaster_description/meshes/front_left_wheel.dae
[2.635s] -- Up-to-date: /home/stefano/Robomaster_WS/install/robomaster_description/share/robomaster_description/meshes/gimbal_left_led_3.dae
[2.635s] -- Up-to-date: /home/stefano/Robomaster_WS/install/robomaster_description/share/robomaster_description/meshes/TOP_Base_Color.png
[2.636s] -- Up-to-date: /home/stefano/Robomaster_WS/install/robomaster_description/share/robomaster_description/meshes/front_hit_sensor.dae
[2.637s] -- Up-to-date: /home/stefano/Robomaster_WS/install/robomaster_description/share/robomaster_description/meshes/gimbal_right_led_6.dae
[2.637s] -- Up-to-date: /home/stefano/Robomaster_WS/install/robomaster_description/share/robomaster_description/meshes/triangle_collision.dae
[2.637s] -- Up-to-date: /home/stefano/Robomaster_WS/install/robomaster_description/share/robomaster_description/meshes/right_gripper_4_collision.dae
[2.638s] -- Up-to-date: /home/stefano/Robomaster_WS/install/robomaster_description/share/robomaster_description/meshes/gripper_left_1.dae
[2.638s] -- Up-to-date: /home/stefano/Robomaster_WS/install/robomaster_description/share/robomaster_description/meshes/right_hit_sensor.dae
[2.643s] -- Up-to-date: /home/stefano/Robomaster_WS/install/robomaster_description/share/robomaster_description/meshes/gimbal_right_armor.dae
[2.644s] -- Up-to-date: /home/stefano/Robomaster_WS/install/robomaster_description/share/robomaster_description/meshes/TOP_Normal_OpenGL.png.001.png
[2.644s] -- Up-to-date: /home/stefano/Robomaster_WS/install/robomaster_description/share/robomaster_description/meshes/gimbal_left_armor.dae
[2.646s] -- Up-to-date: /home/stefano/Robomaster_WS/install/robomaster_description/share/robomaster_description/meshes/gimbal_left_led_4.dae
[2.646s] -- Up-to-date: /home/stefano/Robomaster_WS/install/robomaster_description/share/robomaster_description/meshes/extension_base.dae
[2.646s] -- Up-to-date: /home/stefano/Robomaster_WS/install/robomaster_description/share/robomaster_description/meshes/blaster_gun.dae
[2.646s] -- Up-to-date: /home/stefano/Robomaster_WS/install/robomaster_description/share/robomaster_description/meshes/rod_1.dae
[2.647s] -- Up-to-date: /home/stefano/Robomaster_WS/install/robomaster_description/share/robomaster_description/meshes/camera.dae
[2.647s] -- Up-to-date: /home/stefano/Robomaster_WS/install/robomaster_description/share/robomaster_description/meshes/gripper_left_4.dae
[2.647s] -- Up-to-date: /home/stefano/Robomaster_WS/install/robomaster_description/share/robomaster_description/meshes/gripper_left_5_collision.dae
[2.647s] -- Up-to-date: /home/stefano/Robomaster_WS/install/robomaster_description/share/robomaster_description/meshes/gimbal_right_led_7.dae
[2.648s] -- Up-to-date: /home/stefano/Robomaster_WS/install/robomaster_description/share/robomaster_description/meshes/gimbal_right_led.dae
[2.648s] -- Up-to-date: /home/stefano/Robomaster_WS/install/robomaster_description/share/robomaster_description/meshes/rear_right_wheel.dae
[2.648s] -- Up-to-date: /home/stefano/Robomaster_WS/install/robomaster_description/share/robomaster_description/meshes/gimbal_left_led_7.dae
[2.648s] -- Up-to-date: /home/stefano/Robomaster_WS/install/robomaster_description/share/robomaster_description/meshes/gripper_left_2.dae
[2.652s] -- Up-to-date: /home/stefano/Robomaster_WS/install/robomaster_description/share/robomaster_description/meshes/blaster_top.dae
[2.652s] -- Up-to-date: /home/stefano/Robomaster_WS/install/robomaster_description/share/robomaster_description/meshes/blaster_magazin.dae
[2.653s] -- Up-to-date: /home/stefano/Robomaster_WS/install/robomaster_description/share/robomaster_description/meshes/speaker_collision.dae
[2.653s] -- Up-to-date: /home/stefano/Robomaster_WS/install/robomaster_description/share/robomaster_description/meshes/rod_3_collision.dae
[2.653s] -- Up-to-date: /home/stefano/Robomaster_WS/install/robomaster_description/share/robomaster_description/meshes/gripper_left_4_collision.dae
[2.653s] -- Up-to-date: /home/stefano/Robomaster_WS/install/robomaster_description/share/robomaster_description/meshes/gripper_left_6_collision.dae
[2.653s] -- Up-to-date: /home/stefano/Robomaster_WS/install/robomaster_description/share/robomaster_description/meshes/triangle.dae
[2.654s] -- Up-to-date: /home/stefano/Robomaster_WS/install/robomaster_description/share/robomaster_description/meshes/gimbal_left_led_2.dae
[2.654s] -- Up-to-date: /home/stefano/Robomaster_WS/install/robomaster_description/share/robomaster_description/meshes/wifi_antenna_left.dae
[2.654s] -- Up-to-date: /home/stefano/Robomaster_WS/install/robomaster_description/share/robomaster_description/meshes/left_servo.dae
[2.656s] -- Up-to-date: /home/stefano/Robomaster_WS/install/robomaster_description/share/robomaster_description/meshes/arm_1_cylinder.dae
[2.657s] -- Up-to-date: /home/stefano/Robomaster_WS/install/robomaster_description/share/robomaster_description/meshes/TOP_Base_Color.png.001.png
[2.657s] -- Up-to-date: /home/stefano/Robomaster_WS/install/robomaster_description/share/robomaster_description/meshes/blaster_top_collision.dae
[2.657s] -- Up-to-date: /home/stefano/Robomaster_WS/install/robomaster_description/share/robomaster_description/meshes/rod_collision.dae
[2.657s] -- Up-to-date: /home/stefano/Robomaster_WS/install/robomaster_description/share/robomaster_description/meshes/gimbal_left_led.dae
[2.660s] -- Up-to-date: /home/stefano/Robomaster_WS/install/robomaster_description/share/robomaster_description/meshes/arm_2_bar_2.dae
[2.661s] -- Up-to-date: /home/stefano/Robomaster_WS/install/robomaster_description/share/robomaster_description/meshes/hit_sensor.dae
[2.661s] -- Up-to-date: /home/stefano/Robomaster_WS/install/robomaster_description/share/robomaster_description/meshes/gripper_base.dae
[2.662s] -- Up-to-date: /home/stefano/Robomaster_WS/install/robomaster_description/share/robomaster_description/meshes/wheel.dae
[2.663s] -- Up-to-date: /home/stefano/Robomaster_WS/install/robomaster_description/share/robomaster_description/meshes/blaster_magazin_collision.dae
[2.663s] -- Up-to-date: /home/stefano/Robomaster_WS/install/robomaster_description/share/robomaster_description/meshes/rear_led.dae
[2.691s] -- Up-to-date: /home/stefano/Robomaster_WS/install/robomaster_description/share/robomaster_description/meshes/endpoint_bracket_collision.dae
[2.693s] -- Up-to-date: /home/stefano/Robomaster_WS/install/robomaster_description/share/robomaster_description/meshes/battery.dae
[2.694s] -- Up-to-date: /home/stefano/Robomaster_WS/install/robomaster_description/share/robomaster_description/meshes/armor.dae
[2.695s] -- Up-to-date: /home/stefano/Robomaster_WS/install/robomaster_description/share/robomaster_description/meshes/gripper_left_5.dae
[2.696s] -- Up-to-date: /home/stefano/Robomaster_WS/install/robomaster_description/share/robomaster_description/meshes/gripper_left_2_collision.dae
[2.705s] -- Up-to-date: /home/stefano/Robomaster_WS/install/robomaster_description/share/robomaster_description/meshes/rod_3.dae
[2.705s] -- Up-to-date: /home/stefano/Robomaster_WS/install/robomaster_description/share/robomaster_description/meshes/gripper_left_7.dae
[2.706s] -- Up-to-date: /home/stefano/Robomaster_WS/install/robomaster_description/share/robomaster_description/meshes/right_gripper_2_collision.dae
[2.706s] -- Up-to-date: /home/stefano/Robomaster_WS/install/robomaster_description/share/robomaster_description/meshes/TOP_Normal_OpenGL.png
[2.707s] -- Up-to-date: /home/stefano/Robomaster_WS/install/robomaster_description/share/robomaster_description/meshes/blaster_bug.dae
[2.708s] -- Up-to-date: /home/stefano/Robomaster_WS/install/robomaster_description/share/robomaster_description/meshes/gimbal_left_led_0.dae
[2.708s] -- Up-to-date: /home/stefano/Robomaster_WS/install/robomaster_description/share/robomaster_description/meshes/right_gripper_2.dae
[2.708s] -- Up-to-date: /home/stefano/Robomaster_WS/install/robomaster_description/share/robomaster_description/meshes/rod_2.dae
[2.709s] -- Up-to-date: /home/stefano/Robomaster_WS/install/robomaster_description/share/robomaster_description/meshes/gimbal_side.dae
[2.710s] -- Up-to-date: /home/stefano/Robomaster_WS/install/robomaster_description/share/robomaster_description/meshes/right_led.dae
[2.710s] -- Up-to-date: /home/stefano/Robomaster_WS/install/robomaster_description/share/robomaster_description/meshes/wifi_antenna_right.dae
[2.712s] -- Up-to-date: /home/stefano/Robomaster_WS/install/robomaster_description/share/robomaster_description/meshes/rear_left_wheel.dae
[2.713s] -- Up-to-date: /home/stefano/Robomaster_WS/install/robomaster_description/share/robomaster_description/meshes/gimbal_right_led_1.dae
[2.718s] -- Up-to-date: /home/stefano/Robomaster_WS/install/robomaster_description/share/robomaster_description/meshes/gripper_base_collision.dae
[2.719s] -- Up-to-date: /home/stefano/Robomaster_WS/install/robomaster_description/share/robomaster_description/meshes/intelligent_controller.dae
[2.719s] -- Up-to-date: /home/stefano/Robomaster_WS/install/robomaster_description/share/robomaster_description/meshes/right_servo.dae
[2.721s] -- Up-to-date: /home/stefano/Robomaster_WS/install/robomaster_description/share/robomaster_description/meshes/rear_hit_sensor.dae
[2.721s] -- Up-to-date: /home/stefano/Robomaster_WS/install/robomaster_description/share/ament_index/resource_index/package_run_dependencies/robomaster_description
[2.722s] -- Up-to-date: /home/stefano/Robomaster_WS/install/robomaster_description/share/ament_index/resource_index/parent_prefix_path/robomaster_description
[2.723s] -- Up-to-date: /home/stefano/Robomaster_WS/install/robomaster_description/share/robomaster_description/environment/ament_prefix_path.sh
[2.730s] -- Up-to-date: /home/stefano/Robomaster_WS/install/robomaster_description/share/robomaster_description/environment/ament_prefix_path.dsv
[2.731s] -- Up-to-date: /home/stefano/Robomaster_WS/install/robomaster_description/share/robomaster_description/environment/path.sh
[2.734s] -- Up-to-date: /home/stefano/Robomaster_WS/install/robomaster_description/share/robomaster_description/environment/path.dsv
[2.735s] -- Up-to-date: /home/stefano/Robomaster_WS/install/robomaster_description/share/robomaster_description/local_setup.bash
[2.735s] -- Up-to-date: /home/stefano/Robomaster_WS/install/robomaster_description/share/robomaster_description/local_setup.sh
[2.735s] -- Up-to-date: /home/stefano/Robomaster_WS/install/robomaster_description/share/robomaster_description/local_setup.zsh
[2.736s] -- Up-to-date: /home/stefano/Robomaster_WS/install/robomaster_description/share/robomaster_description/local_setup.dsv
[2.739s] -- Installing: /home/stefano/Robomaster_WS/install/robomaster_description/share/robomaster_description/package.dsv
[2.739s] -- Up-to-date: /home/stefano/Robomaster_WS/install/robomaster_description/share/ament_index/resource_index/packages/robomaster_description
[2.740s] -- Up-to-date: /home/stefano/Robomaster_WS/install/robomaster_description/share/robomaster_description/cmake/robomaster_descriptionConfig.cmake
[2.740s] -- Up-to-date: /home/stefano/Robomaster_WS/install/robomaster_description/share/robomaster_description/cmake/robomaster_descriptionConfig-version.cmake
[2.740s] -- Up-to-date: /home/stefano/Robomaster_WS/install/robomaster_description/share/robomaster_description/package.xml
[2.744s] Invoked command in '/home/stefano/Robomaster_WS/build/robomaster_description' returned '0': CMAKE_PREFIX_PATH=${CMAKE_PREFIX_PATH}:/home/stefano/Robomaster_WS/install/robomaster_ros:/home/stefano/Robomaster_WS/install/robomaster_ir_publisher:/home/stefano/Robomaster_WS/install/camera_utils:/home/stefano/turtlebot3_ws/install/turtlebot3_teleop:/home/stefano/turtlebot3_ws/install/turtlebot3_example:/home/stefano/Webots_ros2/install/webots_ros2:/home/stefano/Webots_ros2/install/webots_ros2_universal_robot:/home/stefano/Webots_ros2/install/webots_ros2_turtlebot:/home/stefano/Webots_ros2/install/webots_ros2_tiago:/home/stefano/Webots_ros2/install/webots_ros2_tests:/home/stefano/Webots_ros2/install/webots_ros2_tesla:/home/stefano/Webots_ros2/install/webots_ros2_mavic:/home/stefano/Webots_ros2/install/webots_ros2_husarion:/home/stefano/Webots_ros2/install/webots_ros2_epuck:/home/stefano/Webots_ros2/install/webots_ros2_crazyflie:/home/stefano/Webots_ros2/install/webots_ros2_importer:/opt/ros/humble /usr/bin/cmake --install /home/stefano/Robomaster_WS/build/robomaster_description
