[3.242s] Invoking command in '/home/stefano/Robomaster_WS/src/camera_utils': PYTHONPATH=/home/stefano/Robomaster_WS/build/camera_utils/prefix_override:/usr/lib/python3/dist-packages/colcon_core/task/python/colcon_distutils_commands:/home/stefano/Robomaster_WS/install/camera_utils/lib/python3.10/site-packages:${PYTHONPATH} /usr/bin/python3 -W ignore:setup.py install is deprecated -W ignore:easy_install command is deprecated setup.py egg_info --egg-base ../../build/camera_utils build --build-base /home/stefano/Robomaster_WS/build/camera_utils/build install --record /home/stefano/Robomaster_WS/build/camera_utils/install.log --single-version-externally-managed install_data
[3.922s] running egg_info
[3.924s] writing ../../build/camera_utils/camera_utils.egg-info/PKG-INFO
[3.924s] writing dependency_links to ../../build/camera_utils/camera_utils.egg-info/dependency_links.txt
[3.927s] writing entry points to ../../build/camera_utils/camera_utils.egg-info/entry_points.txt
[3.927s] writing requirements to ../../build/camera_utils/camera_utils.egg-info/requires.txt
[3.929s] writing top-level names to ../../build/camera_utils/camera_utils.egg-info/top_level.txt
[3.930s] reading manifest file '../../build/camera_utils/camera_utils.egg-info/SOURCES.txt'
[3.934s] writing manifest file '../../build/camera_utils/camera_utils.egg-info/SOURCES.txt'
[3.934s] running build
[3.935s] running build_py
[3.935s] running install
[3.936s] running install_lib
[3.938s] running install_data
[3.938s] running install_egg_info
[3.943s] removing '/home/stefano/Robomaster_WS/install/camera_utils/lib/python3.10/site-packages/camera_utils-0.0.0-py3.10.egg-info' (and everything under it)
[3.943s] Copying ../../build/camera_utils/camera_utils.egg-info to /home/stefano/Robomaster_WS/install/camera_utils/lib/python3.10/site-packages/camera_utils-0.0.0-py3.10.egg-info
[3.945s] running install_scripts
[3.989s] Installing camera_republisher script to /home/stefano/Robomaster_WS/install/camera_utils/lib/camera_utils
[3.990s] writing list of installed files to '/home/stefano/Robomaster_WS/build/camera_utils/install.log'
[4.025s] Invoked command in '/home/stefano/Robomaster_WS/src/camera_utils' returned '0': PYTHONPATH=/home/stefano/Robomaster_WS/build/camera_utils/prefix_override:/usr/lib/python3/dist-packages/colcon_core/task/python/colcon_distutils_commands:/home/stefano/Robomaster_WS/install/camera_utils/lib/python3.10/site-packages:${PYTHONPATH} /usr/bin/python3 -W ignore:setup.py install is deprecated -W ignore:easy_install command is deprecated setup.py egg_info --egg-base ../../build/camera_utils build --build-base /home/stefano/Robomaster_WS/build/camera_utils/build install --record /home/stefano/Robomaster_WS/build/camera_utils/install.log --single-version-externally-managed install_data
