[1.519s] Invoking command in '/home/stefano/Robomaster_WS/build/robomaster_description': CMAKE_PREFIX_PATH=${CMAKE_PREFIX_PATH}:/home/stefano/turtlebot3_ws/install/turtlebot3_teleop:/home/stefano/turtlebot3_ws/install/turtlebot3_example:/home/stefano/Webots_ros2/install/webots_ros2:/home/stefano/Webots_ros2/install/webots_ros2_universal_robot:/home/stefano/Webots_ros2/install/webots_ros2_turtlebot:/home/stefano/Webots_ros2/install/webots_ros2_tiago:/home/stefano/Webots_ros2/install/webots_ros2_tests:/home/stefano/Webots_ros2/install/webots_ros2_tesla:/home/stefano/Webots_ros2/install/webots_ros2_mavic:/home/stefano/Webots_ros2/install/webots_ros2_husarion:/home/stefano/Webots_ros2/install/webots_ros2_epuck:/home/stefano/Webots_ros2/install/webots_ros2_crazyflie:/home/stefano/Webots_ros2/install/webots_ros2_importer /usr/bin/cmake --build /home/stefano/Robomaster_WS/build/robomaster_description -- -j8 -l8
[1.823s] Invoked command in '/home/stefano/Robomaster_WS/build/robomaster_description' returned '0': CMAKE_PREFIX_PATH=${CMAKE_PREFIX_PATH}:/home/stefano/turtlebot3_ws/install/turtlebot3_teleop:/home/stefano/turtlebot3_ws/install/turtlebot3_example:/home/stefano/Webots_ros2/install/webots_ros2:/home/stefano/Webots_ros2/install/webots_ros2_universal_robot:/home/stefano/Webots_ros2/install/webots_ros2_turtlebot:/home/stefano/Webots_ros2/install/webots_ros2_tiago:/home/stefano/Webots_ros2/install/webots_ros2_tests:/home/stefano/Webots_ros2/install/webots_ros2_tesla:/home/stefano/Webots_ros2/install/webots_ros2_mavic:/home/stefano/Webots_ros2/install/webots_ros2_husarion:/home/stefano/Webots_ros2/install/webots_ros2_epuck:/home/stefano/Webots_ros2/install/webots_ros2_crazyflie:/home/stefano/Webots_ros2/install/webots_ros2_importer /usr/bin/cmake --build /home/stefano/Robomaster_WS/build/robomaster_description -- -j8 -l8
[1.850s] Invoking command in '/home/stefano/Robomaster_WS/build/robomaster_description': CMAKE_PREFIX_PATH=${CMAKE_PREFIX_PATH}:/home/stefano/turtlebot3_ws/install/turtlebot3_teleop:/home/stefano/turtlebot3_ws/install/turtlebot3_example:/home/stefano/Webots_ros2/install/webots_ros2:/home/stefano/Webots_ros2/install/webots_ros2_universal_robot:/home/stefano/Webots_ros2/install/webots_ros2_turtlebot:/home/stefano/Webots_ros2/install/webots_ros2_tiago:/home/stefano/Webots_ros2/install/webots_ros2_tests:/home/stefano/Webots_ros2/install/webots_ros2_tesla:/home/stefano/Webots_ros2/install/webots_ros2_mavic:/home/stefano/Webots_ros2/install/webots_ros2_husarion:/home/stefano/Webots_ros2/install/webots_ros2_epuck:/home/stefano/Webots_ros2/install/webots_ros2_crazyflie:/home/stefano/Webots_ros2/install/webots_ros2_importer /usr/bin/cmake --install /home/stefano/Robomaster_WS/build/robomaster_description
[1.949s] -- Install configuration: ""
[1.949s] -- Up-to-date: /home/stefano/Robomaster_WS/install/robomaster_description/share/robomaster_description/urdf
[1.950s] -- Up-to-date: /home/stefano/Robomaster_WS/install/robomaster_description/share/robomaster_description/urdf/robomaster_s1.urdf.xacro
[1.950s] -- Up-to-date: /home/stefano/Robomaster_WS/install/robomaster_description/share/robomaster_description/urdf/base.urdf.xacro
[1.950s] -- Up-to-date: /home/stefano/Robomaster_WS/install/robomaster_description/share/robomaster_description/urdf/gimbal.urdf.xacro
[1.950s] -- Up-to-date: /home/stefano/Robomaster_WS/install/robomaster_description/share/robomaster_description/urdf/gripper.urdf.xacro
[1.952s] -- Up-to-date: /home/stefano/Robomaster_WS/install/robomaster_description/share/robomaster_description/urdf/extension.urdf.xacro
[1.952s] -- Up-to-date: /home/stefano/Robomaster_WS/install/robomaster_description/share/robomaster_description/urdf/wheel.urdf.xacro
[1.952s] -- Up-to-date: /home/stefano/Robomaster_WS/install/robomaster_description/share/robomaster_description/urdf/led.urdf.xacro
[1.953s] -- Up-to-date: /home/stefano/Robomaster_WS/install/robomaster_description/share/robomaster_description/urdf/tof.urdf.xacro
[1.953s] -- Up-to-date: /home/stefano/Robomaster_WS/install/robomaster_description/share/robomaster_description/urdf/arm.urdf.xacro
[1.953s] -- Up-to-date: /home/stefano/Robomaster_WS/install/robomaster_description/share/robomaster_description/urdf/camera.urdf.xacro
[1.954s] -- Up-to-date: /home/stefano/Robomaster_WS/install/robomaster_description/share/robomaster_description/urdf/intelligent_controller.urdf.xacro
[1.954s] -- Up-to-date: /home/stefano/Robomaster_WS/install/robomaster_description/share/robomaster_description/urdf/robomaster_ep.urdf.xacro
[1.954s] -- Up-to-date: /home/stefano/Robomaster_WS/install/robomaster_description/share/robomaster_description/launch
[1.954s] -- Up-to-date: /home/stefano/Robomaster_WS/install/robomaster_description/share/robomaster_description/launch/model.launch.py
[1.954s] -- Up-to-date: /home/stefano/Robomaster_WS/install/robomaster_description/share/robomaster_description/launch/main.launch
[1.955s] -- Up-to-date: /home/stefano/Robomaster_WS/install/robomaster_description/share/robomaster_description/meshes
[1.955s] -- Up-to-date: /home/stefano/Robomaster_WS/install/robomaster_description/share/robomaster_description/meshes/gripper_left_6.dae
[1.955s] -- Up-to-date: /home/stefano/Robomaster_WS/install/robomaster_description/share/robomaster_description/meshes/arm_1.dae
[1.956s] -- Up-to-date: /home/stefano/Robomaster_WS/install/robomaster_description/share/robomaster_description/meshes/gimbal_right_led7.dae
[1.956s] -- Up-to-date: /home/stefano/Robomaster_WS/install/robomaster_description/share/robomaster_description/meshes/gimbal_base.dae
[1.956s] -- Up-to-date: /home/stefano/Robomaster_WS/install/robomaster_description/share/robomaster_description/meshes/gimbal.dae
[1.964s] -- Up-to-date: /home/stefano/Robomaster_WS/install/robomaster_description/share/robomaster_description/meshes/gripper_left_collision.dae
[1.964s] -- Up-to-date: /home/stefano/Robomaster_WS/install/robomaster_description/share/robomaster_description/meshes/right_gripper_5.dae
[1.965s] -- Up-to-date: /home/stefano/Robomaster_WS/install/robomaster_description/share/robomaster_description/meshes/gimbal_right_led_0.dae
[1.966s] -- Up-to-date: /home/stefano/Robomaster_WS/install/robomaster_description/share/robomaster_description/meshes/controller.dae
[1.991s] -- Up-to-date: /home/stefano/Robomaster_WS/install/robomaster_description/share/robomaster_description/meshes/gimbal_left_led_6.dae
[1.996s] -- Up-to-date: /home/stefano/Robomaster_WS/install/robomaster_description/share/robomaster_description/meshes/gimbal_right_led_5.dae
[1.996s] -- Up-to-date: /home/stefano/Robomaster_WS/install/robomaster_description/share/robomaster_description/meshes/right_gripper_6_collision.dae
[1.997s] -- Up-to-date: /home/stefano/Robomaster_WS/install/robomaster_description/share/robomaster_description/meshes/arm_base.dae
[1.997s] -- Up-to-date: /home/stefano/Robomaster_WS/install/robomaster_description/share/robomaster_description/meshes/EP_all_01_b.png
[1.998s] -- Up-to-date: /home/stefano/Robomaster_WS/install/robomaster_description/share/robomaster_description/meshes/gimbal_left_led_1.dae
[2.001s] -- Up-to-date: /home/stefano/Robomaster_WS/install/robomaster_description/share/robomaster_description/meshes/left_hit_sensor.dae
[2.001s] -- Up-to-date: /home/stefano/Robomaster_WS/install/robomaster_description/share/robomaster_description/meshes/gimbal_right_led_4.dae
[2.001s] -- Up-to-date: /home/stefano/Robomaster_WS/install/robomaster_description/share/robomaster_description/meshes/controller_cover.dae
[2.002s] -- Up-to-date: /home/stefano/Robomaster_WS/install/robomaster_description/share/robomaster_description/meshes/endpoint_bracket.dae
[2.008s] -- Up-to-date: /home/stefano/Robomaster_WS/install/robomaster_description/share/robomaster_description/meshes/right_gripper_7_collision.dae
[2.008s] -- Up-to-date: /home/stefano/Robomaster_WS/install/robomaster_description/share/robomaster_description/meshes/right_gripper_7.dae
[2.010s] -- Up-to-date: /home/stefano/Robomaster_WS/install/robomaster_description/share/robomaster_description/meshes/right_gripper_6.dae
[2.011s] -- Up-to-date: /home/stefano/Robomaster_WS/install/robomaster_description/share/robomaster_description/meshes/arm_1_collision.dae
[2.011s] -- Up-to-date: /home/stefano/Robomaster_WS/install/robomaster_description/share/robomaster_description/meshes/arm_2.dae
[2.012s] -- Up-to-date: /home/stefano/Robomaster_WS/install/robomaster_description/share/robomaster_description/meshes/gimbal_right_led_2.dae
[2.013s] -- Up-to-date: /home/stefano/Robomaster_WS/install/robomaster_description/share/robomaster_description/meshes/blaster_gun_collision.dae
[2.014s] -- Up-to-date: /home/stefano/Robomaster_WS/install/robomaster_description/share/robomaster_description/meshes/left_led.dae
[2.014s] -- Up-to-date: /home/stefano/Robomaster_WS/install/robomaster_description/share/robomaster_description/meshes/front_led.dae
[2.014s] -- Up-to-date: /home/stefano/Robomaster_WS/install/robomaster_description/share/robomaster_description/meshes/speaker.dae
[2.023s] -- Up-to-date: /home/stefano/Robomaster_WS/install/robomaster_description/share/robomaster_description/meshes/right_gripper_4.dae
[2.023s] -- Up-to-date: /home/stefano/Robomaster_WS/install/robomaster_description/share/robomaster_description/meshes/right_gripper_1.dae
[2.023s] -- Up-to-date: /home/stefano/Robomaster_WS/install/robomaster_description/share/robomaster_description/meshes/battery_pin_right.dae
[2.023s] -- Up-to-date: /home/stefano/Robomaster_WS/install/robomaster_description/share/robomaster_description/meshes/arm_2_bar_1.dae
[2.024s] -- Up-to-date: /home/stefano/Robomaster_WS/install/robomaster_description/share/robomaster_description/meshes/chassis.dae
[2.026s] -- Up-to-date: /home/stefano/Robomaster_WS/install/robomaster_description/share/robomaster_description/meshes/gimbal_right_led_3.dae
[2.027s] -- Up-to-date: /home/stefano/Robomaster_WS/install/robomaster_description/share/robomaster_description/meshes/led.dae
[2.027s] -- Up-to-date: /home/stefano/Robomaster_WS/install/robomaster_description/share/robomaster_description/meshes/battery_pin_left.dae
[2.028s] -- Up-to-date: /home/stefano/Robomaster_WS/install/robomaster_description/share/robomaster_description/meshes/gimbal_collision.dae
[2.028s] -- Up-to-date: /home/stefano/Robomaster_WS/install/robomaster_description/share/robomaster_description/meshes/base_collision.dae
[2.029s] -- Up-to-date: /home/stefano/Robomaster_WS/install/robomaster_description/share/robomaster_description/meshes/extension_support.dae
[2.029s] -- Up-to-date: /home/stefano/Robomaster_WS/install/robomaster_description/share/robomaster_description/meshes/rod_2_collision.dae
[2.030s] -- Up-to-date: /home/stefano/Robomaster_WS/install/robomaster_description/share/robomaster_description/meshes/rod.dae
[2.030s] -- Up-to-date: /home/stefano/Robomaster_WS/install/robomaster_description/share/robomaster_description/meshes/right_gripper_5_collision.dae
[2.030s] -- Up-to-date: /home/stefano/Robomaster_WS/install/robomaster_description/share/robomaster_description/meshes/gimbal_left_led_5.dae
[2.030s] -- Up-to-date: /home/stefano/Robomaster_WS/install/robomaster_description/share/robomaster_description/meshes/rod_1_collision.dae
[2.031s] -- Up-to-date: /home/stefano/Robomaster_WS/install/robomaster_description/share/robomaster_description/meshes/gimbal_base_collision.dae
[2.033s] -- Up-to-date: /home/stefano/Robomaster_WS/install/robomaster_description/share/robomaster_description/meshes/front_right_wheel.dae
[2.034s] -- Up-to-date: /home/stefano/Robomaster_WS/install/robomaster_description/share/robomaster_description/meshes/arm_base_collision.dae
[2.034s] -- Up-to-date: /home/stefano/Robomaster_WS/install/robomaster_description/share/robomaster_description/meshes/arm_2_collision.dae
[2.035s] -- Up-to-date: /home/stefano/Robomaster_WS/install/robomaster_description/share/robomaster_description/meshes/front_left_wheel.dae
[2.037s] -- Up-to-date: /home/stefano/Robomaster_WS/install/robomaster_description/share/robomaster_description/meshes/gimbal_left_led_3.dae
[2.037s] -- Up-to-date: /home/stefano/Robomaster_WS/install/robomaster_description/share/robomaster_description/meshes/TOP_Base_Color.png
[2.037s] -- Up-to-date: /home/stefano/Robomaster_WS/install/robomaster_description/share/robomaster_description/meshes/front_hit_sensor.dae
[2.038s] -- Up-to-date: /home/stefano/Robomaster_WS/install/robomaster_description/share/robomaster_description/meshes/gimbal_right_led_6.dae
[2.038s] -- Up-to-date: /home/stefano/Robomaster_WS/install/robomaster_description/share/robomaster_description/meshes/triangle_collision.dae
[2.040s] -- Up-to-date: /home/stefano/Robomaster_WS/install/robomaster_description/share/robomaster_description/meshes/right_gripper_4_collision.dae
[2.041s] -- Up-to-date: /home/stefano/Robomaster_WS/install/robomaster_description/share/robomaster_description/meshes/gripper_left_1.dae
[2.041s] -- Up-to-date: /home/stefano/Robomaster_WS/install/robomaster_description/share/robomaster_description/meshes/right_hit_sensor.dae
[2.041s] -- Up-to-date: /home/stefano/Robomaster_WS/install/robomaster_description/share/robomaster_description/meshes/gimbal_right_armor.dae
[2.041s] -- Up-to-date: /home/stefano/Robomaster_WS/install/robomaster_description/share/robomaster_description/meshes/TOP_Normal_OpenGL.png.001.png
[2.041s] -- Up-to-date: /home/stefano/Robomaster_WS/install/robomaster_description/share/robomaster_description/meshes/gimbal_left_armor.dae
[2.042s] -- Up-to-date: /home/stefano/Robomaster_WS/install/robomaster_description/share/robomaster_description/meshes/gimbal_left_led_4.dae
[2.042s] -- Up-to-date: /home/stefano/Robomaster_WS/install/robomaster_description/share/robomaster_description/meshes/extension_base.dae
[2.042s] -- Up-to-date: /home/stefano/Robomaster_WS/install/robomaster_description/share/robomaster_description/meshes/blaster_gun.dae
[2.042s] -- Up-to-date: /home/stefano/Robomaster_WS/install/robomaster_description/share/robomaster_description/meshes/rod_1.dae
[2.043s] -- Up-to-date: /home/stefano/Robomaster_WS/install/robomaster_description/share/robomaster_description/meshes/camera.dae
[2.043s] -- Up-to-date: /home/stefano/Robomaster_WS/install/robomaster_description/share/robomaster_description/meshes/gripper_left_4.dae
[2.043s] -- Up-to-date: /home/stefano/Robomaster_WS/install/robomaster_description/share/robomaster_description/meshes/gripper_left_5_collision.dae
[2.044s] -- Up-to-date: /home/stefano/Robomaster_WS/install/robomaster_description/share/robomaster_description/meshes/gimbal_right_led_7.dae
[2.045s] -- Up-to-date: /home/stefano/Robomaster_WS/install/robomaster_description/share/robomaster_description/meshes/gimbal_right_led.dae
[2.050s] -- Up-to-date: /home/stefano/Robomaster_WS/install/robomaster_description/share/robomaster_description/meshes/rear_right_wheel.dae
[2.050s] -- Up-to-date: /home/stefano/Robomaster_WS/install/robomaster_description/share/robomaster_description/meshes/gimbal_left_led_7.dae
[2.050s] -- Up-to-date: /home/stefano/Robomaster_WS/install/robomaster_description/share/robomaster_description/meshes/gripper_left_2.dae
[2.051s] -- Up-to-date: /home/stefano/Robomaster_WS/install/robomaster_description/share/robomaster_description/meshes/blaster_top.dae
[2.051s] -- Up-to-date: /home/stefano/Robomaster_WS/install/robomaster_description/share/robomaster_description/meshes/blaster_magazin.dae
[2.051s] -- Up-to-date: /home/stefano/Robomaster_WS/install/robomaster_description/share/robomaster_description/meshes/speaker_collision.dae
[2.052s] -- Up-to-date: /home/stefano/Robomaster_WS/install/robomaster_description/share/robomaster_description/meshes/rod_3_collision.dae
[2.052s] -- Up-to-date: /home/stefano/Robomaster_WS/install/robomaster_description/share/robomaster_description/meshes/gripper_left_4_collision.dae
[2.052s] -- Up-to-date: /home/stefano/Robomaster_WS/install/robomaster_description/share/robomaster_description/meshes/gripper_left_6_collision.dae
[2.052s] -- Up-to-date: /home/stefano/Robomaster_WS/install/robomaster_description/share/robomaster_description/meshes/triangle.dae
[2.053s] -- Up-to-date: /home/stefano/Robomaster_WS/install/robomaster_description/share/robomaster_description/meshes/gimbal_left_led_2.dae
[2.054s] -- Up-to-date: /home/stefano/Robomaster_WS/install/robomaster_description/share/robomaster_description/meshes/wifi_antenna_left.dae
[2.054s] -- Up-to-date: /home/stefano/Robomaster_WS/install/robomaster_description/share/robomaster_description/meshes/left_servo.dae
[2.054s] -- Up-to-date: /home/stefano/Robomaster_WS/install/robomaster_description/share/robomaster_description/meshes/arm_1_cylinder.dae
[2.054s] -- Up-to-date: /home/stefano/Robomaster_WS/install/robomaster_description/share/robomaster_description/meshes/TOP_Base_Color.png.001.png
[2.055s] -- Up-to-date: /home/stefano/Robomaster_WS/install/robomaster_description/share/robomaster_description/meshes/blaster_top_collision.dae
[2.055s] -- Up-to-date: /home/stefano/Robomaster_WS/install/robomaster_description/share/robomaster_description/meshes/rod_collision.dae
[2.057s] -- Up-to-date: /home/stefano/Robomaster_WS/install/robomaster_description/share/robomaster_description/meshes/gimbal_left_led.dae
[2.058s] -- Up-to-date: /home/stefano/Robomaster_WS/install/robomaster_description/share/robomaster_description/meshes/arm_2_bar_2.dae
[2.060s] -- Up-to-date: /home/stefano/Robomaster_WS/install/robomaster_description/share/robomaster_description/meshes/hit_sensor.dae
[2.060s] -- Up-to-date: /home/stefano/Robomaster_WS/install/robomaster_description/share/robomaster_description/meshes/gripper_base.dae
[2.060s] -- Up-to-date: /home/stefano/Robomaster_WS/install/robomaster_description/share/robomaster_description/meshes/wheel.dae
[2.061s] -- Up-to-date: /home/stefano/Robomaster_WS/install/robomaster_description/share/robomaster_description/meshes/blaster_magazin_collision.dae
[2.061s] -- Up-to-date: /home/stefano/Robomaster_WS/install/robomaster_description/share/robomaster_description/meshes/rear_led.dae
[2.061s] -- Up-to-date: /home/stefano/Robomaster_WS/install/robomaster_description/share/robomaster_description/meshes/endpoint_bracket_collision.dae
[2.061s] -- Up-to-date: /home/stefano/Robomaster_WS/install/robomaster_description/share/robomaster_description/meshes/battery.dae
[2.062s] -- Up-to-date: /home/stefano/Robomaster_WS/install/robomaster_description/share/robomaster_description/meshes/armor.dae
[2.063s] -- Up-to-date: /home/stefano/Robomaster_WS/install/robomaster_description/share/robomaster_description/meshes/gripper_left_5.dae
[2.063s] -- Up-to-date: /home/stefano/Robomaster_WS/install/robomaster_description/share/robomaster_description/meshes/gripper_left_2_collision.dae
[2.064s] -- Up-to-date: /home/stefano/Robomaster_WS/install/robomaster_description/share/robomaster_description/meshes/rod_3.dae
[2.064s] -- Up-to-date: /home/stefano/Robomaster_WS/install/robomaster_description/share/robomaster_description/meshes/gripper_left_7.dae
[2.065s] -- Up-to-date: /home/stefano/Robomaster_WS/install/robomaster_description/share/robomaster_description/meshes/right_gripper_2_collision.dae
[2.066s] -- Up-to-date: /home/stefano/Robomaster_WS/install/robomaster_description/share/robomaster_description/meshes/TOP_Normal_OpenGL.png
[2.066s] -- Up-to-date: /home/stefano/Robomaster_WS/install/robomaster_description/share/robomaster_description/meshes/blaster_bug.dae
[2.066s] -- Up-to-date: /home/stefano/Robomaster_WS/install/robomaster_description/share/robomaster_description/meshes/gimbal_left_led_0.dae
[2.070s] -- Up-to-date: /home/stefano/Robomaster_WS/install/robomaster_description/share/robomaster_description/meshes/right_gripper_2.dae
[2.071s] -- Up-to-date: /home/stefano/Robomaster_WS/install/robomaster_description/share/robomaster_description/meshes/rod_2.dae
[2.072s] -- Up-to-date: /home/stefano/Robomaster_WS/install/robomaster_description/share/robomaster_description/meshes/gimbal_side.dae
[2.072s] -- Up-to-date: /home/stefano/Robomaster_WS/install/robomaster_description/share/robomaster_description/meshes/right_led.dae
[2.072s] -- Up-to-date: /home/stefano/Robomaster_WS/install/robomaster_description/share/robomaster_description/meshes/wifi_antenna_right.dae
[2.072s] -- Up-to-date: /home/stefano/Robomaster_WS/install/robomaster_description/share/robomaster_description/meshes/rear_left_wheel.dae
[2.072s] -- Up-to-date: /home/stefano/Robomaster_WS/install/robomaster_description/share/robomaster_description/meshes/gimbal_right_led_1.dae
[2.073s] -- Up-to-date: /home/stefano/Robomaster_WS/install/robomaster_description/share/robomaster_description/meshes/gripper_base_collision.dae
[2.073s] -- Up-to-date: /home/stefano/Robomaster_WS/install/robomaster_description/share/robomaster_description/meshes/intelligent_controller.dae
[2.073s] -- Up-to-date: /home/stefano/Robomaster_WS/install/robomaster_description/share/robomaster_description/meshes/right_servo.dae
[2.073s] -- Up-to-date: /home/stefano/Robomaster_WS/install/robomaster_description/share/robomaster_description/meshes/rear_hit_sensor.dae
[2.073s] -- Up-to-date: /home/stefano/Robomaster_WS/install/robomaster_description/share/ament_index/resource_index/package_run_dependencies/robomaster_description
[2.074s] -- Up-to-date: /home/stefano/Robomaster_WS/install/robomaster_description/share/ament_index/resource_index/parent_prefix_path/robomaster_description
[2.074s] -- Up-to-date: /home/stefano/Robomaster_WS/install/robomaster_description/share/robomaster_description/environment/ament_prefix_path.sh
[2.074s] -- Up-to-date: /home/stefano/Robomaster_WS/install/robomaster_description/share/robomaster_description/environment/ament_prefix_path.dsv
[2.075s] -- Up-to-date: /home/stefano/Robomaster_WS/install/robomaster_description/share/robomaster_description/environment/path.sh
[2.077s] -- Up-to-date: /home/stefano/Robomaster_WS/install/robomaster_description/share/robomaster_description/environment/path.dsv
[2.077s] -- Up-to-date: /home/stefano/Robomaster_WS/install/robomaster_description/share/robomaster_description/local_setup.bash
[2.077s] -- Up-to-date: /home/stefano/Robomaster_WS/install/robomaster_description/share/robomaster_description/local_setup.sh
[2.078s] -- Up-to-date: /home/stefano/Robomaster_WS/install/robomaster_description/share/robomaster_description/local_setup.zsh
[2.078s] -- Up-to-date: /home/stefano/Robomaster_WS/install/robomaster_description/share/robomaster_description/local_setup.dsv
[2.079s] -- Installing: /home/stefano/Robomaster_WS/install/robomaster_description/share/robomaster_description/package.dsv
[2.079s] -- Up-to-date: /home/stefano/Robomaster_WS/install/robomaster_description/share/ament_index/resource_index/packages/robomaster_description
[2.079s] -- Up-to-date: /home/stefano/Robomaster_WS/install/robomaster_description/share/robomaster_description/cmake/robomaster_descriptionConfig.cmake
[2.079s] -- Up-to-date: /home/stefano/Robomaster_WS/install/robomaster_description/share/robomaster_description/cmake/robomaster_descriptionConfig-version.cmake
[2.080s] -- Up-to-date: /home/stefano/Robomaster_WS/install/robomaster_description/share/robomaster_description/package.xml
[2.080s] Invoked command in '/home/stefano/Robomaster_WS/build/robomaster_description' returned '0': CMAKE_PREFIX_PATH=${CMAKE_PREFIX_PATH}:/home/stefano/turtlebot3_ws/install/turtlebot3_teleop:/home/stefano/turtlebot3_ws/install/turtlebot3_example:/home/stefano/Webots_ros2/install/webots_ros2:/home/stefano/Webots_ros2/install/webots_ros2_universal_robot:/home/stefano/Webots_ros2/install/webots_ros2_turtlebot:/home/stefano/Webots_ros2/install/webots_ros2_tiago:/home/stefano/Webots_ros2/install/webots_ros2_tests:/home/stefano/Webots_ros2/install/webots_ros2_tesla:/home/stefano/Webots_ros2/install/webots_ros2_mavic:/home/stefano/Webots_ros2/install/webots_ros2_husarion:/home/stefano/Webots_ros2/install/webots_ros2_epuck:/home/stefano/Webots_ros2/install/webots_ros2_crazyflie:/home/stefano/Webots_ros2/install/webots_ros2_importer /usr/bin/cmake --install /home/stefano/Robomaster_WS/build/robomaster_description
