[3.141s] Invoking command in '/home/stefano/Robomaster_WS/src/camera_utils': PYTHONPATH=/home/stefano/Robomaster_WS/build/camera_utils/prefix_override:/usr/lib/python3/dist-packages/colcon_core/task/python/colcon_distutils_commands:/home/stefano/Robomaster_WS/install/camera_utils/lib/python3.10/site-packages:${PYTHONPATH} /usr/bin/python3 -W ignore:setup.py install is deprecated -W ignore:easy_install command is deprecated setup.py egg_info --egg-base ../../build/camera_utils build --build-base /home/stefano/Robomaster_WS/build/camera_utils/build install --record /home/stefano/Robomaster_WS/build/camera_utils/install.log --single-version-externally-managed install_data
[3.860s] running egg_info
[3.862s] writing ../../build/camera_utils/camera_utils.egg-info/PKG-INFO
[3.863s] writing dependency_links to ../../build/camera_utils/camera_utils.egg-info/dependency_links.txt
[3.864s] writing entry points to ../../build/camera_utils/camera_utils.egg-info/entry_points.txt
[3.865s] writing requirements to ../../build/camera_utils/camera_utils.egg-info/requires.txt
[3.865s] writing top-level names to ../../build/camera_utils/camera_utils.egg-info/top_level.txt
[3.869s] reading manifest file '../../build/camera_utils/camera_utils.egg-info/SOURCES.txt'
[3.873s] writing manifest file '../../build/camera_utils/camera_utils.egg-info/SOURCES.txt'
[3.874s] running build
[3.874s] running build_py
[3.874s] running install
[3.875s] running install_lib
[3.880s] running install_data
[3.880s] running install_egg_info
[3.887s] removing '/home/stefano/Robomaster_WS/install/camera_utils/lib/python3.10/site-packages/camera_utils-0.0.0-py3.10.egg-info' (and everything under it)
[3.888s] Copying ../../build/camera_utils/camera_utils.egg-info to /home/stefano/Robomaster_WS/install/camera_utils/lib/python3.10/site-packages/camera_utils-0.0.0-py3.10.egg-info
[3.891s] running install_scripts
[3.944s] Installing camera_republisher script to /home/stefano/Robomaster_WS/install/camera_utils/lib/camera_utils
[3.945s] writing list of installed files to '/home/stefano/Robomaster_WS/build/camera_utils/install.log'
[3.974s] Invoked command in '/home/stefano/Robomaster_WS/src/camera_utils' returned '0': PYTHONPATH=/home/stefano/Robomaster_WS/build/camera_utils/prefix_override:/usr/lib/python3/dist-packages/colcon_core/task/python/colcon_distutils_commands:/home/stefano/Robomaster_WS/install/camera_utils/lib/python3.10/site-packages:${PYTHONPATH} /usr/bin/python3 -W ignore:setup.py install is deprecated -W ignore:easy_install command is deprecated setup.py egg_info --egg-base ../../build/camera_utils build --build-base /home/stefano/Robomaster_WS/build/camera_utils/build install --record /home/stefano/Robomaster_WS/build/camera_utils/install.log --single-version-externally-managed install_data
