running egg_info
creating ../../build/camera_utils/camera_utils.egg-info
writing ../../build/camera_utils/camera_utils.egg-info/PKG-INFO
writing dependency_links to ../../build/camera_utils/camera_utils.egg-info/dependency_links.txt
writing entry points to ../../build/camera_utils/camera_utils.egg-info/entry_points.txt
writing requirements to ../../build/camera_utils/camera_utils.egg-info/requires.txt
writing top-level names to ../../build/camera_utils/camera_utils.egg-info/top_level.txt
writing manifest file '../../build/camera_utils/camera_utils.egg-info/SOURCES.txt'
reading manifest file '../../build/camera_utils/camera_utils.egg-info/SOURCES.txt'
writing manifest file '../../build/camera_utils/camera_utils.egg-info/SOURCES.txt'
running build
running build_py
creating /home/stefano/Robomaster_WS/build/camera_utils/build
creating /home/stefano/Robomaster_WS/build/camera_utils/build/lib
creating /home/stefano/Robomaster_WS/build/camera_utils/build/lib/camera_utils
copying camera_utils/camera_republisher.py -> /home/stefano/Robomaster_WS/build/camera_utils/build/lib/camera_utils
copying camera_utils/__init__.py -> /home/stefano/Robomaster_WS/build/camera_utils/build/lib/camera_utils
running install
running install_lib
creating /home/stefano/Robomaster_WS/install/camera_utils/lib/python3.10/site-packages/camera_utils
copying /home/stefano/Robomaster_WS/build/camera_utils/build/lib/camera_utils/camera_republisher.py -> /home/stefano/Robomaster_WS/install/camera_utils/lib/python3.10/site-packages/camera_utils
copying /home/stefano/Robomaster_WS/build/camera_utils/build/lib/camera_utils/__init__.py -> /home/stefano/Robomaster_WS/install/camera_utils/lib/python3.10/site-packages/camera_utils
byte-compiling /home/stefano/Robomaster_WS/install/camera_utils/lib/python3.10/site-packages/camera_utils/camera_republisher.py to camera_republisher.cpython-310.pyc
byte-compiling /home/stefano/Robomaster_WS/install/camera_utils/lib/python3.10/site-packages/camera_utils/__init__.py to __init__.cpython-310.pyc
running install_data
creating /home/stefano/Robomaster_WS/install/camera_utils/share/ament_index
creating /home/stefano/Robomaster_WS/install/camera_utils/share/ament_index/resource_index
creating /home/stefano/Robomaster_WS/install/camera_utils/share/ament_index/resource_index/packages
copying resource/camera_utils -> /home/stefano/Robomaster_WS/install/camera_utils/share/ament_index/resource_index/packages
copying package.xml -> /home/stefano/Robomaster_WS/install/camera_utils/share/camera_utils
running install_egg_info
Copying ../../build/camera_utils/camera_utils.egg-info to /home/stefano/Robomaster_WS/install/camera_utils/lib/python3.10/site-packages/camera_utils-0.0.0-py3.10.egg-info
running install_scripts
Installing camera_republisher script to /home/stefano/Robomaster_WS/install/camera_utils/lib/camera_utils
writing list of installed files to '/home/stefano/Robomaster_WS/build/camera_utils/install.log'
