[3.072s] Invoking command in '/home/stefano/Robomaster_WS/src/laser_echo_publisher': PYTHONPATH=/home/stefano/Robomaster_WS/src/build/laser_echo_publisher/prefix_override:/usr/lib/python3/dist-packages/colcon_core/task/python/colcon_distutils_commands:/home/stefano/Robomaster_WS/src/install/laser_echo_publisher/lib/python3.10/site-packages:${PYTHONPATH} /usr/bin/python3 -W ignore:setup.py install is deprecated -W ignore:easy_install command is deprecated setup.py egg_info --egg-base ../build/laser_echo_publisher build --build-base /home/stefano/Robomaster_WS/src/build/laser_echo_publisher/build install --record /home/stefano/Robomaster_WS/src/build/laser_echo_publisher/install.log --single-version-externally-managed install_data
[3.826s] running egg_info
[3.827s] creating ../build/laser_echo_publisher/laser_echo_publisher.egg-info
[3.827s] writing ../build/laser_echo_publisher/laser_echo_publisher.egg-info/PKG-INFO
[3.828s] writing dependency_links to ../build/laser_echo_publisher/laser_echo_publisher.egg-info/dependency_links.txt
[3.828s] writing entry points to ../build/laser_echo_publisher/laser_echo_publisher.egg-info/entry_points.txt
[3.828s] writing requirements to ../build/laser_echo_publisher/laser_echo_publisher.egg-info/requires.txt
[3.829s] writing top-level names to ../build/laser_echo_publisher/laser_echo_publisher.egg-info/top_level.txt
[3.829s] writing manifest file '../build/laser_echo_publisher/laser_echo_publisher.egg-info/SOURCES.txt'
[3.831s] reading manifest file '../build/laser_echo_publisher/laser_echo_publisher.egg-info/SOURCES.txt'
[3.833s] writing manifest file '../build/laser_echo_publisher/laser_echo_publisher.egg-info/SOURCES.txt'
[3.834s] running build
[3.835s] running build_py
[3.835s] creating /home/stefano/Robomaster_WS/src/build/laser_echo_publisher/build
[3.835s] creating /home/stefano/Robomaster_WS/src/build/laser_echo_publisher/build/lib
[3.835s] creating /home/stefano/Robomaster_WS/src/build/laser_echo_publisher/build/lib/laser_echo_publisher
[3.835s] copying laser_echo_publisher/laser_echo_publisher.py -> /home/stefano/Robomaster_WS/src/build/laser_echo_publisher/build/lib/laser_echo_publisher
[3.836s] copying laser_echo_publisher/__init__.py -> /home/stefano/Robomaster_WS/src/build/laser_echo_publisher/build/lib/laser_echo_publisher
[3.836s] running install
[3.837s] running install_lib
[3.837s] creating /home/stefano/Robomaster_WS/src/install/laser_echo_publisher/lib/python3.10/site-packages/laser_echo_publisher
[3.838s] copying /home/stefano/Robomaster_WS/src/build/laser_echo_publisher/build/lib/laser_echo_publisher/laser_echo_publisher.py -> /home/stefano/Robomaster_WS/src/install/laser_echo_publisher/lib/python3.10/site-packages/laser_echo_publisher
[3.838s] copying /home/stefano/Robomaster_WS/src/build/laser_echo_publisher/build/lib/laser_echo_publisher/__init__.py -> /home/stefano/Robomaster_WS/src/install/laser_echo_publisher/lib/python3.10/site-packages/laser_echo_publisher
[3.839s] byte-compiling /home/stefano/Robomaster_WS/src/install/laser_echo_publisher/lib/python3.10/site-packages/laser_echo_publisher/laser_echo_publisher.py to laser_echo_publisher.cpython-310.pyc
[3.840s] byte-compiling /home/stefano/Robomaster_WS/src/install/laser_echo_publisher/lib/python3.10/site-packages/laser_echo_publisher/__init__.py to __init__.cpython-310.pyc
[3.841s] running install_data
[3.842s] creating /home/stefano/Robomaster_WS/src/install/laser_echo_publisher/share/ament_index
[3.842s] creating /home/stefano/Robomaster_WS/src/install/laser_echo_publisher/share/ament_index/resource_index
[3.842s] creating /home/stefano/Robomaster_WS/src/install/laser_echo_publisher/share/ament_index/resource_index/packages
[3.842s] copying resource/laser_echo_publisher -> /home/stefano/Robomaster_WS/src/install/laser_echo_publisher/share/ament_index/resource_index/packages
[3.843s] copying package.xml -> /home/stefano/Robomaster_WS/src/install/laser_echo_publisher/share/laser_echo_publisher
[3.843s] running install_egg_info
[3.847s] Copying ../build/laser_echo_publisher/laser_echo_publisher.egg-info to /home/stefano/Robomaster_WS/src/install/laser_echo_publisher/lib/python3.10/site-packages/laser_echo_publisher-0.0.1-py3.10.egg-info
[3.851s] running install_scripts
[3.905s] Installing laser_echo_publisher script to /home/stefano/Robomaster_WS/src/install/laser_echo_publisher/lib/laser_echo_publisher
[3.905s] writing list of installed files to '/home/stefano/Robomaster_WS/src/build/laser_echo_publisher/install.log'
[3.953s] Invoked command in '/home/stefano/Robomaster_WS/src/laser_echo_publisher' returned '0': PYTHONPATH=/home/stefano/Robomaster_WS/src/build/laser_echo_publisher/prefix_override:/usr/lib/python3/dist-packages/colcon_core/task/python/colcon_distutils_commands:/home/stefano/Robomaster_WS/src/install/laser_echo_publisher/lib/python3.10/site-packages:${PYTHONPATH} /usr/bin/python3 -W ignore:setup.py install is deprecated -W ignore:easy_install command is deprecated setup.py egg_info --egg-base ../build/laser_echo_publisher build --build-base /home/stefano/Robomaster_WS/src/build/laser_echo_publisher/build install --record /home/stefano/Robomaster_WS/src/build/laser_echo_publisher/install.log --single-version-externally-managed install_data
