[3.097s] Invoking command in '/home/stefano/Robomaster_WS/src/camera_utils': PYTHONPATH=/home/stefano/Robomaster_WS/build/camera_utils/prefix_override:/usr/lib/python3/dist-packages/colcon_core/task/python/colcon_distutils_commands:/home/stefano/Robomaster_WS/install/camera_utils/lib/python3.10/site-packages:${PYTHONPATH} /usr/bin/python3 -W ignore:setup.py install is deprecated -W ignore:easy_install command is deprecated setup.py egg_info --egg-base ../../build/camera_utils build --build-base /home/stefano/Robomaster_WS/build/camera_utils/build install --record /home/stefano/Robomaster_WS/build/camera_utils/install.log --single-version-externally-managed install_data
[3.805s] running egg_info
[3.807s] writing ../../build/camera_utils/camera_utils.egg-info/PKG-INFO
[3.807s] writing dependency_links to ../../build/camera_utils/camera_utils.egg-info/dependency_links.txt
[3.808s] writing entry points to ../../build/camera_utils/camera_utils.egg-info/entry_points.txt
[3.808s] writing requirements to ../../build/camera_utils/camera_utils.egg-info/requires.txt
[3.809s] writing top-level names to ../../build/camera_utils/camera_utils.egg-info/top_level.txt
[3.811s] reading manifest file '../../build/camera_utils/camera_utils.egg-info/SOURCES.txt'
[3.813s] writing manifest file '../../build/camera_utils/camera_utils.egg-info/SOURCES.txt'
[3.813s] running build
[3.813s] running build_py
[3.814s] running install
[3.814s] running install_lib
[3.817s] running install_data
[3.818s] running install_egg_info
[3.822s] removing '/home/stefano/Robomaster_WS/install/camera_utils/lib/python3.10/site-packages/camera_utils-0.0.0-py3.10.egg-info' (and everything under it)
[3.823s] Copying ../../build/camera_utils/camera_utils.egg-info to /home/stefano/Robomaster_WS/install/camera_utils/lib/python3.10/site-packages/camera_utils-0.0.0-py3.10.egg-info
[3.825s] running install_scripts
[3.872s] Installing camera_republisher script to /home/stefano/Robomaster_WS/install/camera_utils/lib/camera_utils
[3.873s] writing list of installed files to '/home/stefano/Robomaster_WS/build/camera_utils/install.log'
[3.920s] Invoked command in '/home/stefano/Robomaster_WS/src/camera_utils' returned '0': PYTHONPATH=/home/stefano/Robomaster_WS/build/camera_utils/prefix_override:/usr/lib/python3/dist-packages/colcon_core/task/python/colcon_distutils_commands:/home/stefano/Robomaster_WS/install/camera_utils/lib/python3.10/site-packages:${PYTHONPATH} /usr/bin/python3 -W ignore:setup.py install is deprecated -W ignore:easy_install command is deprecated setup.py egg_info --egg-base ../../build/camera_utils build --build-base /home/stefano/Robomaster_WS/build/camera_utils/build install --record /home/stefano/Robomaster_WS/build/camera_utils/install.log --single-version-externally-managed install_data
