[0.267s] DEBUG:colcon:Command line arguments: ['/usr/bin/colcon', 'build']
[0.267s] DEBUG:colcon:Parsed command line arguments: Namespace(log_base=None, log_level=None, verb_name='build', build_base='build', install_base='install', merge_install=False, symlink_install=False, test_result_base=None, continue_on_error=False, executor='parallel', parallel_workers=8, event_handlers=None, ignore_user_meta=False, metas=['./colcon.meta'], base_paths=['.'], packages_ignore=None, packages_ignore_regex=None, paths=None, packages_up_to=None, packages_up_to_regex=None, packages_above=None, packages_above_and_dependencies=None, packages_above_depth=None, packages_select_by_dep=None, packages_skip_by_dep=None, packages_skip_up_to=None, packages_select_build_failed=False, packages_skip_build_finished=False, packages_select_test_failures=False, packages_skip_test_passed=False, packages_select=None, packages_skip=None, packages_select_regex=None, packages_skip_regex=None, packages_start=None, packages_end=None, allow_overriding=[], cmake_args=None, cmake_target=None, cmake_target_skip_unavailable=False, cmake_clean_cache=False, cmake_clean_first=False, cmake_force_configure=False, ament_cmake_args=None, catkin_cmake_args=None, catkin_skip_building_tests=False, mixin_files=None, mixin=None, verb_parser=<colcon_mixin.mixin.mixin_argument.MixinArgumentDecorator object at 0x78d24f077940>, verb_extension=<colcon_core.verb.build.BuildVerb object at 0x78d24f076ad0>, main=<bound method BuildVerb.main of <colcon_core.verb.build.BuildVerb object at 0x78d24f076ad0>>, mixin_verb=('build',))
[0.733s] Level 1:colcon.colcon_core.package_discovery:discover_packages(colcon_meta) check parameters
[0.733s] Level 1:colcon.colcon_core.package_discovery:discover_packages(recursive) check parameters
[0.733s] Level 1:colcon.colcon_core.package_discovery:discover_packages(ignore) check parameters
[0.733s] Level 1:colcon.colcon_core.package_discovery:discover_packages(path) check parameters
[0.733s] Level 1:colcon.colcon_core.package_discovery:discover_packages(colcon_meta) discover
[0.733s] Level 1:colcon.colcon_core.package_discovery:discover_packages(recursive) discover
[0.733s] INFO:colcon.colcon_core.package_discovery:Crawling recursively for packages in '/home/stefano/Robomaster_WS'
[0.734s] Level 1:colcon.colcon_core.package_identification:_identify(.) by extensions ['ignore', 'ignore_ament_install']
[0.734s] Level 1:colcon.colcon_core.package_identification:_identify(.) by extension 'ignore'
[0.734s] Level 1:colcon.colcon_core.package_identification:_identify(.) by extension 'ignore_ament_install'
[0.734s] Level 1:colcon.colcon_core.package_identification:_identify(.) by extensions ['colcon_pkg']
[0.735s] Level 1:colcon.colcon_core.package_identification:_identify(.) by extension 'colcon_pkg'
[0.735s] Level 1:colcon.colcon_core.package_identification:_identify(.) by extensions ['colcon_meta']
[0.735s] Level 1:colcon.colcon_core.package_identification:_identify(.) by extension 'colcon_meta'
[0.736s] Level 1:colcon.colcon_core.package_identification:_identify(.) by extensions ['ros']
[0.736s] Level 1:colcon.colcon_core.package_identification:_identify(.) by extension 'ros'
[0.768s] Level 1:colcon.colcon_core.package_identification:_identify(.) by extensions ['cmake', 'python']
[0.768s] Level 1:colcon.colcon_core.package_identification:_identify(.) by extension 'cmake'
[0.768s] Level 1:colcon.colcon_core.package_identification:_identify(.) by extension 'python'
[0.768s] Level 1:colcon.colcon_core.package_identification:_identify(.) by extensions ['python_setup_py']
[0.768s] Level 1:colcon.colcon_core.package_identification:_identify(.) by extension 'python_setup_py'
[0.769s] Level 1:colcon.colcon_core.package_identification:_identify(build) by extensions ['ignore', 'ignore_ament_install']
[0.769s] Level 1:colcon.colcon_core.package_identification:_identify(build) by extension 'ignore'
[0.769s] Level 1:colcon.colcon_core.package_identification:_identify(build) ignored
[0.770s] Level 1:colcon.colcon_core.package_identification:_identify(install) by extensions ['ignore', 'ignore_ament_install']
[0.770s] Level 1:colcon.colcon_core.package_identification:_identify(install) by extension 'ignore'
[0.770s] Level 1:colcon.colcon_core.package_identification:_identify(install) ignored
[0.770s] Level 1:colcon.colcon_core.package_identification:_identify(log) by extensions ['ignore', 'ignore_ament_install']
[0.770s] Level 1:colcon.colcon_core.package_identification:_identify(log) by extension 'ignore'
[0.770s] Level 1:colcon.colcon_core.package_identification:_identify(log) ignored
[0.771s] Level 1:colcon.colcon_core.package_identification:_identify(src) by extensions ['ignore', 'ignore_ament_install']
[0.771s] Level 1:colcon.colcon_core.package_identification:_identify(src) by extension 'ignore'
[0.771s] Level 1:colcon.colcon_core.package_identification:_identify(src) by extension 'ignore_ament_install'
[0.771s] Level 1:colcon.colcon_core.package_identification:_identify(src) by extensions ['colcon_pkg']
[0.771s] Level 1:colcon.colcon_core.package_identification:_identify(src) by extension 'colcon_pkg'
[0.771s] Level 1:colcon.colcon_core.package_identification:_identify(src) by extensions ['colcon_meta']
[0.771s] Level 1:colcon.colcon_core.package_identification:_identify(src) by extension 'colcon_meta'
[0.771s] Level 1:colcon.colcon_core.package_identification:_identify(src) by extensions ['ros']
[0.771s] Level 1:colcon.colcon_core.package_identification:_identify(src) by extension 'ros'
[0.772s] Level 1:colcon.colcon_core.package_identification:_identify(src) by extensions ['cmake', 'python']
[0.772s] Level 1:colcon.colcon_core.package_identification:_identify(src) by extension 'cmake'
[0.772s] Level 1:colcon.colcon_core.package_identification:_identify(src) by extension 'python'
[0.772s] Level 1:colcon.colcon_core.package_identification:_identify(src) by extensions ['python_setup_py']
[0.772s] Level 1:colcon.colcon_core.package_identification:_identify(src) by extension 'python_setup_py'
[0.772s] Level 1:colcon.colcon_core.package_identification:_identify(src/build) by extensions ['ignore', 'ignore_ament_install']
[0.772s] Level 1:colcon.colcon_core.package_identification:_identify(src/build) by extension 'ignore'
[0.773s] Level 1:colcon.colcon_core.package_identification:_identify(src/build) ignored
[0.773s] Level 1:colcon.colcon_core.package_identification:_identify(src/camera_utils) by extensions ['ignore', 'ignore_ament_install']
[0.773s] Level 1:colcon.colcon_core.package_identification:_identify(src/camera_utils) by extension 'ignore'
[0.773s] Level 1:colcon.colcon_core.package_identification:_identify(src/camera_utils) by extension 'ignore_ament_install'
[0.773s] Level 1:colcon.colcon_core.package_identification:_identify(src/camera_utils) by extensions ['colcon_pkg']
[0.773s] Level 1:colcon.colcon_core.package_identification:_identify(src/camera_utils) by extension 'colcon_pkg'
[0.774s] Level 1:colcon.colcon_core.package_identification:_identify(src/camera_utils) by extensions ['colcon_meta']
[0.774s] Level 1:colcon.colcon_core.package_identification:_identify(src/camera_utils) by extension 'colcon_meta'
[0.774s] Level 1:colcon.colcon_core.package_identification:_identify(src/camera_utils) by extensions ['ros']
[0.774s] Level 1:colcon.colcon_core.package_identification:_identify(src/camera_utils) by extension 'ros'
[0.786s] DEBUG:colcon.colcon_core.package_identification:Package 'src/camera_utils' with type 'ros.ament_python' and name 'camera_utils'
[0.786s] Level 1:colcon.colcon_core.package_identification:_identify(src/install) by extensions ['ignore', 'ignore_ament_install']
[0.786s] Level 1:colcon.colcon_core.package_identification:_identify(src/install) by extension 'ignore'
[0.786s] Level 1:colcon.colcon_core.package_identification:_identify(src/install) ignored
[0.787s] Level 1:colcon.colcon_core.package_identification:_identify(src/laser_echo_publisher) by extensions ['ignore', 'ignore_ament_install']
[0.787s] Level 1:colcon.colcon_core.package_identification:_identify(src/laser_echo_publisher) by extension 'ignore'
[0.787s] Level 1:colcon.colcon_core.package_identification:_identify(src/laser_echo_publisher) by extension 'ignore_ament_install'
[0.787s] Level 1:colcon.colcon_core.package_identification:_identify(src/laser_echo_publisher) by extensions ['colcon_pkg']
[0.787s] Level 1:colcon.colcon_core.package_identification:_identify(src/laser_echo_publisher) by extension 'colcon_pkg'
[0.787s] Level 1:colcon.colcon_core.package_identification:_identify(src/laser_echo_publisher) by extensions ['colcon_meta']
[0.787s] Level 1:colcon.colcon_core.package_identification:_identify(src/laser_echo_publisher) by extension 'colcon_meta'
[0.787s] Level 1:colcon.colcon_core.package_identification:_identify(src/laser_echo_publisher) by extensions ['ros']
[0.788s] Level 1:colcon.colcon_core.package_identification:_identify(src/laser_echo_publisher) by extension 'ros'
[0.788s] DEBUG:colcon.colcon_core.package_identification:Package 'src/laser_echo_publisher' with type 'ros.ament_python' and name 'laser_echo_publisher'
[0.789s] Level 1:colcon.colcon_core.package_identification:_identify(src/log) by extensions ['ignore', 'ignore_ament_install']
[0.789s] Level 1:colcon.colcon_core.package_identification:_identify(src/log) by extension 'ignore'
[0.789s] Level 1:colcon.colcon_core.package_identification:_identify(src/log) ignored
[0.789s] Level 1:colcon.colcon_core.package_identification:_identify(src/robomaster_ros) by extensions ['ignore', 'ignore_ament_install']
[0.789s] Level 1:colcon.colcon_core.package_identification:_identify(src/robomaster_ros) by extension 'ignore'
[0.790s] Level 1:colcon.colcon_core.package_identification:_identify(src/robomaster_ros) by extension 'ignore_ament_install'
[0.790s] Level 1:colcon.colcon_core.package_identification:_identify(src/robomaster_ros) by extensions ['colcon_pkg']
[0.790s] Level 1:colcon.colcon_core.package_identification:_identify(src/robomaster_ros) by extension 'colcon_pkg'
[0.790s] Level 1:colcon.colcon_core.package_identification:_identify(src/robomaster_ros) by extensions ['colcon_meta']
[0.790s] Level 1:colcon.colcon_core.package_identification:_identify(src/robomaster_ros) by extension 'colcon_meta'
[0.790s] Level 1:colcon.colcon_core.package_identification:_identify(src/robomaster_ros) by extensions ['ros']
[0.790s] Level 1:colcon.colcon_core.package_identification:_identify(src/robomaster_ros) by extension 'ros'
[0.790s] Level 1:colcon.colcon_core.package_identification:_identify(src/robomaster_ros) by extensions ['cmake', 'python']
[0.790s] Level 1:colcon.colcon_core.package_identification:_identify(src/robomaster_ros) by extension 'cmake'
[0.791s] Level 1:colcon.colcon_core.package_identification:_identify(src/robomaster_ros) by extension 'python'
[0.791s] Level 1:colcon.colcon_core.package_identification:_identify(src/robomaster_ros) by extensions ['python_setup_py']
[0.791s] Level 1:colcon.colcon_core.package_identification:_identify(src/robomaster_ros) by extension 'python_setup_py'
[0.791s] Level 1:colcon.colcon_core.package_identification:_identify(src/robomaster_ros/docker) by extensions ['ignore', 'ignore_ament_install']
[0.791s] Level 1:colcon.colcon_core.package_identification:_identify(src/robomaster_ros/docker) by extension 'ignore'
[0.791s] Level 1:colcon.colcon_core.package_identification:_identify(src/robomaster_ros/docker) by extension 'ignore_ament_install'
[0.792s] Level 1:colcon.colcon_core.package_identification:_identify(src/robomaster_ros/docker) by extensions ['colcon_pkg']
[0.792s] Level 1:colcon.colcon_core.package_identification:_identify(src/robomaster_ros/docker) by extension 'colcon_pkg'
[0.792s] Level 1:colcon.colcon_core.package_identification:_identify(src/robomaster_ros/docker) by extensions ['colcon_meta']
[0.792s] Level 1:colcon.colcon_core.package_identification:_identify(src/robomaster_ros/docker) by extension 'colcon_meta'
[0.792s] Level 1:colcon.colcon_core.package_identification:_identify(src/robomaster_ros/docker) by extensions ['ros']
[0.792s] Level 1:colcon.colcon_core.package_identification:_identify(src/robomaster_ros/docker) by extension 'ros'
[0.792s] Level 1:colcon.colcon_core.package_identification:_identify(src/robomaster_ros/docker) by extensions ['cmake', 'python']
[0.792s] Level 1:colcon.colcon_core.package_identification:_identify(src/robomaster_ros/docker) by extension 'cmake'
[0.792s] Level 1:colcon.colcon_core.package_identification:_identify(src/robomaster_ros/docker) by extension 'python'
[0.792s] Level 1:colcon.colcon_core.package_identification:_identify(src/robomaster_ros/docker) by extensions ['python_setup_py']
[0.793s] Level 1:colcon.colcon_core.package_identification:_identify(src/robomaster_ros/docker) by extension 'python_setup_py'
[0.793s] Level 1:colcon.colcon_core.package_identification:_identify(src/robomaster_ros/docker/foxy) by extensions ['ignore', 'ignore_ament_install']
[0.793s] Level 1:colcon.colcon_core.package_identification:_identify(src/robomaster_ros/docker/foxy) by extension 'ignore'
[0.793s] Level 1:colcon.colcon_core.package_identification:_identify(src/robomaster_ros/docker/foxy) by extension 'ignore_ament_install'
[0.793s] Level 1:colcon.colcon_core.package_identification:_identify(src/robomaster_ros/docker/foxy) by extensions ['colcon_pkg']
[0.793s] Level 1:colcon.colcon_core.package_identification:_identify(src/robomaster_ros/docker/foxy) by extension 'colcon_pkg'
[0.793s] Level 1:colcon.colcon_core.package_identification:_identify(src/robomaster_ros/docker/foxy) by extensions ['colcon_meta']
[0.793s] Level 1:colcon.colcon_core.package_identification:_identify(src/robomaster_ros/docker/foxy) by extension 'colcon_meta'
[0.794s] Level 1:colcon.colcon_core.package_identification:_identify(src/robomaster_ros/docker/foxy) by extensions ['ros']
[0.794s] Level 1:colcon.colcon_core.package_identification:_identify(src/robomaster_ros/docker/foxy) by extension 'ros'
[0.794s] Level 1:colcon.colcon_core.package_identification:_identify(src/robomaster_ros/docker/foxy) by extensions ['cmake', 'python']
[0.794s] Level 1:colcon.colcon_core.package_identification:_identify(src/robomaster_ros/docker/foxy) by extension 'cmake'
[0.794s] Level 1:colcon.colcon_core.package_identification:_identify(src/robomaster_ros/docker/foxy) by extension 'python'
[0.794s] Level 1:colcon.colcon_core.package_identification:_identify(src/robomaster_ros/docker/foxy) by extensions ['python_setup_py']
[0.794s] Level 1:colcon.colcon_core.package_identification:_identify(src/robomaster_ros/docker/foxy) by extension 'python_setup_py'
[0.795s] Level 1:colcon.colcon_core.package_identification:_identify(src/robomaster_ros/docker/foxy/ep) by extensions ['ignore', 'ignore_ament_install']
[0.795s] Level 1:colcon.colcon_core.package_identification:_identify(src/robomaster_ros/docker/foxy/ep) by extension 'ignore'
[0.795s] Level 1:colcon.colcon_core.package_identification:_identify(src/robomaster_ros/docker/foxy/ep) by extension 'ignore_ament_install'
[0.795s] Level 1:colcon.colcon_core.package_identification:_identify(src/robomaster_ros/docker/foxy/ep) by extensions ['colcon_pkg']
[0.795s] Level 1:colcon.colcon_core.package_identification:_identify(src/robomaster_ros/docker/foxy/ep) by extension 'colcon_pkg'
[0.795s] Level 1:colcon.colcon_core.package_identification:_identify(src/robomaster_ros/docker/foxy/ep) by extensions ['colcon_meta']
[0.795s] Level 1:colcon.colcon_core.package_identification:_identify(src/robomaster_ros/docker/foxy/ep) by extension 'colcon_meta'
[0.796s] Level 1:colcon.colcon_core.package_identification:_identify(src/robomaster_ros/docker/foxy/ep) by extensions ['ros']
[0.796s] Level 1:colcon.colcon_core.package_identification:_identify(src/robomaster_ros/docker/foxy/ep) by extension 'ros'
[0.796s] Level 1:colcon.colcon_core.package_identification:_identify(src/robomaster_ros/docker/foxy/ep) by extensions ['cmake', 'python']
[0.796s] Level 1:colcon.colcon_core.package_identification:_identify(src/robomaster_ros/docker/foxy/ep) by extension 'cmake'
[0.796s] Level 1:colcon.colcon_core.package_identification:_identify(src/robomaster_ros/docker/foxy/ep) by extension 'python'
[0.796s] Level 1:colcon.colcon_core.package_identification:_identify(src/robomaster_ros/docker/foxy/ep) by extensions ['python_setup_py']
[0.796s] Level 1:colcon.colcon_core.package_identification:_identify(src/robomaster_ros/docker/foxy/ep) by extension 'python_setup_py'
[0.796s] Level 1:colcon.colcon_core.package_identification:_identify(src/robomaster_ros/docker/foxy/s1) by extensions ['ignore', 'ignore_ament_install']
[0.797s] Level 1:colcon.colcon_core.package_identification:_identify(src/robomaster_ros/docker/foxy/s1) by extension 'ignore'
[0.797s] Level 1:colcon.colcon_core.package_identification:_identify(src/robomaster_ros/docker/foxy/s1) by extension 'ignore_ament_install'
[0.797s] Level 1:colcon.colcon_core.package_identification:_identify(src/robomaster_ros/docker/foxy/s1) by extensions ['colcon_pkg']
[0.797s] Level 1:colcon.colcon_core.package_identification:_identify(src/robomaster_ros/docker/foxy/s1) by extension 'colcon_pkg'
[0.797s] Level 1:colcon.colcon_core.package_identification:_identify(src/robomaster_ros/docker/foxy/s1) by extensions ['colcon_meta']
[0.797s] Level 1:colcon.colcon_core.package_identification:_identify(src/robomaster_ros/docker/foxy/s1) by extension 'colcon_meta'
[0.797s] Level 1:colcon.colcon_core.package_identification:_identify(src/robomaster_ros/docker/foxy/s1) by extensions ['ros']
[0.797s] Level 1:colcon.colcon_core.package_identification:_identify(src/robomaster_ros/docker/foxy/s1) by extension 'ros'
[0.797s] Level 1:colcon.colcon_core.package_identification:_identify(src/robomaster_ros/docker/foxy/s1) by extensions ['cmake', 'python']
[0.798s] Level 1:colcon.colcon_core.package_identification:_identify(src/robomaster_ros/docker/foxy/s1) by extension 'cmake'
[0.798s] Level 1:colcon.colcon_core.package_identification:_identify(src/robomaster_ros/docker/foxy/s1) by extension 'python'
[0.798s] Level 1:colcon.colcon_core.package_identification:_identify(src/robomaster_ros/docker/foxy/s1) by extensions ['python_setup_py']
[0.798s] Level 1:colcon.colcon_core.package_identification:_identify(src/robomaster_ros/docker/foxy/s1) by extension 'python_setup_py'
[0.798s] Level 1:colcon.colcon_core.package_identification:_identify(src/robomaster_ros/docker/galactic) by extensions ['ignore', 'ignore_ament_install']
[0.798s] Level 1:colcon.colcon_core.package_identification:_identify(src/robomaster_ros/docker/galactic) by extension 'ignore'
[0.798s] Level 1:colcon.colcon_core.package_identification:_identify(src/robomaster_ros/docker/galactic) by extension 'ignore_ament_install'
[0.799s] Level 1:colcon.colcon_core.package_identification:_identify(src/robomaster_ros/docker/galactic) by extensions ['colcon_pkg']
[0.799s] Level 1:colcon.colcon_core.package_identification:_identify(src/robomaster_ros/docker/galactic) by extension 'colcon_pkg'
[0.799s] Level 1:colcon.colcon_core.package_identification:_identify(src/robomaster_ros/docker/galactic) by extensions ['colcon_meta']
[0.799s] Level 1:colcon.colcon_core.package_identification:_identify(src/robomaster_ros/docker/galactic) by extension 'colcon_meta'
[0.799s] Level 1:colcon.colcon_core.package_identification:_identify(src/robomaster_ros/docker/galactic) by extensions ['ros']
[0.799s] Level 1:colcon.colcon_core.package_identification:_identify(src/robomaster_ros/docker/galactic) by extension 'ros'
[0.799s] Level 1:colcon.colcon_core.package_identification:_identify(src/robomaster_ros/docker/galactic) by extensions ['cmake', 'python']
[0.799s] Level 1:colcon.colcon_core.package_identification:_identify(src/robomaster_ros/docker/galactic) by extension 'cmake'
[0.799s] Level 1:colcon.colcon_core.package_identification:_identify(src/robomaster_ros/docker/galactic) by extension 'python'
[0.800s] Level 1:colcon.colcon_core.package_identification:_identify(src/robomaster_ros/docker/galactic) by extensions ['python_setup_py']
[0.800s] Level 1:colcon.colcon_core.package_identification:_identify(src/robomaster_ros/docker/galactic) by extension 'python_setup_py'
[0.800s] Level 1:colcon.colcon_core.package_identification:_identify(src/robomaster_ros/docker/galactic/ep) by extensions ['ignore', 'ignore_ament_install']
[0.800s] Level 1:colcon.colcon_core.package_identification:_identify(src/robomaster_ros/docker/galactic/ep) by extension 'ignore'
[0.800s] Level 1:colcon.colcon_core.package_identification:_identify(src/robomaster_ros/docker/galactic/ep) by extension 'ignore_ament_install'
[0.800s] Level 1:colcon.colcon_core.package_identification:_identify(src/robomaster_ros/docker/galactic/ep) by extensions ['colcon_pkg']
[0.800s] Level 1:colcon.colcon_core.package_identification:_identify(src/robomaster_ros/docker/galactic/ep) by extension 'colcon_pkg'
[0.800s] Level 1:colcon.colcon_core.package_identification:_identify(src/robomaster_ros/docker/galactic/ep) by extensions ['colcon_meta']
[0.800s] Level 1:colcon.colcon_core.package_identification:_identify(src/robomaster_ros/docker/galactic/ep) by extension 'colcon_meta'
[0.801s] Level 1:colcon.colcon_core.package_identification:_identify(src/robomaster_ros/docker/galactic/ep) by extensions ['ros']
[0.801s] Level 1:colcon.colcon_core.package_identification:_identify(src/robomaster_ros/docker/galactic/ep) by extension 'ros'
[0.801s] Level 1:colcon.colcon_core.package_identification:_identify(src/robomaster_ros/docker/galactic/ep) by extensions ['cmake', 'python']
[0.801s] Level 1:colcon.colcon_core.package_identification:_identify(src/robomaster_ros/docker/galactic/ep) by extension 'cmake'
[0.801s] Level 1:colcon.colcon_core.package_identification:_identify(src/robomaster_ros/docker/galactic/ep) by extension 'python'
[0.801s] Level 1:colcon.colcon_core.package_identification:_identify(src/robomaster_ros/docker/galactic/ep) by extensions ['python_setup_py']
[0.801s] Level 1:colcon.colcon_core.package_identification:_identify(src/robomaster_ros/docker/galactic/ep) by extension 'python_setup_py'
[0.801s] Level 1:colcon.colcon_core.package_identification:_identify(src/robomaster_ros/docker/galactic/s1) by extensions ['ignore', 'ignore_ament_install']
[0.801s] Level 1:colcon.colcon_core.package_identification:_identify(src/robomaster_ros/docker/galactic/s1) by extension 'ignore'
[0.801s] Level 1:colcon.colcon_core.package_identification:_identify(src/robomaster_ros/docker/galactic/s1) by extension 'ignore_ament_install'
[0.802s] Level 1:colcon.colcon_core.package_identification:_identify(src/robomaster_ros/docker/galactic/s1) by extensions ['colcon_pkg']
[0.802s] Level 1:colcon.colcon_core.package_identification:_identify(src/robomaster_ros/docker/galactic/s1) by extension 'colcon_pkg'
[0.802s] Level 1:colcon.colcon_core.package_identification:_identify(src/robomaster_ros/docker/galactic/s1) by extensions ['colcon_meta']
[0.802s] Level 1:colcon.colcon_core.package_identification:_identify(src/robomaster_ros/docker/galactic/s1) by extension 'colcon_meta'
[0.802s] Level 1:colcon.colcon_core.package_identification:_identify(src/robomaster_ros/docker/galactic/s1) by extensions ['ros']
[0.802s] Level 1:colcon.colcon_core.package_identification:_identify(src/robomaster_ros/docker/galactic/s1) by extension 'ros'
[0.802s] Level 1:colcon.colcon_core.package_identification:_identify(src/robomaster_ros/docker/galactic/s1) by extensions ['cmake', 'python']
[0.802s] Level 1:colcon.colcon_core.package_identification:_identify(src/robomaster_ros/docker/galactic/s1) by extension 'cmake'
[0.802s] Level 1:colcon.colcon_core.package_identification:_identify(src/robomaster_ros/docker/galactic/s1) by extension 'python'
[0.802s] Level 1:colcon.colcon_core.package_identification:_identify(src/robomaster_ros/docker/galactic/s1) by extensions ['python_setup_py']
[0.802s] Level 1:colcon.colcon_core.package_identification:_identify(src/robomaster_ros/docker/galactic/s1) by extension 'python_setup_py'
[0.803s] Level 1:colcon.colcon_core.package_identification:_identify(src/robomaster_ros/docker/humble) by extensions ['ignore', 'ignore_ament_install']
[0.803s] Level 1:colcon.colcon_core.package_identification:_identify(src/robomaster_ros/docker/humble) by extension 'ignore'
[0.803s] Level 1:colcon.colcon_core.package_identification:_identify(src/robomaster_ros/docker/humble) by extension 'ignore_ament_install'
[0.803s] Level 1:colcon.colcon_core.package_identification:_identify(src/robomaster_ros/docker/humble) by extensions ['colcon_pkg']
[0.803s] Level 1:colcon.colcon_core.package_identification:_identify(src/robomaster_ros/docker/humble) by extension 'colcon_pkg'
[0.803s] Level 1:colcon.colcon_core.package_identification:_identify(src/robomaster_ros/docker/humble) by extensions ['colcon_meta']
[0.803s] Level 1:colcon.colcon_core.package_identification:_identify(src/robomaster_ros/docker/humble) by extension 'colcon_meta'
[0.803s] Level 1:colcon.colcon_core.package_identification:_identify(src/robomaster_ros/docker/humble) by extensions ['ros']
[0.804s] Level 1:colcon.colcon_core.package_identification:_identify(src/robomaster_ros/docker/humble) by extension 'ros'
[0.804s] Level 1:colcon.colcon_core.package_identification:_identify(src/robomaster_ros/docker/humble) by extensions ['cmake', 'python']
[0.804s] Level 1:colcon.colcon_core.package_identification:_identify(src/robomaster_ros/docker/humble) by extension 'cmake'
[0.804s] Level 1:colcon.colcon_core.package_identification:_identify(src/robomaster_ros/docker/humble) by extension 'python'
[0.804s] Level 1:colcon.colcon_core.package_identification:_identify(src/robomaster_ros/docker/humble) by extensions ['python_setup_py']
[0.804s] Level 1:colcon.colcon_core.package_identification:_identify(src/robomaster_ros/docker/humble) by extension 'python_setup_py'
[0.804s] Level 1:colcon.colcon_core.package_identification:_identify(src/robomaster_ros/docker/humble/ep) by extensions ['ignore', 'ignore_ament_install']
[0.805s] Level 1:colcon.colcon_core.package_identification:_identify(src/robomaster_ros/docker/humble/ep) by extension 'ignore'
[0.805s] Level 1:colcon.colcon_core.package_identification:_identify(src/robomaster_ros/docker/humble/ep) by extension 'ignore_ament_install'
[0.805s] Level 1:colcon.colcon_core.package_identification:_identify(src/robomaster_ros/docker/humble/ep) by extensions ['colcon_pkg']
[0.805s] Level 1:colcon.colcon_core.package_identification:_identify(src/robomaster_ros/docker/humble/ep) by extension 'colcon_pkg'
[0.805s] Level 1:colcon.colcon_core.package_identification:_identify(src/robomaster_ros/docker/humble/ep) by extensions ['colcon_meta']
[0.805s] Level 1:colcon.colcon_core.package_identification:_identify(src/robomaster_ros/docker/humble/ep) by extension 'colcon_meta'
[0.805s] Level 1:colcon.colcon_core.package_identification:_identify(src/robomaster_ros/docker/humble/ep) by extensions ['ros']
[0.805s] Level 1:colcon.colcon_core.package_identification:_identify(src/robomaster_ros/docker/humble/ep) by extension 'ros'
[0.805s] Level 1:colcon.colcon_core.package_identification:_identify(src/robomaster_ros/docker/humble/ep) by extensions ['cmake', 'python']
[0.805s] Level 1:colcon.colcon_core.package_identification:_identify(src/robomaster_ros/docker/humble/ep) by extension 'cmake'
[0.805s] Level 1:colcon.colcon_core.package_identification:_identify(src/robomaster_ros/docker/humble/ep) by extension 'python'
[0.806s] Level 1:colcon.colcon_core.package_identification:_identify(src/robomaster_ros/docker/humble/ep) by extensions ['python_setup_py']
[0.806s] Level 1:colcon.colcon_core.package_identification:_identify(src/robomaster_ros/docker/humble/ep) by extension 'python_setup_py'
[0.806s] Level 1:colcon.colcon_core.package_identification:_identify(src/robomaster_ros/docker/humble/s1) by extensions ['ignore', 'ignore_ament_install']
[0.806s] Level 1:colcon.colcon_core.package_identification:_identify(src/robomaster_ros/docker/humble/s1) by extension 'ignore'
[0.806s] Level 1:colcon.colcon_core.package_identification:_identify(src/robomaster_ros/docker/humble/s1) by extension 'ignore_ament_install'
[0.806s] Level 1:colcon.colcon_core.package_identification:_identify(src/robomaster_ros/docker/humble/s1) by extensions ['colcon_pkg']
[0.806s] Level 1:colcon.colcon_core.package_identification:_identify(src/robomaster_ros/docker/humble/s1) by extension 'colcon_pkg'
[0.806s] Level 1:colcon.colcon_core.package_identification:_identify(src/robomaster_ros/docker/humble/s1) by extensions ['colcon_meta']
[0.806s] Level 1:colcon.colcon_core.package_identification:_identify(src/robomaster_ros/docker/humble/s1) by extension 'colcon_meta'
[0.807s] Level 1:colcon.colcon_core.package_identification:_identify(src/robomaster_ros/docker/humble/s1) by extensions ['ros']
[0.807s] Level 1:colcon.colcon_core.package_identification:_identify(src/robomaster_ros/docker/humble/s1) by extension 'ros'
[0.807s] Level 1:colcon.colcon_core.package_identification:_identify(src/robomaster_ros/docker/humble/s1) by extensions ['cmake', 'python']
[0.807s] Level 1:colcon.colcon_core.package_identification:_identify(src/robomaster_ros/docker/humble/s1) by extension 'cmake'
[0.807s] Level 1:colcon.colcon_core.package_identification:_identify(src/robomaster_ros/docker/humble/s1) by extension 'python'
[0.807s] Level 1:colcon.colcon_core.package_identification:_identify(src/robomaster_ros/docker/humble/s1) by extensions ['python_setup_py']
[0.807s] Level 1:colcon.colcon_core.package_identification:_identify(src/robomaster_ros/docker/humble/s1) by extension 'python_setup_py'
[0.807s] Level 1:colcon.colcon_core.package_identification:_identify(src/robomaster_ros/docker/iron) by extensions ['ignore', 'ignore_ament_install']
[0.807s] Level 1:colcon.colcon_core.package_identification:_identify(src/robomaster_ros/docker/iron) by extension 'ignore'
[0.808s] Level 1:colcon.colcon_core.package_identification:_identify(src/robomaster_ros/docker/iron) by extension 'ignore_ament_install'
[0.808s] Level 1:colcon.colcon_core.package_identification:_identify(src/robomaster_ros/docker/iron) by extensions ['colcon_pkg']
[0.808s] Level 1:colcon.colcon_core.package_identification:_identify(src/robomaster_ros/docker/iron) by extension 'colcon_pkg'
[0.808s] Level 1:colcon.colcon_core.package_identification:_identify(src/robomaster_ros/docker/iron) by extensions ['colcon_meta']
[0.808s] Level 1:colcon.colcon_core.package_identification:_identify(src/robomaster_ros/docker/iron) by extension 'colcon_meta'
[0.808s] Level 1:colcon.colcon_core.package_identification:_identify(src/robomaster_ros/docker/iron) by extensions ['ros']
[0.808s] Level 1:colcon.colcon_core.package_identification:_identify(src/robomaster_ros/docker/iron) by extension 'ros'
[0.808s] Level 1:colcon.colcon_core.package_identification:_identify(src/robomaster_ros/docker/iron) by extensions ['cmake', 'python']
[0.808s] Level 1:colcon.colcon_core.package_identification:_identify(src/robomaster_ros/docker/iron) by extension 'cmake'
[0.808s] Level 1:colcon.colcon_core.package_identification:_identify(src/robomaster_ros/docker/iron) by extension 'python'
[0.808s] Level 1:colcon.colcon_core.package_identification:_identify(src/robomaster_ros/docker/iron) by extensions ['python_setup_py']
[0.808s] Level 1:colcon.colcon_core.package_identification:_identify(src/robomaster_ros/docker/iron) by extension 'python_setup_py'
[0.809s] Level 1:colcon.colcon_core.package_identification:_identify(src/robomaster_ros/docker/iron/ep) by extensions ['ignore', 'ignore_ament_install']
[0.809s] Level 1:colcon.colcon_core.package_identification:_identify(src/robomaster_ros/docker/iron/ep) by extension 'ignore'
[0.809s] Level 1:colcon.colcon_core.package_identification:_identify(src/robomaster_ros/docker/iron/ep) by extension 'ignore_ament_install'
[0.809s] Level 1:colcon.colcon_core.package_identification:_identify(src/robomaster_ros/docker/iron/ep) by extensions ['colcon_pkg']
[0.809s] Level 1:colcon.colcon_core.package_identification:_identify(src/robomaster_ros/docker/iron/ep) by extension 'colcon_pkg'
[0.809s] Level 1:colcon.colcon_core.package_identification:_identify(src/robomaster_ros/docker/iron/ep) by extensions ['colcon_meta']
[0.809s] Level 1:colcon.colcon_core.package_identification:_identify(src/robomaster_ros/docker/iron/ep) by extension 'colcon_meta'
[0.810s] Level 1:colcon.colcon_core.package_identification:_identify(src/robomaster_ros/docker/iron/ep) by extensions ['ros']
[0.810s] Level 1:colcon.colcon_core.package_identification:_identify(src/robomaster_ros/docker/iron/ep) by extension 'ros'
[0.810s] Level 1:colcon.colcon_core.package_identification:_identify(src/robomaster_ros/docker/iron/ep) by extensions ['cmake', 'python']
[0.810s] Level 1:colcon.colcon_core.package_identification:_identify(src/robomaster_ros/docker/iron/ep) by extension 'cmake'
[0.810s] Level 1:colcon.colcon_core.package_identification:_identify(src/robomaster_ros/docker/iron/ep) by extension 'python'
[0.810s] Level 1:colcon.colcon_core.package_identification:_identify(src/robomaster_ros/docker/iron/ep) by extensions ['python_setup_py']
[0.810s] Level 1:colcon.colcon_core.package_identification:_identify(src/robomaster_ros/docker/iron/ep) by extension 'python_setup_py'
[0.811s] Level 1:colcon.colcon_core.package_identification:_identify(src/robomaster_ros/docker/iron/s1) by extensions ['ignore', 'ignore_ament_install']
[0.811s] Level 1:colcon.colcon_core.package_identification:_identify(src/robomaster_ros/docker/iron/s1) by extension 'ignore'
[0.811s] Level 1:colcon.colcon_core.package_identification:_identify(src/robomaster_ros/docker/iron/s1) by extension 'ignore_ament_install'
[0.811s] Level 1:colcon.colcon_core.package_identification:_identify(src/robomaster_ros/docker/iron/s1) by extensions ['colcon_pkg']
[0.811s] Level 1:colcon.colcon_core.package_identification:_identify(src/robomaster_ros/docker/iron/s1) by extension 'colcon_pkg'
[0.811s] Level 1:colcon.colcon_core.package_identification:_identify(src/robomaster_ros/docker/iron/s1) by extensions ['colcon_meta']
[0.811s] Level 1:colcon.colcon_core.package_identification:_identify(src/robomaster_ros/docker/iron/s1) by extension 'colcon_meta'
[0.811s] Level 1:colcon.colcon_core.package_identification:_identify(src/robomaster_ros/docker/iron/s1) by extensions ['ros']
[0.811s] Level 1:colcon.colcon_core.package_identification:_identify(src/robomaster_ros/docker/iron/s1) by extension 'ros'
[0.812s] Level 1:colcon.colcon_core.package_identification:_identify(src/robomaster_ros/docker/iron/s1) by extensions ['cmake', 'python']
[0.812s] Level 1:colcon.colcon_core.package_identification:_identify(src/robomaster_ros/docker/iron/s1) by extension 'cmake'
[0.812s] Level 1:colcon.colcon_core.package_identification:_identify(src/robomaster_ros/docker/iron/s1) by extension 'python'
[0.812s] Level 1:colcon.colcon_core.package_identification:_identify(src/robomaster_ros/docker/iron/s1) by extensions ['python_setup_py']
[0.812s] Level 1:colcon.colcon_core.package_identification:_identify(src/robomaster_ros/docker/iron/s1) by extension 'python_setup_py'
[0.812s] Level 1:colcon.colcon_core.package_identification:_identify(src/robomaster_ros/docs) by extensions ['ignore', 'ignore_ament_install']
[0.812s] Level 1:colcon.colcon_core.package_identification:_identify(src/robomaster_ros/docs) by extension 'ignore'
[0.813s] Level 1:colcon.colcon_core.package_identification:_identify(src/robomaster_ros/docs) by extension 'ignore_ament_install'
[0.813s] Level 1:colcon.colcon_core.package_identification:_identify(src/robomaster_ros/docs) by extensions ['colcon_pkg']
[0.813s] Level 1:colcon.colcon_core.package_identification:_identify(src/robomaster_ros/docs) by extension 'colcon_pkg'
[0.813s] Level 1:colcon.colcon_core.package_identification:_identify(src/robomaster_ros/docs) by extensions ['colcon_meta']
[0.813s] Level 1:colcon.colcon_core.package_identification:_identify(src/robomaster_ros/docs) by extension 'colcon_meta'
[0.813s] Level 1:colcon.colcon_core.package_identification:_identify(src/robomaster_ros/docs) by extensions ['ros']
[0.813s] Level 1:colcon.colcon_core.package_identification:_identify(src/robomaster_ros/docs) by extension 'ros'
[0.813s] Level 1:colcon.colcon_core.package_identification:_identify(src/robomaster_ros/docs) by extensions ['cmake', 'python']
[0.813s] Level 1:colcon.colcon_core.package_identification:_identify(src/robomaster_ros/docs) by extension 'cmake'
[0.813s] Level 1:colcon.colcon_core.package_identification:_identify(src/robomaster_ros/docs) by extension 'python'
[0.813s] Level 1:colcon.colcon_core.package_identification:_identify(src/robomaster_ros/docs) by extensions ['python_setup_py']
[0.814s] Level 1:colcon.colcon_core.package_identification:_identify(src/robomaster_ros/docs) by extension 'python_setup_py'
[0.814s] Level 1:colcon.colcon_core.package_identification:_identify(src/robomaster_ros/docs/robomaster_ros_modules) by extensions ['ignore', 'ignore_ament_install']
[0.814s] Level 1:colcon.colcon_core.package_identification:_identify(src/robomaster_ros/docs/robomaster_ros_modules) by extension 'ignore'
[0.814s] Level 1:colcon.colcon_core.package_identification:_identify(src/robomaster_ros/docs/robomaster_ros_modules) by extension 'ignore_ament_install'
[0.814s] Level 1:colcon.colcon_core.package_identification:_identify(src/robomaster_ros/docs/robomaster_ros_modules) by extensions ['colcon_pkg']
[0.814s] Level 1:colcon.colcon_core.package_identification:_identify(src/robomaster_ros/docs/robomaster_ros_modules) by extension 'colcon_pkg'
[0.814s] Level 1:colcon.colcon_core.package_identification:_identify(src/robomaster_ros/docs/robomaster_ros_modules) by extensions ['colcon_meta']
[0.814s] Level 1:colcon.colcon_core.package_identification:_identify(src/robomaster_ros/docs/robomaster_ros_modules) by extension 'colcon_meta'
[0.815s] Level 1:colcon.colcon_core.package_identification:_identify(src/robomaster_ros/docs/robomaster_ros_modules) by extensions ['ros']
[0.815s] Level 1:colcon.colcon_core.package_identification:_identify(src/robomaster_ros/docs/robomaster_ros_modules) by extension 'ros'
[0.815s] Level 1:colcon.colcon_core.package_identification:_identify(src/robomaster_ros/docs/robomaster_ros_modules) by extensions ['cmake', 'python']
[0.815s] Level 1:colcon.colcon_core.package_identification:_identify(src/robomaster_ros/docs/robomaster_ros_modules) by extension 'cmake'
[0.815s] Level 1:colcon.colcon_core.package_identification:_identify(src/robomaster_ros/docs/robomaster_ros_modules) by extension 'python'
[0.815s] Level 1:colcon.colcon_core.package_identification:_identify(src/robomaster_ros/docs/robomaster_ros_modules) by extensions ['python_setup_py']
[0.815s] Level 1:colcon.colcon_core.package_identification:_identify(src/robomaster_ros/docs/robomaster_ros_modules) by extension 'python_setup_py'
[0.815s] Level 1:colcon.colcon_core.package_identification:_identify(src/robomaster_ros/robomaster_description) by extensions ['ignore', 'ignore_ament_install']
[0.815s] Level 1:colcon.colcon_core.package_identification:_identify(src/robomaster_ros/robomaster_description) by extension 'ignore'
[0.815s] Level 1:colcon.colcon_core.package_identification:_identify(src/robomaster_ros/robomaster_description) by extension 'ignore_ament_install'
[0.816s] Level 1:colcon.colcon_core.package_identification:_identify(src/robomaster_ros/robomaster_description) by extensions ['colcon_pkg']
[0.816s] Level 1:colcon.colcon_core.package_identification:_identify(src/robomaster_ros/robomaster_description) by extension 'colcon_pkg'
[0.816s] Level 1:colcon.colcon_core.package_identification:_identify(src/robomaster_ros/robomaster_description) by extensions ['colcon_meta']
[0.816s] Level 1:colcon.colcon_core.package_identification:_identify(src/robomaster_ros/robomaster_description) by extension 'colcon_meta'
[0.816s] Level 1:colcon.colcon_core.package_identification:_identify(src/robomaster_ros/robomaster_description) by extensions ['ros']
[0.816s] Level 1:colcon.colcon_core.package_identification:_identify(src/robomaster_ros/robomaster_description) by extension 'ros'
[0.817s] DEBUG:colcon.colcon_core.package_identification:Package 'src/robomaster_ros/robomaster_description' with type 'ros.ament_cmake' and name 'robomaster_description'
[0.817s] Level 1:colcon.colcon_core.package_identification:_identify(src/robomaster_ros/robomaster_msgs) by extensions ['ignore', 'ignore_ament_install']
[0.817s] Level 1:colcon.colcon_core.package_identification:_identify(src/robomaster_ros/robomaster_msgs) by extension 'ignore'
[0.817s] Level 1:colcon.colcon_core.package_identification:_identify(src/robomaster_ros/robomaster_msgs) by extension 'ignore_ament_install'
[0.817s] Level 1:colcon.colcon_core.package_identification:_identify(src/robomaster_ros/robomaster_msgs) by extensions ['colcon_pkg']
[0.818s] Level 1:colcon.colcon_core.package_identification:_identify(src/robomaster_ros/robomaster_msgs) by extension 'colcon_pkg'
[0.818s] Level 1:colcon.colcon_core.package_identification:_identify(src/robomaster_ros/robomaster_msgs) by extensions ['colcon_meta']
[0.818s] Level 1:colcon.colcon_core.package_identification:_identify(src/robomaster_ros/robomaster_msgs) by extension 'colcon_meta'
[0.818s] Level 1:colcon.colcon_core.package_identification:_identify(src/robomaster_ros/robomaster_msgs) by extensions ['ros']
[0.818s] Level 1:colcon.colcon_core.package_identification:_identify(src/robomaster_ros/robomaster_msgs) by extension 'ros'
[0.819s] DEBUG:colcon.colcon_core.package_identification:Package 'src/robomaster_ros/robomaster_msgs' with type 'ros.ament_cmake' and name 'robomaster_msgs'
[0.820s] Level 1:colcon.colcon_core.package_identification:_identify(src/robomaster_ros/robomaster_ros) by extensions ['ignore', 'ignore_ament_install']
[0.820s] Level 1:colcon.colcon_core.package_identification:_identify(src/robomaster_ros/robomaster_ros) by extension 'ignore'
[0.821s] Level 1:colcon.colcon_core.package_identification:_identify(src/robomaster_ros/robomaster_ros) by extension 'ignore_ament_install'
[0.821s] Level 1:colcon.colcon_core.package_identification:_identify(src/robomaster_ros/robomaster_ros) by extensions ['colcon_pkg']
[0.821s] Level 1:colcon.colcon_core.package_identification:_identify(src/robomaster_ros/robomaster_ros) by extension 'colcon_pkg'
[0.821s] Level 1:colcon.colcon_core.package_identification:_identify(src/robomaster_ros/robomaster_ros) by extensions ['colcon_meta']
[0.821s] Level 1:colcon.colcon_core.package_identification:_identify(src/robomaster_ros/robomaster_ros) by extension 'colcon_meta'
[0.821s] Level 1:colcon.colcon_core.package_identification:_identify(src/robomaster_ros/robomaster_ros) by extensions ['ros']
[0.821s] Level 1:colcon.colcon_core.package_identification:_identify(src/robomaster_ros/robomaster_ros) by extension 'ros'
[0.822s] DEBUG:colcon.colcon_core.package_identification:Package 'src/robomaster_ros/robomaster_ros' with type 'ros.ament_python' and name 'robomaster_ros'
[0.822s] Level 1:colcon.colcon_core.package_discovery:discover_packages(recursive) using defaults
[0.822s] Level 1:colcon.colcon_core.package_discovery:discover_packages(ignore) discover
[0.822s] Level 1:colcon.colcon_core.package_discovery:discover_packages(ignore) using defaults
[0.822s] Level 1:colcon.colcon_core.package_discovery:discover_packages(path) discover
[0.822s] Level 1:colcon.colcon_core.package_discovery:discover_packages(path) using defaults
[0.865s] Level 1:colcon.colcon_core.package_discovery:discover_packages(prefix_path) check parameters
[0.865s] Level 1:colcon.colcon_core.package_discovery:discover_packages(prefix_path) discover
[0.875s] WARNING:colcon.colcon_ros.prefix_path.catkin:The path '/home/stefano/IGNORE_ros2_RoboMaster_WS/install/turtlesim' in the environment variable CMAKE_PREFIX_PATH doesn't exist
[0.875s] WARNING:colcon.colcon_ros.prefix_path.catkin:The path '/home/stefano/IGNORE_ros2_RoboMaster_WS/install/robomaster_msgs' in the environment variable CMAKE_PREFIX_PATH doesn't exist
[0.876s] WARNING:colcon.colcon_ros.prefix_path.catkin:The path '/home/stefano/IGNORE_ros2_RoboMaster_WS/install/robomaster_description' in the environment variable CMAKE_PREFIX_PATH doesn't exist
[0.876s] WARNING:colcon.colcon_ros.prefix_path.catkin:The path '/home/stefano/IGNORE_ros2_RoboMaster_WS/install/pkg_RM' in the environment variable CMAKE_PREFIX_PATH doesn't exist
[0.876s] WARNING:colcon.colcon_ros.prefix_path.catkin:The path '/home/stefano/IGNORE_ros2_RoboMaster_WS/install/cpp_pubsub' in the environment variable CMAKE_PREFIX_PATH doesn't exist
[0.879s] DEBUG:colcon.colcon_installed_package_information.package_discovery:Found 15 installed packages in /home/stefano/turtlebot3_ws/install
[0.881s] DEBUG:colcon.colcon_installed_package_information.package_discovery:Found 14 installed packages in /home/stefano/Webots_ros2/install
[0.888s] DEBUG:colcon.colcon_installed_package_information.package_discovery:Found 420 installed packages in /opt/ros/humble
[0.894s] Level 1:colcon.colcon_core.package_discovery:discover_packages(prefix_path) using defaults
[1.036s] Level 5:colcon.colcon_core.verb:set package 'camera_utils' build argument 'cmake_args' from command line to 'None'
[1.036s] Level 5:colcon.colcon_core.verb:set package 'camera_utils' build argument 'cmake_target' from command line to 'None'
[1.036s] Level 5:colcon.colcon_core.verb:set package 'camera_utils' build argument 'cmake_target_skip_unavailable' from command line to 'False'
[1.036s] Level 5:colcon.colcon_core.verb:set package 'camera_utils' build argument 'cmake_clean_cache' from command line to 'False'
[1.037s] Level 5:colcon.colcon_core.verb:set package 'camera_utils' build argument 'cmake_clean_first' from command line to 'False'
[1.037s] Level 5:colcon.colcon_core.verb:set package 'camera_utils' build argument 'cmake_force_configure' from command line to 'False'
[1.037s] Level 5:colcon.colcon_core.verb:set package 'camera_utils' build argument 'ament_cmake_args' from command line to 'None'
[1.037s] Level 5:colcon.colcon_core.verb:set package 'camera_utils' build argument 'catkin_cmake_args' from command line to 'None'
[1.037s] Level 5:colcon.colcon_core.verb:set package 'camera_utils' build argument 'catkin_skip_building_tests' from command line to 'False'
[1.037s] DEBUG:colcon.colcon_core.verb:Building package 'camera_utils' with the following arguments: {'ament_cmake_args': None, 'build_base': '/home/stefano/Robomaster_WS/build/camera_utils', 'catkin_cmake_args': None, 'catkin_skip_building_tests': False, 'cmake_args': None, 'cmake_clean_cache': False, 'cmake_clean_first': False, 'cmake_force_configure': False, 'cmake_target': None, 'cmake_target_skip_unavailable': False, 'install_base': '/home/stefano/Robomaster_WS/install/camera_utils', 'merge_install': False, 'path': '/home/stefano/Robomaster_WS/src/camera_utils', 'symlink_install': False, 'test_result_base': None}
[1.038s] Level 5:colcon.colcon_core.verb:set package 'laser_echo_publisher' build argument 'cmake_args' from command line to 'None'
[1.039s] Level 5:colcon.colcon_core.verb:set package 'laser_echo_publisher' build argument 'cmake_target' from command line to 'None'
[1.039s] Level 5:colcon.colcon_core.verb:set package 'laser_echo_publisher' build argument 'cmake_target_skip_unavailable' from command line to 'False'
[1.039s] Level 5:colcon.colcon_core.verb:set package 'laser_echo_publisher' build argument 'cmake_clean_cache' from command line to 'False'
[1.039s] Level 5:colcon.colcon_core.verb:set package 'laser_echo_publisher' build argument 'cmake_clean_first' from command line to 'False'
[1.039s] Level 5:colcon.colcon_core.verb:set package 'laser_echo_publisher' build argument 'cmake_force_configure' from command line to 'False'
[1.039s] Level 5:colcon.colcon_core.verb:set package 'laser_echo_publisher' build argument 'ament_cmake_args' from command line to 'None'
[1.039s] Level 5:colcon.colcon_core.verb:set package 'laser_echo_publisher' build argument 'catkin_cmake_args' from command line to 'None'
[1.040s] Level 5:colcon.colcon_core.verb:set package 'laser_echo_publisher' build argument 'catkin_skip_building_tests' from command line to 'False'
[1.040s] DEBUG:colcon.colcon_core.verb:Building package 'laser_echo_publisher' with the following arguments: {'ament_cmake_args': None, 'build_base': '/home/stefano/Robomaster_WS/build/laser_echo_publisher', 'catkin_cmake_args': None, 'catkin_skip_building_tests': False, 'cmake_args': None, 'cmake_clean_cache': False, 'cmake_clean_first': False, 'cmake_force_configure': False, 'cmake_target': None, 'cmake_target_skip_unavailable': False, 'install_base': '/home/stefano/Robomaster_WS/install/laser_echo_publisher', 'merge_install': False, 'path': '/home/stefano/Robomaster_WS/src/laser_echo_publisher', 'symlink_install': False, 'test_result_base': None}
[1.041s] Level 5:colcon.colcon_core.verb:set package 'robomaster_description' build argument 'cmake_args' from command line to 'None'
[1.041s] Level 5:colcon.colcon_core.verb:set package 'robomaster_description' build argument 'cmake_target' from command line to 'None'
[1.041s] Level 5:colcon.colcon_core.verb:set package 'robomaster_description' build argument 'cmake_target_skip_unavailable' from command line to 'False'
[1.041s] Level 5:colcon.colcon_core.verb:set package 'robomaster_description' build argument 'cmake_clean_cache' from command line to 'False'
[1.041s] Level 5:colcon.colcon_core.verb:set package 'robomaster_description' build argument 'cmake_clean_first' from command line to 'False'
[1.041s] Level 5:colcon.colcon_core.verb:set package 'robomaster_description' build argument 'cmake_force_configure' from command line to 'False'
[1.042s] Level 5:colcon.colcon_core.verb:set package 'robomaster_description' build argument 'ament_cmake_args' from command line to 'None'
[1.042s] Level 5:colcon.colcon_core.verb:set package 'robomaster_description' build argument 'catkin_cmake_args' from command line to 'None'
[1.042s] Level 5:colcon.colcon_core.verb:set package 'robomaster_description' build argument 'catkin_skip_building_tests' from command line to 'False'
[1.042s] DEBUG:colcon.colcon_core.verb:Building package 'robomaster_description' with the following arguments: {'ament_cmake_args': None, 'build_base': '/home/stefano/Robomaster_WS/build/robomaster_description', 'catkin_cmake_args': None, 'catkin_skip_building_tests': False, 'cmake_args': None, 'cmake_clean_cache': False, 'cmake_clean_first': False, 'cmake_force_configure': False, 'cmake_target': None, 'cmake_target_skip_unavailable': False, 'install_base': '/home/stefano/Robomaster_WS/install/robomaster_description', 'merge_install': False, 'path': '/home/stefano/Robomaster_WS/src/robomaster_ros/robomaster_description', 'symlink_install': False, 'test_result_base': None}
[1.042s] Level 5:colcon.colcon_core.verb:set package 'robomaster_msgs' build argument 'cmake_args' from command line to 'None'
[1.043s] Level 5:colcon.colcon_core.verb:set package 'robomaster_msgs' build argument 'cmake_target' from command line to 'None'
[1.043s] Level 5:colcon.colcon_core.verb:set package 'robomaster_msgs' build argument 'cmake_target_skip_unavailable' from command line to 'False'
[1.043s] Level 5:colcon.colcon_core.verb:set package 'robomaster_msgs' build argument 'cmake_clean_cache' from command line to 'False'
[1.043s] Level 5:colcon.colcon_core.verb:set package 'robomaster_msgs' build argument 'cmake_clean_first' from command line to 'False'
[1.043s] Level 5:colcon.colcon_core.verb:set package 'robomaster_msgs' build argument 'cmake_force_configure' from command line to 'False'
[1.043s] Level 5:colcon.colcon_core.verb:set package 'robomaster_msgs' build argument 'ament_cmake_args' from command line to 'None'
[1.043s] Level 5:colcon.colcon_core.verb:set package 'robomaster_msgs' build argument 'catkin_cmake_args' from command line to 'None'
[1.043s] Level 5:colcon.colcon_core.verb:set package 'robomaster_msgs' build argument 'catkin_skip_building_tests' from command line to 'False'
[1.043s] DEBUG:colcon.colcon_core.verb:Building package 'robomaster_msgs' with the following arguments: {'ament_cmake_args': None, 'build_base': '/home/stefano/Robomaster_WS/build/robomaster_msgs', 'catkin_cmake_args': None, 'catkin_skip_building_tests': False, 'cmake_args': None, 'cmake_clean_cache': False, 'cmake_clean_first': False, 'cmake_force_configure': False, 'cmake_target': None, 'cmake_target_skip_unavailable': False, 'install_base': '/home/stefano/Robomaster_WS/install/robomaster_msgs', 'merge_install': False, 'path': '/home/stefano/Robomaster_WS/src/robomaster_ros/robomaster_msgs', 'symlink_install': False, 'test_result_base': None}
[1.044s] Level 5:colcon.colcon_core.verb:set package 'robomaster_ros' build argument 'cmake_args' from command line to 'None'
[1.044s] Level 5:colcon.colcon_core.verb:set package 'robomaster_ros' build argument 'cmake_target' from command line to 'None'
[1.044s] Level 5:colcon.colcon_core.verb:set package 'robomaster_ros' build argument 'cmake_target_skip_unavailable' from command line to 'False'
[1.045s] Level 5:colcon.colcon_core.verb:set package 'robomaster_ros' build argument 'cmake_clean_cache' from command line to 'False'
[1.045s] Level 5:colcon.colcon_core.verb:set package 'robomaster_ros' build argument 'cmake_clean_first' from command line to 'False'
[1.045s] Level 5:colcon.colcon_core.verb:set package 'robomaster_ros' build argument 'cmake_force_configure' from command line to 'False'
[1.045s] Level 5:colcon.colcon_core.verb:set package 'robomaster_ros' build argument 'ament_cmake_args' from command line to 'None'
[1.045s] Level 5:colcon.colcon_core.verb:set package 'robomaster_ros' build argument 'catkin_cmake_args' from command line to 'None'
[1.045s] Level 5:colcon.colcon_core.verb:set package 'robomaster_ros' build argument 'catkin_skip_building_tests' from command line to 'False'
[1.045s] DEBUG:colcon.colcon_core.verb:Building package 'robomaster_ros' with the following arguments: {'ament_cmake_args': None, 'build_base': '/home/stefano/Robomaster_WS/build/robomaster_ros', 'catkin_cmake_args': None, 'catkin_skip_building_tests': False, 'cmake_args': None, 'cmake_clean_cache': False, 'cmake_clean_first': False, 'cmake_force_configure': False, 'cmake_target': None, 'cmake_target_skip_unavailable': False, 'install_base': '/home/stefano/Robomaster_WS/install/robomaster_ros', 'merge_install': False, 'path': '/home/stefano/Robomaster_WS/src/robomaster_ros/robomaster_ros', 'symlink_install': False, 'test_result_base': None}
[1.045s] INFO:colcon.colcon_core.executor:Executing jobs using 'parallel' executor
[1.048s] DEBUG:colcon.colcon_parallel_executor.executor.parallel:run_until_complete
[1.049s] INFO:colcon.colcon_ros.task.ament_cmake.build:Building ROS package in '/home/stefano/Robomaster_WS/src/robomaster_ros/robomaster_msgs' with build type 'ament_cmake'
[1.049s] INFO:colcon.colcon_cmake.task.cmake.build:Building CMake package in '/home/stefano/Robomaster_WS/src/robomaster_ros/robomaster_msgs'
[1.056s] INFO:colcon.colcon_core.plugin_system:Skipping extension 'colcon_core.shell.bat': Not used on non-Windows systems
[1.056s] INFO:colcon.colcon_core.shell:Skip shell extension 'powershell' for command environment: Not usable outside of PowerShell
[1.056s] DEBUG:colcon.colcon_core.shell:Skip shell extension 'dsv' for command environment
[1.080s] INFO:colcon.colcon_ros.task.ament_python.build:Building ROS package in '/home/stefano/Robomaster_WS/src/camera_utils' with build type 'ament_python'
[1.081s] Level 1:colcon.colcon_core.shell:create_environment_hook('camera_utils', 'ament_prefix_path')
[1.081s] INFO:colcon.colcon_core.shell:Creating environment hook '/home/stefano/Robomaster_WS/install/camera_utils/share/camera_utils/hook/ament_prefix_path.ps1'
[1.084s] INFO:colcon.colcon_core.shell:Creating environment descriptor '/home/stefano/Robomaster_WS/install/camera_utils/share/camera_utils/hook/ament_prefix_path.dsv'
[1.085s] INFO:colcon.colcon_core.shell:Creating environment hook '/home/stefano/Robomaster_WS/install/camera_utils/share/camera_utils/hook/ament_prefix_path.sh'
[1.087s] INFO:colcon.colcon_core.shell:Skip shell extension 'powershell' for command environment: Not usable outside of PowerShell
[1.087s] DEBUG:colcon.colcon_core.shell:Skip shell extension 'dsv' for command environment
[1.112s] INFO:colcon.colcon_ros.task.ament_python.build:Building ROS package in '/home/stefano/Robomaster_WS/src/laser_echo_publisher' with build type 'ament_python'
[1.112s] Level 1:colcon.colcon_core.shell:create_environment_hook('laser_echo_publisher', 'ament_prefix_path')
[1.113s] INFO:colcon.colcon_core.shell:Creating environment hook '/home/stefano/Robomaster_WS/install/laser_echo_publisher/share/laser_echo_publisher/hook/ament_prefix_path.ps1'
[1.114s] INFO:colcon.colcon_core.shell:Creating environment descriptor '/home/stefano/Robomaster_WS/install/laser_echo_publisher/share/laser_echo_publisher/hook/ament_prefix_path.dsv'
[1.115s] INFO:colcon.colcon_core.shell:Creating environment hook '/home/stefano/Robomaster_WS/install/laser_echo_publisher/share/laser_echo_publisher/hook/ament_prefix_path.sh'
[1.117s] INFO:colcon.colcon_core.shell:Skip shell extension 'powershell' for command environment: Not usable outside of PowerShell
[1.117s] DEBUG:colcon.colcon_core.shell:Skip shell extension 'dsv' for command environment
[1.138s] INFO:colcon.colcon_ros.task.ament_cmake.build:Building ROS package in '/home/stefano/Robomaster_WS/src/robomaster_ros/robomaster_description' with build type 'ament_cmake'
[1.138s] INFO:colcon.colcon_cmake.task.cmake.build:Building CMake package in '/home/stefano/Robomaster_WS/src/robomaster_ros/robomaster_description'
[1.138s] INFO:colcon.colcon_core.shell:Skip shell extension 'powershell' for command environment: Not usable outside of PowerShell
[1.139s] DEBUG:colcon.colcon_core.shell:Skip shell extension 'dsv' for command environment
[1.186s] DEBUG:colcon.colcon_core.event_handler.log_command:Invoking command in '/home/stefano/Robomaster_WS/build/robomaster_msgs': CMAKE_PREFIX_PATH=${CMAKE_PREFIX_PATH}:/home/stefano/turtlebot3_ws/install/turtlebot3_teleop:/home/stefano/turtlebot3_ws/install/turtlebot3_example:/home/stefano/Webots_ros2/install/webots_ros2:/home/stefano/Webots_ros2/install/webots_ros2_universal_robot:/home/stefano/Webots_ros2/install/webots_ros2_turtlebot:/home/stefano/Webots_ros2/install/webots_ros2_tiago:/home/stefano/Webots_ros2/install/webots_ros2_tests:/home/stefano/Webots_ros2/install/webots_ros2_tesla:/home/stefano/Webots_ros2/install/webots_ros2_mavic:/home/stefano/Webots_ros2/install/webots_ros2_husarion:/home/stefano/Webots_ros2/install/webots_ros2_epuck:/home/stefano/Webots_ros2/install/webots_ros2_crazyflie:/home/stefano/Webots_ros2/install/webots_ros2_importer /usr/bin/cmake --build /home/stefano/Robomaster_WS/build/robomaster_msgs -- -j8 -l8
[1.883s] INFO:colcon.colcon_core.task.python.build:Building Python package in '/home/stefano/Robomaster_WS/src/camera_utils'
[1.883s] INFO:colcon.colcon_core.shell:Skip shell extension 'powershell' for command environment: Not usable outside of PowerShell
[1.883s] DEBUG:colcon.colcon_core.shell:Skip shell extension 'dsv' for command environment
[2.613s] INFO:colcon.colcon_core.task.python.build:Building Python package in '/home/stefano/Robomaster_WS/src/laser_echo_publisher'
[2.614s] INFO:colcon.colcon_core.shell:Skip shell extension 'powershell' for command environment: Not usable outside of PowerShell
[2.614s] DEBUG:colcon.colcon_core.shell:Skip shell extension 'dsv' for command environment
[2.659s] DEBUG:colcon.colcon_core.event_handler.log_command:Invoking command in '/home/stefano/Robomaster_WS/build/robomaster_description': CMAKE_PREFIX_PATH=${CMAKE_PREFIX_PATH}:/home/stefano/turtlebot3_ws/install/turtlebot3_teleop:/home/stefano/turtlebot3_ws/install/turtlebot3_example:/home/stefano/Webots_ros2/install/webots_ros2:/home/stefano/Webots_ros2/install/webots_ros2_universal_robot:/home/stefano/Webots_ros2/install/webots_ros2_turtlebot:/home/stefano/Webots_ros2/install/webots_ros2_tiago:/home/stefano/Webots_ros2/install/webots_ros2_tests:/home/stefano/Webots_ros2/install/webots_ros2_tesla:/home/stefano/Webots_ros2/install/webots_ros2_mavic:/home/stefano/Webots_ros2/install/webots_ros2_husarion:/home/stefano/Webots_ros2/install/webots_ros2_epuck:/home/stefano/Webots_ros2/install/webots_ros2_crazyflie:/home/stefano/Webots_ros2/install/webots_ros2_importer /usr/bin/cmake --build /home/stefano/Robomaster_WS/build/robomaster_description -- -j8 -l8
[2.682s] DEBUG:colcon.colcon_core.event_handler.log_command:Invoked command in '/home/stefano/Robomaster_WS/build/robomaster_msgs' returned '0': CMAKE_PREFIX_PATH=${CMAKE_PREFIX_PATH}:/home/stefano/turtlebot3_ws/install/turtlebot3_teleop:/home/stefano/turtlebot3_ws/install/turtlebot3_example:/home/stefano/Webots_ros2/install/webots_ros2:/home/stefano/Webots_ros2/install/webots_ros2_universal_robot:/home/stefano/Webots_ros2/install/webots_ros2_turtlebot:/home/stefano/Webots_ros2/install/webots_ros2_tiago:/home/stefano/Webots_ros2/install/webots_ros2_tests:/home/stefano/Webots_ros2/install/webots_ros2_tesla:/home/stefano/Webots_ros2/install/webots_ros2_mavic:/home/stefano/Webots_ros2/install/webots_ros2_husarion:/home/stefano/Webots_ros2/install/webots_ros2_epuck:/home/stefano/Webots_ros2/install/webots_ros2_crazyflie:/home/stefano/Webots_ros2/install/webots_ros2_importer /usr/bin/cmake --build /home/stefano/Robomaster_WS/build/robomaster_msgs -- -j8 -l8
[2.738s] DEBUG:colcon.colcon_core.event_handler.log_command:Invoking command in '/home/stefano/Robomaster_WS/build/robomaster_msgs': CMAKE_PREFIX_PATH=${CMAKE_PREFIX_PATH}:/home/stefano/turtlebot3_ws/install/turtlebot3_teleop:/home/stefano/turtlebot3_ws/install/turtlebot3_example:/home/stefano/Webots_ros2/install/webots_ros2:/home/stefano/Webots_ros2/install/webots_ros2_universal_robot:/home/stefano/Webots_ros2/install/webots_ros2_turtlebot:/home/stefano/Webots_ros2/install/webots_ros2_tiago:/home/stefano/Webots_ros2/install/webots_ros2_tests:/home/stefano/Webots_ros2/install/webots_ros2_tesla:/home/stefano/Webots_ros2/install/webots_ros2_mavic:/home/stefano/Webots_ros2/install/webots_ros2_husarion:/home/stefano/Webots_ros2/install/webots_ros2_epuck:/home/stefano/Webots_ros2/install/webots_ros2_crazyflie:/home/stefano/Webots_ros2/install/webots_ros2_importer /usr/bin/cmake --install /home/stefano/Robomaster_WS/build/robomaster_msgs
[2.963s] DEBUG:colcon.colcon_core.event_handler.log_command:Invoked command in '/home/stefano/Robomaster_WS/build/robomaster_description' returned '0': CMAKE_PREFIX_PATH=${CMAKE_PREFIX_PATH}:/home/stefano/turtlebot3_ws/install/turtlebot3_teleop:/home/stefano/turtlebot3_ws/install/turtlebot3_example:/home/stefano/Webots_ros2/install/webots_ros2:/home/stefano/Webots_ros2/install/webots_ros2_universal_robot:/home/stefano/Webots_ros2/install/webots_ros2_turtlebot:/home/stefano/Webots_ros2/install/webots_ros2_tiago:/home/stefano/Webots_ros2/install/webots_ros2_tests:/home/stefano/Webots_ros2/install/webots_ros2_tesla:/home/stefano/Webots_ros2/install/webots_ros2_mavic:/home/stefano/Webots_ros2/install/webots_ros2_husarion:/home/stefano/Webots_ros2/install/webots_ros2_epuck:/home/stefano/Webots_ros2/install/webots_ros2_crazyflie:/home/stefano/Webots_ros2/install/webots_ros2_importer /usr/bin/cmake --build /home/stefano/Robomaster_WS/build/robomaster_description -- -j8 -l8
[2.990s] DEBUG:colcon.colcon_core.event_handler.log_command:Invoking command in '/home/stefano/Robomaster_WS/build/robomaster_description': CMAKE_PREFIX_PATH=${CMAKE_PREFIX_PATH}:/home/stefano/turtlebot3_ws/install/turtlebot3_teleop:/home/stefano/turtlebot3_ws/install/turtlebot3_example:/home/stefano/Webots_ros2/install/webots_ros2:/home/stefano/Webots_ros2/install/webots_ros2_universal_robot:/home/stefano/Webots_ros2/install/webots_ros2_turtlebot:/home/stefano/Webots_ros2/install/webots_ros2_tiago:/home/stefano/Webots_ros2/install/webots_ros2_tests:/home/stefano/Webots_ros2/install/webots_ros2_tesla:/home/stefano/Webots_ros2/install/webots_ros2_mavic:/home/stefano/Webots_ros2/install/webots_ros2_husarion:/home/stefano/Webots_ros2/install/webots_ros2_epuck:/home/stefano/Webots_ros2/install/webots_ros2_crazyflie:/home/stefano/Webots_ros2/install/webots_ros2_importer /usr/bin/cmake --install /home/stefano/Robomaster_WS/build/robomaster_description
[3.048s] Level 1:colcon.colcon_core.environment:create_environment_scripts_only(robomaster_description)
[3.087s] Level 1:colcon.colcon_core.environment:checking '/home/stefano/Robomaster_WS/install/robomaster_description' for CMake module files
[3.091s] Level 1:colcon.colcon_core.environment:checking '/home/stefano/Robomaster_WS/install/robomaster_description' for CMake config files
[3.106s] Level 1:colcon.colcon_core.shell:create_environment_hook('robomaster_description', 'cmake_prefix_path')
[3.107s] INFO:colcon.colcon_core.shell:Creating environment hook '/home/stefano/Robomaster_WS/install/robomaster_description/share/robomaster_description/hook/cmake_prefix_path.ps1'
[3.113s] INFO:colcon.colcon_core.shell:Creating environment descriptor '/home/stefano/Robomaster_WS/install/robomaster_description/share/robomaster_description/hook/cmake_prefix_path.dsv'
[3.115s] INFO:colcon.colcon_core.shell:Creating environment hook '/home/stefano/Robomaster_WS/install/robomaster_description/share/robomaster_description/hook/cmake_prefix_path.sh'
[3.117s] Level 1:colcon.colcon_core.environment:checking '/home/stefano/Robomaster_WS/install/robomaster_description/bin'
[3.117s] Level 1:colcon.colcon_core.environment:checking '/home/stefano/Robomaster_WS/install/robomaster_description/lib/pkgconfig/robomaster_description.pc'
[3.117s] Level 1:colcon.colcon_core.environment:checking '/home/stefano/Robomaster_WS/install/robomaster_description/lib/python3.10/site-packages'
[3.118s] Level 1:colcon.colcon_core.environment:checking '/home/stefano/Robomaster_WS/install/robomaster_description/bin'
[3.119s] INFO:colcon.colcon_core.shell:Creating package script '/home/stefano/Robomaster_WS/install/robomaster_description/share/robomaster_description/package.ps1'
[3.126s] INFO:colcon.colcon_core.shell:Creating package descriptor '/home/stefano/Robomaster_WS/install/robomaster_description/share/robomaster_description/package.dsv'
[3.129s] INFO:colcon.colcon_core.shell:Creating package script '/home/stefano/Robomaster_WS/install/robomaster_description/share/robomaster_description/package.sh'
[3.137s] INFO:colcon.colcon_core.shell:Creating package script '/home/stefano/Robomaster_WS/install/robomaster_description/share/robomaster_description/package.bash'
[3.148s] INFO:colcon.colcon_core.shell:Creating package script '/home/stefano/Robomaster_WS/install/robomaster_description/share/robomaster_description/package.zsh'
[3.155s] Level 1:colcon.colcon_core.environment:create_file_with_runtime_dependencies(/home/stefano/Robomaster_WS/install/robomaster_description/share/colcon-core/packages/robomaster_description)
[3.159s] Level 1:colcon.colcon_core.environment:create_environment_scripts_only(robomaster_description)
[3.159s] Level 1:colcon.colcon_core.environment:checking '/home/stefano/Robomaster_WS/install/robomaster_description' for CMake module files
[3.166s] Level 1:colcon.colcon_core.environment:checking '/home/stefano/Robomaster_WS/install/robomaster_description' for CMake config files
[3.173s] Level 1:colcon.colcon_core.shell:create_environment_hook('robomaster_description', 'cmake_prefix_path')
[3.175s] INFO:colcon.colcon_core.shell:Creating environment hook '/home/stefano/Robomaster_WS/install/robomaster_description/share/robomaster_description/hook/cmake_prefix_path.ps1'
[3.178s] INFO:colcon.colcon_core.shell:Creating environment descriptor '/home/stefano/Robomaster_WS/install/robomaster_description/share/robomaster_description/hook/cmake_prefix_path.dsv'
[3.180s] INFO:colcon.colcon_core.shell:Creating environment hook '/home/stefano/Robomaster_WS/install/robomaster_description/share/robomaster_description/hook/cmake_prefix_path.sh'
[3.187s] Level 1:colcon.colcon_core.environment:checking '/home/stefano/Robomaster_WS/install/robomaster_description/bin'
[3.187s] Level 1:colcon.colcon_core.environment:checking '/home/stefano/Robomaster_WS/install/robomaster_description/lib/pkgconfig/robomaster_description.pc'
[3.187s] Level 1:colcon.colcon_core.environment:checking '/home/stefano/Robomaster_WS/install/robomaster_description/lib/python3.10/site-packages'
[3.187s] Level 1:colcon.colcon_core.environment:checking '/home/stefano/Robomaster_WS/install/robomaster_description/bin'
[3.188s] INFO:colcon.colcon_core.shell:Creating package script '/home/stefano/Robomaster_WS/install/robomaster_description/share/robomaster_description/package.ps1'
[3.192s] INFO:colcon.colcon_core.shell:Creating package descriptor '/home/stefano/Robomaster_WS/install/robomaster_description/share/robomaster_description/package.dsv'
[3.199s] INFO:colcon.colcon_core.shell:Creating package script '/home/stefano/Robomaster_WS/install/robomaster_description/share/robomaster_description/package.sh'
[3.206s] INFO:colcon.colcon_core.shell:Creating package script '/home/stefano/Robomaster_WS/install/robomaster_description/share/robomaster_description/package.bash'
[3.208s] INFO:colcon.colcon_core.shell:Creating package script '/home/stefano/Robomaster_WS/install/robomaster_description/share/robomaster_description/package.zsh'
[3.209s] Level 1:colcon.colcon_core.environment:create_file_with_runtime_dependencies(/home/stefano/Robomaster_WS/install/robomaster_description/share/colcon-core/packages/robomaster_description)
[3.220s] DEBUG:colcon.colcon_core.event_handler.log_command:Invoked command in '/home/stefano/Robomaster_WS/build/robomaster_description' returned '0': CMAKE_PREFIX_PATH=${CMAKE_PREFIX_PATH}:/home/stefano/turtlebot3_ws/install/turtlebot3_teleop:/home/stefano/turtlebot3_ws/install/turtlebot3_example:/home/stefano/Webots_ros2/install/webots_ros2:/home/stefano/Webots_ros2/install/webots_ros2_universal_robot:/home/stefano/Webots_ros2/install/webots_ros2_turtlebot:/home/stefano/Webots_ros2/install/webots_ros2_tiago:/home/stefano/Webots_ros2/install/webots_ros2_tests:/home/stefano/Webots_ros2/install/webots_ros2_tesla:/home/stefano/Webots_ros2/install/webots_ros2_mavic:/home/stefano/Webots_ros2/install/webots_ros2_husarion:/home/stefano/Webots_ros2/install/webots_ros2_epuck:/home/stefano/Webots_ros2/install/webots_ros2_crazyflie:/home/stefano/Webots_ros2/install/webots_ros2_importer /usr/bin/cmake --install /home/stefano/Robomaster_WS/build/robomaster_description
[3.291s] Level 1:colcon.colcon_core.environment:create_environment_scripts_only(robomaster_msgs)
[3.291s] Level 1:colcon.colcon_core.environment:checking '/home/stefano/Robomaster_WS/install/robomaster_msgs' for CMake module files
[3.292s] DEBUG:colcon.colcon_core.event_handler.log_command:Invoked command in '/home/stefano/Robomaster_WS/build/robomaster_msgs' returned '0': CMAKE_PREFIX_PATH=${CMAKE_PREFIX_PATH}:/home/stefano/turtlebot3_ws/install/turtlebot3_teleop:/home/stefano/turtlebot3_ws/install/turtlebot3_example:/home/stefano/Webots_ros2/install/webots_ros2:/home/stefano/Webots_ros2/install/webots_ros2_universal_robot:/home/stefano/Webots_ros2/install/webots_ros2_turtlebot:/home/stefano/Webots_ros2/install/webots_ros2_tiago:/home/stefano/Webots_ros2/install/webots_ros2_tests:/home/stefano/Webots_ros2/install/webots_ros2_tesla:/home/stefano/Webots_ros2/install/webots_ros2_mavic:/home/stefano/Webots_ros2/install/webots_ros2_husarion:/home/stefano/Webots_ros2/install/webots_ros2_epuck:/home/stefano/Webots_ros2/install/webots_ros2_crazyflie:/home/stefano/Webots_ros2/install/webots_ros2_importer /usr/bin/cmake --install /home/stefano/Robomaster_WS/build/robomaster_msgs
[3.294s] Level 1:colcon.colcon_core.environment:checking '/home/stefano/Robomaster_WS/install/robomaster_msgs' for CMake config files
[3.295s] Level 1:colcon.colcon_core.shell:create_environment_hook('robomaster_msgs', 'cmake_prefix_path')
[3.295s] INFO:colcon.colcon_core.shell:Creating environment hook '/home/stefano/Robomaster_WS/install/robomaster_msgs/share/robomaster_msgs/hook/cmake_prefix_path.ps1'
[3.296s] INFO:colcon.colcon_core.shell:Creating environment descriptor '/home/stefano/Robomaster_WS/install/robomaster_msgs/share/robomaster_msgs/hook/cmake_prefix_path.dsv'
[3.297s] INFO:colcon.colcon_core.shell:Creating environment hook '/home/stefano/Robomaster_WS/install/robomaster_msgs/share/robomaster_msgs/hook/cmake_prefix_path.sh'
[3.298s] Level 1:colcon.colcon_core.environment:checking '/home/stefano/Robomaster_WS/install/robomaster_msgs/lib'
[3.299s] Level 1:colcon.colcon_core.shell:create_environment_hook('robomaster_msgs', 'ld_library_path_lib')
[3.299s] INFO:colcon.colcon_core.shell:Creating environment hook '/home/stefano/Robomaster_WS/install/robomaster_msgs/share/robomaster_msgs/hook/ld_library_path_lib.ps1'
[3.300s] INFO:colcon.colcon_core.shell:Creating environment descriptor '/home/stefano/Robomaster_WS/install/robomaster_msgs/share/robomaster_msgs/hook/ld_library_path_lib.dsv'
[3.302s] INFO:colcon.colcon_core.shell:Creating environment hook '/home/stefano/Robomaster_WS/install/robomaster_msgs/share/robomaster_msgs/hook/ld_library_path_lib.sh'
[3.303s] Level 1:colcon.colcon_core.environment:checking '/home/stefano/Robomaster_WS/install/robomaster_msgs/bin'
[3.303s] Level 1:colcon.colcon_core.environment:checking '/home/stefano/Robomaster_WS/install/robomaster_msgs/lib/pkgconfig/robomaster_msgs.pc'
[3.303s] Level 1:colcon.colcon_core.environment:checking '/home/stefano/Robomaster_WS/install/robomaster_msgs/lib/python3.10/site-packages'
[3.304s] Level 1:colcon.colcon_core.environment:checking '/home/stefano/Robomaster_WS/install/robomaster_msgs/bin'
[3.304s] INFO:colcon.colcon_core.shell:Creating package script '/home/stefano/Robomaster_WS/install/robomaster_msgs/share/robomaster_msgs/package.ps1'
[3.305s] INFO:colcon.colcon_core.shell:Creating package descriptor '/home/stefano/Robomaster_WS/install/robomaster_msgs/share/robomaster_msgs/package.dsv'
[3.306s] INFO:colcon.colcon_core.shell:Creating package script '/home/stefano/Robomaster_WS/install/robomaster_msgs/share/robomaster_msgs/package.sh'
[3.307s] INFO:colcon.colcon_core.shell:Creating package script '/home/stefano/Robomaster_WS/install/robomaster_msgs/share/robomaster_msgs/package.bash'
[3.307s] INFO:colcon.colcon_core.shell:Creating package script '/home/stefano/Robomaster_WS/install/robomaster_msgs/share/robomaster_msgs/package.zsh'
[3.308s] Level 1:colcon.colcon_core.environment:create_file_with_runtime_dependencies(/home/stefano/Robomaster_WS/install/robomaster_msgs/share/colcon-core/packages/robomaster_msgs)
[3.310s] Level 1:colcon.colcon_core.environment:create_environment_scripts_only(robomaster_msgs)
[3.311s] Level 1:colcon.colcon_core.environment:checking '/home/stefano/Robomaster_WS/install/robomaster_msgs' for CMake module files
[3.312s] Level 1:colcon.colcon_core.environment:checking '/home/stefano/Robomaster_WS/install/robomaster_msgs' for CMake config files
[3.314s] Level 1:colcon.colcon_core.shell:create_environment_hook('robomaster_msgs', 'cmake_prefix_path')
[3.314s] INFO:colcon.colcon_core.shell:Creating environment hook '/home/stefano/Robomaster_WS/install/robomaster_msgs/share/robomaster_msgs/hook/cmake_prefix_path.ps1'
[3.315s] INFO:colcon.colcon_core.shell:Creating environment descriptor '/home/stefano/Robomaster_WS/install/robomaster_msgs/share/robomaster_msgs/hook/cmake_prefix_path.dsv'
[3.316s] INFO:colcon.colcon_core.shell:Creating environment hook '/home/stefano/Robomaster_WS/install/robomaster_msgs/share/robomaster_msgs/hook/cmake_prefix_path.sh'
[3.318s] Level 1:colcon.colcon_core.environment:checking '/home/stefano/Robomaster_WS/install/robomaster_msgs/lib'
[3.318s] Level 1:colcon.colcon_core.shell:create_environment_hook('robomaster_msgs', 'ld_library_path_lib')
[3.318s] INFO:colcon.colcon_core.shell:Creating environment hook '/home/stefano/Robomaster_WS/install/robomaster_msgs/share/robomaster_msgs/hook/ld_library_path_lib.ps1'
[3.319s] INFO:colcon.colcon_core.shell:Creating environment descriptor '/home/stefano/Robomaster_WS/install/robomaster_msgs/share/robomaster_msgs/hook/ld_library_path_lib.dsv'
[3.320s] INFO:colcon.colcon_core.shell:Creating environment hook '/home/stefano/Robomaster_WS/install/robomaster_msgs/share/robomaster_msgs/hook/ld_library_path_lib.sh'
[3.321s] Level 1:colcon.colcon_core.environment:checking '/home/stefano/Robomaster_WS/install/robomaster_msgs/bin'
[3.321s] Level 1:colcon.colcon_core.environment:checking '/home/stefano/Robomaster_WS/install/robomaster_msgs/lib/pkgconfig/robomaster_msgs.pc'
[3.321s] Level 1:colcon.colcon_core.environment:checking '/home/stefano/Robomaster_WS/install/robomaster_msgs/lib/python3.10/site-packages'
[3.321s] Level 1:colcon.colcon_core.environment:checking '/home/stefano/Robomaster_WS/install/robomaster_msgs/bin'
[3.322s] INFO:colcon.colcon_core.shell:Creating package script '/home/stefano/Robomaster_WS/install/robomaster_msgs/share/robomaster_msgs/package.ps1'
[3.323s] INFO:colcon.colcon_core.shell:Creating package descriptor '/home/stefano/Robomaster_WS/install/robomaster_msgs/share/robomaster_msgs/package.dsv'
[3.324s] INFO:colcon.colcon_core.shell:Creating package script '/home/stefano/Robomaster_WS/install/robomaster_msgs/share/robomaster_msgs/package.sh'
[3.325s] INFO:colcon.colcon_core.shell:Creating package script '/home/stefano/Robomaster_WS/install/robomaster_msgs/share/robomaster_msgs/package.bash'
[3.326s] INFO:colcon.colcon_core.shell:Creating package script '/home/stefano/Robomaster_WS/install/robomaster_msgs/share/robomaster_msgs/package.zsh'
[3.327s] Level 1:colcon.colcon_core.environment:create_file_with_runtime_dependencies(/home/stefano/Robomaster_WS/install/robomaster_msgs/share/colcon-core/packages/robomaster_msgs)
[3.328s] INFO:colcon.colcon_ros.task.ament_python.build:Building ROS package in '/home/stefano/Robomaster_WS/src/robomaster_ros/robomaster_ros' with build type 'ament_python'
[3.328s] Level 1:colcon.colcon_core.shell:create_environment_hook('robomaster_ros', 'ament_prefix_path')
[3.329s] INFO:colcon.colcon_core.shell:Creating environment hook '/home/stefano/Robomaster_WS/install/robomaster_ros/share/robomaster_ros/hook/ament_prefix_path.ps1'
[3.331s] INFO:colcon.colcon_core.shell:Creating environment descriptor '/home/stefano/Robomaster_WS/install/robomaster_ros/share/robomaster_ros/hook/ament_prefix_path.dsv'
[3.333s] INFO:colcon.colcon_core.shell:Creating environment hook '/home/stefano/Robomaster_WS/install/robomaster_ros/share/robomaster_ros/hook/ament_prefix_path.sh'
[3.334s] INFO:colcon.colcon_core.shell:Skip shell extension 'powershell' for command environment: Not usable outside of PowerShell
[3.334s] DEBUG:colcon.colcon_core.shell:Skip shell extension 'dsv' for command environment
[4.084s] INFO:colcon.colcon_core.task.python.build:Building Python package in '/home/stefano/Robomaster_WS/src/robomaster_ros/robomaster_ros'
[4.084s] INFO:colcon.colcon_core.shell:Skip shell extension 'powershell' for command environment: Not usable outside of PowerShell
[4.084s] DEBUG:colcon.colcon_core.shell:Skip shell extension 'dsv' for command environment
[4.114s] DEBUG:colcon.colcon_core.event_handler.log_command:Invoking command in '/home/stefano/Robomaster_WS/src/laser_echo_publisher': PYTHONPATH=/home/stefano/Robomaster_WS/build/laser_echo_publisher/prefix_override:/usr/lib/python3/dist-packages/colcon_core/task/python/colcon_distutils_commands:/home/stefano/Robomaster_WS/install/laser_echo_publisher/lib/python3.10/site-packages:${PYTHONPATH} /usr/bin/python3 -W ignore:setup.py install is deprecated -W ignore:easy_install command is deprecated setup.py egg_info --egg-base ../../build/laser_echo_publisher build --build-base /home/stefano/Robomaster_WS/build/laser_echo_publisher/build install --record /home/stefano/Robomaster_WS/build/laser_echo_publisher/install.log --single-version-externally-managed install_data
[4.126s] DEBUG:colcon.colcon_core.event_handler.log_command:Invoking command in '/home/stefano/Robomaster_WS/src/camera_utils': PYTHONPATH=/home/stefano/Robomaster_WS/build/camera_utils/prefix_override:/usr/lib/python3/dist-packages/colcon_core/task/python/colcon_distutils_commands:/home/stefano/Robomaster_WS/install/camera_utils/lib/python3.10/site-packages:${PYTHONPATH} /usr/bin/python3 -W ignore:setup.py install is deprecated -W ignore:easy_install command is deprecated setup.py egg_info --egg-base ../../build/camera_utils build --build-base /home/stefano/Robomaster_WS/build/camera_utils/build install --record /home/stefano/Robomaster_WS/build/camera_utils/install.log --single-version-externally-managed install_data
[4.869s] Level 1:colcon.colcon_core.environment:checking '/home/stefano/Robomaster_WS/install/camera_utils' for CMake module files
[4.870s] DEBUG:colcon.colcon_core.event_handler.log_command:Invoked command in '/home/stefano/Robomaster_WS/src/camera_utils' returned '0': PYTHONPATH=/home/stefano/Robomaster_WS/build/camera_utils/prefix_override:/usr/lib/python3/dist-packages/colcon_core/task/python/colcon_distutils_commands:/home/stefano/Robomaster_WS/install/camera_utils/lib/python3.10/site-packages:${PYTHONPATH} /usr/bin/python3 -W ignore:setup.py install is deprecated -W ignore:easy_install command is deprecated setup.py egg_info --egg-base ../../build/camera_utils build --build-base /home/stefano/Robomaster_WS/build/camera_utils/build install --record /home/stefano/Robomaster_WS/build/camera_utils/install.log --single-version-externally-managed install_data
[4.871s] Level 1:colcon.colcon_core.environment:checking '/home/stefano/Robomaster_WS/install/camera_utils' for CMake config files
[4.873s] Level 1:colcon.colcon_core.environment:checking '/home/stefano/Robomaster_WS/install/camera_utils/lib'
[4.875s] Level 1:colcon.colcon_core.environment:checking '/home/stefano/Robomaster_WS/install/camera_utils/bin'
[4.875s] Level 1:colcon.colcon_core.environment:checking '/home/stefano/Robomaster_WS/install/camera_utils/lib/pkgconfig/camera_utils.pc'
[4.875s] Level 1:colcon.colcon_core.environment:checking '/home/stefano/Robomaster_WS/install/camera_utils/lib/python3.10/site-packages'
[4.875s] Level 1:colcon.colcon_core.shell:create_environment_hook('camera_utils', 'pythonpath')
[4.876s] INFO:colcon.colcon_core.shell:Creating environment hook '/home/stefano/Robomaster_WS/install/camera_utils/share/camera_utils/hook/pythonpath.ps1'
[4.878s] INFO:colcon.colcon_core.shell:Creating environment descriptor '/home/stefano/Robomaster_WS/install/camera_utils/share/camera_utils/hook/pythonpath.dsv'
[4.879s] INFO:colcon.colcon_core.shell:Creating environment hook '/home/stefano/Robomaster_WS/install/camera_utils/share/camera_utils/hook/pythonpath.sh'
[4.880s] Level 1:colcon.colcon_core.environment:checking '/home/stefano/Robomaster_WS/install/camera_utils/bin'
[4.880s] Level 1:colcon.colcon_core.environment:create_environment_scripts_only(camera_utils)
[4.881s] INFO:colcon.colcon_core.shell:Creating package script '/home/stefano/Robomaster_WS/install/camera_utils/share/camera_utils/package.ps1'
[4.882s] INFO:colcon.colcon_core.shell:Creating package descriptor '/home/stefano/Robomaster_WS/install/camera_utils/share/camera_utils/package.dsv'
[4.883s] INFO:colcon.colcon_core.shell:Creating package script '/home/stefano/Robomaster_WS/install/camera_utils/share/camera_utils/package.sh'
[4.884s] INFO:colcon.colcon_core.shell:Creating package script '/home/stefano/Robomaster_WS/install/camera_utils/share/camera_utils/package.bash'
[4.885s] INFO:colcon.colcon_core.shell:Creating package script '/home/stefano/Robomaster_WS/install/camera_utils/share/camera_utils/package.zsh'
[4.887s] Level 1:colcon.colcon_core.environment:create_file_with_runtime_dependencies(/home/stefano/Robomaster_WS/install/camera_utils/share/colcon-core/packages/camera_utils)
[4.902s] Level 1:colcon.colcon_core.environment:checking '/home/stefano/Robomaster_WS/install/laser_echo_publisher' for CMake module files
[4.905s] Level 1:colcon.colcon_core.environment:checking '/home/stefano/Robomaster_WS/install/laser_echo_publisher' for CMake config files
[4.908s] DEBUG:colcon.colcon_core.event_handler.log_command:Invoked command in '/home/stefano/Robomaster_WS/src/laser_echo_publisher' returned '0': PYTHONPATH=/home/stefano/Robomaster_WS/build/laser_echo_publisher/prefix_override:/usr/lib/python3/dist-packages/colcon_core/task/python/colcon_distutils_commands:/home/stefano/Robomaster_WS/install/laser_echo_publisher/lib/python3.10/site-packages:${PYTHONPATH} /usr/bin/python3 -W ignore:setup.py install is deprecated -W ignore:easy_install command is deprecated setup.py egg_info --egg-base ../../build/laser_echo_publisher build --build-base /home/stefano/Robomaster_WS/build/laser_echo_publisher/build install --record /home/stefano/Robomaster_WS/build/laser_echo_publisher/install.log --single-version-externally-managed install_data
[4.910s] Level 1:colcon.colcon_core.environment:checking '/home/stefano/Robomaster_WS/install/laser_echo_publisher/lib'
[4.910s] Level 1:colcon.colcon_core.environment:checking '/home/stefano/Robomaster_WS/install/laser_echo_publisher/bin'
[4.910s] Level 1:colcon.colcon_core.environment:checking '/home/stefano/Robomaster_WS/install/laser_echo_publisher/lib/pkgconfig/laser_echo_publisher.pc'
[4.910s] Level 1:colcon.colcon_core.environment:checking '/home/stefano/Robomaster_WS/install/laser_echo_publisher/lib/python3.10/site-packages'
[4.910s] Level 1:colcon.colcon_core.shell:create_environment_hook('laser_echo_publisher', 'pythonpath')
[4.911s] INFO:colcon.colcon_core.shell:Creating environment hook '/home/stefano/Robomaster_WS/install/laser_echo_publisher/share/laser_echo_publisher/hook/pythonpath.ps1'
[4.912s] INFO:colcon.colcon_core.shell:Creating environment descriptor '/home/stefano/Robomaster_WS/install/laser_echo_publisher/share/laser_echo_publisher/hook/pythonpath.dsv'
[4.913s] INFO:colcon.colcon_core.shell:Creating environment hook '/home/stefano/Robomaster_WS/install/laser_echo_publisher/share/laser_echo_publisher/hook/pythonpath.sh'
[4.914s] Level 1:colcon.colcon_core.environment:checking '/home/stefano/Robomaster_WS/install/laser_echo_publisher/bin'
[4.914s] Level 1:colcon.colcon_core.environment:create_environment_scripts_only(laser_echo_publisher)
[4.915s] INFO:colcon.colcon_core.shell:Creating package script '/home/stefano/Robomaster_WS/install/laser_echo_publisher/share/laser_echo_publisher/package.ps1'
[4.915s] INFO:colcon.colcon_core.shell:Creating package descriptor '/home/stefano/Robomaster_WS/install/laser_echo_publisher/share/laser_echo_publisher/package.dsv'
[4.917s] INFO:colcon.colcon_core.shell:Creating package script '/home/stefano/Robomaster_WS/install/laser_echo_publisher/share/laser_echo_publisher/package.sh'
[4.917s] INFO:colcon.colcon_core.shell:Creating package script '/home/stefano/Robomaster_WS/install/laser_echo_publisher/share/laser_echo_publisher/package.bash'
[4.918s] INFO:colcon.colcon_core.shell:Creating package script '/home/stefano/Robomaster_WS/install/laser_echo_publisher/share/laser_echo_publisher/package.zsh'
[4.919s] Level 1:colcon.colcon_core.environment:create_file_with_runtime_dependencies(/home/stefano/Robomaster_WS/install/laser_echo_publisher/share/colcon-core/packages/laser_echo_publisher)
[5.116s] DEBUG:colcon.colcon_core.event_handler.log_command:Invoking command in '/home/stefano/Robomaster_WS/src/robomaster_ros/robomaster_ros': AMENT_PREFIX_PATH=/home/stefano/Robomaster_WS/install/robomaster_msgs:${AMENT_PREFIX_PATH} CMAKE_PREFIX_PATH=/home/stefano/Robomaster_WS/install/robomaster_msgs:${CMAKE_PREFIX_PATH} LD_LIBRARY_PATH=/home/stefano/Robomaster_WS/install/robomaster_msgs/lib:/home/stefano/turtlebot3_ws/install/turtlebot3_msgs/lib:/home/stefano/turtlebot3_ws/install/dynamixel_sdk_custom_interfaces/lib:/home/stefano/turtlebot3_ws/install/dynamixel_sdk/lib:/home/stefano/Webots_ros2/install/webots_ros2_control/lib:/home/stefano/Webots_ros2/install/webots_ros2_driver/lib:/home/stefano/Webots_ros2/install/webots_ros2_msgs/lib:/usr/lib/x86_64-linux-gnu/gazebo-11/plugins:/opt/ros/humble/opt/rviz_ogre_vendor/lib:/opt/ros/humble/lib/x86_64-linux-gnu:/opt/ros/humble/lib:/usr/lib/x86_64-linux-gnu/gazebo-11/plugins PYTHONPATH=/home/stefano/Robomaster_WS/build/robomaster_ros/prefix_override:/usr/lib/python3/dist-packages/colcon_core/task/python/colcon_distutils_commands:/home/stefano/Robomaster_WS/install/robomaster_ros/lib/python3.10/site-packages:/home/stefano/Robomaster_WS/install/robomaster_msgs/local/lib/python3.10/dist-packages:${PYTHONPATH} /usr/bin/python3 -W ignore:setup.py install is deprecated -W ignore:easy_install command is deprecated setup.py egg_info --egg-base ../../../build/robomaster_ros build --build-base /home/stefano/Robomaster_WS/build/robomaster_ros/build install --record /home/stefano/Robomaster_WS/build/robomaster_ros/install.log --single-version-externally-managed install_data
[5.897s] Level 1:colcon.colcon_core.environment:checking '/home/stefano/Robomaster_WS/install/robomaster_ros' for CMake module files
[5.898s] DEBUG:colcon.colcon_core.event_handler.log_command:Invoked command in '/home/stefano/Robomaster_WS/src/robomaster_ros/robomaster_ros' returned '0': AMENT_PREFIX_PATH=/home/stefano/Robomaster_WS/install/robomaster_msgs:${AMENT_PREFIX_PATH} CMAKE_PREFIX_PATH=/home/stefano/Robomaster_WS/install/robomaster_msgs:${CMAKE_PREFIX_PATH} LD_LIBRARY_PATH=/home/stefano/Robomaster_WS/install/robomaster_msgs/lib:/home/stefano/turtlebot3_ws/install/turtlebot3_msgs/lib:/home/stefano/turtlebot3_ws/install/dynamixel_sdk_custom_interfaces/lib:/home/stefano/turtlebot3_ws/install/dynamixel_sdk/lib:/home/stefano/Webots_ros2/install/webots_ros2_control/lib:/home/stefano/Webots_ros2/install/webots_ros2_driver/lib:/home/stefano/Webots_ros2/install/webots_ros2_msgs/lib:/usr/lib/x86_64-linux-gnu/gazebo-11/plugins:/opt/ros/humble/opt/rviz_ogre_vendor/lib:/opt/ros/humble/lib/x86_64-linux-gnu:/opt/ros/humble/lib:/usr/lib/x86_64-linux-gnu/gazebo-11/plugins PYTHONPATH=/home/stefano/Robomaster_WS/build/robomaster_ros/prefix_override:/usr/lib/python3/dist-packages/colcon_core/task/python/colcon_distutils_commands:/home/stefano/Robomaster_WS/install/robomaster_ros/lib/python3.10/site-packages:/home/stefano/Robomaster_WS/install/robomaster_msgs/local/lib/python3.10/dist-packages:${PYTHONPATH} /usr/bin/python3 -W ignore:setup.py install is deprecated -W ignore:easy_install command is deprecated setup.py egg_info --egg-base ../../../build/robomaster_ros build --build-base /home/stefano/Robomaster_WS/build/robomaster_ros/build install --record /home/stefano/Robomaster_WS/build/robomaster_ros/install.log --single-version-externally-managed install_data
[5.899s] Level 1:colcon.colcon_core.environment:checking '/home/stefano/Robomaster_WS/install/robomaster_ros' for CMake config files
[5.902s] Level 1:colcon.colcon_core.environment:checking '/home/stefano/Robomaster_WS/install/robomaster_ros/lib'
[5.902s] Level 1:colcon.colcon_core.environment:checking '/home/stefano/Robomaster_WS/install/robomaster_ros/bin'
[5.902s] Level 1:colcon.colcon_core.environment:checking '/home/stefano/Robomaster_WS/install/robomaster_ros/lib/pkgconfig/robomaster_ros.pc'
[5.903s] Level 1:colcon.colcon_core.environment:checking '/home/stefano/Robomaster_WS/install/robomaster_ros/lib/python3.10/site-packages'
[5.903s] Level 1:colcon.colcon_core.shell:create_environment_hook('robomaster_ros', 'pythonpath')
[5.903s] INFO:colcon.colcon_core.shell:Creating environment hook '/home/stefano/Robomaster_WS/install/robomaster_ros/share/robomaster_ros/hook/pythonpath.ps1'
[5.904s] INFO:colcon.colcon_core.shell:Creating environment descriptor '/home/stefano/Robomaster_WS/install/robomaster_ros/share/robomaster_ros/hook/pythonpath.dsv'
[5.905s] INFO:colcon.colcon_core.shell:Creating environment hook '/home/stefano/Robomaster_WS/install/robomaster_ros/share/robomaster_ros/hook/pythonpath.sh'
[5.907s] Level 1:colcon.colcon_core.environment:checking '/home/stefano/Robomaster_WS/install/robomaster_ros/bin'
[5.907s] Level 1:colcon.colcon_core.environment:create_environment_scripts_only(robomaster_ros)
[5.907s] INFO:colcon.colcon_core.shell:Creating package script '/home/stefano/Robomaster_WS/install/robomaster_ros/share/robomaster_ros/package.ps1'
[5.908s] INFO:colcon.colcon_core.shell:Creating package descriptor '/home/stefano/Robomaster_WS/install/robomaster_ros/share/robomaster_ros/package.dsv'
[5.909s] INFO:colcon.colcon_core.shell:Creating package script '/home/stefano/Robomaster_WS/install/robomaster_ros/share/robomaster_ros/package.sh'
[5.910s] INFO:colcon.colcon_core.shell:Creating package script '/home/stefano/Robomaster_WS/install/robomaster_ros/share/robomaster_ros/package.bash'
[5.911s] INFO:colcon.colcon_core.shell:Creating package script '/home/stefano/Robomaster_WS/install/robomaster_ros/share/robomaster_ros/package.zsh'
[5.911s] Level 1:colcon.colcon_core.environment:create_file_with_runtime_dependencies(/home/stefano/Robomaster_WS/install/robomaster_ros/share/colcon-core/packages/robomaster_ros)
[5.912s] DEBUG:colcon.colcon_parallel_executor.executor.parallel:closing loop
[5.914s] DEBUG:colcon.colcon_parallel_executor.executor.parallel:loop closed
[5.914s] DEBUG:colcon.colcon_parallel_executor.executor.parallel:run_until_complete finished with '0'
[5.914s] DEBUG:colcon.colcon_core.event_reactor:joining thread
[5.935s] INFO:colcon.colcon_core.plugin_system:Skipping extension 'colcon_notification.desktop_notification.terminal_notifier': Not used on non-Darwin systems
[5.935s] INFO:colcon.colcon_core.plugin_system:Skipping extension 'colcon_notification.desktop_notification.win32': Not used on non-Windows systems
[5.935s] INFO:colcon.colcon_notification.desktop_notification:Sending desktop notification using 'notify2'
[5.980s] DEBUG:colcon.colcon_core.event_reactor:joined thread
[5.981s] INFO:colcon.colcon_core.shell:Creating prefix script '/home/stefano/Robomaster_WS/install/local_setup.ps1'
[5.983s] INFO:colcon.colcon_core.shell:Creating prefix util module '/home/stefano/Robomaster_WS/install/_local_setup_util_ps1.py'
[5.986s] INFO:colcon.colcon_core.shell:Creating prefix chain script '/home/stefano/Robomaster_WS/install/setup.ps1'
[6.001s] INFO:colcon.colcon_core.shell:Creating prefix script '/home/stefano/Robomaster_WS/install/local_setup.sh'
[6.003s] INFO:colcon.colcon_core.shell:Creating prefix util module '/home/stefano/Robomaster_WS/install/_local_setup_util_sh.py'
[6.005s] INFO:colcon.colcon_core.shell:Creating prefix chain script '/home/stefano/Robomaster_WS/install/setup.sh'
[6.014s] INFO:colcon.colcon_core.shell:Creating prefix script '/home/stefano/Robomaster_WS/install/local_setup.bash'
[6.016s] INFO:colcon.colcon_core.shell:Creating prefix chain script '/home/stefano/Robomaster_WS/install/setup.bash'
[6.025s] INFO:colcon.colcon_core.shell:Creating prefix script '/home/stefano/Robomaster_WS/install/local_setup.zsh'
[6.027s] INFO:colcon.colcon_core.shell:Creating prefix chain script '/home/stefano/Robomaster_WS/install/setup.zsh'
